-- Install configuration: ""
-- Up-to-date: /home/telecom/ros2_pant_ec_ws/install/pant_bringup/share/pant_bringup/launch
-- Up-to-date: /home/telecom/ros2_pant_ec_ws/install/pant_bringup/share/pant_bringup/launch/pant.launch.py
-- Up-to-date: /home/telecom/ros2_pant_ec_ws/install/pant_bringup/share/pant_bringup/launch/__pycache__
-- Up-to-date: /home/telecom/ros2_pant_ec_ws/install/pant_bringup/share/pant_bringup/launch/__pycache__/scara_gazebo.launch.cpython-310.pyc
-- Up-to-date: /home/telecom/ros2_pant_ec_ws/install/pant_bringup/share/pant_bringup/launch/__pycache__/scara.launch.cpython-310.pyc
-- Up-to-date: /home/telecom/ros2_pant_ec_ws/install/pant_bringup/share/pant_bringup/config
-- Up-to-date: /home/telecom/ros2_pant_ec_ws/install/pant_bringup/share/ament_index/resource_index/package_run_dependencies/pant_bringup
-- Up-to-date: /home/telecom/ros2_pant_ec_ws/install/pant_bringup/share/ament_index/resource_index/parent_prefix_path/pant_bringup
-- Up-to-date: /home/telecom/ros2_pant_ec_ws/install/pant_bringup/share/pant_bringup/environment/ament_prefix_path.sh
-- Up-to-date: /home/telecom/ros2_pant_ec_ws/install/pant_bringup/share/pant_bringup/environment/ament_prefix_path.dsv
-- Up-to-date: /home/telecom/ros2_pant_ec_ws/install/pant_bringup/share/pant_bringup/environment/path.sh
-- Up-to-date: /home/telecom/ros2_pant_ec_ws/install/pant_bringup/share/pant_bringup/environment/path.dsv
-- Up-to-date: /home/telecom/ros2_pant_ec_ws/install/pant_bringup/share/pant_bringup/local_setup.bash
-- Up-to-date: /home/telecom/ros2_pant_ec_ws/install/pant_bringup/share/pant_bringup/local_setup.sh
-- Up-to-date: /home/telecom/ros2_pant_ec_ws/install/pant_bringup/share/pant_bringup/local_setup.zsh
-- Up-to-date: /home/telecom/ros2_pant_ec_ws/install/pant_bringup/share/pant_bringup/local_setup.dsv
-- Installing: /home/telecom/ros2_pant_ec_ws/install/pant_bringup/share/pant_bringup/package.dsv
-- Up-to-date: /home/telecom/ros2_pant_ec_ws/install/pant_bringup/share/ament_index/resource_index/packages/pant_bringup
-- Up-to-date: /home/telecom/ros2_pant_ec_ws/install/pant_bringup/share/pant_bringup/cmake/pant_bringupConfig.cmake
-- Up-to-date: /home/telecom/ros2_pant_ec_ws/install/pant_bringup/share/pant_bringup/cmake/pant_bringupConfig-version.cmake
-- Up-to-date: /home/telecom/ros2_pant_ec_ws/install/pant_bringup/share/pant_bringup/package.xml
