[0.024s] Invoking command in '/home/telecom/ros2_pant_ec_ws/build/ethercat_omron_modules': AMENT_PREFIX_PATH=/home/telecom/ros2_pant_ec_ws/install/ethercat_interface:${AMENT_PREFIX_PATH} CMAKE_PREFIX_PATH=/home/telecom/ros2_pant_ec_ws/install/ethercat_interface:/home/telecom/ros2_ws/install/squares:/home/telecom/ros2_ws/install/my_package:/home/telecom/ros2_ws/install/my_img:/home/telecom/ros2_ws/install/my_chatter:/opt/ros/humble LD_LIBRARY_PATH=/home/telecom/ros2_pant_ec_ws/install/ethercat_interface/lib:${LD_LIBRARY_PATH} /usr/bin/cmake --build /home/telecom/ros2_pant_ec_ws/build/ethercat_omron_modules -- -j20 -l20
[0.065s] [ 16%] Built target gmock_main
[0.067s] [ 41%] Built target gmock
[0.069s] [ 83%] Built target ethercat_omron_modules
[0.091s] [100%] Built target test_load_omron_plugins
[0.102s] Invoked command in '/home/telecom/ros2_pant_ec_ws/build/ethercat_omron_modules' returned '0': AMENT_PREFIX_PATH=/home/telecom/ros2_pant_ec_ws/install/ethercat_interface:${AMENT_PREFIX_PATH} CMAKE_PREFIX_PATH=/home/telecom/ros2_pant_ec_ws/install/ethercat_interface:/home/telecom/ros2_ws/install/squares:/home/telecom/ros2_ws/install/my_package:/home/telecom/ros2_ws/install/my_img:/home/telecom/ros2_ws/install/my_chatter:/opt/ros/humble LD_LIBRARY_PATH=/home/telecom/ros2_pant_ec_ws/install/ethercat_interface/lib:${LD_LIBRARY_PATH} /usr/bin/cmake --build /home/telecom/ros2_pant_ec_ws/build/ethercat_omron_modules -- -j20 -l20
[0.169s] Invoking command in '/home/telecom/ros2_pant_ec_ws/build/ethercat_omron_modules': AMENT_PREFIX_PATH=/home/telecom/ros2_pant_ec_ws/install/ethercat_interface:${AMENT_PREFIX_PATH} CMAKE_PREFIX_PATH=/home/telecom/ros2_pant_ec_ws/install/ethercat_interface:/home/telecom/ros2_ws/install/squares:/home/telecom/ros2_ws/install/my_package:/home/telecom/ros2_ws/install/my_img:/home/telecom/ros2_ws/install/my_chatter:/opt/ros/humble LD_LIBRARY_PATH=/home/telecom/ros2_pant_ec_ws/install/ethercat_interface/lib:${LD_LIBRARY_PATH} /usr/bin/cmake --install /home/telecom/ros2_pant_ec_ws/build/ethercat_omron_modules
[0.188s] -- Install configuration: ""
[0.188s] -- Up-to-date: /home/telecom/ros2_pant_ec_ws/install/ethercat_omron_modules/share/ethercat_omron_modules/ethercat_plugins.xml
[0.188s] -- Up-to-date: /home/telecom/ros2_pant_ec_ws/install/ethercat_omron_modules/lib/libethercat_omron_modules.so
[0.188s] -- Up-to-date: /home/telecom/ros2_pant_ec_ws/install/ethercat_omron_modules/share/ethercat_omron_modules/environment/library_path.sh
[0.188s] -- Up-to-date: /home/telecom/ros2_pant_ec_ws/install/ethercat_omron_modules/share/ethercat_omron_modules/environment/library_path.dsv
[0.189s] -- Up-to-date: /home/telecom/ros2_pant_ec_ws/install/ethercat_omron_modules/share/ament_index/resource_index/package_run_dependencies/ethercat_omron_modules
[0.189s] -- Up-to-date: /home/telecom/ros2_pant_ec_ws/install/ethercat_omron_modules/share/ament_index/resource_index/parent_prefix_path/ethercat_omron_modules
[0.189s] -- Up-to-date: /home/telecom/ros2_pant_ec_ws/install/ethercat_omron_modules/share/ethercat_omron_modules/environment/ament_prefix_path.sh
[0.189s] -- Up-to-date: /home/telecom/ros2_pant_ec_ws/install/ethercat_omron_modules/share/ethercat_omron_modules/environment/ament_prefix_path.dsv
[0.189s] -- Up-to-date: /home/telecom/ros2_pant_ec_ws/install/ethercat_omron_modules/share/ethercat_omron_modules/environment/path.sh
[0.189s] -- Up-to-date: /home/telecom/ros2_pant_ec_ws/install/ethercat_omron_modules/share/ethercat_omron_modules/environment/path.dsv
[0.189s] -- Up-to-date: /home/telecom/ros2_pant_ec_ws/install/ethercat_omron_modules/share/ethercat_omron_modules/local_setup.bash
[0.189s] -- Up-to-date: /home/telecom/ros2_pant_ec_ws/install/ethercat_omron_modules/share/ethercat_omron_modules/local_setup.sh
[0.189s] -- Up-to-date: /home/telecom/ros2_pant_ec_ws/install/ethercat_omron_modules/share/ethercat_omron_modules/local_setup.zsh
[0.189s] -- Up-to-date: /home/telecom/ros2_pant_ec_ws/install/ethercat_omron_modules/share/ethercat_omron_modules/local_setup.dsv
[0.190s] -- Installing: /home/telecom/ros2_pant_ec_ws/install/ethercat_omron_modules/share/ethercat_omron_modules/package.dsv
[0.190s] -- Up-to-date: /home/telecom/ros2_pant_ec_ws/install/ethercat_omron_modules/share/ament_index/resource_index/packages/ethercat_omron_modules
[0.190s] -- Up-to-date: /home/telecom/ros2_pant_ec_ws/install/ethercat_omron_modules/share/ament_index/resource_index/ethercat_interface__pluginlib__plugin/ethercat_omron_modules
[0.190s] -- Up-to-date: /home/telecom/ros2_pant_ec_ws/install/ethercat_omron_modules/share/ethercat_omron_modules/cmake/export_ethercat_omron_modulesExport.cmake
[0.190s] -- Up-to-date: /home/telecom/ros2_pant_ec_ws/install/ethercat_omron_modules/share/ethercat_omron_modules/cmake/export_ethercat_omron_modulesExport-noconfig.cmake
[0.191s] -- Up-to-date: /home/telecom/ros2_pant_ec_ws/install/ethercat_omron_modules/share/ethercat_omron_modules/cmake/ament_cmake_export_include_directories-extras.cmake
[0.191s] -- Up-to-date: /home/telecom/ros2_pant_ec_ws/install/ethercat_omron_modules/share/ethercat_omron_modules/cmake/ament_cmake_export_libraries-extras.cmake
[0.191s] -- Up-to-date: /home/telecom/ros2_pant_ec_ws/install/ethercat_omron_modules/share/ethercat_omron_modules/cmake/ament_cmake_export_targets-extras.cmake
[0.191s] -- Up-to-date: /home/telecom/ros2_pant_ec_ws/install/ethercat_omron_modules/share/ethercat_omron_modules/cmake/ethercat_omron_modulesConfig.cmake
[0.191s] -- Up-to-date: /home/telecom/ros2_pant_ec_ws/install/ethercat_omron_modules/share/ethercat_omron_modules/cmake/ethercat_omron_modulesConfig-version.cmake
[0.191s] -- Up-to-date: /home/telecom/ros2_pant_ec_ws/install/ethercat_omron_modules/share/ethercat_omron_modules/package.xml
[0.220s] Invoked command in '/home/telecom/ros2_pant_ec_ws/build/ethercat_omron_modules' returned '0': AMENT_PREFIX_PATH=/home/telecom/ros2_pant_ec_ws/install/ethercat_interface:${AMENT_PREFIX_PATH} CMAKE_PREFIX_PATH=/home/telecom/ros2_pant_ec_ws/install/ethercat_interface:/home/telecom/ros2_ws/install/squares:/home/telecom/ros2_ws/install/my_package:/home/telecom/ros2_ws/install/my_img:/home/telecom/ros2_ws/install/my_chatter:/opt/ros/humble LD_LIBRARY_PATH=/home/telecom/ros2_pant_ec_ws/install/ethercat_interface/lib:${LD_LIBRARY_PATH} /usr/bin/cmake --install /home/telecom/ros2_pant_ec_ws/build/ethercat_omron_modules
