[0.042s] Invoking command in '/home/telecom/ros2_pant_ec_ws/build/ethercat_driver': AMENT_PREFIX_PATH=/home/telecom/ros2_pant_ec_ws/install/ethercat_interface:${AMENT_PREFIX_PATH} CMAKE_PREFIX_PATH=/home/telecom/ros2_pant_ec_ws/install/ethercat_interface:/home/telecom/ros2_ws/install/squares:/home/telecom/ros2_ws/install/my_package:/home/telecom/ros2_ws/install/my_img:/home/telecom/ros2_ws/install/my_chatter:/opt/ros/humble LD_LIBRARY_PATH=/home/telecom/ros2_pant_ec_ws/install/ethercat_interface/lib:${LD_LIBRARY_PATH} /usr/bin/cmake --build /home/telecom/ros2_pant_ec_ws/build/ethercat_driver -- -j20 -l20
[0.089s] [100%] Built target ethercat_driver
[0.099s] Invoked command in '/home/telecom/ros2_pant_ec_ws/build/ethercat_driver' returned '0': AMENT_PREFIX_PATH=/home/telecom/ros2_pant_ec_ws/install/ethercat_interface:${AMENT_PREFIX_PATH} CMAKE_PREFIX_PATH=/home/telecom/ros2_pant_ec_ws/install/ethercat_interface:/home/telecom/ros2_ws/install/squares:/home/telecom/ros2_ws/install/my_package:/home/telecom/ros2_ws/install/my_img:/home/telecom/ros2_ws/install/my_chatter:/opt/ros/humble LD_LIBRARY_PATH=/home/telecom/ros2_pant_ec_ws/install/ethercat_interface/lib:${LD_LIBRARY_PATH} /usr/bin/cmake --build /home/telecom/ros2_pant_ec_ws/build/ethercat_driver -- -j20 -l20
[0.121s] Invoking command in '/home/telecom/ros2_pant_ec_ws/build/ethercat_driver': AMENT_PREFIX_PATH=/home/telecom/ros2_pant_ec_ws/install/ethercat_interface:${AMENT_PREFIX_PATH} CMAKE_PREFIX_PATH=/home/telecom/ros2_pant_ec_ws/install/ethercat_interface:/home/telecom/ros2_ws/install/squares:/home/telecom/ros2_ws/install/my_package:/home/telecom/ros2_ws/install/my_img:/home/telecom/ros2_ws/install/my_chatter:/opt/ros/humble LD_LIBRARY_PATH=/home/telecom/ros2_pant_ec_ws/install/ethercat_interface/lib:${LD_LIBRARY_PATH} /usr/bin/cmake --install /home/telecom/ros2_pant_ec_ws/build/ethercat_driver
[0.126s] -- Install configuration: ""
[0.126s] -- Up-to-date: /home/telecom/ros2_pant_ec_ws/install/ethercat_driver/share/ethercat_driver/ethercat_driver_plugin.xml
[0.127s] -- Up-to-date: /home/telecom/ros2_pant_ec_ws/install/ethercat_driver/lib/libethercat_driver.so
[0.127s] -- Up-to-date: /home/telecom/ros2_pant_ec_ws/install/ethercat_driver/include
[0.127s] -- Up-to-date: /home/telecom/ros2_pant_ec_ws/install/ethercat_driver/include/ethercat_driver
[0.127s] -- Up-to-date: /home/telecom/ros2_pant_ec_ws/install/ethercat_driver/include/ethercat_driver/ethercat_driver.hpp
[0.128s] -- Up-to-date: /home/telecom/ros2_pant_ec_ws/install/ethercat_driver/include/ethercat_driver/visibility_control.h
[0.128s] -- Up-to-date: /home/telecom/ros2_pant_ec_ws/install/ethercat_driver/share/ethercat_driver/environment/library_path.sh
[0.128s] -- Up-to-date: /home/telecom/ros2_pant_ec_ws/install/ethercat_driver/share/ethercat_driver/environment/library_path.dsv
[0.128s] -- Up-to-date: /home/telecom/ros2_pant_ec_ws/install/ethercat_driver/share/ament_index/resource_index/package_run_dependencies/ethercat_driver
[0.128s] -- Up-to-date: /home/telecom/ros2_pant_ec_ws/install/ethercat_driver/share/ament_index/resource_index/parent_prefix_path/ethercat_driver
[0.128s] -- Up-to-date: /home/telecom/ros2_pant_ec_ws/install/ethercat_driver/share/ethercat_driver/environment/ament_prefix_path.sh
[0.128s] -- Up-to-date: /home/telecom/ros2_pant_ec_ws/install/ethercat_driver/share/ethercat_driver/environment/ament_prefix_path.dsv
[0.128s] -- Up-to-date: /home/telecom/ros2_pant_ec_ws/install/ethercat_driver/share/ethercat_driver/environment/path.sh
[0.129s] -- Up-to-date: /home/telecom/ros2_pant_ec_ws/install/ethercat_driver/share/ethercat_driver/environment/path.dsv
[0.129s] -- Up-to-date: /home/telecom/ros2_pant_ec_ws/install/ethercat_driver/share/ethercat_driver/local_setup.bash
[0.129s] -- Up-to-date: /home/telecom/ros2_pant_ec_ws/install/ethercat_driver/share/ethercat_driver/local_setup.sh
[0.129s] -- Up-to-date: /home/telecom/ros2_pant_ec_ws/install/ethercat_driver/share/ethercat_driver/local_setup.zsh
[0.129s] -- Up-to-date: /home/telecom/ros2_pant_ec_ws/install/ethercat_driver/share/ethercat_driver/local_setup.dsv
[0.129s] -- Installing: /home/telecom/ros2_pant_ec_ws/install/ethercat_driver/share/ethercat_driver/package.dsv
[0.129s] -- Up-to-date: /home/telecom/ros2_pant_ec_ws/install/ethercat_driver/share/ament_index/resource_index/packages/ethercat_driver
[0.129s] -- Up-to-date: /home/telecom/ros2_pant_ec_ws/install/ethercat_driver/share/ament_index/resource_index/hardware_interface__pluginlib__plugin/ethercat_driver
[0.129s] -- Up-to-date: /home/telecom/ros2_pant_ec_ws/install/ethercat_driver/share/ethercat_driver/cmake/ament_cmake_export_include_directories-extras.cmake
[0.130s] -- Up-to-date: /home/telecom/ros2_pant_ec_ws/install/ethercat_driver/share/ethercat_driver/cmake/ament_cmake_export_libraries-extras.cmake
[0.130s] -- Up-to-date: /home/telecom/ros2_pant_ec_ws/install/ethercat_driver/share/ethercat_driver/cmake/ament_cmake_export_dependencies-extras.cmake
[0.130s] -- Up-to-date: /home/telecom/ros2_pant_ec_ws/install/ethercat_driver/share/ethercat_driver/cmake/ethercat_driverConfig.cmake
[0.130s] -- Up-to-date: /home/telecom/ros2_pant_ec_ws/install/ethercat_driver/share/ethercat_driver/cmake/ethercat_driverConfig-version.cmake
[0.130s] -- Up-to-date: /home/telecom/ros2_pant_ec_ws/install/ethercat_driver/share/ethercat_driver/package.xml
[0.137s] Invoked command in '/home/telecom/ros2_pant_ec_ws/build/ethercat_driver' returned '0': AMENT_PREFIX_PATH=/home/telecom/ros2_pant_ec_ws/install/ethercat_interface:${AMENT_PREFIX_PATH} CMAKE_PREFIX_PATH=/home/telecom/ros2_pant_ec_ws/install/ethercat_interface:/home/telecom/ros2_ws/install/squares:/home/telecom/ros2_ws/install/my_package:/home/telecom/ros2_ws/install/my_img:/home/telecom/ros2_ws/install/my_chatter:/opt/ros/humble LD_LIBRARY_PATH=/home/telecom/ros2_pant_ec_ws/install/ethercat_interface/lib:${LD_LIBRARY_PATH} /usr/bin/cmake --install /home/telecom/ros2_pant_ec_ws/build/ethercat_driver
