[ 50%] Built target image_sub
[100%] Built target image_pub
-- Install configuration: ""
-- Up-to-date: /home/telecom/ros2_pant_ec_ws/install/pant_nodes/lib/pant_nodes/image_pub
-- Up-to-date: /home/telecom/ros2_pant_ec_ws/install/pant_nodes/lib/pant_nodes/image_sub
-- Installing: /home/telecom/ros2_pant_ec_ws/install/pant_nodes/lib/pant_nodes/gui.py
-- Up-to-date: /home/telecom/ros2_pant_ec_ws/install/pant_nodes/lib/pant_nodes/needleTracking.py
-- Up-to-date: /home/telecom/ros2_pant_ec_ws/install/pant_nodes/share/ament_index/resource_index/package_run_dependencies/pant_nodes
-- Up-to-date: /home/telecom/ros2_pant_ec_ws/install/pant_nodes/share/ament_index/resource_index/parent_prefix_path/pant_nodes
-- Up-to-date: /home/telecom/ros2_pant_ec_ws/install/pant_nodes/share/pant_nodes/environment/ament_prefix_path.sh
-- Up-to-date: /home/telecom/ros2_pant_ec_ws/install/pant_nodes/share/pant_nodes/environment/ament_prefix_path.dsv
-- Up-to-date: /home/telecom/ros2_pant_ec_ws/install/pant_nodes/share/pant_nodes/environment/path.sh
-- Up-to-date: /home/telecom/ros2_pant_ec_ws/install/pant_nodes/share/pant_nodes/environment/path.dsv
-- Up-to-date: /home/telecom/ros2_pant_ec_ws/install/pant_nodes/share/pant_nodes/local_setup.bash
-- Up-to-date: /home/telecom/ros2_pant_ec_ws/install/pant_nodes/share/pant_nodes/local_setup.sh
-- Up-to-date: /home/telecom/ros2_pant_ec_ws/install/pant_nodes/share/pant_nodes/local_setup.zsh
-- Up-to-date: /home/telecom/ros2_pant_ec_ws/install/pant_nodes/share/pant_nodes/local_setup.dsv
-- Installing: /home/telecom/ros2_pant_ec_ws/install/pant_nodes/share/pant_nodes/package.dsv
-- Up-to-date: /home/telecom/ros2_pant_ec_ws/install/pant_nodes/share/ament_index/resource_index/packages/pant_nodes
-- Up-to-date: /home/telecom/ros2_pant_ec_ws/install/pant_nodes/share/pant_nodes/cmake/pant_nodesConfig.cmake
-- Up-to-date: /home/telecom/ros2_pant_ec_ws/install/pant_nodes/share/pant_nodes/cmake/pant_nodesConfig-version.cmake
-- Up-to-date: /home/telecom/ros2_pant_ec_ws/install/pant_nodes/share/pant_nodes/package.xml
