-- The C compiler identification is GNU 11.3.0
-- The CXX compiler identification is GNU 11.3.0
-- Detecting C compiler ABI info
-- Detecting C compiler ABI info - done
-- Check for working C compiler: /usr/bin/cc - skipped
-- Detecting C compile features
-- Detecting C compile features - done
-- Detecting CXX compiler ABI info
-- Detecting CXX compiler ABI info - done
-- Check for working CXX compiler: /usr/bin/c++ - skipped
-- Detecting CXX compile features
-- Detecting CXX compile features - done
-- Found ament_cmake: 1.3.5 (/opt/ros/humble/share/ament_cmake/cmake)
-- Found Python3: /usr/bin/python3.10 (found version "3.10.6") found components: Interpreter 
-- Found ament_cmake_ros: 0.10.0 (/opt/ros/humble/share/ament_cmake_ros/cmake)
-- Found ethercat_interface: 1.2.0 (/home/telecom/ros2_pant_ec_ws/install/ethercat_interface/share/ethercat_interface/cmake)
-- Found rosidl_generator_c: 3.1.4 (/opt/ros/humble/share/rosidl_generator_c/cmake)
-- Found rosidl_adapter: 3.1.4 (/opt/ros/humble/share/rosidl_adapter/cmake)
-- Found rosidl_generator_cpp: 3.1.4 (/opt/ros/humble/share/rosidl_generator_cpp/cmake)
-- Using all available rosidl_typesupport_c: rosidl_typesupport_fastrtps_c;rosidl_typesupport_introspection_c
-- Using all available rosidl_typesupport_cpp: rosidl_typesupport_fastrtps_cpp;rosidl_typesupport_introspection_cpp
-- Found rmw_implementation_cmake: 6.1.1 (/opt/ros/humble/share/rmw_implementation_cmake/cmake)
-- Found rmw_fastrtps_cpp: 6.2.2 (/opt/ros/humble/share/rmw_fastrtps_cpp/cmake)
-- Found OpenSSL: /usr/lib/x86_64-linux-gnu/libcrypto.so (found version "3.0.2")  
-- Found FastRTPS: /opt/ros/humble/include  
-- Using RMW implementation 'rmw_fastrtps_cpp' as default
-- Looking for pthread.h
-- Looking for pthread.h - found
-- Performing Test CMAKE_HAVE_LIBC_PTHREAD
-- Performing Test CMAKE_HAVE_LIBC_PTHREAD - Success
-- Found Threads: TRUE  
-- Found ethercat_generic_slave: 1.2.0 (/home/telecom/ros2_pant_ec_ws/install/ethercat_generic_slave/share/ethercat_generic_slave/cmake)
-- Found pluginlib: 5.1.0 (/opt/ros/humble/share/pluginlib/cmake)
-- Found yaml_cpp_vendor: 8.0.2 (/opt/ros/humble/share/yaml_cpp_vendor/cmake)
-- Found ament_lint_auto: 0.12.6 (/opt/ros/humble/share/ament_lint_auto/cmake)
-- Found gmock sources under '/opt/ros/humble/src/gmock_vendor': C++ tests using 'Google Mock' will be built
-- Found gtest sources under '/opt/ros/humble/src/gtest_vendor': C++ tests using 'Google Test' will be built
-- Added test 'copyright' to check source files copyright and LICENSE
-- Added test 'cppcheck' to perform static code analysis on C / C++ code
-- Configured cppcheck include dirs: $<BUILD_INTERFACE:/home/telecom/ros2_pant_ec_ws/src/ethercat_driver_ros2/ethercat_generic_plugins/ethercat_generic_cia402_drive/include>;/home/telecom/ros2_pant_ec_ws/src/ethercat_driver_ros2/ethercat_generic_plugins/ethercat_generic_cia402_drive/include
-- Configured cppcheck exclude dirs and/or files: 
-- Added test 'cpplint' to check C / C++ code against the Google style
-- Configured cpplint exclude dirs and/or files: 
-- Added test 'lint_cmake' to check CMake code style
-- Added test 'uncrustify' to check C / C++ code style
-- Configured uncrustify additional arguments: 
-- Added test 'xmllint' to check XML markup files
-- Configuring done
-- Generating done
-- Build files have been written to: /home/telecom/ros2_pant_ec_ws/build/ethercat_generic_cia402_drive
[  9%] [32mBuilding CXX object CMakeFiles/ethercat_generic_cia402_drive.dir/src/generic_ec_cia402_drive.cpp.o[0m
[ 18%] [32mBuilding CXX object gmock/CMakeFiles/gmock_main.dir/src/gmock_main.cc.o[0m
[ 27%] [32mBuilding CXX object gmock/CMakeFiles/gmock.dir/opt/ros/humble/src/gtest_vendor/src/gtest-all.cc.o[0m
[ 36%] [32mBuilding CXX object gmock/CMakeFiles/gmock.dir/src/gmock-all.cc.o[0m
[ 45%] [32m[1mLinking CXX static library libgmock_main.a[0m
[ 45%] Built target gmock_main
[ 54%] [32m[1mLinking CXX shared library libethercat_generic_cia402_drive.so[0m
[ 54%] Built target ethercat_generic_cia402_drive
[ 63%] [32m[1mLinking CXX static library libgmock.a[0m
[ 63%] Built target gmock
[ 81%] [32mBuilding CXX object CMakeFiles/test_generic_ec_cia402_drive.dir/test/test_generic_ec_cia402_drive.cpp.o[0m
[ 81%] [32mBuilding CXX object CMakeFiles/test_load_generic_plugins.dir/test/test_load_ec_modules.cpp.o[0m
In file included from [01m[K/opt/ros/humble/src/gmock_vendor/include/gmock/internal/gmock-internal-utils.h:47[m[K,
                 from [01m[K/opt/ros/humble/src/gmock_vendor/include/gmock/gmock-actions.h:51[m[K,
                 from [01m[K/opt/ros/humble/src/gmock_vendor/include/gmock/gmock.h:59[m[K,
                 from [01m[K/home/telecom/ros2_pant_ec_ws/src/ethercat_driver_ros2/ethercat_generic_plugins/ethercat_generic_cia402_drive/test/test_generic_ec_cia402_drive.hpp:23[m[K,
                 from [01m[K/home/telecom/ros2_pant_ec_ws/src/ethercat_driver_ros2/ethercat_generic_plugins/ethercat_generic_cia402_drive/test/test_generic_ec_cia402_drive.cpp:19[m[K:
/opt/ros/humble/src/gtest_vendor/include/gtest/gtest.h: In instantiation of ‘[01m[Ktesting::AssertionResult testing::internal::CmpHelperEQ(const char*, const char*, const T1&, const T2&) [with T1 = unsigned int; T2 = int][m[K’:
[01m[K/opt/ros/humble/src/gtest_vendor/include/gtest/gtest.h:1554:23:[m[K   required from ‘[01m[Kstatic testing::AssertionResult testing::internal::EqHelper::Compare(const char*, const char*, const T1&, const T2&) [with T1 = unsigned int; T2 = int; typename std::enable_if<((! std::is_integral<_Tp>::value) || (! std::is_pointer<_Dp>::value))>::type* <anonymous> = 0][m[K’
[01m[K/home/telecom/ros2_pant_ec_ws/src/ethercat_driver_ros2/ethercat_generic_plugins/ethercat_generic_cia402_drive/test/test_generic_ec_cia402_drive.cpp:107:3:[m[K   required from here
[01m[K/opt/ros/humble/src/gtest_vendor/include/gtest/gtest.h:1527:11:[m[K [01;35m[Kwarning: [m[Kcomparison of integer expressions of different signedness: ‘[01m[Kconst unsigned int[m[K’ and ‘[01m[Kconst int[m[K’ [[01;35m[K]8;;https://gcc.gnu.org/onlinedocs/gcc/Warning-Options.html#index-Wsign-compare-Wsign-compare]8;;[m[K]
 1527 |   if ([01;35m[Klhs == rhs[m[K) {
      |       [01;35m[K~~~~^~~~~~[m[K
/opt/ros/humble/src/gtest_vendor/include/gtest/gtest.h: In instantiation of ‘[01m[Ktesting::AssertionResult testing::internal::CmpHelperEQ(const char*, const char*, const T1&, const T2&) [with T1 = long unsigned int; T2 = int][m[K’:
[01m[K/opt/ros/humble/src/gtest_vendor/include/gtest/gtest.h:1554:23:[m[K   required from ‘[01m[Kstatic testing::AssertionResult testing::internal::EqHelper::Compare(const char*, const char*, const T1&, const T2&) [with T1 = long unsigned int; T2 = int; typename std::enable_if<((! std::is_integral<_Tp>::value) || (! std::is_pointer<_Dp>::value))>::type* <anonymous> = 0][m[K’
[01m[K/home/telecom/ros2_pant_ec_ws/src/ethercat_driver_ros2/ethercat_generic_plugins/ethercat_generic_cia402_drive/test/test_generic_ec_cia402_drive.cpp:112:3:[m[K   required from here
[01m[K/opt/ros/humble/src/gtest_vendor/include/gtest/gtest.h:1527:11:[m[K [01;35m[Kwarning: [m[Kcomparison of integer expressions of different signedness: ‘[01m[Kconst long unsigned int[m[K’ and ‘[01m[Kconst int[m[K’ [[01;35m[K]8;;https://gcc.gnu.org/onlinedocs/gcc/Warning-Options.html#index-Wsign-compare-Wsign-compare]8;;[m[K]
[ 90%] [32m[1mLinking CXX executable test_generic_ec_cia402_drive[0m
[ 90%] Built target test_generic_ec_cia402_drive
[100%] [32m[1mLinking CXX executable test_load_generic_plugins[0m
[100%] Built target test_load_generic_plugins
-- Install configuration: ""
-- Installing: /home/telecom/ros2_pant_ec_ws/install/ethercat_generic_cia402_drive/share/ethercat_generic_cia402_drive/ethercat_plugins.xml
-- Installing: /home/telecom/ros2_pant_ec_ws/install/ethercat_generic_cia402_drive/include
-- Installing: /home/telecom/ros2_pant_ec_ws/install/ethercat_generic_cia402_drive/include/ethercat_generic_plugins
-- Installing: /home/telecom/ros2_pant_ec_ws/install/ethercat_generic_cia402_drive/include/ethercat_generic_plugins/cia402_common_defs.hpp
-- Installing: /home/telecom/ros2_pant_ec_ws/install/ethercat_generic_cia402_drive/include/ethercat_generic_plugins/generic_ec_cia402_drive.hpp
-- Installing: /home/telecom/ros2_pant_ec_ws/install/ethercat_generic_cia402_drive/lib/libethercat_generic_cia402_drive.so
-- Set runtime path of "/home/telecom/ros2_pant_ec_ws/install/ethercat_generic_cia402_drive/lib/libethercat_generic_cia402_drive.so" to ""
-- Installing: /home/telecom/ros2_pant_ec_ws/install/ethercat_generic_cia402_drive/share/ethercat_generic_cia402_drive/environment/library_path.sh
-- Installing: /home/telecom/ros2_pant_ec_ws/install/ethercat_generic_cia402_drive/share/ethercat_generic_cia402_drive/environment/library_path.dsv
-- Installing: /home/telecom/ros2_pant_ec_ws/install/ethercat_generic_cia402_drive/share/ament_index/resource_index/package_run_dependencies/ethercat_generic_cia402_drive
-- Installing: /home/telecom/ros2_pant_ec_ws/install/ethercat_generic_cia402_drive/share/ament_index/resource_index/parent_prefix_path/ethercat_generic_cia402_drive
-- Installing: /home/telecom/ros2_pant_ec_ws/install/ethercat_generic_cia402_drive/share/ethercat_generic_cia402_drive/environment/ament_prefix_path.sh
-- Installing: /home/telecom/ros2_pant_ec_ws/install/ethercat_generic_cia402_drive/share/ethercat_generic_cia402_drive/environment/ament_prefix_path.dsv
-- Installing: /home/telecom/ros2_pant_ec_ws/install/ethercat_generic_cia402_drive/share/ethercat_generic_cia402_drive/environment/path.sh
-- Installing: /home/telecom/ros2_pant_ec_ws/install/ethercat_generic_cia402_drive/share/ethercat_generic_cia402_drive/environment/path.dsv
-- Installing: /home/telecom/ros2_pant_ec_ws/install/ethercat_generic_cia402_drive/share/ethercat_generic_cia402_drive/local_setup.bash
-- Installing: /home/telecom/ros2_pant_ec_ws/install/ethercat_generic_cia402_drive/share/ethercat_generic_cia402_drive/local_setup.sh
-- Installing: /home/telecom/ros2_pant_ec_ws/install/ethercat_generic_cia402_drive/share/ethercat_generic_cia402_drive/local_setup.zsh
-- Installing: /home/telecom/ros2_pant_ec_ws/install/ethercat_generic_cia402_drive/share/ethercat_generic_cia402_drive/local_setup.dsv
-- Installing: /home/telecom/ros2_pant_ec_ws/install/ethercat_generic_cia402_drive/share/ethercat_generic_cia402_drive/package.dsv
-- Installing: /home/telecom/ros2_pant_ec_ws/install/ethercat_generic_cia402_drive/share/ament_index/resource_index/packages/ethercat_generic_cia402_drive
-- Installing: /home/telecom/ros2_pant_ec_ws/install/ethercat_generic_cia402_drive/share/ament_index/resource_index/ethercat_interface__pluginlib__plugin/ethercat_generic_cia402_drive
-- Installing: /home/telecom/ros2_pant_ec_ws/install/ethercat_generic_cia402_drive/share/ethercat_generic_cia402_drive/cmake/export_ethercat_generic_cia402_driveExport.cmake
-- Installing: /home/telecom/ros2_pant_ec_ws/install/ethercat_generic_cia402_drive/share/ethercat_generic_cia402_drive/cmake/export_ethercat_generic_cia402_driveExport-noconfig.cmake
-- Installing: /home/telecom/ros2_pant_ec_ws/install/ethercat_generic_cia402_drive/share/ethercat_generic_cia402_drive/cmake/ament_cmake_export_include_directories-extras.cmake
-- Installing: /home/telecom/ros2_pant_ec_ws/install/ethercat_generic_cia402_drive/share/ethercat_generic_cia402_drive/cmake/ament_cmake_export_libraries-extras.cmake
-- Installing: /home/telecom/ros2_pant_ec_ws/install/ethercat_generic_cia402_drive/share/ethercat_generic_cia402_drive/cmake/ament_cmake_export_targets-extras.cmake
-- Installing: /home/telecom/ros2_pant_ec_ws/install/ethercat_generic_cia402_drive/share/ethercat_generic_cia402_drive/cmake/ethercat_generic_cia402_driveConfig.cmake
-- Installing: /home/telecom/ros2_pant_ec_ws/install/ethercat_generic_cia402_drive/share/ethercat_generic_cia402_drive/cmake/ethercat_generic_cia402_driveConfig-version.cmake
-- Installing: /home/telecom/ros2_pant_ec_ws/install/ethercat_generic_cia402_drive/share/ethercat_generic_cia402_drive/package.xml
