[0.008s] Invoking command in '/home/telecom/ros2_pant_ec_ws/build/ethercat_generic_cia402_drive': CMAKE_PREFIX_PATH=/home/telecom/ros2_pant_ec_ws/install/ethercat_generic_slave:/home/telecom/ros2_pant_ec_ws/install/ethercat_interface:/home/telecom/ros2_pant_ec_ws/install/pant_position_controller:/home/telecom/ros2_pant_ec_ws/install/pant_nodes:/home/telecom/ros2_pant_ec_ws/install/pant_description:/home/telecom/ros2_pant_ec_ws/install/pant_bringup:/home/telecom/ros2_pant_ec_ws/install/ethercat_schneider_drives:/home/telecom/ros2_pant_ec_ws/install/ethercat_omron_modules:/home/telecom/ros2_pant_ec_ws/install/ethercat_manager:/home/telecom/ros2_pant_ec_ws/install/ethercat_msgs:/home/telecom/ros2_pant_ec_ws/install/ethercat_maxon_drives:/home/telecom/ros2_pant_ec_ws/install/ethercat_generic_cia402_drive:/home/telecom/ros2_pant_ec_ws/install/ethercat_driver_ros2:/home/telecom/ros2_pant_ec_ws/install/ethercat_driver:/home/telecom/ros2_pant_ec_ws/install/ethercat_beckhoff_modules:/home/telecom/ros2_pant_ec_ws/install/ethercat_ati_modules:/home/telecom/ros2_pant_ec_ws/install/ethercat_advantech_modules:/home/telecom/ros2_ws/install/squares:/home/telecom/ros2_ws/install/my_package:/home/telecom/ros2_ws/install/my_img:/home/telecom/ros2_ws/install/my_chatter:/opt/ros/humble LD_LIBRARY_PATH=/home/telecom/ros2_pant_ec_ws/install/ethercat_generic_slave/lib:/home/telecom/ros2_pant_ec_ws/install/ethercat_interface/lib:/home/telecom/ros2_pant_ec_ws/install/pant_position_controller/lib:/home/telecom/ros2_pant_ec_ws/install/ethercat_schneider_drives/lib:/home/telecom/ros2_pant_ec_ws/install/ethercat_omron_modules/lib:/home/telecom/ros2_pant_ec_ws/install/ethercat_manager/lib:/home/telecom/ros2_pant_ec_ws/install/ethercat_msgs/lib:/home/telecom/ros2_pant_ec_ws/install/ethercat_maxon_drives/lib:/home/telecom/ros2_pant_ec_ws/install/ethercat_generic_cia402_drive/lib:/home/telecom/ros2_pant_ec_ws/install/ethercat_driver/lib:/home/telecom/ros2_pant_ec_ws/install/ethercat_beckhoff_modules/lib:/home/telecom/ros2_pant_ec_ws/install/ethercat_ati_modules/lib:/home/telecom/ros2_pant_ec_ws/install/ethercat_advantech_modules/lib:/opt/ros/humble/opt/rviz_ogre_vendor/lib:/opt/ros/humble/lib/x86_64-linux-gnu:/opt/ros/humble/lib /usr/bin/cmake /home/telecom/ros2_pant_ec_ws/src/ethercat_driver_ros2/ethercat_generic_plugins/ethercat_generic_cia402_drive -DCMAKE_INSTALL_PREFIX=/home/telecom/ros2_pant_ec_ws/install/ethercat_generic_cia402_drive
[0.040s] -- The C compiler identification is GNU 11.3.0
[0.071s] -- The CXX compiler identification is GNU 11.3.0
[0.076s] -- Detecting C compiler ABI info
[0.114s] -- Detecting C compiler ABI info - done
[0.118s] -- Check for working C compiler: /usr/bin/cc - skipped
[0.118s] -- Detecting C compile features
[0.119s] -- Detecting C compile features - done
[0.120s] -- Detecting CXX compiler ABI info
[0.162s] -- Detecting CXX compiler ABI info - done
[0.166s] -- Check for working CXX compiler: /usr/bin/c++ - skipped
[0.166s] -- Detecting CXX compile features
[0.166s] -- Detecting CXX compile features - done
[0.169s] -- Found ament_cmake: 1.3.5 (/opt/ros/humble/share/ament_cmake/cmake)
[0.263s] -- Found Python3: /usr/bin/python3.10 (found version "3.10.6") found components: Interpreter 
[0.316s] -- Found ament_cmake_ros: 0.10.0 (/opt/ros/humble/share/ament_cmake_ros/cmake)
[0.321s] -- Found ethercat_interface: 1.2.0 (/home/telecom/ros2_pant_ec_ws/install/ethercat_interface/share/ethercat_interface/cmake)
[0.352s] -- Found rosidl_generator_c: 3.1.4 (/opt/ros/humble/share/rosidl_generator_c/cmake)
[0.356s] -- Found rosidl_adapter: 3.1.4 (/opt/ros/humble/share/rosidl_adapter/cmake)
[0.361s] -- Found rosidl_generator_cpp: 3.1.4 (/opt/ros/humble/share/rosidl_generator_cpp/cmake)
[0.370s] -- Using all available rosidl_typesupport_c: rosidl_typesupport_fastrtps_c;rosidl_typesupport_introspection_c
[0.382s] -- Using all available rosidl_typesupport_cpp: rosidl_typesupport_fastrtps_cpp;rosidl_typesupport_introspection_cpp
[0.425s] -- Found rmw_implementation_cmake: 6.1.1 (/opt/ros/humble/share/rmw_implementation_cmake/cmake)
[0.427s] -- Found rmw_fastrtps_cpp: 6.2.2 (/opt/ros/humble/share/rmw_fastrtps_cpp/cmake)
[0.482s] -- Found OpenSSL: /usr/lib/x86_64-linux-gnu/libcrypto.so (found version "3.0.2")  
[0.497s] -- Found FastRTPS: /opt/ros/humble/include  
[0.522s] -- Using RMW implementation 'rmw_fastrtps_cpp' as default
[0.529s] -- Looking for pthread.h
[0.568s] -- Looking for pthread.h - found
[0.568s] -- Performing Test CMAKE_HAVE_LIBC_PTHREAD
[0.610s] -- Performing Test CMAKE_HAVE_LIBC_PTHREAD - Success
[0.611s] -- Found Threads: TRUE  
[0.701s] -- Found ethercat_generic_slave: 1.2.0 (/home/telecom/ros2_pant_ec_ws/install/ethercat_generic_slave/share/ethercat_generic_slave/cmake)
[0.703s] -- Found pluginlib: 5.1.0 (/opt/ros/humble/share/pluginlib/cmake)
[0.719s] -- Found yaml_cpp_vendor: 8.0.2 (/opt/ros/humble/share/yaml_cpp_vendor/cmake)
[0.727s] -- Found ament_lint_auto: 0.12.6 (/opt/ros/humble/share/ament_lint_auto/cmake)
[0.774s] -- Found gmock sources under '/opt/ros/humble/src/gmock_vendor': C++ tests using 'Google Mock' will be built
[0.777s] -- Found gtest sources under '/opt/ros/humble/src/gtest_vendor': C++ tests using 'Google Test' will be built
[0.789s] -- Added test 'copyright' to check source files copyright and LICENSE
[0.790s] -- Added test 'cppcheck' to perform static code analysis on C / C++ code
[0.790s] -- Configured cppcheck include dirs: $<BUILD_INTERFACE:/home/telecom/ros2_pant_ec_ws/src/ethercat_driver_ros2/ethercat_generic_plugins/ethercat_generic_cia402_drive/include>;/home/telecom/ros2_pant_ec_ws/src/ethercat_driver_ros2/ethercat_generic_plugins/ethercat_generic_cia402_drive/include
[0.790s] -- Configured cppcheck exclude dirs and/or files: 
[0.791s] -- Added test 'cpplint' to check C / C++ code against the Google style
[0.791s] -- Configured cpplint exclude dirs and/or files: 
[0.791s] -- Added test 'lint_cmake' to check CMake code style
[0.792s] -- Added test 'uncrustify' to check C / C++ code style
[0.792s] -- Configured uncrustify additional arguments: 
[0.792s] -- Added test 'xmllint' to check XML markup files
[0.794s] -- Configuring done
[0.810s] -- Generating done
[0.811s] -- Build files have been written to: /home/telecom/ros2_pant_ec_ws/build/ethercat_generic_cia402_drive
[0.818s] Invoked command in '/home/telecom/ros2_pant_ec_ws/build/ethercat_generic_cia402_drive' returned '0': CMAKE_PREFIX_PATH=/home/telecom/ros2_pant_ec_ws/install/ethercat_generic_slave:/home/telecom/ros2_pant_ec_ws/install/ethercat_interface:/home/telecom/ros2_pant_ec_ws/install/pant_position_controller:/home/telecom/ros2_pant_ec_ws/install/pant_nodes:/home/telecom/ros2_pant_ec_ws/install/pant_description:/home/telecom/ros2_pant_ec_ws/install/pant_bringup:/home/telecom/ros2_pant_ec_ws/install/ethercat_schneider_drives:/home/telecom/ros2_pant_ec_ws/install/ethercat_omron_modules:/home/telecom/ros2_pant_ec_ws/install/ethercat_manager:/home/telecom/ros2_pant_ec_ws/install/ethercat_msgs:/home/telecom/ros2_pant_ec_ws/install/ethercat_maxon_drives:/home/telecom/ros2_pant_ec_ws/install/ethercat_generic_cia402_drive:/home/telecom/ros2_pant_ec_ws/install/ethercat_driver_ros2:/home/telecom/ros2_pant_ec_ws/install/ethercat_driver:/home/telecom/ros2_pant_ec_ws/install/ethercat_beckhoff_modules:/home/telecom/ros2_pant_ec_ws/install/ethercat_ati_modules:/home/telecom/ros2_pant_ec_ws/install/ethercat_advantech_modules:/home/telecom/ros2_ws/install/squares:/home/telecom/ros2_ws/install/my_package:/home/telecom/ros2_ws/install/my_img:/home/telecom/ros2_ws/install/my_chatter:/opt/ros/humble LD_LIBRARY_PATH=/home/telecom/ros2_pant_ec_ws/install/ethercat_generic_slave/lib:/home/telecom/ros2_pant_ec_ws/install/ethercat_interface/lib:/home/telecom/ros2_pant_ec_ws/install/pant_position_controller/lib:/home/telecom/ros2_pant_ec_ws/install/ethercat_schneider_drives/lib:/home/telecom/ros2_pant_ec_ws/install/ethercat_omron_modules/lib:/home/telecom/ros2_pant_ec_ws/install/ethercat_manager/lib:/home/telecom/ros2_pant_ec_ws/install/ethercat_msgs/lib:/home/telecom/ros2_pant_ec_ws/install/ethercat_maxon_drives/lib:/home/telecom/ros2_pant_ec_ws/install/ethercat_generic_cia402_drive/lib:/home/telecom/ros2_pant_ec_ws/install/ethercat_driver/lib:/home/telecom/ros2_pant_ec_ws/install/ethercat_beckhoff_modules/lib:/home/telecom/ros2_pant_ec_ws/install/ethercat_ati_modules/lib:/home/telecom/ros2_pant_ec_ws/install/ethercat_advantech_modules/lib:/opt/ros/humble/opt/rviz_ogre_vendor/lib:/opt/ros/humble/lib/x86_64-linux-gnu:/opt/ros/humble/lib /usr/bin/cmake /home/telecom/ros2_pant_ec_ws/src/ethercat_driver_ros2/ethercat_generic_plugins/ethercat_generic_cia402_drive -DCMAKE_INSTALL_PREFIX=/home/telecom/ros2_pant_ec_ws/install/ethercat_generic_cia402_drive
[0.819s] Invoking command in '/home/telecom/ros2_pant_ec_ws/build/ethercat_generic_cia402_drive': CMAKE_PREFIX_PATH=/home/telecom/ros2_pant_ec_ws/install/ethercat_generic_slave:/home/telecom/ros2_pant_ec_ws/install/ethercat_interface:/home/telecom/ros2_pant_ec_ws/install/pant_position_controller:/home/telecom/ros2_pant_ec_ws/install/pant_nodes:/home/telecom/ros2_pant_ec_ws/install/pant_description:/home/telecom/ros2_pant_ec_ws/install/pant_bringup:/home/telecom/ros2_pant_ec_ws/install/ethercat_schneider_drives:/home/telecom/ros2_pant_ec_ws/install/ethercat_omron_modules:/home/telecom/ros2_pant_ec_ws/install/ethercat_manager:/home/telecom/ros2_pant_ec_ws/install/ethercat_msgs:/home/telecom/ros2_pant_ec_ws/install/ethercat_maxon_drives:/home/telecom/ros2_pant_ec_ws/install/ethercat_generic_cia402_drive:/home/telecom/ros2_pant_ec_ws/install/ethercat_driver_ros2:/home/telecom/ros2_pant_ec_ws/install/ethercat_driver:/home/telecom/ros2_pant_ec_ws/install/ethercat_beckhoff_modules:/home/telecom/ros2_pant_ec_ws/install/ethercat_ati_modules:/home/telecom/ros2_pant_ec_ws/install/ethercat_advantech_modules:/home/telecom/ros2_ws/install/squares:/home/telecom/ros2_ws/install/my_package:/home/telecom/ros2_ws/install/my_img:/home/telecom/ros2_ws/install/my_chatter:/opt/ros/humble LD_LIBRARY_PATH=/home/telecom/ros2_pant_ec_ws/install/ethercat_generic_slave/lib:/home/telecom/ros2_pant_ec_ws/install/ethercat_interface/lib:/home/telecom/ros2_pant_ec_ws/install/pant_position_controller/lib:/home/telecom/ros2_pant_ec_ws/install/ethercat_schneider_drives/lib:/home/telecom/ros2_pant_ec_ws/install/ethercat_omron_modules/lib:/home/telecom/ros2_pant_ec_ws/install/ethercat_manager/lib:/home/telecom/ros2_pant_ec_ws/install/ethercat_msgs/lib:/home/telecom/ros2_pant_ec_ws/install/ethercat_maxon_drives/lib:/home/telecom/ros2_pant_ec_ws/install/ethercat_generic_cia402_drive/lib:/home/telecom/ros2_pant_ec_ws/install/ethercat_driver/lib:/home/telecom/ros2_pant_ec_ws/install/ethercat_beckhoff_modules/lib:/home/telecom/ros2_pant_ec_ws/install/ethercat_ati_modules/lib:/home/telecom/ros2_pant_ec_ws/install/ethercat_advantech_modules/lib:/opt/ros/humble/opt/rviz_ogre_vendor/lib:/opt/ros/humble/lib/x86_64-linux-gnu:/opt/ros/humble/lib /usr/bin/cmake --build /home/telecom/ros2_pant_ec_ws/build/ethercat_generic_cia402_drive -- -j20 -l20
[0.845s] [  9%] [32mBuilding CXX object CMakeFiles/ethercat_generic_cia402_drive.dir/src/generic_ec_cia402_drive.cpp.o[0m
[0.845s] [ 18%] [32mBuilding CXX object gmock/CMakeFiles/gmock_main.dir/src/gmock_main.cc.o[0m
[0.845s] [ 27%] [32mBuilding CXX object gmock/CMakeFiles/gmock.dir/opt/ros/humble/src/gtest_vendor/src/gtest-all.cc.o[0m
[0.845s] [ 36%] [32mBuilding CXX object gmock/CMakeFiles/gmock.dir/src/gmock-all.cc.o[0m
[1.462s] [ 45%] [32m[1mLinking CXX static library libgmock_main.a[0m
[1.481s] [ 45%] Built target gmock_main
[1.574s] [ 54%] [32m[1mLinking CXX shared library libethercat_generic_cia402_drive.so[0m
[1.642s] [ 54%] Built target ethercat_generic_cia402_drive
[2.526s] [ 63%] [32m[1mLinking CXX static library libgmock.a[0m
[2.562s] [ 63%] Built target gmock
[2.573s] [ 81%] [32mBuilding CXX object CMakeFiles/test_generic_ec_cia402_drive.dir/test/test_generic_ec_cia402_drive.cpp.o[0m
[2.573s] [ 81%] [32mBuilding CXX object CMakeFiles/test_load_generic_plugins.dir/test/test_load_ec_modules.cpp.o[0m
[3.396s] In file included from [01m[K/opt/ros/humble/src/gmock_vendor/include/gmock/internal/gmock-internal-utils.h:47[m[K,
[3.396s]                  from [01m[K/opt/ros/humble/src/gmock_vendor/include/gmock/gmock-actions.h:51[m[K,
[3.396s]                  from [01m[K/opt/ros/humble/src/gmock_vendor/include/gmock/gmock.h:59[m[K,
[3.396s]                  from [01m[K/home/telecom/ros2_pant_ec_ws/src/ethercat_driver_ros2/ethercat_generic_plugins/ethercat_generic_cia402_drive/test/test_generic_ec_cia402_drive.hpp:23[m[K,
[3.396s]                  from [01m[K/home/telecom/ros2_pant_ec_ws/src/ethercat_driver_ros2/ethercat_generic_plugins/ethercat_generic_cia402_drive/test/test_generic_ec_cia402_drive.cpp:19[m[K:
[3.396s] /opt/ros/humble/src/gtest_vendor/include/gtest/gtest.h: In instantiation of ‘[01m[Ktesting::AssertionResult testing::internal::CmpHelperEQ(const char*, const char*, const T1&, const T2&) [with T1 = unsigned int; T2 = int][m[K’:
[3.396s] [01m[K/opt/ros/humble/src/gtest_vendor/include/gtest/gtest.h:1554:23:[m[K   required from ‘[01m[Kstatic testing::AssertionResult testing::internal::EqHelper::Compare(const char*, const char*, const T1&, const T2&) [with T1 = unsigned int; T2 = int; typename std::enable_if<((! std::is_integral<_Tp>::value) || (! std::is_pointer<_Dp>::value))>::type* <anonymous> = 0][m[K’
[3.396s] [01m[K/home/telecom/ros2_pant_ec_ws/src/ethercat_driver_ros2/ethercat_generic_plugins/ethercat_generic_cia402_drive/test/test_generic_ec_cia402_drive.cpp:107:3:[m[K   required from here
[3.396s] [01m[K/opt/ros/humble/src/gtest_vendor/include/gtest/gtest.h:1527:11:[m[K [01;35m[Kwarning: [m[Kcomparison of integer expressions of different signedness: ‘[01m[Kconst unsigned int[m[K’ and ‘[01m[Kconst int[m[K’ [[01;35m[K]8;;https://gcc.gnu.org/onlinedocs/gcc/Warning-Options.html#index-Wsign-compare-Wsign-compare]8;;[m[K]
[3.397s]  1527 |   if ([01;35m[Klhs == rhs[m[K) {
[3.397s]       |       [01;35m[K~~~~^~~~~~[m[K
[3.397s] /opt/ros/humble/src/gtest_vendor/include/gtest/gtest.h: In instantiation of ‘[01m[Ktesting::AssertionResult testing::internal::CmpHelperEQ(const char*, const char*, const T1&, const T2&) [with T1 = long unsigned int; T2 = int][m[K’:
[3.397s] [01m[K/opt/ros/humble/src/gtest_vendor/include/gtest/gtest.h:1554:23:[m[K   required from ‘[01m[Kstatic testing::AssertionResult testing::internal::EqHelper::Compare(const char*, const char*, const T1&, const T2&) [with T1 = long unsigned int; T2 = int; typename std::enable_if<((! std::is_integral<_Tp>::value) || (! std::is_pointer<_Dp>::value))>::type* <anonymous> = 0][m[K’
[3.397s] [01m[K/home/telecom/ros2_pant_ec_ws/src/ethercat_driver_ros2/ethercat_generic_plugins/ethercat_generic_cia402_drive/test/test_generic_ec_cia402_drive.cpp:112:3:[m[K   required from here
[3.397s] [01m[K/opt/ros/humble/src/gtest_vendor/include/gtest/gtest.h:1527:11:[m[K [01;35m[Kwarning: [m[Kcomparison of integer expressions of different signedness: ‘[01m[Kconst long unsigned int[m[K’ and ‘[01m[Kconst int[m[K’ [[01;35m[K]8;;https://gcc.gnu.org/onlinedocs/gcc/Warning-Options.html#index-Wsign-compare-Wsign-compare]8;;[m[K]
[4.072s] [ 90%] [32m[1mLinking CXX executable test_generic_ec_cia402_drive[0m
[4.203s] [ 90%] Built target test_generic_ec_cia402_drive
[4.589s] [100%] [32m[1mLinking CXX executable test_load_generic_plugins[0m
[4.738s] [100%] Built target test_load_generic_plugins
[4.748s] Invoked command in '/home/telecom/ros2_pant_ec_ws/build/ethercat_generic_cia402_drive' returned '0': CMAKE_PREFIX_PATH=/home/telecom/ros2_pant_ec_ws/install/ethercat_generic_slave:/home/telecom/ros2_pant_ec_ws/install/ethercat_interface:/home/telecom/ros2_pant_ec_ws/install/pant_position_controller:/home/telecom/ros2_pant_ec_ws/install/pant_nodes:/home/telecom/ros2_pant_ec_ws/install/pant_description:/home/telecom/ros2_pant_ec_ws/install/pant_bringup:/home/telecom/ros2_pant_ec_ws/install/ethercat_schneider_drives:/home/telecom/ros2_pant_ec_ws/install/ethercat_omron_modules:/home/telecom/ros2_pant_ec_ws/install/ethercat_manager:/home/telecom/ros2_pant_ec_ws/install/ethercat_msgs:/home/telecom/ros2_pant_ec_ws/install/ethercat_maxon_drives:/home/telecom/ros2_pant_ec_ws/install/ethercat_generic_cia402_drive:/home/telecom/ros2_pant_ec_ws/install/ethercat_driver_ros2:/home/telecom/ros2_pant_ec_ws/install/ethercat_driver:/home/telecom/ros2_pant_ec_ws/install/ethercat_beckhoff_modules:/home/telecom/ros2_pant_ec_ws/install/ethercat_ati_modules:/home/telecom/ros2_pant_ec_ws/install/ethercat_advantech_modules:/home/telecom/ros2_ws/install/squares:/home/telecom/ros2_ws/install/my_package:/home/telecom/ros2_ws/install/my_img:/home/telecom/ros2_ws/install/my_chatter:/opt/ros/humble LD_LIBRARY_PATH=/home/telecom/ros2_pant_ec_ws/install/ethercat_generic_slave/lib:/home/telecom/ros2_pant_ec_ws/install/ethercat_interface/lib:/home/telecom/ros2_pant_ec_ws/install/pant_position_controller/lib:/home/telecom/ros2_pant_ec_ws/install/ethercat_schneider_drives/lib:/home/telecom/ros2_pant_ec_ws/install/ethercat_omron_modules/lib:/home/telecom/ros2_pant_ec_ws/install/ethercat_manager/lib:/home/telecom/ros2_pant_ec_ws/install/ethercat_msgs/lib:/home/telecom/ros2_pant_ec_ws/install/ethercat_maxon_drives/lib:/home/telecom/ros2_pant_ec_ws/install/ethercat_generic_cia402_drive/lib:/home/telecom/ros2_pant_ec_ws/install/ethercat_driver/lib:/home/telecom/ros2_pant_ec_ws/install/ethercat_beckhoff_modules/lib:/home/telecom/ros2_pant_ec_ws/install/ethercat_ati_modules/lib:/home/telecom/ros2_pant_ec_ws/install/ethercat_advantech_modules/lib:/opt/ros/humble/opt/rviz_ogre_vendor/lib:/opt/ros/humble/lib/x86_64-linux-gnu:/opt/ros/humble/lib /usr/bin/cmake --build /home/telecom/ros2_pant_ec_ws/build/ethercat_generic_cia402_drive -- -j20 -l20
[4.772s] Invoking command in '/home/telecom/ros2_pant_ec_ws/build/ethercat_generic_cia402_drive': CMAKE_PREFIX_PATH=/home/telecom/ros2_pant_ec_ws/install/ethercat_generic_slave:/home/telecom/ros2_pant_ec_ws/install/ethercat_interface:/home/telecom/ros2_pant_ec_ws/install/pant_position_controller:/home/telecom/ros2_pant_ec_ws/install/pant_nodes:/home/telecom/ros2_pant_ec_ws/install/pant_description:/home/telecom/ros2_pant_ec_ws/install/pant_bringup:/home/telecom/ros2_pant_ec_ws/install/ethercat_schneider_drives:/home/telecom/ros2_pant_ec_ws/install/ethercat_omron_modules:/home/telecom/ros2_pant_ec_ws/install/ethercat_manager:/home/telecom/ros2_pant_ec_ws/install/ethercat_msgs:/home/telecom/ros2_pant_ec_ws/install/ethercat_maxon_drives:/home/telecom/ros2_pant_ec_ws/install/ethercat_generic_cia402_drive:/home/telecom/ros2_pant_ec_ws/install/ethercat_driver_ros2:/home/telecom/ros2_pant_ec_ws/install/ethercat_driver:/home/telecom/ros2_pant_ec_ws/install/ethercat_beckhoff_modules:/home/telecom/ros2_pant_ec_ws/install/ethercat_ati_modules:/home/telecom/ros2_pant_ec_ws/install/ethercat_advantech_modules:/home/telecom/ros2_ws/install/squares:/home/telecom/ros2_ws/install/my_package:/home/telecom/ros2_ws/install/my_img:/home/telecom/ros2_ws/install/my_chatter:/opt/ros/humble LD_LIBRARY_PATH=/home/telecom/ros2_pant_ec_ws/install/ethercat_generic_slave/lib:/home/telecom/ros2_pant_ec_ws/install/ethercat_interface/lib:/home/telecom/ros2_pant_ec_ws/install/pant_position_controller/lib:/home/telecom/ros2_pant_ec_ws/install/ethercat_schneider_drives/lib:/home/telecom/ros2_pant_ec_ws/install/ethercat_omron_modules/lib:/home/telecom/ros2_pant_ec_ws/install/ethercat_manager/lib:/home/telecom/ros2_pant_ec_ws/install/ethercat_msgs/lib:/home/telecom/ros2_pant_ec_ws/install/ethercat_maxon_drives/lib:/home/telecom/ros2_pant_ec_ws/install/ethercat_generic_cia402_drive/lib:/home/telecom/ros2_pant_ec_ws/install/ethercat_driver/lib:/home/telecom/ros2_pant_ec_ws/install/ethercat_beckhoff_modules/lib:/home/telecom/ros2_pant_ec_ws/install/ethercat_ati_modules/lib:/home/telecom/ros2_pant_ec_ws/install/ethercat_advantech_modules/lib:/opt/ros/humble/opt/rviz_ogre_vendor/lib:/opt/ros/humble/lib/x86_64-linux-gnu:/opt/ros/humble/lib /usr/bin/cmake --install /home/telecom/ros2_pant_ec_ws/build/ethercat_generic_cia402_drive
[4.776s] -- Install configuration: ""
[4.776s] -- Installing: /home/telecom/ros2_pant_ec_ws/install/ethercat_generic_cia402_drive/share/ethercat_generic_cia402_drive/ethercat_plugins.xml
[4.776s] -- Installing: /home/telecom/ros2_pant_ec_ws/install/ethercat_generic_cia402_drive/include
[4.776s] -- Installing: /home/telecom/ros2_pant_ec_ws/install/ethercat_generic_cia402_drive/include/ethercat_generic_plugins
[4.776s] -- Installing: /home/telecom/ros2_pant_ec_ws/install/ethercat_generic_cia402_drive/include/ethercat_generic_plugins/cia402_common_defs.hpp
[4.776s] -- Installing: /home/telecom/ros2_pant_ec_ws/install/ethercat_generic_cia402_drive/include/ethercat_generic_plugins/generic_ec_cia402_drive.hpp
[4.776s] -- Installing: /home/telecom/ros2_pant_ec_ws/install/ethercat_generic_cia402_drive/lib/libethercat_generic_cia402_drive.so
[4.777s] -- Set runtime path of "/home/telecom/ros2_pant_ec_ws/install/ethercat_generic_cia402_drive/lib/libethercat_generic_cia402_drive.so" to ""
[4.777s] -- Installing: /home/telecom/ros2_pant_ec_ws/install/ethercat_generic_cia402_drive/share/ethercat_generic_cia402_drive/environment/library_path.sh
[4.777s] -- Installing: /home/telecom/ros2_pant_ec_ws/install/ethercat_generic_cia402_drive/share/ethercat_generic_cia402_drive/environment/library_path.dsv
[4.777s] -- Installing: /home/telecom/ros2_pant_ec_ws/install/ethercat_generic_cia402_drive/share/ament_index/resource_index/package_run_dependencies/ethercat_generic_cia402_drive
[4.777s] -- Installing: /home/telecom/ros2_pant_ec_ws/install/ethercat_generic_cia402_drive/share/ament_index/resource_index/parent_prefix_path/ethercat_generic_cia402_drive
[4.777s] -- Installing: /home/telecom/ros2_pant_ec_ws/install/ethercat_generic_cia402_drive/share/ethercat_generic_cia402_drive/environment/ament_prefix_path.sh
[4.777s] -- Installing: /home/telecom/ros2_pant_ec_ws/install/ethercat_generic_cia402_drive/share/ethercat_generic_cia402_drive/environment/ament_prefix_path.dsv
[4.777s] -- Installing: /home/telecom/ros2_pant_ec_ws/install/ethercat_generic_cia402_drive/share/ethercat_generic_cia402_drive/environment/path.sh
[4.777s] -- Installing: /home/telecom/ros2_pant_ec_ws/install/ethercat_generic_cia402_drive/share/ethercat_generic_cia402_drive/environment/path.dsv
[4.777s] -- Installing: /home/telecom/ros2_pant_ec_ws/install/ethercat_generic_cia402_drive/share/ethercat_generic_cia402_drive/local_setup.bash
[4.777s] -- Installing: /home/telecom/ros2_pant_ec_ws/install/ethercat_generic_cia402_drive/share/ethercat_generic_cia402_drive/local_setup.sh
[4.777s] -- Installing: /home/telecom/ros2_pant_ec_ws/install/ethercat_generic_cia402_drive/share/ethercat_generic_cia402_drive/local_setup.zsh
[4.777s] -- Installing: /home/telecom/ros2_pant_ec_ws/install/ethercat_generic_cia402_drive/share/ethercat_generic_cia402_drive/local_setup.dsv
[4.777s] -- Installing: /home/telecom/ros2_pant_ec_ws/install/ethercat_generic_cia402_drive/share/ethercat_generic_cia402_drive/package.dsv
[4.777s] -- Installing: /home/telecom/ros2_pant_ec_ws/install/ethercat_generic_cia402_drive/share/ament_index/resource_index/packages/ethercat_generic_cia402_drive
[4.777s] -- Installing: /home/telecom/ros2_pant_ec_ws/install/ethercat_generic_cia402_drive/share/ament_index/resource_index/ethercat_interface__pluginlib__plugin/ethercat_generic_cia402_drive
[4.777s] -- Installing: /home/telecom/ros2_pant_ec_ws/install/ethercat_generic_cia402_drive/share/ethercat_generic_cia402_drive/cmake/export_ethercat_generic_cia402_driveExport.cmake
[4.777s] -- Installing: /home/telecom/ros2_pant_ec_ws/install/ethercat_generic_cia402_drive/share/ethercat_generic_cia402_drive/cmake/export_ethercat_generic_cia402_driveExport-noconfig.cmake
[4.778s] -- Installing: /home/telecom/ros2_pant_ec_ws/install/ethercat_generic_cia402_drive/share/ethercat_generic_cia402_drive/cmake/ament_cmake_export_include_directories-extras.cmake
[4.778s] -- Installing: /home/telecom/ros2_pant_ec_ws/install/ethercat_generic_cia402_drive/share/ethercat_generic_cia402_drive/cmake/ament_cmake_export_libraries-extras.cmake
[4.778s] -- Installing: /home/telecom/ros2_pant_ec_ws/install/ethercat_generic_cia402_drive/share/ethercat_generic_cia402_drive/cmake/ament_cmake_export_targets-extras.cmake
[4.778s] -- Installing: /home/telecom/ros2_pant_ec_ws/install/ethercat_generic_cia402_drive/share/ethercat_generic_cia402_drive/cmake/ethercat_generic_cia402_driveConfig.cmake
[4.778s] -- Installing: /home/telecom/ros2_pant_ec_ws/install/ethercat_generic_cia402_drive/share/ethercat_generic_cia402_drive/cmake/ethercat_generic_cia402_driveConfig-version.cmake
[4.778s] -- Installing: /home/telecom/ros2_pant_ec_ws/install/ethercat_generic_cia402_drive/share/ethercat_generic_cia402_drive/package.xml
[4.781s] Invoked command in '/home/telecom/ros2_pant_ec_ws/build/ethercat_generic_cia402_drive' returned '0': CMAKE_PREFIX_PATH=/home/telecom/ros2_pant_ec_ws/install/ethercat_generic_slave:/home/telecom/ros2_pant_ec_ws/install/ethercat_interface:/home/telecom/ros2_pant_ec_ws/install/pant_position_controller:/home/telecom/ros2_pant_ec_ws/install/pant_nodes:/home/telecom/ros2_pant_ec_ws/install/pant_description:/home/telecom/ros2_pant_ec_ws/install/pant_bringup:/home/telecom/ros2_pant_ec_ws/install/ethercat_schneider_drives:/home/telecom/ros2_pant_ec_ws/install/ethercat_omron_modules:/home/telecom/ros2_pant_ec_ws/install/ethercat_manager:/home/telecom/ros2_pant_ec_ws/install/ethercat_msgs:/home/telecom/ros2_pant_ec_ws/install/ethercat_maxon_drives:/home/telecom/ros2_pant_ec_ws/install/ethercat_generic_cia402_drive:/home/telecom/ros2_pant_ec_ws/install/ethercat_driver_ros2:/home/telecom/ros2_pant_ec_ws/install/ethercat_driver:/home/telecom/ros2_pant_ec_ws/install/ethercat_beckhoff_modules:/home/telecom/ros2_pant_ec_ws/install/ethercat_ati_modules:/home/telecom/ros2_pant_ec_ws/install/ethercat_advantech_modules:/home/telecom/ros2_ws/install/squares:/home/telecom/ros2_ws/install/my_package:/home/telecom/ros2_ws/install/my_img:/home/telecom/ros2_ws/install/my_chatter:/opt/ros/humble LD_LIBRARY_PATH=/home/telecom/ros2_pant_ec_ws/install/ethercat_generic_slave/lib:/home/telecom/ros2_pant_ec_ws/install/ethercat_interface/lib:/home/telecom/ros2_pant_ec_ws/install/pant_position_controller/lib:/home/telecom/ros2_pant_ec_ws/install/ethercat_schneider_drives/lib:/home/telecom/ros2_pant_ec_ws/install/ethercat_omron_modules/lib:/home/telecom/ros2_pant_ec_ws/install/ethercat_manager/lib:/home/telecom/ros2_pant_ec_ws/install/ethercat_msgs/lib:/home/telecom/ros2_pant_ec_ws/install/ethercat_maxon_drives/lib:/home/telecom/ros2_pant_ec_ws/install/ethercat_generic_cia402_drive/lib:/home/telecom/ros2_pant_ec_ws/install/ethercat_driver/lib:/home/telecom/ros2_pant_ec_ws/install/ethercat_beckhoff_modules/lib:/home/telecom/ros2_pant_ec_ws/install/ethercat_ati_modules/lib:/home/telecom/ros2_pant_ec_ws/install/ethercat_advantech_modules/lib:/opt/ros/humble/opt/rviz_ogre_vendor/lib:/opt/ros/humble/lib/x86_64-linux-gnu:/opt/ros/humble/lib /usr/bin/cmake --install /home/telecom/ros2_pant_ec_ws/build/ethercat_generic_cia402_drive
