[ 22%] Built target ethercat_ati_modules
[ 44%] Built target gmock_main
[ 77%] Built target gmock
[100%] Built target test_load_ati_plugins
-- Install configuration: ""
-- Up-to-date: /home/telecom/ros2_pant_ec_ws/install/ethercat_ati_modules/share/ethercat_ati_modules/ethercat_plugins.xml
-- Up-to-date: /home/telecom/ros2_pant_ec_ws/install/ethercat_ati_modules/lib/libethercat_ati_modules.so
-- Up-to-date: /home/telecom/ros2_pant_ec_ws/install/ethercat_ati_modules/share/ethercat_ati_modules/environment/library_path.sh
-- Up-to-date: /home/telecom/ros2_pant_ec_ws/install/ethercat_ati_modules/share/ethercat_ati_modules/environment/library_path.dsv
-- Up-to-date: /home/telecom/ros2_pant_ec_ws/install/ethercat_ati_modules/share/ament_index/resource_index/package_run_dependencies/ethercat_ati_modules
-- Up-to-date: /home/telecom/ros2_pant_ec_ws/install/ethercat_ati_modules/share/ament_index/resource_index/parent_prefix_path/ethercat_ati_modules
-- Up-to-date: /home/telecom/ros2_pant_ec_ws/install/ethercat_ati_modules/share/ethercat_ati_modules/environment/ament_prefix_path.sh
-- Up-to-date: /home/telecom/ros2_pant_ec_ws/install/ethercat_ati_modules/share/ethercat_ati_modules/environment/ament_prefix_path.dsv
-- Up-to-date: /home/telecom/ros2_pant_ec_ws/install/ethercat_ati_modules/share/ethercat_ati_modules/environment/path.sh
-- Up-to-date: /home/telecom/ros2_pant_ec_ws/install/ethercat_ati_modules/share/ethercat_ati_modules/environment/path.dsv
-- Up-to-date: /home/telecom/ros2_pant_ec_ws/install/ethercat_ati_modules/share/ethercat_ati_modules/local_setup.bash
-- Up-to-date: /home/telecom/ros2_pant_ec_ws/install/ethercat_ati_modules/share/ethercat_ati_modules/local_setup.sh
-- Up-to-date: /home/telecom/ros2_pant_ec_ws/install/ethercat_ati_modules/share/ethercat_ati_modules/local_setup.zsh
-- Up-to-date: /home/telecom/ros2_pant_ec_ws/install/ethercat_ati_modules/share/ethercat_ati_modules/local_setup.dsv
-- Installing: /home/telecom/ros2_pant_ec_ws/install/ethercat_ati_modules/share/ethercat_ati_modules/package.dsv
-- Up-to-date: /home/telecom/ros2_pant_ec_ws/install/ethercat_ati_modules/share/ament_index/resource_index/packages/ethercat_ati_modules
-- Up-to-date: /home/telecom/ros2_pant_ec_ws/install/ethercat_ati_modules/share/ament_index/resource_index/ethercat_interface__pluginlib__plugin/ethercat_ati_modules
-- Up-to-date: /home/telecom/ros2_pant_ec_ws/install/ethercat_ati_modules/share/ethercat_ati_modules/cmake/export_ethercat_ati_modulesExport.cmake
-- Up-to-date: /home/telecom/ros2_pant_ec_ws/install/ethercat_ati_modules/share/ethercat_ati_modules/cmake/export_ethercat_ati_modulesExport-noconfig.cmake
-- Up-to-date: /home/telecom/ros2_pant_ec_ws/install/ethercat_ati_modules/share/ethercat_ati_modules/cmake/ament_cmake_export_include_directories-extras.cmake
-- Up-to-date: /home/telecom/ros2_pant_ec_ws/install/ethercat_ati_modules/share/ethercat_ati_modules/cmake/ament_cmake_export_libraries-extras.cmake
-- Up-to-date: /home/telecom/ros2_pant_ec_ws/install/ethercat_ati_modules/share/ethercat_ati_modules/cmake/ament_cmake_export_targets-extras.cmake
-- Up-to-date: /home/telecom/ros2_pant_ec_ws/install/ethercat_ati_modules/share/ethercat_ati_modules/cmake/ethercat_ati_modulesConfig.cmake
-- Up-to-date: /home/telecom/ros2_pant_ec_ws/install/ethercat_ati_modules/share/ethercat_ati_modules/cmake/ethercat_ati_modulesConfig-version.cmake
-- Up-to-date: /home/telecom/ros2_pant_ec_ws/install/ethercat_ati_modules/share/ethercat_ati_modules/package.xml
