[0.040s] Invoking command in '/home/telecom/ros2_pant_ec_ws/build/ethercat_ati_modules': AMENT_PREFIX_PATH=/home/telecom/ros2_pant_ec_ws/install/ethercat_interface:${AMENT_PREFIX_PATH} CMAKE_PREFIX_PATH=/home/telecom/ros2_pant_ec_ws/install/ethercat_interface:/home/telecom/ros2_ws/install/squares:/home/telecom/ros2_ws/install/my_package:/home/telecom/ros2_ws/install/my_img:/home/telecom/ros2_ws/install/my_chatter:/opt/ros/humble LD_LIBRARY_PATH=/home/telecom/ros2_pant_ec_ws/install/ethercat_interface/lib:${LD_LIBRARY_PATH} /usr/bin/cmake --build /home/telecom/ros2_pant_ec_ws/build/ethercat_ati_modules -- -j20 -l20
[0.078s] [ 22%] Built target gmock_main
[0.079s] [ 44%] Built target ethercat_ati_modules
[0.082s] [ 77%] Built target gmock
[0.102s] [100%] Built target test_load_ati_plugins
[0.112s] Invoked command in '/home/telecom/ros2_pant_ec_ws/build/ethercat_ati_modules' returned '0': AMENT_PREFIX_PATH=/home/telecom/ros2_pant_ec_ws/install/ethercat_interface:${AMENT_PREFIX_PATH} CMAKE_PREFIX_PATH=/home/telecom/ros2_pant_ec_ws/install/ethercat_interface:/home/telecom/ros2_ws/install/squares:/home/telecom/ros2_ws/install/my_package:/home/telecom/ros2_ws/install/my_img:/home/telecom/ros2_ws/install/my_chatter:/opt/ros/humble LD_LIBRARY_PATH=/home/telecom/ros2_pant_ec_ws/install/ethercat_interface/lib:${LD_LIBRARY_PATH} /usr/bin/cmake --build /home/telecom/ros2_pant_ec_ws/build/ethercat_ati_modules -- -j20 -l20
[0.139s] Invoking command in '/home/telecom/ros2_pant_ec_ws/build/ethercat_ati_modules': AMENT_PREFIX_PATH=/home/telecom/ros2_pant_ec_ws/install/ethercat_interface:${AMENT_PREFIX_PATH} CMAKE_PREFIX_PATH=/home/telecom/ros2_pant_ec_ws/install/ethercat_interface:/home/telecom/ros2_ws/install/squares:/home/telecom/ros2_ws/install/my_package:/home/telecom/ros2_ws/install/my_img:/home/telecom/ros2_ws/install/my_chatter:/opt/ros/humble LD_LIBRARY_PATH=/home/telecom/ros2_pant_ec_ws/install/ethercat_interface/lib:${LD_LIBRARY_PATH} /usr/bin/cmake --install /home/telecom/ros2_pant_ec_ws/build/ethercat_ati_modules
[0.145s] -- Install configuration: ""
[0.145s] -- Up-to-date: /home/telecom/ros2_pant_ec_ws/install/ethercat_ati_modules/share/ethercat_ati_modules/ethercat_plugins.xml
[0.145s] -- Up-to-date: /home/telecom/ros2_pant_ec_ws/install/ethercat_ati_modules/lib/libethercat_ati_modules.so
[0.146s] -- Up-to-date: /home/telecom/ros2_pant_ec_ws/install/ethercat_ati_modules/share/ethercat_ati_modules/environment/library_path.sh
[0.146s] -- Up-to-date: /home/telecom/ros2_pant_ec_ws/install/ethercat_ati_modules/share/ethercat_ati_modules/environment/library_path.dsv
[0.146s] -- Up-to-date: /home/telecom/ros2_pant_ec_ws/install/ethercat_ati_modules/share/ament_index/resource_index/package_run_dependencies/ethercat_ati_modules
[0.148s] -- Up-to-date: /home/telecom/ros2_pant_ec_ws/install/ethercat_ati_modules/share/ament_index/resource_index/parent_prefix_path/ethercat_ati_modules
[0.148s] -- Up-to-date: /home/telecom/ros2_pant_ec_ws/install/ethercat_ati_modules/share/ethercat_ati_modules/environment/ament_prefix_path.sh
[0.148s] -- Up-to-date: /home/telecom/ros2_pant_ec_ws/install/ethercat_ati_modules/share/ethercat_ati_modules/environment/ament_prefix_path.dsv
[0.149s] -- Up-to-date: /home/telecom/ros2_pant_ec_ws/install/ethercat_ati_modules/share/ethercat_ati_modules/environment/path.sh
[0.149s] -- Up-to-date: /home/telecom/ros2_pant_ec_ws/install/ethercat_ati_modules/share/ethercat_ati_modules/environment/path.dsv
[0.149s] -- Up-to-date: /home/telecom/ros2_pant_ec_ws/install/ethercat_ati_modules/share/ethercat_ati_modules/local_setup.bash
[0.149s] -- Up-to-date: /home/telecom/ros2_pant_ec_ws/install/ethercat_ati_modules/share/ethercat_ati_modules/local_setup.sh
[0.150s] -- Up-to-date: /home/telecom/ros2_pant_ec_ws/install/ethercat_ati_modules/share/ethercat_ati_modules/local_setup.zsh
[0.150s] -- Up-to-date: /home/telecom/ros2_pant_ec_ws/install/ethercat_ati_modules/share/ethercat_ati_modules/local_setup.dsv
[0.152s] -- Installing: /home/telecom/ros2_pant_ec_ws/install/ethercat_ati_modules/share/ethercat_ati_modules/package.dsv
[0.152s] -- Up-to-date: /home/telecom/ros2_pant_ec_ws/install/ethercat_ati_modules/share/ament_index/resource_index/packages/ethercat_ati_modules
[0.152s] -- Up-to-date: /home/telecom/ros2_pant_ec_ws/install/ethercat_ati_modules/share/ament_index/resource_index/ethercat_interface__pluginlib__plugin/ethercat_ati_modules
[0.158s] -- Up-to-date: /home/telecom/ros2_pant_ec_ws/install/ethercat_ati_modules/share/ethercat_ati_modules/cmake/export_ethercat_ati_modulesExport.cmake
[0.159s] -- Up-to-date: /home/telecom/ros2_pant_ec_ws/install/ethercat_ati_modules/share/ethercat_ati_modules/cmake/export_ethercat_ati_modulesExport-noconfig.cmake
[0.159s] -- Up-to-date: /home/telecom/ros2_pant_ec_ws/install/ethercat_ati_modules/share/ethercat_ati_modules/cmake/ament_cmake_export_include_directories-extras.cmake
[0.159s] -- Up-to-date: /home/telecom/ros2_pant_ec_ws/install/ethercat_ati_modules/share/ethercat_ati_modules/cmake/ament_cmake_export_libraries-extras.cmake
[0.159s] -- Up-to-date: /home/telecom/ros2_pant_ec_ws/install/ethercat_ati_modules/share/ethercat_ati_modules/cmake/ament_cmake_export_targets-extras.cmake
[0.159s] -- Up-to-date: /home/telecom/ros2_pant_ec_ws/install/ethercat_ati_modules/share/ethercat_ati_modules/cmake/ethercat_ati_modulesConfig.cmake
[0.159s] -- Up-to-date: /home/telecom/ros2_pant_ec_ws/install/ethercat_ati_modules/share/ethercat_ati_modules/cmake/ethercat_ati_modulesConfig-version.cmake
[0.159s] -- Up-to-date: /home/telecom/ros2_pant_ec_ws/install/ethercat_ati_modules/share/ethercat_ati_modules/package.xml
[0.164s] Invoked command in '/home/telecom/ros2_pant_ec_ws/build/ethercat_ati_modules' returned '0': AMENT_PREFIX_PATH=/home/telecom/ros2_pant_ec_ws/install/ethercat_interface:${AMENT_PREFIX_PATH} CMAKE_PREFIX_PATH=/home/telecom/ros2_pant_ec_ws/install/ethercat_interface:/home/telecom/ros2_ws/install/squares:/home/telecom/ros2_ws/install/my_package:/home/telecom/ros2_ws/install/my_img:/home/telecom/ros2_ws/install/my_chatter:/opt/ros/humble LD_LIBRARY_PATH=/home/telecom/ros2_pant_ec_ws/install/ethercat_interface/lib:${LD_LIBRARY_PATH} /usr/bin/cmake --install /home/telecom/ros2_pant_ec_ws/build/ethercat_ati_modules
