[ 50%] [32mBuilding CXX object CMakeFiles/pant_position_controller.dir/src/pant_position_controller.cpp.o[0m
[100%] [32m[1mLinking CXX shared library libpant_position_controller.so[0m
[100%] Built target pant_position_controller
-- Install configuration: ""
-- Up-to-date: /home/telecom/ros2_pant_ec_ws/install/pant_position_controller/share/pant_position_controller/controller_plugin.xml
-- Up-to-date: /home/telecom/ros2_pant_ec_ws/install/pant_position_controller/include
-- Up-to-date: /home/telecom/ros2_pant_ec_ws/install/pant_position_controller/include/pant_position_controller
-- Up-to-date: /home/telecom/ros2_pant_ec_ws/install/pant_position_controller/include/pant_position_controller/pant_position_controller.hpp
-- Up-to-date: /home/telecom/ros2_pant_ec_ws/install/pant_position_controller/include/pant_position_controller/visibility_control.h
-- Installing: /home/telecom/ros2_pant_ec_ws/install/pant_position_controller/lib/libpant_position_controller.so
-- Set runtime path of "/home/telecom/ros2_pant_ec_ws/install/pant_position_controller/lib/libpant_position_controller.so" to ""
-- Up-to-date: /home/telecom/ros2_pant_ec_ws/install/pant_position_controller/share/pant_position_controller/environment/library_path.sh
-- Up-to-date: /home/telecom/ros2_pant_ec_ws/install/pant_position_controller/share/pant_position_controller/environment/library_path.dsv
-- Up-to-date: /home/telecom/ros2_pant_ec_ws/install/pant_position_controller/share/ament_index/resource_index/package_run_dependencies/pant_position_controller
-- Up-to-date: /home/telecom/ros2_pant_ec_ws/install/pant_position_controller/share/ament_index/resource_index/parent_prefix_path/pant_position_controller
-- Up-to-date: /home/telecom/ros2_pant_ec_ws/install/pant_position_controller/share/pant_position_controller/environment/ament_prefix_path.sh
-- Up-to-date: /home/telecom/ros2_pant_ec_ws/install/pant_position_controller/share/pant_position_controller/environment/ament_prefix_path.dsv
-- Up-to-date: /home/telecom/ros2_pant_ec_ws/install/pant_position_controller/share/pant_position_controller/environment/path.sh
-- Up-to-date: /home/telecom/ros2_pant_ec_ws/install/pant_position_controller/share/pant_position_controller/environment/path.dsv
-- Up-to-date: /home/telecom/ros2_pant_ec_ws/install/pant_position_controller/share/pant_position_controller/local_setup.bash
-- Up-to-date: /home/telecom/ros2_pant_ec_ws/install/pant_position_controller/share/pant_position_controller/local_setup.sh
-- Up-to-date: /home/telecom/ros2_pant_ec_ws/install/pant_position_controller/share/pant_position_controller/local_setup.zsh
-- Up-to-date: /home/telecom/ros2_pant_ec_ws/install/pant_position_controller/share/pant_position_controller/local_setup.dsv
-- Installing: /home/telecom/ros2_pant_ec_ws/install/pant_position_controller/share/pant_position_controller/package.dsv
-- Up-to-date: /home/telecom/ros2_pant_ec_ws/install/pant_position_controller/share/ament_index/resource_index/packages/pant_position_controller
-- Up-to-date: /home/telecom/ros2_pant_ec_ws/install/pant_position_controller/share/ament_index/resource_index/controller_interface__pluginlib__plugin/pant_position_controller
-- Up-to-date: /home/telecom/ros2_pant_ec_ws/install/pant_position_controller/share/pant_position_controller/cmake/ament_cmake_export_dependencies-extras.cmake
-- Up-to-date: /home/telecom/ros2_pant_ec_ws/install/pant_position_controller/share/pant_position_controller/cmake/ament_cmake_export_include_directories-extras.cmake
-- Up-to-date: /home/telecom/ros2_pant_ec_ws/install/pant_position_controller/share/pant_position_controller/cmake/ament_cmake_export_libraries-extras.cmake
-- Up-to-date: /home/telecom/ros2_pant_ec_ws/install/pant_position_controller/share/pant_position_controller/cmake/pant_position_controllerConfig.cmake
-- Up-to-date: /home/telecom/ros2_pant_ec_ws/install/pant_position_controller/share/pant_position_controller/cmake/pant_position_controllerConfig-version.cmake
-- Up-to-date: /home/telecom/ros2_pant_ec_ws/install/pant_position_controller/share/pant_position_controller/package.xml
