[0.022s] Invoking command in '/home/telecom/ros2_pant_ec_ws/build/ethercat_manager': AMENT_PREFIX_PATH=/home/telecom/ros2_pant_ec_ws/install/ethercat_msgs:${AMENT_PREFIX_PATH} CMAKE_PREFIX_PATH=/home/telecom/ros2_pant_ec_ws/install/ethercat_msgs:/home/telecom/ros2_ws/install/squares:/home/telecom/ros2_ws/install/my_package:/home/telecom/ros2_ws/install/my_img:/home/telecom/ros2_ws/install/my_chatter:/opt/ros/humble LD_LIBRARY_PATH=/home/telecom/ros2_pant_ec_ws/install/ethercat_msgs/lib:${LD_LIBRARY_PATH} PYTHONPATH=/home/telecom/ros2_pant_ec_ws/install/ethercat_msgs/local/lib/python3.10/dist-packages:${PYTHONPATH} /usr/bin/cmake --build /home/telecom/ros2_pant_ec_ws/build/ethercat_manager -- -j20 -l20
[0.052s] [100%] Built target ethercat_sdo_srv_server
[0.056s] Invoked command in '/home/telecom/ros2_pant_ec_ws/build/ethercat_manager' returned '0': AMENT_PREFIX_PATH=/home/telecom/ros2_pant_ec_ws/install/ethercat_msgs:${AMENT_PREFIX_PATH} CMAKE_PREFIX_PATH=/home/telecom/ros2_pant_ec_ws/install/ethercat_msgs:/home/telecom/ros2_ws/install/squares:/home/telecom/ros2_ws/install/my_package:/home/telecom/ros2_ws/install/my_img:/home/telecom/ros2_ws/install/my_chatter:/opt/ros/humble LD_LIBRARY_PATH=/home/telecom/ros2_pant_ec_ws/install/ethercat_msgs/lib:${LD_LIBRARY_PATH} PYTHONPATH=/home/telecom/ros2_pant_ec_ws/install/ethercat_msgs/local/lib/python3.10/dist-packages:${PYTHONPATH} /usr/bin/cmake --build /home/telecom/ros2_pant_ec_ws/build/ethercat_manager -- -j20 -l20
[0.069s] Invoking command in '/home/telecom/ros2_pant_ec_ws/build/ethercat_manager': AMENT_PREFIX_PATH=/home/telecom/ros2_pant_ec_ws/install/ethercat_msgs:${AMENT_PREFIX_PATH} CMAKE_PREFIX_PATH=/home/telecom/ros2_pant_ec_ws/install/ethercat_msgs:/home/telecom/ros2_ws/install/squares:/home/telecom/ros2_ws/install/my_package:/home/telecom/ros2_ws/install/my_img:/home/telecom/ros2_ws/install/my_chatter:/opt/ros/humble LD_LIBRARY_PATH=/home/telecom/ros2_pant_ec_ws/install/ethercat_msgs/lib:${LD_LIBRARY_PATH} PYTHONPATH=/home/telecom/ros2_pant_ec_ws/install/ethercat_msgs/local/lib/python3.10/dist-packages:${PYTHONPATH} /usr/bin/cmake --install /home/telecom/ros2_pant_ec_ws/build/ethercat_manager
[0.072s] -- Install configuration: ""
[0.073s] -- Up-to-date: /home/telecom/ros2_pant_ec_ws/install/ethercat_manager/lib/ethercat_manager/ethercat_sdo_srv_server
[0.073s] -- Up-to-date: /home/telecom/ros2_pant_ec_ws/install/ethercat_manager/share/ethercat_manager/environment/library_path.sh
[0.073s] -- Up-to-date: /home/telecom/ros2_pant_ec_ws/install/ethercat_manager/share/ethercat_manager/environment/library_path.dsv
[0.073s] -- Up-to-date: /home/telecom/ros2_pant_ec_ws/install/ethercat_manager/share/ament_index/resource_index/package_run_dependencies/ethercat_manager
[0.073s] -- Up-to-date: /home/telecom/ros2_pant_ec_ws/install/ethercat_manager/share/ament_index/resource_index/parent_prefix_path/ethercat_manager
[0.073s] -- Up-to-date: /home/telecom/ros2_pant_ec_ws/install/ethercat_manager/share/ethercat_manager/environment/ament_prefix_path.sh
[0.073s] -- Up-to-date: /home/telecom/ros2_pant_ec_ws/install/ethercat_manager/share/ethercat_manager/environment/ament_prefix_path.dsv
[0.073s] -- Up-to-date: /home/telecom/ros2_pant_ec_ws/install/ethercat_manager/share/ethercat_manager/environment/path.sh
[0.073s] -- Up-to-date: /home/telecom/ros2_pant_ec_ws/install/ethercat_manager/share/ethercat_manager/environment/path.dsv
[0.073s] -- Up-to-date: /home/telecom/ros2_pant_ec_ws/install/ethercat_manager/share/ethercat_manager/local_setup.bash
[0.073s] -- Up-to-date: /home/telecom/ros2_pant_ec_ws/install/ethercat_manager/share/ethercat_manager/local_setup.sh
[0.073s] -- Up-to-date: /home/telecom/ros2_pant_ec_ws/install/ethercat_manager/share/ethercat_manager/local_setup.zsh
[0.073s] -- Up-to-date: /home/telecom/ros2_pant_ec_ws/install/ethercat_manager/share/ethercat_manager/local_setup.dsv
[0.073s] -- Installing: /home/telecom/ros2_pant_ec_ws/install/ethercat_manager/share/ethercat_manager/package.dsv
[0.073s] -- Up-to-date: /home/telecom/ros2_pant_ec_ws/install/ethercat_manager/share/ament_index/resource_index/packages/ethercat_manager
[0.073s] -- Up-to-date: /home/telecom/ros2_pant_ec_ws/install/ethercat_manager/share/ethercat_manager/cmake/ament_cmake_export_include_directories-extras.cmake
[0.073s] -- Up-to-date: /home/telecom/ros2_pant_ec_ws/install/ethercat_manager/share/ethercat_manager/cmake/ament_cmake_export_libraries-extras.cmake
[0.074s] -- Up-to-date: /home/telecom/ros2_pant_ec_ws/install/ethercat_manager/share/ethercat_manager/cmake/ament_cmake_export_dependencies-extras.cmake
[0.074s] -- Up-to-date: /home/telecom/ros2_pant_ec_ws/install/ethercat_manager/share/ethercat_manager/cmake/ethercat_managerConfig.cmake
[0.074s] -- Up-to-date: /home/telecom/ros2_pant_ec_ws/install/ethercat_manager/share/ethercat_manager/cmake/ethercat_managerConfig-version.cmake
[0.074s] -- Up-to-date: /home/telecom/ros2_pant_ec_ws/install/ethercat_manager/share/ethercat_manager/package.xml
[0.075s] Invoked command in '/home/telecom/ros2_pant_ec_ws/build/ethercat_manager' returned '0': AMENT_PREFIX_PATH=/home/telecom/ros2_pant_ec_ws/install/ethercat_msgs:${AMENT_PREFIX_PATH} CMAKE_PREFIX_PATH=/home/telecom/ros2_pant_ec_ws/install/ethercat_msgs:/home/telecom/ros2_ws/install/squares:/home/telecom/ros2_ws/install/my_package:/home/telecom/ros2_ws/install/my_img:/home/telecom/ros2_ws/install/my_chatter:/opt/ros/humble LD_LIBRARY_PATH=/home/telecom/ros2_pant_ec_ws/install/ethercat_msgs/lib:${LD_LIBRARY_PATH} PYTHONPATH=/home/telecom/ros2_pant_ec_ws/install/ethercat_msgs/local/lib/python3.10/dist-packages:${PYTHONPATH} /usr/bin/cmake --install /home/telecom/ros2_pant_ec_ws/build/ethercat_manager
