[  2%] Built target ethercat_msgs__cpp
[ 12%] Built target ethercat_msgs__rosidl_generator_c
[ 12%] Built target ament_cmake_python_copy_ethercat_msgs
[ 23%] Built target ethercat_msgs__rosidl_typesupport_introspection_cpp
[ 33%] Built target ethercat_msgs__rosidl_typesupport_cpp
[ 61%] Built target ethercat_msgs__rosidl_typesupport_c
[ 61%] Built target ethercat_msgs__rosidl_typesupport_fastrtps_cpp
[ 64%] Built target ethercat_msgs__rosidl_typesupport_introspection_c
[ 74%] Built target ethercat_msgs__rosidl_typesupport_fastrtps_c
[ 74%] Built target ethercat_msgs
[ 76%] Built target ethercat_msgs__py
[ 84%] Built target ethercat_msgs__rosidl_generator_py
[100%] Built target ethercat_msgs__rosidl_typesupport_introspection_c__pyext
[100%] Built target ethercat_msgs__rosidl_typesupport_c__pyext
[100%] Built target ethercat_msgs__rosidl_typesupport_fastrtps_c__pyext
running egg_info
writing ethercat_msgs.egg-info/PKG-INFO
writing dependency_links to ethercat_msgs.egg-info/dependency_links.txt
writing top-level names to ethercat_msgs.egg-info/top_level.txt
reading manifest file 'ethercat_msgs.egg-info/SOURCES.txt'
writing manifest file 'ethercat_msgs.egg-info/SOURCES.txt'
[100%] Built target ament_cmake_python_build_ethercat_msgs_egg
-- Install configuration: ""
-- Up-to-date: /home/telecom/ros2_pant_ec_ws/install/ethercat_msgs/share/ament_index/resource_index/rosidl_interfaces/ethercat_msgs
-- Up-to-date: /home/telecom/ros2_pant_ec_ws/install/ethercat_msgs/include/ethercat_msgs/ethercat_msgs
-- Up-to-date: /home/telecom/ros2_pant_ec_ws/install/ethercat_msgs/include/ethercat_msgs/ethercat_msgs/srv
-- Up-to-date: /home/telecom/ros2_pant_ec_ws/install/ethercat_msgs/include/ethercat_msgs/ethercat_msgs/srv/detail
-- Up-to-date: /home/telecom/ros2_pant_ec_ws/install/ethercat_msgs/include/ethercat_msgs/ethercat_msgs/srv/detail/get_sdo__functions.c
-- Up-to-date: /home/telecom/ros2_pant_ec_ws/install/ethercat_msgs/include/ethercat_msgs/ethercat_msgs/srv/detail/get_sdo__struct.h
-- Up-to-date: /home/telecom/ros2_pant_ec_ws/install/ethercat_msgs/include/ethercat_msgs/ethercat_msgs/srv/detail/set_sdo__type_support.h
-- Up-to-date: /home/telecom/ros2_pant_ec_ws/install/ethercat_msgs/include/ethercat_msgs/ethercat_msgs/srv/detail/set_sdo__struct.h
-- Up-to-date: /home/telecom/ros2_pant_ec_ws/install/ethercat_msgs/include/ethercat_msgs/ethercat_msgs/srv/detail/set_sdo__functions.h
-- Up-to-date: /home/telecom/ros2_pant_ec_ws/install/ethercat_msgs/include/ethercat_msgs/ethercat_msgs/srv/detail/get_sdo__functions.h
-- Up-to-date: /home/telecom/ros2_pant_ec_ws/install/ethercat_msgs/include/ethercat_msgs/ethercat_msgs/srv/detail/get_sdo__type_support.h
-- Up-to-date: /home/telecom/ros2_pant_ec_ws/install/ethercat_msgs/include/ethercat_msgs/ethercat_msgs/srv/detail/set_sdo__functions.c
-- Up-to-date: /home/telecom/ros2_pant_ec_ws/install/ethercat_msgs/include/ethercat_msgs/ethercat_msgs/srv/get_sdo.h
-- Up-to-date: /home/telecom/ros2_pant_ec_ws/install/ethercat_msgs/include/ethercat_msgs/ethercat_msgs/srv/set_sdo.h
-- Up-to-date: /home/telecom/ros2_pant_ec_ws/install/ethercat_msgs/include/ethercat_msgs/ethercat_msgs/msg
-- Up-to-date: /home/telecom/ros2_pant_ec_ws/install/ethercat_msgs/include/ethercat_msgs/ethercat_msgs/msg/rosidl_generator_c__visibility_control.h
-- Up-to-date: /home/telecom/ros2_pant_ec_ws/install/ethercat_msgs/share/ethercat_msgs/environment/library_path.sh
-- Up-to-date: /home/telecom/ros2_pant_ec_ws/install/ethercat_msgs/share/ethercat_msgs/environment/library_path.dsv
-- Up-to-date: /home/telecom/ros2_pant_ec_ws/install/ethercat_msgs/lib/libethercat_msgs__rosidl_generator_c.so
-- Up-to-date: /home/telecom/ros2_pant_ec_ws/install/ethercat_msgs/include/ethercat_msgs/ethercat_msgs
-- Up-to-date: /home/telecom/ros2_pant_ec_ws/install/ethercat_msgs/include/ethercat_msgs/ethercat_msgs/srv
-- Up-to-date: /home/telecom/ros2_pant_ec_ws/install/ethercat_msgs/include/ethercat_msgs/ethercat_msgs/srv/detail
-- Up-to-date: /home/telecom/ros2_pant_ec_ws/install/ethercat_msgs/include/ethercat_msgs/ethercat_msgs/srv/detail/set_sdo__rosidl_typesupport_fastrtps_c.h
-- Up-to-date: /home/telecom/ros2_pant_ec_ws/install/ethercat_msgs/include/ethercat_msgs/ethercat_msgs/srv/detail/get_sdo__rosidl_typesupport_fastrtps_c.h
-- Up-to-date: /home/telecom/ros2_pant_ec_ws/install/ethercat_msgs/include/ethercat_msgs/ethercat_msgs/msg
-- Up-to-date: /home/telecom/ros2_pant_ec_ws/install/ethercat_msgs/include/ethercat_msgs/ethercat_msgs/msg/rosidl_typesupport_fastrtps_c__visibility_control.h
-- Up-to-date: /home/telecom/ros2_pant_ec_ws/install/ethercat_msgs/lib/libethercat_msgs__rosidl_typesupport_fastrtps_c.so
-- Up-to-date: /home/telecom/ros2_pant_ec_ws/install/ethercat_msgs/include/ethercat_msgs/ethercat_msgs
-- Up-to-date: /home/telecom/ros2_pant_ec_ws/install/ethercat_msgs/include/ethercat_msgs/ethercat_msgs/srv
-- Up-to-date: /home/telecom/ros2_pant_ec_ws/install/ethercat_msgs/include/ethercat_msgs/ethercat_msgs/srv/detail
-- Up-to-date: /home/telecom/ros2_pant_ec_ws/install/ethercat_msgs/include/ethercat_msgs/ethercat_msgs/srv/detail/set_sdo__rosidl_typesupport_introspection_c.h
-- Up-to-date: /home/telecom/ros2_pant_ec_ws/install/ethercat_msgs/include/ethercat_msgs/ethercat_msgs/srv/detail/set_sdo__type_support.c
-- Up-to-date: /home/telecom/ros2_pant_ec_ws/install/ethercat_msgs/include/ethercat_msgs/ethercat_msgs/srv/detail/get_sdo__rosidl_typesupport_introspection_c.h
-- Up-to-date: /home/telecom/ros2_pant_ec_ws/install/ethercat_msgs/include/ethercat_msgs/ethercat_msgs/srv/detail/get_sdo__type_support.c
-- Up-to-date: /home/telecom/ros2_pant_ec_ws/install/ethercat_msgs/include/ethercat_msgs/ethercat_msgs/msg
-- Up-to-date: /home/telecom/ros2_pant_ec_ws/install/ethercat_msgs/include/ethercat_msgs/ethercat_msgs/msg/rosidl_typesupport_introspection_c__visibility_control.h
-- Up-to-date: /home/telecom/ros2_pant_ec_ws/install/ethercat_msgs/lib/libethercat_msgs__rosidl_typesupport_introspection_c.so
-- Up-to-date: /home/telecom/ros2_pant_ec_ws/install/ethercat_msgs/lib/libethercat_msgs__rosidl_typesupport_c.so
-- Up-to-date: /home/telecom/ros2_pant_ec_ws/install/ethercat_msgs/include/ethercat_msgs/ethercat_msgs
-- Up-to-date: /home/telecom/ros2_pant_ec_ws/install/ethercat_msgs/include/ethercat_msgs/ethercat_msgs/srv
-- Up-to-date: /home/telecom/ros2_pant_ec_ws/install/ethercat_msgs/include/ethercat_msgs/ethercat_msgs/srv/detail
-- Up-to-date: /home/telecom/ros2_pant_ec_ws/install/ethercat_msgs/include/ethercat_msgs/ethercat_msgs/srv/detail/set_sdo__traits.hpp
-- Up-to-date: /home/telecom/ros2_pant_ec_ws/install/ethercat_msgs/include/ethercat_msgs/ethercat_msgs/srv/detail/set_sdo__builder.hpp
-- Up-to-date: /home/telecom/ros2_pant_ec_ws/install/ethercat_msgs/include/ethercat_msgs/ethercat_msgs/srv/detail/set_sdo__struct.hpp
-- Up-to-date: /home/telecom/ros2_pant_ec_ws/install/ethercat_msgs/include/ethercat_msgs/ethercat_msgs/srv/detail/get_sdo__struct.hpp
-- Up-to-date: /home/telecom/ros2_pant_ec_ws/install/ethercat_msgs/include/ethercat_msgs/ethercat_msgs/srv/detail/get_sdo__traits.hpp
-- Up-to-date: /home/telecom/ros2_pant_ec_ws/install/ethercat_msgs/include/ethercat_msgs/ethercat_msgs/srv/detail/get_sdo__builder.hpp
-- Up-to-date: /home/telecom/ros2_pant_ec_ws/install/ethercat_msgs/include/ethercat_msgs/ethercat_msgs/srv/set_sdo.hpp
-- Up-to-date: /home/telecom/ros2_pant_ec_ws/install/ethercat_msgs/include/ethercat_msgs/ethercat_msgs/srv/get_sdo.hpp
-- Up-to-date: /home/telecom/ros2_pant_ec_ws/install/ethercat_msgs/include/ethercat_msgs/ethercat_msgs
-- Up-to-date: /home/telecom/ros2_pant_ec_ws/install/ethercat_msgs/include/ethercat_msgs/ethercat_msgs/srv
-- Up-to-date: /home/telecom/ros2_pant_ec_ws/install/ethercat_msgs/include/ethercat_msgs/ethercat_msgs/srv/detail
-- Up-to-date: /home/telecom/ros2_pant_ec_ws/install/ethercat_msgs/include/ethercat_msgs/ethercat_msgs/srv/detail/get_sdo__rosidl_typesupport_fastrtps_cpp.hpp
-- Up-to-date: /home/telecom/ros2_pant_ec_ws/install/ethercat_msgs/include/ethercat_msgs/ethercat_msgs/srv/detail/dds_fastrtps
-- Up-to-date: /home/telecom/ros2_pant_ec_ws/install/ethercat_msgs/include/ethercat_msgs/ethercat_msgs/srv/detail/set_sdo__rosidl_typesupport_fastrtps_cpp.hpp
-- Up-to-date: /home/telecom/ros2_pant_ec_ws/install/ethercat_msgs/include/ethercat_msgs/ethercat_msgs/msg
-- Up-to-date: /home/telecom/ros2_pant_ec_ws/install/ethercat_msgs/include/ethercat_msgs/ethercat_msgs/msg/rosidl_typesupport_fastrtps_cpp__visibility_control.h
-- Up-to-date: /home/telecom/ros2_pant_ec_ws/install/ethercat_msgs/lib/libethercat_msgs__rosidl_typesupport_fastrtps_cpp.so
-- Up-to-date: /home/telecom/ros2_pant_ec_ws/install/ethercat_msgs/include/ethercat_msgs/ethercat_msgs
-- Up-to-date: /home/telecom/ros2_pant_ec_ws/install/ethercat_msgs/include/ethercat_msgs/ethercat_msgs/srv
-- Up-to-date: /home/telecom/ros2_pant_ec_ws/install/ethercat_msgs/include/ethercat_msgs/ethercat_msgs/srv/detail
-- Up-to-date: /home/telecom/ros2_pant_ec_ws/install/ethercat_msgs/include/ethercat_msgs/ethercat_msgs/srv/detail/set_sdo__type_support.cpp
-- Up-to-date: /home/telecom/ros2_pant_ec_ws/install/ethercat_msgs/include/ethercat_msgs/ethercat_msgs/srv/detail/set_sdo__rosidl_typesupport_introspection_cpp.hpp
-- Up-to-date: /home/telecom/ros2_pant_ec_ws/install/ethercat_msgs/include/ethercat_msgs/ethercat_msgs/srv/detail/get_sdo__rosidl_typesupport_introspection_cpp.hpp
-- Up-to-date: /home/telecom/ros2_pant_ec_ws/install/ethercat_msgs/include/ethercat_msgs/ethercat_msgs/srv/detail/get_sdo__type_support.cpp
-- Up-to-date: /home/telecom/ros2_pant_ec_ws/install/ethercat_msgs/lib/libethercat_msgs__rosidl_typesupport_introspection_cpp.so
-- Up-to-date: /home/telecom/ros2_pant_ec_ws/install/ethercat_msgs/lib/libethercat_msgs__rosidl_typesupport_cpp.so
-- Up-to-date: /home/telecom/ros2_pant_ec_ws/install/ethercat_msgs/share/ethercat_msgs/environment/pythonpath.sh
-- Up-to-date: /home/telecom/ros2_pant_ec_ws/install/ethercat_msgs/share/ethercat_msgs/environment/pythonpath.dsv
-- Up-to-date: /home/telecom/ros2_pant_ec_ws/install/ethercat_msgs/local/lib/python3.10/dist-packages/ethercat_msgs-1.2.0-py3.10.egg-info
-- Installing: /home/telecom/ros2_pant_ec_ws/install/ethercat_msgs/local/lib/python3.10/dist-packages/ethercat_msgs-1.2.0-py3.10.egg-info/PKG-INFO
-- Installing: /home/telecom/ros2_pant_ec_ws/install/ethercat_msgs/local/lib/python3.10/dist-packages/ethercat_msgs-1.2.0-py3.10.egg-info/dependency_links.txt
-- Installing: /home/telecom/ros2_pant_ec_ws/install/ethercat_msgs/local/lib/python3.10/dist-packages/ethercat_msgs-1.2.0-py3.10.egg-info/SOURCES.txt
-- Installing: /home/telecom/ros2_pant_ec_ws/install/ethercat_msgs/local/lib/python3.10/dist-packages/ethercat_msgs-1.2.0-py3.10.egg-info/top_level.txt
-- Up-to-date: /home/telecom/ros2_pant_ec_ws/install/ethercat_msgs/local/lib/python3.10/dist-packages/ethercat_msgs
-- Up-to-date: /home/telecom/ros2_pant_ec_ws/install/ethercat_msgs/local/lib/python3.10/dist-packages/ethercat_msgs/_ethercat_msgs_s.ep.rosidl_typesupport_introspection_c.c
-- Up-to-date: /home/telecom/ros2_pant_ec_ws/install/ethercat_msgs/local/lib/python3.10/dist-packages/ethercat_msgs/ethercat_msgs_s__rosidl_typesupport_c.cpython-310-x86_64-linux-gnu.so
-- Up-to-date: /home/telecom/ros2_pant_ec_ws/install/ethercat_msgs/local/lib/python3.10/dist-packages/ethercat_msgs/_ethercat_msgs_s.ep.rosidl_typesupport_c.c
-- Up-to-date: /home/telecom/ros2_pant_ec_ws/install/ethercat_msgs/local/lib/python3.10/dist-packages/ethercat_msgs/__init__.py
-- Up-to-date: /home/telecom/ros2_pant_ec_ws/install/ethercat_msgs/local/lib/python3.10/dist-packages/ethercat_msgs/_ethercat_msgs_s.ep.rosidl_typesupport_fastrtps_c.c
-- Up-to-date: /home/telecom/ros2_pant_ec_ws/install/ethercat_msgs/local/lib/python3.10/dist-packages/ethercat_msgs/ethercat_msgs_s__rosidl_typesupport_fastrtps_c.cpython-310-x86_64-linux-gnu.so
-- Up-to-date: /home/telecom/ros2_pant_ec_ws/install/ethercat_msgs/local/lib/python3.10/dist-packages/ethercat_msgs/ethercat_msgs_s__rosidl_typesupport_introspection_c.cpython-310-x86_64-linux-gnu.so
-- Up-to-date: /home/telecom/ros2_pant_ec_ws/install/ethercat_msgs/local/lib/python3.10/dist-packages/ethercat_msgs/srv
-- Up-to-date: /home/telecom/ros2_pant_ec_ws/install/ethercat_msgs/local/lib/python3.10/dist-packages/ethercat_msgs/srv/_set_sdo_s.c
-- Up-to-date: /home/telecom/ros2_pant_ec_ws/install/ethercat_msgs/local/lib/python3.10/dist-packages/ethercat_msgs/srv/__init__.py
-- Up-to-date: /home/telecom/ros2_pant_ec_ws/install/ethercat_msgs/local/lib/python3.10/dist-packages/ethercat_msgs/srv/_get_sdo.py
-- Up-to-date: /home/telecom/ros2_pant_ec_ws/install/ethercat_msgs/local/lib/python3.10/dist-packages/ethercat_msgs/srv/_get_sdo_s.c
-- Up-to-date: /home/telecom/ros2_pant_ec_ws/install/ethercat_msgs/local/lib/python3.10/dist-packages/ethercat_msgs/srv/_set_sdo.py
-- Up-to-date: /home/telecom/ros2_pant_ec_ws/install/ethercat_msgs/local/lib/python3.10/dist-packages/ethercat_msgs/libethercat_msgs__rosidl_generator_py.so
Listing '/home/telecom/ros2_pant_ec_ws/install/ethercat_msgs/local/lib/python3.10/dist-packages/ethercat_msgs'...
Listing '/home/telecom/ros2_pant_ec_ws/install/ethercat_msgs/local/lib/python3.10/dist-packages/ethercat_msgs/srv'...
-- Up-to-date: /home/telecom/ros2_pant_ec_ws/install/ethercat_msgs/local/lib/python3.10/dist-packages/ethercat_msgs/ethercat_msgs_s__rosidl_typesupport_fastrtps_c.cpython-310-x86_64-linux-gnu.so
-- Up-to-date: /home/telecom/ros2_pant_ec_ws/install/ethercat_msgs/local/lib/python3.10/dist-packages/ethercat_msgs/ethercat_msgs_s__rosidl_typesupport_introspection_c.cpython-310-x86_64-linux-gnu.so
-- Up-to-date: /home/telecom/ros2_pant_ec_ws/install/ethercat_msgs/local/lib/python3.10/dist-packages/ethercat_msgs/ethercat_msgs_s__rosidl_typesupport_c.cpython-310-x86_64-linux-gnu.so
-- Up-to-date: /home/telecom/ros2_pant_ec_ws/install/ethercat_msgs/lib/libethercat_msgs__rosidl_generator_py.so
-- Up-to-date: /home/telecom/ros2_pant_ec_ws/install/ethercat_msgs/share/ethercat_msgs/srv/SetSdo.idl
-- Up-to-date: /home/telecom/ros2_pant_ec_ws/install/ethercat_msgs/share/ethercat_msgs/srv/GetSdo.idl
-- Up-to-date: /home/telecom/ros2_pant_ec_ws/install/ethercat_msgs/share/ethercat_msgs/srv/SetSdo.srv
-- Up-to-date: /home/telecom/ros2_pant_ec_ws/install/ethercat_msgs/share/ethercat_msgs/srv/SetSdo_Request.msg
-- Up-to-date: /home/telecom/ros2_pant_ec_ws/install/ethercat_msgs/share/ethercat_msgs/srv/SetSdo_Response.msg
-- Up-to-date: /home/telecom/ros2_pant_ec_ws/install/ethercat_msgs/share/ethercat_msgs/srv/GetSdo.srv
-- Up-to-date: /home/telecom/ros2_pant_ec_ws/install/ethercat_msgs/share/ethercat_msgs/srv/GetSdo_Request.msg
-- Up-to-date: /home/telecom/ros2_pant_ec_ws/install/ethercat_msgs/share/ethercat_msgs/srv/GetSdo_Response.msg
-- Up-to-date: /home/telecom/ros2_pant_ec_ws/install/ethercat_msgs/share/ament_index/resource_index/package_run_dependencies/ethercat_msgs
-- Up-to-date: /home/telecom/ros2_pant_ec_ws/install/ethercat_msgs/share/ament_index/resource_index/parent_prefix_path/ethercat_msgs
-- Up-to-date: /home/telecom/ros2_pant_ec_ws/install/ethercat_msgs/share/ethercat_msgs/environment/ament_prefix_path.sh
-- Up-to-date: /home/telecom/ros2_pant_ec_ws/install/ethercat_msgs/share/ethercat_msgs/environment/ament_prefix_path.dsv
-- Up-to-date: /home/telecom/ros2_pant_ec_ws/install/ethercat_msgs/share/ethercat_msgs/environment/path.sh
-- Up-to-date: /home/telecom/ros2_pant_ec_ws/install/ethercat_msgs/share/ethercat_msgs/environment/path.dsv
-- Up-to-date: /home/telecom/ros2_pant_ec_ws/install/ethercat_msgs/share/ethercat_msgs/local_setup.bash
-- Up-to-date: /home/telecom/ros2_pant_ec_ws/install/ethercat_msgs/share/ethercat_msgs/local_setup.sh
-- Up-to-date: /home/telecom/ros2_pant_ec_ws/install/ethercat_msgs/share/ethercat_msgs/local_setup.zsh
-- Up-to-date: /home/telecom/ros2_pant_ec_ws/install/ethercat_msgs/share/ethercat_msgs/local_setup.dsv
-- Installing: /home/telecom/ros2_pant_ec_ws/install/ethercat_msgs/share/ethercat_msgs/package.dsv
-- Up-to-date: /home/telecom/ros2_pant_ec_ws/install/ethercat_msgs/share/ament_index/resource_index/packages/ethercat_msgs
-- Up-to-date: /home/telecom/ros2_pant_ec_ws/install/ethercat_msgs/share/ethercat_msgs/cmake/export_ethercat_msgs__rosidl_generator_cExport.cmake
-- Up-to-date: /home/telecom/ros2_pant_ec_ws/install/ethercat_msgs/share/ethercat_msgs/cmake/export_ethercat_msgs__rosidl_generator_cExport-noconfig.cmake
-- Up-to-date: /home/telecom/ros2_pant_ec_ws/install/ethercat_msgs/share/ethercat_msgs/cmake/export_ethercat_msgs__rosidl_typesupport_fastrtps_cExport.cmake
-- Up-to-date: /home/telecom/ros2_pant_ec_ws/install/ethercat_msgs/share/ethercat_msgs/cmake/export_ethercat_msgs__rosidl_typesupport_fastrtps_cExport-noconfig.cmake
-- Up-to-date: /home/telecom/ros2_pant_ec_ws/install/ethercat_msgs/share/ethercat_msgs/cmake/ethercat_msgs__rosidl_typesupport_introspection_cExport.cmake
-- Up-to-date: /home/telecom/ros2_pant_ec_ws/install/ethercat_msgs/share/ethercat_msgs/cmake/ethercat_msgs__rosidl_typesupport_introspection_cExport-noconfig.cmake
-- Up-to-date: /home/telecom/ros2_pant_ec_ws/install/ethercat_msgs/share/ethercat_msgs/cmake/ethercat_msgs__rosidl_typesupport_cExport.cmake
-- Up-to-date: /home/telecom/ros2_pant_ec_ws/install/ethercat_msgs/share/ethercat_msgs/cmake/ethercat_msgs__rosidl_typesupport_cExport-noconfig.cmake
-- Up-to-date: /home/telecom/ros2_pant_ec_ws/install/ethercat_msgs/share/ethercat_msgs/cmake/export_ethercat_msgs__rosidl_generator_cppExport.cmake
-- Up-to-date: /home/telecom/ros2_pant_ec_ws/install/ethercat_msgs/share/ethercat_msgs/cmake/export_ethercat_msgs__rosidl_typesupport_fastrtps_cppExport.cmake
-- Up-to-date: /home/telecom/ros2_pant_ec_ws/install/ethercat_msgs/share/ethercat_msgs/cmake/export_ethercat_msgs__rosidl_typesupport_fastrtps_cppExport-noconfig.cmake
-- Up-to-date: /home/telecom/ros2_pant_ec_ws/install/ethercat_msgs/share/ethercat_msgs/cmake/ethercat_msgs__rosidl_typesupport_introspection_cppExport.cmake
-- Up-to-date: /home/telecom/ros2_pant_ec_ws/install/ethercat_msgs/share/ethercat_msgs/cmake/ethercat_msgs__rosidl_typesupport_introspection_cppExport-noconfig.cmake
-- Up-to-date: /home/telecom/ros2_pant_ec_ws/install/ethercat_msgs/share/ethercat_msgs/cmake/ethercat_msgs__rosidl_typesupport_cppExport.cmake
-- Up-to-date: /home/telecom/ros2_pant_ec_ws/install/ethercat_msgs/share/ethercat_msgs/cmake/ethercat_msgs__rosidl_typesupport_cppExport-noconfig.cmake
-- Up-to-date: /home/telecom/ros2_pant_ec_ws/install/ethercat_msgs/share/ethercat_msgs/cmake/export_ethercat_msgs__rosidl_generator_pyExport.cmake
-- Up-to-date: /home/telecom/ros2_pant_ec_ws/install/ethercat_msgs/share/ethercat_msgs/cmake/export_ethercat_msgs__rosidl_generator_pyExport-noconfig.cmake
-- Up-to-date: /home/telecom/ros2_pant_ec_ws/install/ethercat_msgs/share/ethercat_msgs/cmake/rosidl_cmake-extras.cmake
-- Up-to-date: /home/telecom/ros2_pant_ec_ws/install/ethercat_msgs/share/ethercat_msgs/cmake/ament_cmake_export_include_directories-extras.cmake
-- Up-to-date: /home/telecom/ros2_pant_ec_ws/install/ethercat_msgs/share/ethercat_msgs/cmake/ament_cmake_export_libraries-extras.cmake
-- Up-to-date: /home/telecom/ros2_pant_ec_ws/install/ethercat_msgs/share/ethercat_msgs/cmake/ament_cmake_export_targets-extras.cmake
-- Up-to-date: /home/telecom/ros2_pant_ec_ws/install/ethercat_msgs/share/ethercat_msgs/cmake/rosidl_cmake_export_typesupport_targets-extras.cmake
-- Up-to-date: /home/telecom/ros2_pant_ec_ws/install/ethercat_msgs/share/ethercat_msgs/cmake/ament_cmake_export_dependencies-extras.cmake
-- Up-to-date: /home/telecom/ros2_pant_ec_ws/install/ethercat_msgs/share/ethercat_msgs/cmake/rosidl_cmake_export_typesupport_libraries-extras.cmake
-- Up-to-date: /home/telecom/ros2_pant_ec_ws/install/ethercat_msgs/share/ethercat_msgs/cmake/ethercat_msgsConfig.cmake
-- Up-to-date: /home/telecom/ros2_pant_ec_ws/install/ethercat_msgs/share/ethercat_msgs/cmake/ethercat_msgsConfig-version.cmake
-- Up-to-date: /home/telecom/ros2_pant_ec_ws/install/ethercat_msgs/share/ethercat_msgs/package.xml
