-- The C compiler identification is GNU 11.3.0
-- The CXX compiler identification is GNU 11.3.0
-- Detecting C compiler ABI info
-- Detecting C compiler ABI info - done
-- Check for working C compiler: /usr/bin/cc - skipped
-- Detecting C compile features
-- Detecting C compile features - done
-- Detecting CXX compiler ABI info
-- Detecting CXX compiler ABI info - done
-- Check for working CXX compiler: /usr/bin/c++ - skipped
-- Detecting CXX compile features
-- Detecting CXX compile features - done
-- Found ament_cmake: 1.3.5 (/opt/ros/humble/share/ament_cmake/cmake)
-- Found Python3: /usr/bin/python3.10 (found version "3.10.6") found components: Interpreter 
-- Found rclcpp: 16.0.4 (/opt/ros/humble/share/rclcpp/cmake)
-- Found rosidl_generator_c: 3.1.4 (/opt/ros/humble/share/rosidl_generator_c/cmake)
-- Found rosidl_adapter: 3.1.4 (/opt/ros/humble/share/rosidl_adapter/cmake)
-- Found rosidl_generator_cpp: 3.1.4 (/opt/ros/humble/share/rosidl_generator_cpp/cmake)
-- Using all available rosidl_typesupport_c: rosidl_typesupport_fastrtps_c;rosidl_typesupport_introspection_c
-- Using all available rosidl_typesupport_cpp: rosidl_typesupport_fastrtps_cpp;rosidl_typesupport_introspection_cpp
-- Found rmw_implementation_cmake: 6.1.1 (/opt/ros/humble/share/rmw_implementation_cmake/cmake)
-- Found rmw_fastrtps_cpp: 6.2.2 (/opt/ros/humble/share/rmw_fastrtps_cpp/cmake)
-- Found OpenSSL: /usr/lib/x86_64-linux-gnu/libcrypto.so (found version "3.0.2")  
-- Found FastRTPS: /opt/ros/humble/include  
-- Using RMW implementation 'rmw_fastrtps_cpp' as default
-- Looking for pthread.h
-- Looking for pthread.h - found
-- Performing Test CMAKE_HAVE_LIBC_PTHREAD
-- Performing Test CMAKE_HAVE_LIBC_PTHREAD - Success
-- Found Threads: TRUE  
-- Found ethercat_msgs: 1.2.0 (/home/telecom/ros2_pant_ec_ws/install/ethercat_msgs/share/ethercat_msgs/cmake)
-- Found ament_lint_auto: 0.12.6 (/opt/ros/humble/share/ament_lint_auto/cmake)
-- Added test 'copyright' to check source files copyright and LICENSE
-- Added test 'cppcheck' to perform static code analysis on C / C++ code
-- Configured cppcheck include dirs: /home/telecom/ros2_pant_ec_ws/src/ethercat_driver_ros2/ethercat_manager/include
-- Configured cppcheck exclude dirs and/or files: 
-- Added test 'cpplint' to check C / C++ code against the Google style
-- Configured cpplint exclude dirs and/or files: 
-- Added test 'lint_cmake' to check CMake code style
-- Added test 'uncrustify' to check C / C++ code style
-- Configured uncrustify additional arguments: 
-- Added test 'xmllint' to check XML markup files
-- Configuring done
-- Generating done
-- Build files have been written to: /home/telecom/ros2_pant_ec_ws/build/ethercat_manager
[ 50%] [32mBuilding CXX object CMakeFiles/ethercat_sdo_srv_server.dir/src/ethercat_sdo_srv_server.cpp.o[0m
[100%] [32m[1mLinking CXX executable ethercat_sdo_srv_server[0m
[100%] Built target ethercat_sdo_srv_server
-- Install configuration: ""
-- Installing: /home/telecom/ros2_pant_ec_ws/install/ethercat_manager/lib/ethercat_manager/ethercat_sdo_srv_server
-- Set runtime path of "/home/telecom/ros2_pant_ec_ws/install/ethercat_manager/lib/ethercat_manager/ethercat_sdo_srv_server" to "/usr/local/etherlab/lib:/opt/ros/humble/lib:/home/telecom/ros2_pant_ec_ws/install/ethercat_msgs/lib"
-- Installing: /home/telecom/ros2_pant_ec_ws/install/ethercat_manager/share/ethercat_manager/environment/library_path.sh
-- Installing: /home/telecom/ros2_pant_ec_ws/install/ethercat_manager/share/ethercat_manager/environment/library_path.dsv
-- Installing: /home/telecom/ros2_pant_ec_ws/install/ethercat_manager/share/ament_index/resource_index/package_run_dependencies/ethercat_manager
-- Installing: /home/telecom/ros2_pant_ec_ws/install/ethercat_manager/share/ament_index/resource_index/parent_prefix_path/ethercat_manager
-- Installing: /home/telecom/ros2_pant_ec_ws/install/ethercat_manager/share/ethercat_manager/environment/ament_prefix_path.sh
-- Installing: /home/telecom/ros2_pant_ec_ws/install/ethercat_manager/share/ethercat_manager/environment/ament_prefix_path.dsv
-- Installing: /home/telecom/ros2_pant_ec_ws/install/ethercat_manager/share/ethercat_manager/environment/path.sh
-- Installing: /home/telecom/ros2_pant_ec_ws/install/ethercat_manager/share/ethercat_manager/environment/path.dsv
-- Installing: /home/telecom/ros2_pant_ec_ws/install/ethercat_manager/share/ethercat_manager/local_setup.bash
-- Installing: /home/telecom/ros2_pant_ec_ws/install/ethercat_manager/share/ethercat_manager/local_setup.sh
-- Installing: /home/telecom/ros2_pant_ec_ws/install/ethercat_manager/share/ethercat_manager/local_setup.zsh
-- Installing: /home/telecom/ros2_pant_ec_ws/install/ethercat_manager/share/ethercat_manager/local_setup.dsv
-- Installing: /home/telecom/ros2_pant_ec_ws/install/ethercat_manager/share/ethercat_manager/package.dsv
-- Installing: /home/telecom/ros2_pant_ec_ws/install/ethercat_manager/share/ament_index/resource_index/packages/ethercat_manager
-- Installing: /home/telecom/ros2_pant_ec_ws/install/ethercat_manager/share/ethercat_manager/cmake/ament_cmake_export_include_directories-extras.cmake
-- Installing: /home/telecom/ros2_pant_ec_ws/install/ethercat_manager/share/ethercat_manager/cmake/ament_cmake_export_libraries-extras.cmake
-- Installing: /home/telecom/ros2_pant_ec_ws/install/ethercat_manager/share/ethercat_manager/cmake/ament_cmake_export_dependencies-extras.cmake
-- Installing: /home/telecom/ros2_pant_ec_ws/install/ethercat_manager/share/ethercat_manager/cmake/ethercat_managerConfig.cmake
-- Installing: /home/telecom/ros2_pant_ec_ws/install/ethercat_manager/share/ethercat_manager/cmake/ethercat_managerConfig-version.cmake
-- Installing: /home/telecom/ros2_pant_ec_ws/install/ethercat_manager/share/ethercat_manager/package.xml
