[0.007s] Invoking command in '/home/telecom/ros2_pant_ec_ws/build/ethercat_manager': CMAKE_PREFIX_PATH=/home/telecom/ros2_pant_ec_ws/install/ethercat_msgs:/home/telecom/ros2_pant_ec_ws/install/pant_position_controller:/home/telecom/ros2_pant_ec_ws/install/pant_nodes:/home/telecom/ros2_pant_ec_ws/install/pant_description:/home/telecom/ros2_pant_ec_ws/install/pant_bringup:/home/telecom/ros2_pant_ec_ws/install/ethercat_schneider_drives:/home/telecom/ros2_pant_ec_ws/install/ethercat_omron_modules:/home/telecom/ros2_pant_ec_ws/install/ethercat_manager:/home/telecom/ros2_pant_ec_ws/install/ethercat_maxon_drives:/home/telecom/ros2_pant_ec_ws/install/ethercat_generic_cia402_drive:/home/telecom/ros2_pant_ec_ws/install/ethercat_generic_slave:/home/telecom/ros2_pant_ec_ws/install/ethercat_driver_ros2:/home/telecom/ros2_pant_ec_ws/install/ethercat_driver:/home/telecom/ros2_pant_ec_ws/install/ethercat_beckhoff_modules:/home/telecom/ros2_pant_ec_ws/install/ethercat_ati_modules:/home/telecom/ros2_pant_ec_ws/install/ethercat_advantech_modules:/home/telecom/ros2_pant_ec_ws/install/ethercat_interface:/home/telecom/ros2_ws/install/squares:/home/telecom/ros2_ws/install/my_package:/home/telecom/ros2_ws/install/my_img:/home/telecom/ros2_ws/install/my_chatter:/opt/ros/humble LD_LIBRARY_PATH=/home/telecom/ros2_pant_ec_ws/install/ethercat_msgs/lib:/home/telecom/ros2_pant_ec_ws/install/pant_position_controller/lib:/home/telecom/ros2_pant_ec_ws/install/ethercat_schneider_drives/lib:/home/telecom/ros2_pant_ec_ws/install/ethercat_omron_modules/lib:/home/telecom/ros2_pant_ec_ws/install/ethercat_manager/lib:/home/telecom/ros2_pant_ec_ws/install/ethercat_maxon_drives/lib:/home/telecom/ros2_pant_ec_ws/install/ethercat_generic_cia402_drive/lib:/home/telecom/ros2_pant_ec_ws/install/ethercat_generic_slave/lib:/home/telecom/ros2_pant_ec_ws/install/ethercat_driver/lib:/home/telecom/ros2_pant_ec_ws/install/ethercat_beckhoff_modules/lib:/home/telecom/ros2_pant_ec_ws/install/ethercat_ati_modules/lib:/home/telecom/ros2_pant_ec_ws/install/ethercat_advantech_modules/lib:/home/telecom/ros2_pant_ec_ws/install/ethercat_interface/lib:/opt/ros/humble/opt/rviz_ogre_vendor/lib:/opt/ros/humble/lib/x86_64-linux-gnu:/opt/ros/humble/lib /usr/bin/cmake /home/telecom/ros2_pant_ec_ws/src/ethercat_driver_ros2/ethercat_manager -DCMAKE_INSTALL_PREFIX=/home/telecom/ros2_pant_ec_ws/install/ethercat_manager
[0.040s] -- The C compiler identification is GNU 11.3.0
[0.073s] -- The CXX compiler identification is GNU 11.3.0
[0.077s] -- Detecting C compiler ABI info
[0.118s] -- Detecting C compiler ABI info - done
[0.125s] -- Check for working C compiler: /usr/bin/cc - skipped
[0.125s] -- Detecting C compile features
[0.125s] -- Detecting C compile features - done
[0.128s] -- Detecting CXX compiler ABI info
[0.174s] -- Detecting CXX compiler ABI info - done
[0.179s] -- Check for working CXX compiler: /usr/bin/c++ - skipped
[0.179s] -- Detecting CXX compile features
[0.179s] -- Detecting CXX compile features - done
[0.181s] -- Found ament_cmake: 1.3.5 (/opt/ros/humble/share/ament_cmake/cmake)
[0.289s] -- Found Python3: /usr/bin/python3.10 (found version "3.10.6") found components: Interpreter 
[0.345s] -- Found rclcpp: 16.0.4 (/opt/ros/humble/share/rclcpp/cmake)
[0.372s] -- Found rosidl_generator_c: 3.1.4 (/opt/ros/humble/share/rosidl_generator_c/cmake)
[0.375s] -- Found rosidl_adapter: 3.1.4 (/opt/ros/humble/share/rosidl_adapter/cmake)
[0.381s] -- Found rosidl_generator_cpp: 3.1.4 (/opt/ros/humble/share/rosidl_generator_cpp/cmake)
[0.390s] -- Using all available rosidl_typesupport_c: rosidl_typesupport_fastrtps_c;rosidl_typesupport_introspection_c
[0.403s] -- Using all available rosidl_typesupport_cpp: rosidl_typesupport_fastrtps_cpp;rosidl_typesupport_introspection_cpp
[0.449s] -- Found rmw_implementation_cmake: 6.1.1 (/opt/ros/humble/share/rmw_implementation_cmake/cmake)
[0.451s] -- Found rmw_fastrtps_cpp: 6.2.2 (/opt/ros/humble/share/rmw_fastrtps_cpp/cmake)
[0.509s] -- Found OpenSSL: /usr/lib/x86_64-linux-gnu/libcrypto.so (found version "3.0.2")  
[0.526s] -- Found FastRTPS: /opt/ros/humble/include  
[0.556s] -- Using RMW implementation 'rmw_fastrtps_cpp' as default
[0.561s] -- Looking for pthread.h
[0.604s] -- Looking for pthread.h - found
[0.604s] -- Performing Test CMAKE_HAVE_LIBC_PTHREAD
[0.645s] -- Performing Test CMAKE_HAVE_LIBC_PTHREAD - Success
[0.646s] -- Found Threads: TRUE  
[0.748s] -- Found ethercat_msgs: 1.2.0 (/home/telecom/ros2_pant_ec_ws/install/ethercat_msgs/share/ethercat_msgs/cmake)
[0.759s] -- Found ament_lint_auto: 0.12.6 (/opt/ros/humble/share/ament_lint_auto/cmake)
[0.810s] -- Added test 'copyright' to check source files copyright and LICENSE
[0.811s] -- Added test 'cppcheck' to perform static code analysis on C / C++ code
[0.811s] -- Configured cppcheck include dirs: /home/telecom/ros2_pant_ec_ws/src/ethercat_driver_ros2/ethercat_manager/include
[0.811s] -- Configured cppcheck exclude dirs and/or files: 
[0.811s] -- Added test 'cpplint' to check C / C++ code against the Google style
[0.812s] -- Configured cpplint exclude dirs and/or files: 
[0.812s] -- Added test 'lint_cmake' to check CMake code style
[0.813s] -- Added test 'uncrustify' to check C / C++ code style
[0.813s] -- Configured uncrustify additional arguments: 
[0.813s] -- Added test 'xmllint' to check XML markup files
[0.814s] -- Configuring done
[0.820s] -- Generating done
[0.821s] -- Build files have been written to: /home/telecom/ros2_pant_ec_ws/build/ethercat_manager
[0.828s] Invoked command in '/home/telecom/ros2_pant_ec_ws/build/ethercat_manager' returned '0': CMAKE_PREFIX_PATH=/home/telecom/ros2_pant_ec_ws/install/ethercat_msgs:/home/telecom/ros2_pant_ec_ws/install/pant_position_controller:/home/telecom/ros2_pant_ec_ws/install/pant_nodes:/home/telecom/ros2_pant_ec_ws/install/pant_description:/home/telecom/ros2_pant_ec_ws/install/pant_bringup:/home/telecom/ros2_pant_ec_ws/install/ethercat_schneider_drives:/home/telecom/ros2_pant_ec_ws/install/ethercat_omron_modules:/home/telecom/ros2_pant_ec_ws/install/ethercat_manager:/home/telecom/ros2_pant_ec_ws/install/ethercat_maxon_drives:/home/telecom/ros2_pant_ec_ws/install/ethercat_generic_cia402_drive:/home/telecom/ros2_pant_ec_ws/install/ethercat_generic_slave:/home/telecom/ros2_pant_ec_ws/install/ethercat_driver_ros2:/home/telecom/ros2_pant_ec_ws/install/ethercat_driver:/home/telecom/ros2_pant_ec_ws/install/ethercat_beckhoff_modules:/home/telecom/ros2_pant_ec_ws/install/ethercat_ati_modules:/home/telecom/ros2_pant_ec_ws/install/ethercat_advantech_modules:/home/telecom/ros2_pant_ec_ws/install/ethercat_interface:/home/telecom/ros2_ws/install/squares:/home/telecom/ros2_ws/install/my_package:/home/telecom/ros2_ws/install/my_img:/home/telecom/ros2_ws/install/my_chatter:/opt/ros/humble LD_LIBRARY_PATH=/home/telecom/ros2_pant_ec_ws/install/ethercat_msgs/lib:/home/telecom/ros2_pant_ec_ws/install/pant_position_controller/lib:/home/telecom/ros2_pant_ec_ws/install/ethercat_schneider_drives/lib:/home/telecom/ros2_pant_ec_ws/install/ethercat_omron_modules/lib:/home/telecom/ros2_pant_ec_ws/install/ethercat_manager/lib:/home/telecom/ros2_pant_ec_ws/install/ethercat_maxon_drives/lib:/home/telecom/ros2_pant_ec_ws/install/ethercat_generic_cia402_drive/lib:/home/telecom/ros2_pant_ec_ws/install/ethercat_generic_slave/lib:/home/telecom/ros2_pant_ec_ws/install/ethercat_driver/lib:/home/telecom/ros2_pant_ec_ws/install/ethercat_beckhoff_modules/lib:/home/telecom/ros2_pant_ec_ws/install/ethercat_ati_modules/lib:/home/telecom/ros2_pant_ec_ws/install/ethercat_advantech_modules/lib:/home/telecom/ros2_pant_ec_ws/install/ethercat_interface/lib:/opt/ros/humble/opt/rviz_ogre_vendor/lib:/opt/ros/humble/lib/x86_64-linux-gnu:/opt/ros/humble/lib /usr/bin/cmake /home/telecom/ros2_pant_ec_ws/src/ethercat_driver_ros2/ethercat_manager -DCMAKE_INSTALL_PREFIX=/home/telecom/ros2_pant_ec_ws/install/ethercat_manager
[0.828s] Invoking command in '/home/telecom/ros2_pant_ec_ws/build/ethercat_manager': CMAKE_PREFIX_PATH=/home/telecom/ros2_pant_ec_ws/install/ethercat_msgs:/home/telecom/ros2_pant_ec_ws/install/pant_position_controller:/home/telecom/ros2_pant_ec_ws/install/pant_nodes:/home/telecom/ros2_pant_ec_ws/install/pant_description:/home/telecom/ros2_pant_ec_ws/install/pant_bringup:/home/telecom/ros2_pant_ec_ws/install/ethercat_schneider_drives:/home/telecom/ros2_pant_ec_ws/install/ethercat_omron_modules:/home/telecom/ros2_pant_ec_ws/install/ethercat_manager:/home/telecom/ros2_pant_ec_ws/install/ethercat_maxon_drives:/home/telecom/ros2_pant_ec_ws/install/ethercat_generic_cia402_drive:/home/telecom/ros2_pant_ec_ws/install/ethercat_generic_slave:/home/telecom/ros2_pant_ec_ws/install/ethercat_driver_ros2:/home/telecom/ros2_pant_ec_ws/install/ethercat_driver:/home/telecom/ros2_pant_ec_ws/install/ethercat_beckhoff_modules:/home/telecom/ros2_pant_ec_ws/install/ethercat_ati_modules:/home/telecom/ros2_pant_ec_ws/install/ethercat_advantech_modules:/home/telecom/ros2_pant_ec_ws/install/ethercat_interface:/home/telecom/ros2_ws/install/squares:/home/telecom/ros2_ws/install/my_package:/home/telecom/ros2_ws/install/my_img:/home/telecom/ros2_ws/install/my_chatter:/opt/ros/humble LD_LIBRARY_PATH=/home/telecom/ros2_pant_ec_ws/install/ethercat_msgs/lib:/home/telecom/ros2_pant_ec_ws/install/pant_position_controller/lib:/home/telecom/ros2_pant_ec_ws/install/ethercat_schneider_drives/lib:/home/telecom/ros2_pant_ec_ws/install/ethercat_omron_modules/lib:/home/telecom/ros2_pant_ec_ws/install/ethercat_manager/lib:/home/telecom/ros2_pant_ec_ws/install/ethercat_maxon_drives/lib:/home/telecom/ros2_pant_ec_ws/install/ethercat_generic_cia402_drive/lib:/home/telecom/ros2_pant_ec_ws/install/ethercat_generic_slave/lib:/home/telecom/ros2_pant_ec_ws/install/ethercat_driver/lib:/home/telecom/ros2_pant_ec_ws/install/ethercat_beckhoff_modules/lib:/home/telecom/ros2_pant_ec_ws/install/ethercat_ati_modules/lib:/home/telecom/ros2_pant_ec_ws/install/ethercat_advantech_modules/lib:/home/telecom/ros2_pant_ec_ws/install/ethercat_interface/lib:/opt/ros/humble/opt/rviz_ogre_vendor/lib:/opt/ros/humble/lib/x86_64-linux-gnu:/opt/ros/humble/lib /usr/bin/cmake --build /home/telecom/ros2_pant_ec_ws/build/ethercat_manager -- -j20 -l20
[0.857s] [ 50%] [32mBuilding CXX object CMakeFiles/ethercat_sdo_srv_server.dir/src/ethercat_sdo_srv_server.cpp.o[0m
[6.647s] [100%] [32m[1mLinking CXX executable ethercat_sdo_srv_server[0m
[6.859s] [100%] Built target ethercat_sdo_srv_server
[6.870s] Invoked command in '/home/telecom/ros2_pant_ec_ws/build/ethercat_manager' returned '0': CMAKE_PREFIX_PATH=/home/telecom/ros2_pant_ec_ws/install/ethercat_msgs:/home/telecom/ros2_pant_ec_ws/install/pant_position_controller:/home/telecom/ros2_pant_ec_ws/install/pant_nodes:/home/telecom/ros2_pant_ec_ws/install/pant_description:/home/telecom/ros2_pant_ec_ws/install/pant_bringup:/home/telecom/ros2_pant_ec_ws/install/ethercat_schneider_drives:/home/telecom/ros2_pant_ec_ws/install/ethercat_omron_modules:/home/telecom/ros2_pant_ec_ws/install/ethercat_manager:/home/telecom/ros2_pant_ec_ws/install/ethercat_maxon_drives:/home/telecom/ros2_pant_ec_ws/install/ethercat_generic_cia402_drive:/home/telecom/ros2_pant_ec_ws/install/ethercat_generic_slave:/home/telecom/ros2_pant_ec_ws/install/ethercat_driver_ros2:/home/telecom/ros2_pant_ec_ws/install/ethercat_driver:/home/telecom/ros2_pant_ec_ws/install/ethercat_beckhoff_modules:/home/telecom/ros2_pant_ec_ws/install/ethercat_ati_modules:/home/telecom/ros2_pant_ec_ws/install/ethercat_advantech_modules:/home/telecom/ros2_pant_ec_ws/install/ethercat_interface:/home/telecom/ros2_ws/install/squares:/home/telecom/ros2_ws/install/my_package:/home/telecom/ros2_ws/install/my_img:/home/telecom/ros2_ws/install/my_chatter:/opt/ros/humble LD_LIBRARY_PATH=/home/telecom/ros2_pant_ec_ws/install/ethercat_msgs/lib:/home/telecom/ros2_pant_ec_ws/install/pant_position_controller/lib:/home/telecom/ros2_pant_ec_ws/install/ethercat_schneider_drives/lib:/home/telecom/ros2_pant_ec_ws/install/ethercat_omron_modules/lib:/home/telecom/ros2_pant_ec_ws/install/ethercat_manager/lib:/home/telecom/ros2_pant_ec_ws/install/ethercat_maxon_drives/lib:/home/telecom/ros2_pant_ec_ws/install/ethercat_generic_cia402_drive/lib:/home/telecom/ros2_pant_ec_ws/install/ethercat_generic_slave/lib:/home/telecom/ros2_pant_ec_ws/install/ethercat_driver/lib:/home/telecom/ros2_pant_ec_ws/install/ethercat_beckhoff_modules/lib:/home/telecom/ros2_pant_ec_ws/install/ethercat_ati_modules/lib:/home/telecom/ros2_pant_ec_ws/install/ethercat_advantech_modules/lib:/home/telecom/ros2_pant_ec_ws/install/ethercat_interface/lib:/opt/ros/humble/opt/rviz_ogre_vendor/lib:/opt/ros/humble/lib/x86_64-linux-gnu:/opt/ros/humble/lib /usr/bin/cmake --build /home/telecom/ros2_pant_ec_ws/build/ethercat_manager -- -j20 -l20
[6.901s] Invoking command in '/home/telecom/ros2_pant_ec_ws/build/ethercat_manager': CMAKE_PREFIX_PATH=/home/telecom/ros2_pant_ec_ws/install/ethercat_msgs:/home/telecom/ros2_pant_ec_ws/install/pant_position_controller:/home/telecom/ros2_pant_ec_ws/install/pant_nodes:/home/telecom/ros2_pant_ec_ws/install/pant_description:/home/telecom/ros2_pant_ec_ws/install/pant_bringup:/home/telecom/ros2_pant_ec_ws/install/ethercat_schneider_drives:/home/telecom/ros2_pant_ec_ws/install/ethercat_omron_modules:/home/telecom/ros2_pant_ec_ws/install/ethercat_manager:/home/telecom/ros2_pant_ec_ws/install/ethercat_maxon_drives:/home/telecom/ros2_pant_ec_ws/install/ethercat_generic_cia402_drive:/home/telecom/ros2_pant_ec_ws/install/ethercat_generic_slave:/home/telecom/ros2_pant_ec_ws/install/ethercat_driver_ros2:/home/telecom/ros2_pant_ec_ws/install/ethercat_driver:/home/telecom/ros2_pant_ec_ws/install/ethercat_beckhoff_modules:/home/telecom/ros2_pant_ec_ws/install/ethercat_ati_modules:/home/telecom/ros2_pant_ec_ws/install/ethercat_advantech_modules:/home/telecom/ros2_pant_ec_ws/install/ethercat_interface:/home/telecom/ros2_ws/install/squares:/home/telecom/ros2_ws/install/my_package:/home/telecom/ros2_ws/install/my_img:/home/telecom/ros2_ws/install/my_chatter:/opt/ros/humble LD_LIBRARY_PATH=/home/telecom/ros2_pant_ec_ws/install/ethercat_msgs/lib:/home/telecom/ros2_pant_ec_ws/install/pant_position_controller/lib:/home/telecom/ros2_pant_ec_ws/install/ethercat_schneider_drives/lib:/home/telecom/ros2_pant_ec_ws/install/ethercat_omron_modules/lib:/home/telecom/ros2_pant_ec_ws/install/ethercat_manager/lib:/home/telecom/ros2_pant_ec_ws/install/ethercat_maxon_drives/lib:/home/telecom/ros2_pant_ec_ws/install/ethercat_generic_cia402_drive/lib:/home/telecom/ros2_pant_ec_ws/install/ethercat_generic_slave/lib:/home/telecom/ros2_pant_ec_ws/install/ethercat_driver/lib:/home/telecom/ros2_pant_ec_ws/install/ethercat_beckhoff_modules/lib:/home/telecom/ros2_pant_ec_ws/install/ethercat_ati_modules/lib:/home/telecom/ros2_pant_ec_ws/install/ethercat_advantech_modules/lib:/home/telecom/ros2_pant_ec_ws/install/ethercat_interface/lib:/opt/ros/humble/opt/rviz_ogre_vendor/lib:/opt/ros/humble/lib/x86_64-linux-gnu:/opt/ros/humble/lib /usr/bin/cmake --install /home/telecom/ros2_pant_ec_ws/build/ethercat_manager
[6.908s] -- Install configuration: ""
[6.908s] -- Installing: /home/telecom/ros2_pant_ec_ws/install/ethercat_manager/lib/ethercat_manager/ethercat_sdo_srv_server
[6.909s] -- Set runtime path of "/home/telecom/ros2_pant_ec_ws/install/ethercat_manager/lib/ethercat_manager/ethercat_sdo_srv_server" to "/usr/local/etherlab/lib:/opt/ros/humble/lib:/home/telecom/ros2_pant_ec_ws/install/ethercat_msgs/lib"
[6.909s] -- Installing: /home/telecom/ros2_pant_ec_ws/install/ethercat_manager/share/ethercat_manager/environment/library_path.sh
[6.909s] -- Installing: /home/telecom/ros2_pant_ec_ws/install/ethercat_manager/share/ethercat_manager/environment/library_path.dsv
[6.909s] -- Installing: /home/telecom/ros2_pant_ec_ws/install/ethercat_manager/share/ament_index/resource_index/package_run_dependencies/ethercat_manager
[6.909s] -- Installing: /home/telecom/ros2_pant_ec_ws/install/ethercat_manager/share/ament_index/resource_index/parent_prefix_path/ethercat_manager
[6.909s] -- Installing: /home/telecom/ros2_pant_ec_ws/install/ethercat_manager/share/ethercat_manager/environment/ament_prefix_path.sh
[6.909s] -- Installing: /home/telecom/ros2_pant_ec_ws/install/ethercat_manager/share/ethercat_manager/environment/ament_prefix_path.dsv
[6.909s] -- Installing: /home/telecom/ros2_pant_ec_ws/install/ethercat_manager/share/ethercat_manager/environment/path.sh
[6.910s] -- Installing: /home/telecom/ros2_pant_ec_ws/install/ethercat_manager/share/ethercat_manager/environment/path.dsv
[6.910s] -- Installing: /home/telecom/ros2_pant_ec_ws/install/ethercat_manager/share/ethercat_manager/local_setup.bash
[6.910s] -- Installing: /home/telecom/ros2_pant_ec_ws/install/ethercat_manager/share/ethercat_manager/local_setup.sh
[6.910s] -- Installing: /home/telecom/ros2_pant_ec_ws/install/ethercat_manager/share/ethercat_manager/local_setup.zsh
[6.910s] -- Installing: /home/telecom/ros2_pant_ec_ws/install/ethercat_manager/share/ethercat_manager/local_setup.dsv
[6.910s] -- Installing: /home/telecom/ros2_pant_ec_ws/install/ethercat_manager/share/ethercat_manager/package.dsv
[6.910s] -- Installing: /home/telecom/ros2_pant_ec_ws/install/ethercat_manager/share/ament_index/resource_index/packages/ethercat_manager
[6.910s] -- Installing: /home/telecom/ros2_pant_ec_ws/install/ethercat_manager/share/ethercat_manager/cmake/ament_cmake_export_include_directories-extras.cmake
[6.910s] -- Installing: /home/telecom/ros2_pant_ec_ws/install/ethercat_manager/share/ethercat_manager/cmake/ament_cmake_export_libraries-extras.cmake
[6.911s] -- Installing: /home/telecom/ros2_pant_ec_ws/install/ethercat_manager/share/ethercat_manager/cmake/ament_cmake_export_dependencies-extras.cmake
[6.911s] -- Installing: /home/telecom/ros2_pant_ec_ws/install/ethercat_manager/share/ethercat_manager/cmake/ethercat_managerConfig.cmake
[6.911s] -- Installing: /home/telecom/ros2_pant_ec_ws/install/ethercat_manager/share/ethercat_manager/cmake/ethercat_managerConfig-version.cmake
[6.911s] -- Installing: /home/telecom/ros2_pant_ec_ws/install/ethercat_manager/share/ethercat_manager/package.xml
[6.913s] Invoked command in '/home/telecom/ros2_pant_ec_ws/build/ethercat_manager' returned '0': CMAKE_PREFIX_PATH=/home/telecom/ros2_pant_ec_ws/install/ethercat_msgs:/home/telecom/ros2_pant_ec_ws/install/pant_position_controller:/home/telecom/ros2_pant_ec_ws/install/pant_nodes:/home/telecom/ros2_pant_ec_ws/install/pant_description:/home/telecom/ros2_pant_ec_ws/install/pant_bringup:/home/telecom/ros2_pant_ec_ws/install/ethercat_schneider_drives:/home/telecom/ros2_pant_ec_ws/install/ethercat_omron_modules:/home/telecom/ros2_pant_ec_ws/install/ethercat_manager:/home/telecom/ros2_pant_ec_ws/install/ethercat_maxon_drives:/home/telecom/ros2_pant_ec_ws/install/ethercat_generic_cia402_drive:/home/telecom/ros2_pant_ec_ws/install/ethercat_generic_slave:/home/telecom/ros2_pant_ec_ws/install/ethercat_driver_ros2:/home/telecom/ros2_pant_ec_ws/install/ethercat_driver:/home/telecom/ros2_pant_ec_ws/install/ethercat_beckhoff_modules:/home/telecom/ros2_pant_ec_ws/install/ethercat_ati_modules:/home/telecom/ros2_pant_ec_ws/install/ethercat_advantech_modules:/home/telecom/ros2_pant_ec_ws/install/ethercat_interface:/home/telecom/ros2_ws/install/squares:/home/telecom/ros2_ws/install/my_package:/home/telecom/ros2_ws/install/my_img:/home/telecom/ros2_ws/install/my_chatter:/opt/ros/humble LD_LIBRARY_PATH=/home/telecom/ros2_pant_ec_ws/install/ethercat_msgs/lib:/home/telecom/ros2_pant_ec_ws/install/pant_position_controller/lib:/home/telecom/ros2_pant_ec_ws/install/ethercat_schneider_drives/lib:/home/telecom/ros2_pant_ec_ws/install/ethercat_omron_modules/lib:/home/telecom/ros2_pant_ec_ws/install/ethercat_manager/lib:/home/telecom/ros2_pant_ec_ws/install/ethercat_maxon_drives/lib:/home/telecom/ros2_pant_ec_ws/install/ethercat_generic_cia402_drive/lib:/home/telecom/ros2_pant_ec_ws/install/ethercat_generic_slave/lib:/home/telecom/ros2_pant_ec_ws/install/ethercat_driver/lib:/home/telecom/ros2_pant_ec_ws/install/ethercat_beckhoff_modules/lib:/home/telecom/ros2_pant_ec_ws/install/ethercat_ati_modules/lib:/home/telecom/ros2_pant_ec_ws/install/ethercat_advantech_modules/lib:/home/telecom/ros2_pant_ec_ws/install/ethercat_interface/lib:/opt/ros/humble/opt/rviz_ogre_vendor/lib:/opt/ros/humble/lib/x86_64-linux-gnu:/opt/ros/humble/lib /usr/bin/cmake --install /home/telecom/ros2_pant_ec_ws/build/ethercat_manager
