[0.019s] Invoking command in '/home/telecom/ros2_pant_ec_ws/build/ethercat_msgs': CMAKE_PREFIX_PATH=${CMAKE_PREFIX_PATH}:/opt/ros/humble /usr/bin/cmake /home/telecom/ros2_pant_ec_ws/src/ethercat_driver_ros2/ethercat_msgs -DCMAKE_INSTALL_PREFIX=/home/telecom/ros2_pant_ec_ws/install/ethercat_msgs
[0.053s] -- The C compiler identification is GNU 11.3.0
[0.087s] -- The CXX compiler identification is GNU 11.3.0
[0.091s] -- Detecting C compiler ABI info
[0.128s] -- Detecting C compiler ABI info - done
[0.134s] -- Check for working C compiler: /usr/bin/cc - skipped
[0.134s] -- Detecting C compile features
[0.134s] -- Detecting C compile features - done
[0.136s] -- Detecting CXX compiler ABI info
[0.179s] -- Detecting CXX compiler ABI info - done
[0.185s] -- Check for working CXX compiler: /usr/bin/c++ - skipped
[0.185s] -- Detecting CXX compile features
[0.185s] -- Detecting CXX compile features - done
[0.186s] -- Found ament_cmake: 1.3.5 (/opt/ros/humble/share/ament_cmake/cmake)
[0.292s] -- Found Python3: /usr/bin/python3.10 (found version "3.10.6") found components: Interpreter 
[0.344s] -- Found rosidl_default_generators: 1.2.0 (/opt/ros/humble/share/rosidl_default_generators/cmake)
[0.347s] -- Using all available rosidl_typesupport_c: rosidl_typesupport_fastrtps_c;rosidl_typesupport_introspection_c
[0.351s] -- Found rosidl_adapter: 3.1.4 (/opt/ros/humble/share/rosidl_adapter/cmake)
[0.375s] -- Using all available rosidl_typesupport_cpp: rosidl_typesupport_fastrtps_cpp;rosidl_typesupport_introspection_cpp
[0.549s] -- Found ament_cmake_ros: 0.10.0 (/opt/ros/humble/share/ament_cmake_ros/cmake)
[0.662s] -- Using all available rosidl_typesupport_c: rosidl_typesupport_fastrtps_c;rosidl_typesupport_introspection_c
[0.804s] -- Using all available rosidl_typesupport_cpp: rosidl_typesupport_fastrtps_cpp;rosidl_typesupport_introspection_cpp
[0.819s] -- Found PythonInterp: /usr/bin/python3 (found suitable version "3.10.6", minimum required is "3.6") 
[0.820s] -- Found python_cmake_module: 0.10.0 (/opt/ros/humble/share/python_cmake_module/cmake)
[0.836s] -- Found PythonLibs: /usr/lib/x86_64-linux-gnu/libpython3.10.so (found suitable version "3.10.6", minimum required is "3.5") 
[0.837s] -- Using PYTHON_EXECUTABLE: /usr/bin/python3
[0.837s] -- Using PYTHON_INCLUDE_DIRS: /usr/include/python3.10
[0.837s] -- Using PYTHON_LIBRARIES: /usr/lib/x86_64-linux-gnu/libpython3.10.so
[0.852s] -- Found PythonExtra: .so  
[0.881s] -- Found ament_lint_auto: 0.12.6 (/opt/ros/humble/share/ament_lint_auto/cmake)
[0.887s] -- Configuring done
[0.914s] -- Generating done
[0.914s] -- Build files have been written to: /home/telecom/ros2_pant_ec_ws/build/ethercat_msgs
[0.918s] Invoked command in '/home/telecom/ros2_pant_ec_ws/build/ethercat_msgs' returned '0': CMAKE_PREFIX_PATH=${CMAKE_PREFIX_PATH}:/opt/ros/humble /usr/bin/cmake /home/telecom/ros2_pant_ec_ws/src/ethercat_driver_ros2/ethercat_msgs -DCMAKE_INSTALL_PREFIX=/home/telecom/ros2_pant_ec_ws/install/ethercat_msgs
[0.918s] Invoking command in '/home/telecom/ros2_pant_ec_ws/build/ethercat_msgs': CMAKE_PREFIX_PATH=${CMAKE_PREFIX_PATH}:/opt/ros/humble /usr/bin/cmake --build /home/telecom/ros2_pant_ec_ws/build/ethercat_msgs -- -j20 -l20
[0.942s] [  2%] [34m[1mGenerating C code for ROS interfaces[0m
[0.945s] [  5%] [34m[1mGenerating C++ code for ROS interfaces[0m
[0.956s] [  5%] Built target ament_cmake_python_copy_ethercat_msgs
[1.169s] [  5%] Built target ethercat_msgs__cpp
[1.178s] [ 12%] [34m[1mGenerating C++ introspection for ROS interfaces[0m
[1.178s] [ 12%] [34m[1mGenerating C++ type support dispatch for ROS interfaces[0m
[1.178s] [ 12%] [34m[1mGenerating C++ type support for eProsima Fast-RTPS[0m
[1.210s] running egg_info
[1.211s] creating ethercat_msgs.egg-info
[1.211s] writing ethercat_msgs.egg-info/PKG-INFO
[1.211s] writing dependency_links to ethercat_msgs.egg-info/dependency_links.txt
[1.211s] writing top-level names to ethercat_msgs.egg-info/top_level.txt
[1.211s] writing manifest file 'ethercat_msgs.egg-info/SOURCES.txt'
[1.214s] reading manifest file 'ethercat_msgs.egg-info/SOURCES.txt'
[1.214s] writing manifest file 'ethercat_msgs.egg-info/SOURCES.txt'
[1.245s] [ 12%] Built target ament_cmake_python_build_ethercat_msgs_egg
[1.272s] [ 15%] [32mBuilding C object CMakeFiles/ethercat_msgs__rosidl_generator_c.dir/rosidl_generator_c/ethercat_msgs/srv/detail/set_sdo__functions.c.o[0m
[1.272s] [ 17%] [32mBuilding C object CMakeFiles/ethercat_msgs__rosidl_generator_c.dir/rosidl_generator_c/ethercat_msgs/srv/detail/get_sdo__functions.c.o[0m
[1.330s] [ 20%] [32m[1mLinking C shared library libethercat_msgs__rosidl_generator_c.so[0m
[1.362s] [ 20%] Built target ethercat_msgs__rosidl_generator_c
[1.371s] [ 28%] [34m[1mGenerating C type support for eProsima Fast-RTPS[0m
[1.372s] [ 28%] [34m[1mGenerating C introspection for ROS interfaces[0m
[1.372s] [ 28%] [34m[1mGenerating C type support dispatch for ROS interfaces[0m
[1.438s] [ 30%] [32mBuilding CXX object CMakeFiles/ethercat_msgs__rosidl_typesupport_fastrtps_cpp.dir/rosidl_typesupport_fastrtps_cpp/ethercat_msgs/srv/detail/dds_fastrtps/set_sdo__type_support.cpp.o[0m
[1.440s] [ 33%] [32mBuilding CXX object CMakeFiles/ethercat_msgs__rosidl_typesupport_fastrtps_cpp.dir/rosidl_typesupport_fastrtps_cpp/ethercat_msgs/srv/detail/dds_fastrtps/get_sdo__type_support.cpp.o[0m
[1.497s] [ 38%] [32mBuilding CXX object CMakeFiles/ethercat_msgs__rosidl_typesupport_cpp.dir/rosidl_typesupport_cpp/ethercat_msgs/srv/set_sdo__type_support.cpp.o[0m
[1.497s] [ 38%] [32mBuilding CXX object CMakeFiles/ethercat_msgs__rosidl_typesupport_cpp.dir/rosidl_typesupport_cpp/ethercat_msgs/srv/get_sdo__type_support.cpp.o[0m
[1.528s] [ 41%] [32mBuilding CXX object CMakeFiles/ethercat_msgs__rosidl_typesupport_introspection_cpp.dir/rosidl_typesupport_introspection_cpp/ethercat_msgs/srv/detail/set_sdo__type_support.cpp.o[0m
[1.528s] [ 43%] [32mBuilding CXX object CMakeFiles/ethercat_msgs__rosidl_typesupport_introspection_cpp.dir/rosidl_typesupport_introspection_cpp/ethercat_msgs/srv/detail/get_sdo__type_support.cpp.o[0m
[1.680s] [ 48%] [32mBuilding CXX object CMakeFiles/ethercat_msgs__rosidl_typesupport_c.dir/rosidl_typesupport_c/ethercat_msgs/srv/set_sdo__type_support.cpp.o[0m
[1.680s] [ 48%] [32mBuilding CXX object CMakeFiles/ethercat_msgs__rosidl_typesupport_c.dir/rosidl_typesupport_c/ethercat_msgs/srv/get_sdo__type_support.cpp.o[0m
[1.712s] [ 51%] [32m[1mLinking CXX shared library libethercat_msgs__rosidl_typesupport_c.so[0m
[1.737s] [ 53%] [32mBuilding CXX object CMakeFiles/ethercat_msgs__rosidl_typesupport_fastrtps_c.dir/rosidl_typesupport_fastrtps_c/ethercat_msgs/srv/detail/set_sdo__type_support_c.cpp.o[0m
[1.739s] [ 56%] [32mBuilding CXX object CMakeFiles/ethercat_msgs__rosidl_typesupport_fastrtps_c.dir/rosidl_typesupport_fastrtps_c/ethercat_msgs/srv/detail/get_sdo__type_support_c.cpp.o[0m
[1.744s] [ 61%] [32mBuilding C object CMakeFiles/ethercat_msgs__rosidl_typesupport_introspection_c.dir/rosidl_typesupport_introspection_c/ethercat_msgs/srv/detail/set_sdo__type_support.c.o[0m
[1.744s] [ 61%] [32mBuilding C object CMakeFiles/ethercat_msgs__rosidl_typesupport_introspection_c.dir/rosidl_typesupport_introspection_c/ethercat_msgs/srv/detail/get_sdo__type_support.c.o[0m
[1.751s] [ 61%] Built target ethercat_msgs__rosidl_typesupport_c
[1.778s] [ 64%] [32m[1mLinking C shared library libethercat_msgs__rosidl_typesupport_introspection_c.so[0m
[1.786s] [ 66%] [32m[1mLinking CXX shared library libethercat_msgs__rosidl_typesupport_fastrtps_cpp.so[0m
[1.797s] [ 69%] [32m[1mLinking CXX shared library libethercat_msgs__rosidl_typesupport_cpp.so[0m
[1.798s] [ 69%] Built target ethercat_msgs__rosidl_typesupport_introspection_c
[1.827s] [ 69%] Built target ethercat_msgs__rosidl_typesupport_cpp
[1.854s] [ 69%] Built target ethercat_msgs__rosidl_typesupport_fastrtps_cpp
[1.884s] [ 71%] [32m[1mLinking CXX shared library libethercat_msgs__rosidl_typesupport_introspection_cpp.so[0m
[1.923s] [ 71%] Built target ethercat_msgs__rosidl_typesupport_introspection_cpp
[2.001s] [ 74%] [32m[1mLinking CXX shared library libethercat_msgs__rosidl_typesupport_fastrtps_c.so[0m
[2.043s] [ 74%] Built target ethercat_msgs__rosidl_typesupport_fastrtps_c
[2.053s] [ 74%] Built target ethercat_msgs
[2.064s] [ 76%] [34m[1mGenerating Python code for ROS interfaces[0m
[2.361s] [ 76%] Built target ethercat_msgs__py
[2.372s] [ 82%] [32mBuilding C object CMakeFiles/ethercat_msgs__rosidl_generator_py.dir/rosidl_generator_py/ethercat_msgs/srv/_get_sdo_s.c.o[0m
[2.372s] [ 82%] [32mBuilding C object CMakeFiles/ethercat_msgs__rosidl_generator_py.dir/rosidl_generator_py/ethercat_msgs/srv/_set_sdo_s.c.o[0m
[2.437s] [ 84%] [32m[1mLinking C shared library rosidl_generator_py/ethercat_msgs/libethercat_msgs__rosidl_generator_py.so[0m
[2.461s] [ 84%] Built target ethercat_msgs__rosidl_generator_py
[2.472s] [ 89%] [32mBuilding C object CMakeFiles/ethercat_msgs__rosidl_typesupport_fastrtps_c__pyext.dir/rosidl_generator_py/ethercat_msgs/_ethercat_msgs_s.ep.rosidl_typesupport_fastrtps_c.c.o[0m
[2.472s] [ 89%] [32mBuilding C object CMakeFiles/ethercat_msgs__rosidl_typesupport_introspection_c__pyext.dir/rosidl_generator_py/ethercat_msgs/_ethercat_msgs_s.ep.rosidl_typesupport_introspection_c.c.o[0m
[2.475s] [ 92%] [32mBuilding C object CMakeFiles/ethercat_msgs__rosidl_typesupport_c__pyext.dir/rosidl_generator_py/ethercat_msgs/_ethercat_msgs_s.ep.rosidl_typesupport_c.c.o[0m
[2.529s] [ 94%] [32m[1mLinking C shared library rosidl_generator_py/ethercat_msgs/ethercat_msgs_s__rosidl_typesupport_introspection_c.cpython-310-x86_64-linux-gnu.so[0m
[2.529s] [ 97%] [32m[1mLinking C shared library rosidl_generator_py/ethercat_msgs/ethercat_msgs_s__rosidl_typesupport_fastrtps_c.cpython-310-x86_64-linux-gnu.so[0m
[2.535s] [100%] [32m[1mLinking C shared library rosidl_generator_py/ethercat_msgs/ethercat_msgs_s__rosidl_typesupport_c.cpython-310-x86_64-linux-gnu.so[0m
[2.547s] [100%] Built target ethercat_msgs__rosidl_typesupport_introspection_c__pyext
[2.547s] [100%] Built target ethercat_msgs__rosidl_typesupport_fastrtps_c__pyext
[2.553s] [100%] Built target ethercat_msgs__rosidl_typesupport_c__pyext
[2.560s] Invoked command in '/home/telecom/ros2_pant_ec_ws/build/ethercat_msgs' returned '0': CMAKE_PREFIX_PATH=${CMAKE_PREFIX_PATH}:/opt/ros/humble /usr/bin/cmake --build /home/telecom/ros2_pant_ec_ws/build/ethercat_msgs -- -j20 -l20
[2.607s] Invoking command in '/home/telecom/ros2_pant_ec_ws/build/ethercat_msgs': CMAKE_PREFIX_PATH=${CMAKE_PREFIX_PATH}:/opt/ros/humble /usr/bin/cmake --install /home/telecom/ros2_pant_ec_ws/build/ethercat_msgs
[2.612s] -- Install configuration: ""
[2.612s] -- Installing: /home/telecom/ros2_pant_ec_ws/install/ethercat_msgs/share/ament_index/resource_index/rosidl_interfaces/ethercat_msgs
[2.612s] -- Installing: /home/telecom/ros2_pant_ec_ws/install/ethercat_msgs/include/ethercat_msgs/ethercat_msgs
[2.612s] -- Installing: /home/telecom/ros2_pant_ec_ws/install/ethercat_msgs/include/ethercat_msgs/ethercat_msgs/srv
[2.612s] -- Installing: /home/telecom/ros2_pant_ec_ws/install/ethercat_msgs/include/ethercat_msgs/ethercat_msgs/srv/detail
[2.612s] -- Installing: /home/telecom/ros2_pant_ec_ws/install/ethercat_msgs/include/ethercat_msgs/ethercat_msgs/srv/detail/get_sdo__functions.c
[2.612s] -- Installing: /home/telecom/ros2_pant_ec_ws/install/ethercat_msgs/include/ethercat_msgs/ethercat_msgs/srv/detail/get_sdo__struct.h
[2.612s] -- Installing: /home/telecom/ros2_pant_ec_ws/install/ethercat_msgs/include/ethercat_msgs/ethercat_msgs/srv/detail/set_sdo__type_support.h
[2.612s] -- Installing: /home/telecom/ros2_pant_ec_ws/install/ethercat_msgs/include/ethercat_msgs/ethercat_msgs/srv/detail/set_sdo__struct.h
[2.612s] -- Installing: /home/telecom/ros2_pant_ec_ws/install/ethercat_msgs/include/ethercat_msgs/ethercat_msgs/srv/detail/set_sdo__functions.h
[2.612s] -- Installing: /home/telecom/ros2_pant_ec_ws/install/ethercat_msgs/include/ethercat_msgs/ethercat_msgs/srv/detail/get_sdo__functions.h
[2.612s] -- Installing: /home/telecom/ros2_pant_ec_ws/install/ethercat_msgs/include/ethercat_msgs/ethercat_msgs/srv/detail/get_sdo__type_support.h
[2.612s] -- Installing: /home/telecom/ros2_pant_ec_ws/install/ethercat_msgs/include/ethercat_msgs/ethercat_msgs/srv/detail/set_sdo__functions.c
[2.613s] -- Installing: /home/telecom/ros2_pant_ec_ws/install/ethercat_msgs/include/ethercat_msgs/ethercat_msgs/srv/get_sdo.h
[2.613s] -- Installing: /home/telecom/ros2_pant_ec_ws/install/ethercat_msgs/include/ethercat_msgs/ethercat_msgs/srv/set_sdo.h
[2.613s] -- Installing: /home/telecom/ros2_pant_ec_ws/install/ethercat_msgs/include/ethercat_msgs/ethercat_msgs/msg
[2.613s] -- Installing: /home/telecom/ros2_pant_ec_ws/install/ethercat_msgs/include/ethercat_msgs/ethercat_msgs/msg/rosidl_generator_c__visibility_control.h
[2.613s] -- Installing: /home/telecom/ros2_pant_ec_ws/install/ethercat_msgs/share/ethercat_msgs/environment/library_path.sh
[2.613s] -- Installing: /home/telecom/ros2_pant_ec_ws/install/ethercat_msgs/share/ethercat_msgs/environment/library_path.dsv
[2.613s] -- Installing: /home/telecom/ros2_pant_ec_ws/install/ethercat_msgs/lib/libethercat_msgs__rosidl_generator_c.so
[2.613s] -- Set runtime path of "/home/telecom/ros2_pant_ec_ws/install/ethercat_msgs/lib/libethercat_msgs__rosidl_generator_c.so" to ""
[2.613s] -- Up-to-date: /home/telecom/ros2_pant_ec_ws/install/ethercat_msgs/include/ethercat_msgs/ethercat_msgs
[2.613s] -- Up-to-date: /home/telecom/ros2_pant_ec_ws/install/ethercat_msgs/include/ethercat_msgs/ethercat_msgs/srv
[2.613s] -- Up-to-date: /home/telecom/ros2_pant_ec_ws/install/ethercat_msgs/include/ethercat_msgs/ethercat_msgs/srv/detail
[2.613s] -- Installing: /home/telecom/ros2_pant_ec_ws/install/ethercat_msgs/include/ethercat_msgs/ethercat_msgs/srv/detail/set_sdo__rosidl_typesupport_fastrtps_c.h
[2.613s] -- Installing: /home/telecom/ros2_pant_ec_ws/install/ethercat_msgs/include/ethercat_msgs/ethercat_msgs/srv/detail/get_sdo__rosidl_typesupport_fastrtps_c.h
[2.613s] -- Up-to-date: /home/telecom/ros2_pant_ec_ws/install/ethercat_msgs/include/ethercat_msgs/ethercat_msgs/msg
[2.613s] -- Installing: /home/telecom/ros2_pant_ec_ws/install/ethercat_msgs/include/ethercat_msgs/ethercat_msgs/msg/rosidl_typesupport_fastrtps_c__visibility_control.h
[2.613s] -- Installing: /home/telecom/ros2_pant_ec_ws/install/ethercat_msgs/lib/libethercat_msgs__rosidl_typesupport_fastrtps_c.so
[2.613s] -- Set runtime path of "/home/telecom/ros2_pant_ec_ws/install/ethercat_msgs/lib/libethercat_msgs__rosidl_typesupport_fastrtps_c.so" to ""
[2.614s] -- Up-to-date: /home/telecom/ros2_pant_ec_ws/install/ethercat_msgs/include/ethercat_msgs/ethercat_msgs
[2.614s] -- Up-to-date: /home/telecom/ros2_pant_ec_ws/install/ethercat_msgs/include/ethercat_msgs/ethercat_msgs/srv
[2.614s] -- Up-to-date: /home/telecom/ros2_pant_ec_ws/install/ethercat_msgs/include/ethercat_msgs/ethercat_msgs/srv/detail
[2.614s] -- Installing: /home/telecom/ros2_pant_ec_ws/install/ethercat_msgs/include/ethercat_msgs/ethercat_msgs/srv/detail/set_sdo__rosidl_typesupport_introspection_c.h
[2.614s] -- Installing: /home/telecom/ros2_pant_ec_ws/install/ethercat_msgs/include/ethercat_msgs/ethercat_msgs/srv/detail/set_sdo__type_support.c
[2.614s] -- Installing: /home/telecom/ros2_pant_ec_ws/install/ethercat_msgs/include/ethercat_msgs/ethercat_msgs/srv/detail/get_sdo__rosidl_typesupport_introspection_c.h
[2.614s] -- Installing: /home/telecom/ros2_pant_ec_ws/install/ethercat_msgs/include/ethercat_msgs/ethercat_msgs/srv/detail/get_sdo__type_support.c
[2.614s] -- Up-to-date: /home/telecom/ros2_pant_ec_ws/install/ethercat_msgs/include/ethercat_msgs/ethercat_msgs/msg
[2.614s] -- Installing: /home/telecom/ros2_pant_ec_ws/install/ethercat_msgs/include/ethercat_msgs/ethercat_msgs/msg/rosidl_typesupport_introspection_c__visibility_control.h
[2.614s] -- Installing: /home/telecom/ros2_pant_ec_ws/install/ethercat_msgs/lib/libethercat_msgs__rosidl_typesupport_introspection_c.so
[2.614s] -- Set runtime path of "/home/telecom/ros2_pant_ec_ws/install/ethercat_msgs/lib/libethercat_msgs__rosidl_typesupport_introspection_c.so" to ""
[2.614s] -- Installing: /home/telecom/ros2_pant_ec_ws/install/ethercat_msgs/lib/libethercat_msgs__rosidl_typesupport_c.so
[2.614s] -- Set runtime path of "/home/telecom/ros2_pant_ec_ws/install/ethercat_msgs/lib/libethercat_msgs__rosidl_typesupport_c.so" to ""
[2.614s] -- Up-to-date: /home/telecom/ros2_pant_ec_ws/install/ethercat_msgs/include/ethercat_msgs/ethercat_msgs
[2.614s] -- Up-to-date: /home/telecom/ros2_pant_ec_ws/install/ethercat_msgs/include/ethercat_msgs/ethercat_msgs/srv
[2.614s] -- Up-to-date: /home/telecom/ros2_pant_ec_ws/install/ethercat_msgs/include/ethercat_msgs/ethercat_msgs/srv/detail
[2.614s] -- Installing: /home/telecom/ros2_pant_ec_ws/install/ethercat_msgs/include/ethercat_msgs/ethercat_msgs/srv/detail/set_sdo__traits.hpp
[2.615s] -- Installing: /home/telecom/ros2_pant_ec_ws/install/ethercat_msgs/include/ethercat_msgs/ethercat_msgs/srv/detail/set_sdo__builder.hpp
[2.615s] -- Installing: /home/telecom/ros2_pant_ec_ws/install/ethercat_msgs/include/ethercat_msgs/ethercat_msgs/srv/detail/set_sdo__struct.hpp
[2.615s] -- Installing: /home/telecom/ros2_pant_ec_ws/install/ethercat_msgs/include/ethercat_msgs/ethercat_msgs/srv/detail/get_sdo__struct.hpp
[2.615s] -- Installing: /home/telecom/ros2_pant_ec_ws/install/ethercat_msgs/include/ethercat_msgs/ethercat_msgs/srv/detail/get_sdo__traits.hpp
[2.615s] -- Installing: /home/telecom/ros2_pant_ec_ws/install/ethercat_msgs/include/ethercat_msgs/ethercat_msgs/srv/detail/get_sdo__builder.hpp
[2.615s] -- Installing: /home/telecom/ros2_pant_ec_ws/install/ethercat_msgs/include/ethercat_msgs/ethercat_msgs/srv/set_sdo.hpp
[2.615s] -- Installing: /home/telecom/ros2_pant_ec_ws/install/ethercat_msgs/include/ethercat_msgs/ethercat_msgs/srv/get_sdo.hpp
[2.615s] -- Up-to-date: /home/telecom/ros2_pant_ec_ws/install/ethercat_msgs/include/ethercat_msgs/ethercat_msgs
[2.615s] -- Up-to-date: /home/telecom/ros2_pant_ec_ws/install/ethercat_msgs/include/ethercat_msgs/ethercat_msgs/srv
[2.615s] -- Up-to-date: /home/telecom/ros2_pant_ec_ws/install/ethercat_msgs/include/ethercat_msgs/ethercat_msgs/srv/detail
[2.615s] -- Installing: /home/telecom/ros2_pant_ec_ws/install/ethercat_msgs/include/ethercat_msgs/ethercat_msgs/srv/detail/get_sdo__rosidl_typesupport_fastrtps_cpp.hpp
[2.615s] -- Installing: /home/telecom/ros2_pant_ec_ws/install/ethercat_msgs/include/ethercat_msgs/ethercat_msgs/srv/detail/dds_fastrtps
[2.615s] -- Installing: /home/telecom/ros2_pant_ec_ws/install/ethercat_msgs/include/ethercat_msgs/ethercat_msgs/srv/detail/set_sdo__rosidl_typesupport_fastrtps_cpp.hpp
[2.615s] -- Up-to-date: /home/telecom/ros2_pant_ec_ws/install/ethercat_msgs/include/ethercat_msgs/ethercat_msgs/msg
[2.615s] -- Installing: /home/telecom/ros2_pant_ec_ws/install/ethercat_msgs/include/ethercat_msgs/ethercat_msgs/msg/rosidl_typesupport_fastrtps_cpp__visibility_control.h
[2.615s] -- Installing: /home/telecom/ros2_pant_ec_ws/install/ethercat_msgs/lib/libethercat_msgs__rosidl_typesupport_fastrtps_cpp.so
[2.615s] -- Set runtime path of "/home/telecom/ros2_pant_ec_ws/install/ethercat_msgs/lib/libethercat_msgs__rosidl_typesupport_fastrtps_cpp.so" to ""
[2.615s] -- Up-to-date: /home/telecom/ros2_pant_ec_ws/install/ethercat_msgs/include/ethercat_msgs/ethercat_msgs
[2.615s] -- Up-to-date: /home/telecom/ros2_pant_ec_ws/install/ethercat_msgs/include/ethercat_msgs/ethercat_msgs/srv
[2.616s] -- Up-to-date: /home/telecom/ros2_pant_ec_ws/install/ethercat_msgs/include/ethercat_msgs/ethercat_msgs/srv/detail
[2.616s] -- Installing: /home/telecom/ros2_pant_ec_ws/install/ethercat_msgs/include/ethercat_msgs/ethercat_msgs/srv/detail/set_sdo__type_support.cpp
[2.616s] -- Installing: /home/telecom/ros2_pant_ec_ws/install/ethercat_msgs/include/ethercat_msgs/ethercat_msgs/srv/detail/set_sdo__rosidl_typesupport_introspection_cpp.hpp
[2.616s] -- Installing: /home/telecom/ros2_pant_ec_ws/install/ethercat_msgs/include/ethercat_msgs/ethercat_msgs/srv/detail/get_sdo__rosidl_typesupport_introspection_cpp.hpp
[2.616s] -- Installing: /home/telecom/ros2_pant_ec_ws/install/ethercat_msgs/include/ethercat_msgs/ethercat_msgs/srv/detail/get_sdo__type_support.cpp
[2.616s] -- Installing: /home/telecom/ros2_pant_ec_ws/install/ethercat_msgs/lib/libethercat_msgs__rosidl_typesupport_introspection_cpp.so
[2.616s] -- Set runtime path of "/home/telecom/ros2_pant_ec_ws/install/ethercat_msgs/lib/libethercat_msgs__rosidl_typesupport_introspection_cpp.so" to ""
[2.616s] -- Installing: /home/telecom/ros2_pant_ec_ws/install/ethercat_msgs/lib/libethercat_msgs__rosidl_typesupport_cpp.so
[2.616s] -- Set runtime path of "/home/telecom/ros2_pant_ec_ws/install/ethercat_msgs/lib/libethercat_msgs__rosidl_typesupport_cpp.so" to ""
[2.616s] -- Installing: /home/telecom/ros2_pant_ec_ws/install/ethercat_msgs/share/ethercat_msgs/environment/pythonpath.sh
[2.616s] -- Installing: /home/telecom/ros2_pant_ec_ws/install/ethercat_msgs/share/ethercat_msgs/environment/pythonpath.dsv
[2.616s] -- Installing: /home/telecom/ros2_pant_ec_ws/install/ethercat_msgs/local/lib/python3.10/dist-packages/ethercat_msgs-1.2.0-py3.10.egg-info
[2.616s] -- Installing: /home/telecom/ros2_pant_ec_ws/install/ethercat_msgs/local/lib/python3.10/dist-packages/ethercat_msgs-1.2.0-py3.10.egg-info/PKG-INFO
[2.616s] -- Installing: /home/telecom/ros2_pant_ec_ws/install/ethercat_msgs/local/lib/python3.10/dist-packages/ethercat_msgs-1.2.0-py3.10.egg-info/dependency_links.txt
[2.616s] -- Installing: /home/telecom/ros2_pant_ec_ws/install/ethercat_msgs/local/lib/python3.10/dist-packages/ethercat_msgs-1.2.0-py3.10.egg-info/SOURCES.txt
[2.616s] -- Installing: /home/telecom/ros2_pant_ec_ws/install/ethercat_msgs/local/lib/python3.10/dist-packages/ethercat_msgs-1.2.0-py3.10.egg-info/top_level.txt
[2.616s] -- Installing: /home/telecom/ros2_pant_ec_ws/install/ethercat_msgs/local/lib/python3.10/dist-packages/ethercat_msgs
[2.616s] -- Installing: /home/telecom/ros2_pant_ec_ws/install/ethercat_msgs/local/lib/python3.10/dist-packages/ethercat_msgs/_ethercat_msgs_s.ep.rosidl_typesupport_introspection_c.c
[2.616s] -- Installing: /home/telecom/ros2_pant_ec_ws/install/ethercat_msgs/local/lib/python3.10/dist-packages/ethercat_msgs/ethercat_msgs_s__rosidl_typesupport_c.cpython-310-x86_64-linux-gnu.so
[2.616s] -- Installing: /home/telecom/ros2_pant_ec_ws/install/ethercat_msgs/local/lib/python3.10/dist-packages/ethercat_msgs/_ethercat_msgs_s.ep.rosidl_typesupport_c.c
[2.616s] -- Installing: /home/telecom/ros2_pant_ec_ws/install/ethercat_msgs/local/lib/python3.10/dist-packages/ethercat_msgs/__init__.py
[2.617s] -- Installing: /home/telecom/ros2_pant_ec_ws/install/ethercat_msgs/local/lib/python3.10/dist-packages/ethercat_msgs/_ethercat_msgs_s.ep.rosidl_typesupport_fastrtps_c.c
[2.617s] -- Installing: /home/telecom/ros2_pant_ec_ws/install/ethercat_msgs/local/lib/python3.10/dist-packages/ethercat_msgs/ethercat_msgs_s__rosidl_typesupport_fastrtps_c.cpython-310-x86_64-linux-gnu.so
[2.617s] -- Installing: /home/telecom/ros2_pant_ec_ws/install/ethercat_msgs/local/lib/python3.10/dist-packages/ethercat_msgs/ethercat_msgs_s__rosidl_typesupport_introspection_c.cpython-310-x86_64-linux-gnu.so
[2.617s] -- Installing: /home/telecom/ros2_pant_ec_ws/install/ethercat_msgs/local/lib/python3.10/dist-packages/ethercat_msgs/srv
[2.617s] -- Installing: /home/telecom/ros2_pant_ec_ws/install/ethercat_msgs/local/lib/python3.10/dist-packages/ethercat_msgs/srv/_set_sdo_s.c
[2.617s] -- Installing: /home/telecom/ros2_pant_ec_ws/install/ethercat_msgs/local/lib/python3.10/dist-packages/ethercat_msgs/srv/__init__.py
[2.617s] -- Installing: /home/telecom/ros2_pant_ec_ws/install/ethercat_msgs/local/lib/python3.10/dist-packages/ethercat_msgs/srv/_get_sdo.py
[2.617s] -- Installing: /home/telecom/ros2_pant_ec_ws/install/ethercat_msgs/local/lib/python3.10/dist-packages/ethercat_msgs/srv/_get_sdo_s.c
[2.617s] -- Installing: /home/telecom/ros2_pant_ec_ws/install/ethercat_msgs/local/lib/python3.10/dist-packages/ethercat_msgs/srv/_set_sdo.py
[2.617s] -- Installing: /home/telecom/ros2_pant_ec_ws/install/ethercat_msgs/local/lib/python3.10/dist-packages/ethercat_msgs/libethercat_msgs__rosidl_generator_py.so
[2.638s] Listing '/home/telecom/ros2_pant_ec_ws/install/ethercat_msgs/local/lib/python3.10/dist-packages/ethercat_msgs'...
[2.638s] Compiling '/home/telecom/ros2_pant_ec_ws/install/ethercat_msgs/local/lib/python3.10/dist-packages/ethercat_msgs/__init__.py'...
[2.638s] Listing '/home/telecom/ros2_pant_ec_ws/install/ethercat_msgs/local/lib/python3.10/dist-packages/ethercat_msgs/srv'...
[2.638s] Compiling '/home/telecom/ros2_pant_ec_ws/install/ethercat_msgs/local/lib/python3.10/dist-packages/ethercat_msgs/srv/__init__.py'...
[2.638s] Compiling '/home/telecom/ros2_pant_ec_ws/install/ethercat_msgs/local/lib/python3.10/dist-packages/ethercat_msgs/srv/_get_sdo.py'...
[2.638s] Compiling '/home/telecom/ros2_pant_ec_ws/install/ethercat_msgs/local/lib/python3.10/dist-packages/ethercat_msgs/srv/_set_sdo.py'...
[2.641s] -- Installing: /home/telecom/ros2_pant_ec_ws/install/ethercat_msgs/local/lib/python3.10/dist-packages/ethercat_msgs/ethercat_msgs_s__rosidl_typesupport_fastrtps_c.cpython-310-x86_64-linux-gnu.so
[2.641s] -- Set runtime path of "/home/telecom/ros2_pant_ec_ws/install/ethercat_msgs/local/lib/python3.10/dist-packages/ethercat_msgs/ethercat_msgs_s__rosidl_typesupport_fastrtps_c.cpython-310-x86_64-linux-gnu.so" to ""
[2.641s] -- Installing: /home/telecom/ros2_pant_ec_ws/install/ethercat_msgs/local/lib/python3.10/dist-packages/ethercat_msgs/ethercat_msgs_s__rosidl_typesupport_introspection_c.cpython-310-x86_64-linux-gnu.so
[2.641s] -- Set runtime path of "/home/telecom/ros2_pant_ec_ws/install/ethercat_msgs/local/lib/python3.10/dist-packages/ethercat_msgs/ethercat_msgs_s__rosidl_typesupport_introspection_c.cpython-310-x86_64-linux-gnu.so" to ""
[2.641s] -- Installing: /home/telecom/ros2_pant_ec_ws/install/ethercat_msgs/local/lib/python3.10/dist-packages/ethercat_msgs/ethercat_msgs_s__rosidl_typesupport_c.cpython-310-x86_64-linux-gnu.so
[2.641s] -- Set runtime path of "/home/telecom/ros2_pant_ec_ws/install/ethercat_msgs/local/lib/python3.10/dist-packages/ethercat_msgs/ethercat_msgs_s__rosidl_typesupport_c.cpython-310-x86_64-linux-gnu.so" to ""
[2.641s] -- Installing: /home/telecom/ros2_pant_ec_ws/install/ethercat_msgs/lib/libethercat_msgs__rosidl_generator_py.so
[2.641s] -- Set runtime path of "/home/telecom/ros2_pant_ec_ws/install/ethercat_msgs/lib/libethercat_msgs__rosidl_generator_py.so" to ""
[2.641s] -- Installing: /home/telecom/ros2_pant_ec_ws/install/ethercat_msgs/share/ethercat_msgs/srv/SetSdo.idl
[2.642s] -- Installing: /home/telecom/ros2_pant_ec_ws/install/ethercat_msgs/share/ethercat_msgs/srv/GetSdo.idl
[2.642s] -- Installing: /home/telecom/ros2_pant_ec_ws/install/ethercat_msgs/share/ethercat_msgs/srv/SetSdo.srv
[2.642s] -- Installing: /home/telecom/ros2_pant_ec_ws/install/ethercat_msgs/share/ethercat_msgs/srv/SetSdo_Request.msg
[2.642s] -- Installing: /home/telecom/ros2_pant_ec_ws/install/ethercat_msgs/share/ethercat_msgs/srv/SetSdo_Response.msg
[2.642s] -- Installing: /home/telecom/ros2_pant_ec_ws/install/ethercat_msgs/share/ethercat_msgs/srv/GetSdo.srv
[2.642s] -- Installing: /home/telecom/ros2_pant_ec_ws/install/ethercat_msgs/share/ethercat_msgs/srv/GetSdo_Request.msg
[2.642s] -- Installing: /home/telecom/ros2_pant_ec_ws/install/ethercat_msgs/share/ethercat_msgs/srv/GetSdo_Response.msg
[2.642s] -- Installing: /home/telecom/ros2_pant_ec_ws/install/ethercat_msgs/share/ament_index/resource_index/package_run_dependencies/ethercat_msgs
[2.642s] -- Installing: /home/telecom/ros2_pant_ec_ws/install/ethercat_msgs/share/ament_index/resource_index/parent_prefix_path/ethercat_msgs
[2.642s] -- Installing: /home/telecom/ros2_pant_ec_ws/install/ethercat_msgs/share/ethercat_msgs/environment/ament_prefix_path.sh
[2.642s] -- Installing: /home/telecom/ros2_pant_ec_ws/install/ethercat_msgs/share/ethercat_msgs/environment/ament_prefix_path.dsv
[2.642s] -- Installing: /home/telecom/ros2_pant_ec_ws/install/ethercat_msgs/share/ethercat_msgs/environment/path.sh
[2.642s] -- Installing: /home/telecom/ros2_pant_ec_ws/install/ethercat_msgs/share/ethercat_msgs/environment/path.dsv
[2.642s] -- Installing: /home/telecom/ros2_pant_ec_ws/install/ethercat_msgs/share/ethercat_msgs/local_setup.bash
[2.643s] -- Installing: /home/telecom/ros2_pant_ec_ws/install/ethercat_msgs/share/ethercat_msgs/local_setup.sh
[2.643s] -- Installing: /home/telecom/ros2_pant_ec_ws/install/ethercat_msgs/share/ethercat_msgs/local_setup.zsh
[2.643s] -- Installing: /home/telecom/ros2_pant_ec_ws/install/ethercat_msgs/share/ethercat_msgs/local_setup.dsv
[2.643s] -- Installing: /home/telecom/ros2_pant_ec_ws/install/ethercat_msgs/share/ethercat_msgs/package.dsv
[2.643s] -- Installing: /home/telecom/ros2_pant_ec_ws/install/ethercat_msgs/share/ament_index/resource_index/packages/ethercat_msgs
[2.643s] -- Installing: /home/telecom/ros2_pant_ec_ws/install/ethercat_msgs/share/ethercat_msgs/cmake/export_ethercat_msgs__rosidl_generator_cExport.cmake
[2.643s] -- Installing: /home/telecom/ros2_pant_ec_ws/install/ethercat_msgs/share/ethercat_msgs/cmake/export_ethercat_msgs__rosidl_generator_cExport-noconfig.cmake
[2.643s] -- Installing: /home/telecom/ros2_pant_ec_ws/install/ethercat_msgs/share/ethercat_msgs/cmake/export_ethercat_msgs__rosidl_typesupport_fastrtps_cExport.cmake
[2.643s] -- Installing: /home/telecom/ros2_pant_ec_ws/install/ethercat_msgs/share/ethercat_msgs/cmake/export_ethercat_msgs__rosidl_typesupport_fastrtps_cExport-noconfig.cmake
[2.643s] -- Installing: /home/telecom/ros2_pant_ec_ws/install/ethercat_msgs/share/ethercat_msgs/cmake/ethercat_msgs__rosidl_typesupport_introspection_cExport.cmake
[2.643s] -- Installing: /home/telecom/ros2_pant_ec_ws/install/ethercat_msgs/share/ethercat_msgs/cmake/ethercat_msgs__rosidl_typesupport_introspection_cExport-noconfig.cmake
[2.643s] -- Installing: /home/telecom/ros2_pant_ec_ws/install/ethercat_msgs/share/ethercat_msgs/cmake/ethercat_msgs__rosidl_typesupport_cExport.cmake
[2.643s] -- Installing: /home/telecom/ros2_pant_ec_ws/install/ethercat_msgs/share/ethercat_msgs/cmake/ethercat_msgs__rosidl_typesupport_cExport-noconfig.cmake
[2.643s] -- Installing: /home/telecom/ros2_pant_ec_ws/install/ethercat_msgs/share/ethercat_msgs/cmake/export_ethercat_msgs__rosidl_generator_cppExport.cmake
[2.643s] -- Installing: /home/telecom/ros2_pant_ec_ws/install/ethercat_msgs/share/ethercat_msgs/cmake/export_ethercat_msgs__rosidl_typesupport_fastrtps_cppExport.cmake
[2.643s] -- Installing: /home/telecom/ros2_pant_ec_ws/install/ethercat_msgs/share/ethercat_msgs/cmake/export_ethercat_msgs__rosidl_typesupport_fastrtps_cppExport-noconfig.cmake
[2.643s] -- Installing: /home/telecom/ros2_pant_ec_ws/install/ethercat_msgs/share/ethercat_msgs/cmake/ethercat_msgs__rosidl_typesupport_introspection_cppExport.cmake
[2.643s] -- Installing: /home/telecom/ros2_pant_ec_ws/install/ethercat_msgs/share/ethercat_msgs/cmake/ethercat_msgs__rosidl_typesupport_introspection_cppExport-noconfig.cmake
[2.643s] -- Installing: /home/telecom/ros2_pant_ec_ws/install/ethercat_msgs/share/ethercat_msgs/cmake/ethercat_msgs__rosidl_typesupport_cppExport.cmake
[2.643s] -- Installing: /home/telecom/ros2_pant_ec_ws/install/ethercat_msgs/share/ethercat_msgs/cmake/ethercat_msgs__rosidl_typesupport_cppExport-noconfig.cmake
[2.643s] -- Installing: /home/telecom/ros2_pant_ec_ws/install/ethercat_msgs/share/ethercat_msgs/cmake/export_ethercat_msgs__rosidl_generator_pyExport.cmake
[2.643s] -- Installing: /home/telecom/ros2_pant_ec_ws/install/ethercat_msgs/share/ethercat_msgs/cmake/export_ethercat_msgs__rosidl_generator_pyExport-noconfig.cmake
[2.643s] -- Installing: /home/telecom/ros2_pant_ec_ws/install/ethercat_msgs/share/ethercat_msgs/cmake/rosidl_cmake-extras.cmake
[2.643s] -- Installing: /home/telecom/ros2_pant_ec_ws/install/ethercat_msgs/share/ethercat_msgs/cmake/ament_cmake_export_include_directories-extras.cmake
[2.643s] -- Installing: /home/telecom/ros2_pant_ec_ws/install/ethercat_msgs/share/ethercat_msgs/cmake/ament_cmake_export_libraries-extras.cmake
[2.644s] -- Installing: /home/telecom/ros2_pant_ec_ws/install/ethercat_msgs/share/ethercat_msgs/cmake/ament_cmake_export_targets-extras.cmake
[2.644s] -- Installing: /home/telecom/ros2_pant_ec_ws/install/ethercat_msgs/share/ethercat_msgs/cmake/rosidl_cmake_export_typesupport_targets-extras.cmake
[2.644s] -- Installing: /home/telecom/ros2_pant_ec_ws/install/ethercat_msgs/share/ethercat_msgs/cmake/ament_cmake_export_dependencies-extras.cmake
[2.644s] -- Installing: /home/telecom/ros2_pant_ec_ws/install/ethercat_msgs/share/ethercat_msgs/cmake/rosidl_cmake_export_typesupport_libraries-extras.cmake
[2.644s] -- Installing: /home/telecom/ros2_pant_ec_ws/install/ethercat_msgs/share/ethercat_msgs/cmake/ethercat_msgsConfig.cmake
[2.644s] -- Installing: /home/telecom/ros2_pant_ec_ws/install/ethercat_msgs/share/ethercat_msgs/cmake/ethercat_msgsConfig-version.cmake
[2.644s] -- Installing: /home/telecom/ros2_pant_ec_ws/install/ethercat_msgs/share/ethercat_msgs/package.xml
[2.645s] Invoked command in '/home/telecom/ros2_pant_ec_ws/build/ethercat_msgs' returned '0': CMAKE_PREFIX_PATH=${CMAKE_PREFIX_PATH}:/opt/ros/humble /usr/bin/cmake --install /home/telecom/ros2_pant_ec_ws/build/ethercat_msgs
