[0.151s] DEBUG:colcon:Command line arguments: ['/usr/bin/colcon', 'build', '--packages-select', 'pant_nodes']
[0.151s] DEBUG:colcon:Parsed command line arguments: Namespace(log_base=None, log_level=None, verb_name='build', build_base='build', install_base='install', merge_install=False, symlink_install=False, test_result_base=None, continue_on_error=False, executor='parallel', parallel_workers=20, event_handlers=None, ignore_user_meta=False, metas=['./colcon.meta'], base_paths=['.'], packages_ignore=None, packages_ignore_regex=None, paths=None, packages_up_to=None, packages_up_to_regex=None, packages_above=None, packages_above_and_dependencies=None, packages_above_depth=None, packages_select_by_dep=None, packages_skip_by_dep=None, packages_skip_up_to=None, packages_select_build_failed=False, packages_skip_build_finished=False, packages_select_test_failures=False, packages_skip_test_passed=False, packages_select=['pant_nodes'], packages_skip=None, packages_select_regex=None, packages_skip_regex=None, packages_start=None, packages_end=None, allow_overriding=[], cmake_args=None, cmake_target=None, cmake_target_skip_unavailable=False, cmake_clean_cache=False, cmake_clean_first=False, cmake_force_configure=False, ament_cmake_args=None, catkin_cmake_args=None, catkin_skip_building_tests=False, verb_parser=<colcon_defaults.argument_parser.defaults.DefaultArgumentsDecorator object at 0x7f1d4fbc6290>, verb_extension=<colcon_core.verb.build.BuildVerb object at 0x7f1d4fc17eb0>, main=<bound method BuildVerb.main of <colcon_core.verb.build.BuildVerb object at 0x7f1d4fc17eb0>>)
[0.167s] Level 1:colcon.colcon_core.package_discovery:discover_packages(colcon_meta) check parameters
[0.167s] Level 1:colcon.colcon_core.package_discovery:discover_packages(recursive) check parameters
[0.167s] Level 1:colcon.colcon_core.package_discovery:discover_packages(ignore) check parameters
[0.167s] Level 1:colcon.colcon_core.package_discovery:discover_packages(path) check parameters
[0.167s] Level 1:colcon.colcon_core.package_discovery:discover_packages(colcon_meta) discover
[0.167s] Level 1:colcon.colcon_core.package_discovery:discover_packages(recursive) discover
[0.167s] INFO:colcon.colcon_core.package_discovery:Crawling recursively for packages in '/home/telecom/ros2_pant_ec_ws'
[0.167s] Level 1:colcon.colcon_core.package_identification:_identify(.) by extensions ['ignore', 'ignore_ament_install']
[0.167s] Level 1:colcon.colcon_core.package_identification:_identify(.) by extension 'ignore'
[0.167s] Level 1:colcon.colcon_core.package_identification:_identify(.) by extension 'ignore_ament_install'
[0.167s] Level 1:colcon.colcon_core.package_identification:_identify(.) by extensions ['colcon_pkg']
[0.167s] Level 1:colcon.colcon_core.package_identification:_identify(.) by extension 'colcon_pkg'
[0.167s] Level 1:colcon.colcon_core.package_identification:_identify(.) by extensions ['colcon_meta']
[0.167s] Level 1:colcon.colcon_core.package_identification:_identify(.) by extension 'colcon_meta'
[0.167s] Level 1:colcon.colcon_core.package_identification:_identify(.) by extensions ['ros']
[0.167s] Level 1:colcon.colcon_core.package_identification:_identify(.) by extension 'ros'
[0.173s] Level 1:colcon.colcon_core.package_identification:_identify(.) by extensions ['cmake', 'python']
[0.173s] Level 1:colcon.colcon_core.package_identification:_identify(.) by extension 'cmake'
[0.173s] Level 1:colcon.colcon_core.package_identification:_identify(.) by extension 'python'
[0.174s] Level 1:colcon.colcon_core.package_identification:_identify(.) by extensions ['python_setup_py']
[0.174s] Level 1:colcon.colcon_core.package_identification:_identify(.) by extension 'python_setup_py'
[0.174s] Level 1:colcon.colcon_core.package_identification:_identify(build) by extensions ['ignore', 'ignore_ament_install']
[0.174s] Level 1:colcon.colcon_core.package_identification:_identify(build) by extension 'ignore'
[0.174s] Level 1:colcon.colcon_core.package_identification:_identify(build) ignored
[0.174s] Level 1:colcon.colcon_core.package_identification:_identify(install) by extensions ['ignore', 'ignore_ament_install']
[0.174s] Level 1:colcon.colcon_core.package_identification:_identify(install) by extension 'ignore'
[0.174s] Level 1:colcon.colcon_core.package_identification:_identify(install) ignored
[0.174s] Level 1:colcon.colcon_core.package_identification:_identify(log) by extensions ['ignore', 'ignore_ament_install']
[0.174s] Level 1:colcon.colcon_core.package_identification:_identify(log) by extension 'ignore'
[0.174s] Level 1:colcon.colcon_core.package_identification:_identify(log) ignored
[0.174s] Level 1:colcon.colcon_core.package_identification:_identify(src) by extensions ['ignore', 'ignore_ament_install']
[0.174s] Level 1:colcon.colcon_core.package_identification:_identify(src) by extension 'ignore'
[0.174s] Level 1:colcon.colcon_core.package_identification:_identify(src) by extension 'ignore_ament_install'
[0.174s] Level 1:colcon.colcon_core.package_identification:_identify(src) by extensions ['colcon_pkg']
[0.174s] Level 1:colcon.colcon_core.package_identification:_identify(src) by extension 'colcon_pkg'
[0.174s] Level 1:colcon.colcon_core.package_identification:_identify(src) by extensions ['colcon_meta']
[0.174s] Level 1:colcon.colcon_core.package_identification:_identify(src) by extension 'colcon_meta'
[0.174s] Level 1:colcon.colcon_core.package_identification:_identify(src) by extensions ['ros']
[0.174s] Level 1:colcon.colcon_core.package_identification:_identify(src) by extension 'ros'
[0.174s] Level 1:colcon.colcon_core.package_identification:_identify(src) by extensions ['cmake', 'python']
[0.174s] Level 1:colcon.colcon_core.package_identification:_identify(src) by extension 'cmake'
[0.174s] Level 1:colcon.colcon_core.package_identification:_identify(src) by extension 'python'
[0.174s] Level 1:colcon.colcon_core.package_identification:_identify(src) by extensions ['python_setup_py']
[0.174s] Level 1:colcon.colcon_core.package_identification:_identify(src) by extension 'python_setup_py'
[0.174s] Level 1:colcon.colcon_core.package_identification:_identify(src/ethercat_driver_ros2) by extensions ['ignore', 'ignore_ament_install']
[0.174s] Level 1:colcon.colcon_core.package_identification:_identify(src/ethercat_driver_ros2) by extension 'ignore'
[0.174s] Level 1:colcon.colcon_core.package_identification:_identify(src/ethercat_driver_ros2) by extension 'ignore_ament_install'
[0.174s] Level 1:colcon.colcon_core.package_identification:_identify(src/ethercat_driver_ros2) by extensions ['colcon_pkg']
[0.174s] Level 1:colcon.colcon_core.package_identification:_identify(src/ethercat_driver_ros2) by extension 'colcon_pkg'
[0.174s] Level 1:colcon.colcon_core.package_identification:_identify(src/ethercat_driver_ros2) by extensions ['colcon_meta']
[0.174s] Level 1:colcon.colcon_core.package_identification:_identify(src/ethercat_driver_ros2) by extension 'colcon_meta'
[0.174s] Level 1:colcon.colcon_core.package_identification:_identify(src/ethercat_driver_ros2) by extensions ['ros']
[0.174s] Level 1:colcon.colcon_core.package_identification:_identify(src/ethercat_driver_ros2) by extension 'ros'
[0.174s] Level 1:colcon.colcon_core.package_identification:_identify(src/ethercat_driver_ros2) by extensions ['cmake', 'python']
[0.174s] Level 1:colcon.colcon_core.package_identification:_identify(src/ethercat_driver_ros2) by extension 'cmake'
[0.174s] Level 1:colcon.colcon_core.package_identification:_identify(src/ethercat_driver_ros2) by extension 'python'
[0.174s] Level 1:colcon.colcon_core.package_identification:_identify(src/ethercat_driver_ros2) by extensions ['python_setup_py']
[0.174s] Level 1:colcon.colcon_core.package_identification:_identify(src/ethercat_driver_ros2) by extension 'python_setup_py'
[0.175s] Level 1:colcon.colcon_core.package_identification:_identify(src/ethercat_driver_ros2/ethercat_driver) by extensions ['ignore', 'ignore_ament_install']
[0.175s] Level 1:colcon.colcon_core.package_identification:_identify(src/ethercat_driver_ros2/ethercat_driver) by extension 'ignore'
[0.175s] Level 1:colcon.colcon_core.package_identification:_identify(src/ethercat_driver_ros2/ethercat_driver) by extension 'ignore_ament_install'
[0.175s] Level 1:colcon.colcon_core.package_identification:_identify(src/ethercat_driver_ros2/ethercat_driver) by extensions ['colcon_pkg']
[0.175s] Level 1:colcon.colcon_core.package_identification:_identify(src/ethercat_driver_ros2/ethercat_driver) by extension 'colcon_pkg'
[0.175s] Level 1:colcon.colcon_core.package_identification:_identify(src/ethercat_driver_ros2/ethercat_driver) by extensions ['colcon_meta']
[0.175s] Level 1:colcon.colcon_core.package_identification:_identify(src/ethercat_driver_ros2/ethercat_driver) by extension 'colcon_meta'
[0.175s] Level 1:colcon.colcon_core.package_identification:_identify(src/ethercat_driver_ros2/ethercat_driver) by extensions ['ros']
[0.175s] Level 1:colcon.colcon_core.package_identification:_identify(src/ethercat_driver_ros2/ethercat_driver) by extension 'ros'
[0.176s] DEBUG:colcon.colcon_core.package_identification:Package 'src/ethercat_driver_ros2/ethercat_driver' with type 'ros.ament_cmake' and name 'ethercat_driver'
[0.176s] Level 1:colcon.colcon_core.package_identification:_identify(src/ethercat_driver_ros2/ethercat_driver_ros2) by extensions ['ignore', 'ignore_ament_install']
[0.176s] Level 1:colcon.colcon_core.package_identification:_identify(src/ethercat_driver_ros2/ethercat_driver_ros2) by extension 'ignore'
[0.176s] Level 1:colcon.colcon_core.package_identification:_identify(src/ethercat_driver_ros2/ethercat_driver_ros2) by extension 'ignore_ament_install'
[0.176s] Level 1:colcon.colcon_core.package_identification:_identify(src/ethercat_driver_ros2/ethercat_driver_ros2) by extensions ['colcon_pkg']
[0.176s] Level 1:colcon.colcon_core.package_identification:_identify(src/ethercat_driver_ros2/ethercat_driver_ros2) by extension 'colcon_pkg'
[0.176s] Level 1:colcon.colcon_core.package_identification:_identify(src/ethercat_driver_ros2/ethercat_driver_ros2) by extensions ['colcon_meta']
[0.176s] Level 1:colcon.colcon_core.package_identification:_identify(src/ethercat_driver_ros2/ethercat_driver_ros2) by extension 'colcon_meta'
[0.176s] Level 1:colcon.colcon_core.package_identification:_identify(src/ethercat_driver_ros2/ethercat_driver_ros2) by extensions ['ros']
[0.176s] Level 1:colcon.colcon_core.package_identification:_identify(src/ethercat_driver_ros2/ethercat_driver_ros2) by extension 'ros'
[0.177s] DEBUG:colcon.colcon_core.package_identification:Package 'src/ethercat_driver_ros2/ethercat_driver_ros2' with type 'ros.ament_cmake' and name 'ethercat_driver_ros2'
[0.177s] Level 1:colcon.colcon_core.package_identification:_identify(src/ethercat_driver_ros2/ethercat_generic_plugins) by extensions ['ignore', 'ignore_ament_install']
[0.177s] Level 1:colcon.colcon_core.package_identification:_identify(src/ethercat_driver_ros2/ethercat_generic_plugins) by extension 'ignore'
[0.177s] Level 1:colcon.colcon_core.package_identification:_identify(src/ethercat_driver_ros2/ethercat_generic_plugins) by extension 'ignore_ament_install'
[0.177s] Level 1:colcon.colcon_core.package_identification:_identify(src/ethercat_driver_ros2/ethercat_generic_plugins) by extensions ['colcon_pkg']
[0.177s] Level 1:colcon.colcon_core.package_identification:_identify(src/ethercat_driver_ros2/ethercat_generic_plugins) by extension 'colcon_pkg'
[0.177s] Level 1:colcon.colcon_core.package_identification:_identify(src/ethercat_driver_ros2/ethercat_generic_plugins) by extensions ['colcon_meta']
[0.177s] Level 1:colcon.colcon_core.package_identification:_identify(src/ethercat_driver_ros2/ethercat_generic_plugins) by extension 'colcon_meta'
[0.177s] Level 1:colcon.colcon_core.package_identification:_identify(src/ethercat_driver_ros2/ethercat_generic_plugins) by extensions ['ros']
[0.177s] Level 1:colcon.colcon_core.package_identification:_identify(src/ethercat_driver_ros2/ethercat_generic_plugins) by extension 'ros'
[0.177s] Level 1:colcon.colcon_core.package_identification:_identify(src/ethercat_driver_ros2/ethercat_generic_plugins) by extensions ['cmake', 'python']
[0.177s] Level 1:colcon.colcon_core.package_identification:_identify(src/ethercat_driver_ros2/ethercat_generic_plugins) by extension 'cmake'
[0.177s] Level 1:colcon.colcon_core.package_identification:_identify(src/ethercat_driver_ros2/ethercat_generic_plugins) by extension 'python'
[0.177s] Level 1:colcon.colcon_core.package_identification:_identify(src/ethercat_driver_ros2/ethercat_generic_plugins) by extensions ['python_setup_py']
[0.177s] Level 1:colcon.colcon_core.package_identification:_identify(src/ethercat_driver_ros2/ethercat_generic_plugins) by extension 'python_setup_py'
[0.177s] Level 1:colcon.colcon_core.package_identification:_identify(src/ethercat_driver_ros2/ethercat_generic_plugins/ethercat_generic_cia402_drive) by extensions ['ignore', 'ignore_ament_install']
[0.177s] Level 1:colcon.colcon_core.package_identification:_identify(src/ethercat_driver_ros2/ethercat_generic_plugins/ethercat_generic_cia402_drive) by extension 'ignore'
[0.177s] Level 1:colcon.colcon_core.package_identification:_identify(src/ethercat_driver_ros2/ethercat_generic_plugins/ethercat_generic_cia402_drive) by extension 'ignore_ament_install'
[0.177s] Level 1:colcon.colcon_core.package_identification:_identify(src/ethercat_driver_ros2/ethercat_generic_plugins/ethercat_generic_cia402_drive) by extensions ['colcon_pkg']
[0.177s] Level 1:colcon.colcon_core.package_identification:_identify(src/ethercat_driver_ros2/ethercat_generic_plugins/ethercat_generic_cia402_drive) by extension 'colcon_pkg'
[0.177s] Level 1:colcon.colcon_core.package_identification:_identify(src/ethercat_driver_ros2/ethercat_generic_plugins/ethercat_generic_cia402_drive) by extensions ['colcon_meta']
[0.177s] Level 1:colcon.colcon_core.package_identification:_identify(src/ethercat_driver_ros2/ethercat_generic_plugins/ethercat_generic_cia402_drive) by extension 'colcon_meta'
[0.177s] Level 1:colcon.colcon_core.package_identification:_identify(src/ethercat_driver_ros2/ethercat_generic_plugins/ethercat_generic_cia402_drive) by extensions ['ros']
[0.177s] Level 1:colcon.colcon_core.package_identification:_identify(src/ethercat_driver_ros2/ethercat_generic_plugins/ethercat_generic_cia402_drive) by extension 'ros'
[0.177s] DEBUG:colcon.colcon_core.package_identification:Package 'src/ethercat_driver_ros2/ethercat_generic_plugins/ethercat_generic_cia402_drive' with type 'ros.ament_cmake' and name 'ethercat_generic_cia402_drive'
[0.177s] Level 1:colcon.colcon_core.package_identification:_identify(src/ethercat_driver_ros2/ethercat_generic_plugins/ethercat_generic_slave) by extensions ['ignore', 'ignore_ament_install']
[0.178s] Level 1:colcon.colcon_core.package_identification:_identify(src/ethercat_driver_ros2/ethercat_generic_plugins/ethercat_generic_slave) by extension 'ignore'
[0.178s] Level 1:colcon.colcon_core.package_identification:_identify(src/ethercat_driver_ros2/ethercat_generic_plugins/ethercat_generic_slave) by extension 'ignore_ament_install'
[0.178s] Level 1:colcon.colcon_core.package_identification:_identify(src/ethercat_driver_ros2/ethercat_generic_plugins/ethercat_generic_slave) by extensions ['colcon_pkg']
[0.178s] Level 1:colcon.colcon_core.package_identification:_identify(src/ethercat_driver_ros2/ethercat_generic_plugins/ethercat_generic_slave) by extension 'colcon_pkg'
[0.178s] Level 1:colcon.colcon_core.package_identification:_identify(src/ethercat_driver_ros2/ethercat_generic_plugins/ethercat_generic_slave) by extensions ['colcon_meta']
[0.178s] Level 1:colcon.colcon_core.package_identification:_identify(src/ethercat_driver_ros2/ethercat_generic_plugins/ethercat_generic_slave) by extension 'colcon_meta'
[0.178s] Level 1:colcon.colcon_core.package_identification:_identify(src/ethercat_driver_ros2/ethercat_generic_plugins/ethercat_generic_slave) by extensions ['ros']
[0.178s] Level 1:colcon.colcon_core.package_identification:_identify(src/ethercat_driver_ros2/ethercat_generic_plugins/ethercat_generic_slave) by extension 'ros'
[0.178s] DEBUG:colcon.colcon_core.package_identification:Package 'src/ethercat_driver_ros2/ethercat_generic_plugins/ethercat_generic_slave' with type 'ros.ament_cmake' and name 'ethercat_generic_slave'
[0.178s] Level 1:colcon.colcon_core.package_identification:_identify(src/ethercat_driver_ros2/ethercat_interface) by extensions ['ignore', 'ignore_ament_install']
[0.178s] Level 1:colcon.colcon_core.package_identification:_identify(src/ethercat_driver_ros2/ethercat_interface) by extension 'ignore'
[0.178s] Level 1:colcon.colcon_core.package_identification:_identify(src/ethercat_driver_ros2/ethercat_interface) by extension 'ignore_ament_install'
[0.178s] Level 1:colcon.colcon_core.package_identification:_identify(src/ethercat_driver_ros2/ethercat_interface) by extensions ['colcon_pkg']
[0.178s] Level 1:colcon.colcon_core.package_identification:_identify(src/ethercat_driver_ros2/ethercat_interface) by extension 'colcon_pkg'
[0.178s] Level 1:colcon.colcon_core.package_identification:_identify(src/ethercat_driver_ros2/ethercat_interface) by extensions ['colcon_meta']
[0.178s] Level 1:colcon.colcon_core.package_identification:_identify(src/ethercat_driver_ros2/ethercat_interface) by extension 'colcon_meta'
[0.178s] Level 1:colcon.colcon_core.package_identification:_identify(src/ethercat_driver_ros2/ethercat_interface) by extensions ['ros']
[0.178s] Level 1:colcon.colcon_core.package_identification:_identify(src/ethercat_driver_ros2/ethercat_interface) by extension 'ros'
[0.178s] DEBUG:colcon.colcon_core.package_identification:Package 'src/ethercat_driver_ros2/ethercat_interface' with type 'ros.ament_cmake' and name 'ethercat_interface'
[0.179s] Level 1:colcon.colcon_core.package_identification:_identify(src/ethercat_driver_ros2/ethercat_manager) by extensions ['ignore', 'ignore_ament_install']
[0.179s] Level 1:colcon.colcon_core.package_identification:_identify(src/ethercat_driver_ros2/ethercat_manager) by extension 'ignore'
[0.179s] Level 1:colcon.colcon_core.package_identification:_identify(src/ethercat_driver_ros2/ethercat_manager) by extension 'ignore_ament_install'
[0.179s] Level 1:colcon.colcon_core.package_identification:_identify(src/ethercat_driver_ros2/ethercat_manager) by extensions ['colcon_pkg']
[0.179s] Level 1:colcon.colcon_core.package_identification:_identify(src/ethercat_driver_ros2/ethercat_manager) by extension 'colcon_pkg'
[0.179s] Level 1:colcon.colcon_core.package_identification:_identify(src/ethercat_driver_ros2/ethercat_manager) by extensions ['colcon_meta']
[0.179s] Level 1:colcon.colcon_core.package_identification:_identify(src/ethercat_driver_ros2/ethercat_manager) by extension 'colcon_meta'
[0.179s] Level 1:colcon.colcon_core.package_identification:_identify(src/ethercat_driver_ros2/ethercat_manager) by extensions ['ros']
[0.179s] Level 1:colcon.colcon_core.package_identification:_identify(src/ethercat_driver_ros2/ethercat_manager) by extension 'ros'
[0.179s] DEBUG:colcon.colcon_core.package_identification:Package 'src/ethercat_driver_ros2/ethercat_manager' with type 'ros.ament_cmake' and name 'ethercat_manager'
[0.179s] Level 1:colcon.colcon_core.package_identification:_identify(src/ethercat_driver_ros2/ethercat_msgs) by extensions ['ignore', 'ignore_ament_install']
[0.179s] Level 1:colcon.colcon_core.package_identification:_identify(src/ethercat_driver_ros2/ethercat_msgs) by extension 'ignore'
[0.179s] Level 1:colcon.colcon_core.package_identification:_identify(src/ethercat_driver_ros2/ethercat_msgs) by extension 'ignore_ament_install'
[0.179s] Level 1:colcon.colcon_core.package_identification:_identify(src/ethercat_driver_ros2/ethercat_msgs) by extensions ['colcon_pkg']
[0.179s] Level 1:colcon.colcon_core.package_identification:_identify(src/ethercat_driver_ros2/ethercat_msgs) by extension 'colcon_pkg'
[0.179s] Level 1:colcon.colcon_core.package_identification:_identify(src/ethercat_driver_ros2/ethercat_msgs) by extensions ['colcon_meta']
[0.179s] Level 1:colcon.colcon_core.package_identification:_identify(src/ethercat_driver_ros2/ethercat_msgs) by extension 'colcon_meta'
[0.179s] Level 1:colcon.colcon_core.package_identification:_identify(src/ethercat_driver_ros2/ethercat_msgs) by extensions ['ros']
[0.179s] Level 1:colcon.colcon_core.package_identification:_identify(src/ethercat_driver_ros2/ethercat_msgs) by extension 'ros'
[0.179s] DEBUG:colcon.colcon_core.package_identification:Package 'src/ethercat_driver_ros2/ethercat_msgs' with type 'ros.ament_cmake' and name 'ethercat_msgs'
[0.179s] Level 1:colcon.colcon_core.package_identification:_identify(src/ethercat_driver_ros2/ethercat_plugins) by extensions ['ignore', 'ignore_ament_install']
[0.180s] Level 1:colcon.colcon_core.package_identification:_identify(src/ethercat_driver_ros2/ethercat_plugins) by extension 'ignore'
[0.180s] Level 1:colcon.colcon_core.package_identification:_identify(src/ethercat_driver_ros2/ethercat_plugins) by extension 'ignore_ament_install'
[0.180s] Level 1:colcon.colcon_core.package_identification:_identify(src/ethercat_driver_ros2/ethercat_plugins) by extensions ['colcon_pkg']
[0.180s] Level 1:colcon.colcon_core.package_identification:_identify(src/ethercat_driver_ros2/ethercat_plugins) by extension 'colcon_pkg'
[0.180s] Level 1:colcon.colcon_core.package_identification:_identify(src/ethercat_driver_ros2/ethercat_plugins) by extensions ['colcon_meta']
[0.180s] Level 1:colcon.colcon_core.package_identification:_identify(src/ethercat_driver_ros2/ethercat_plugins) by extension 'colcon_meta'
[0.180s] Level 1:colcon.colcon_core.package_identification:_identify(src/ethercat_driver_ros2/ethercat_plugins) by extensions ['ros']
[0.180s] Level 1:colcon.colcon_core.package_identification:_identify(src/ethercat_driver_ros2/ethercat_plugins) by extension 'ros'
[0.180s] Level 1:colcon.colcon_core.package_identification:_identify(src/ethercat_driver_ros2/ethercat_plugins) by extensions ['cmake', 'python']
[0.180s] Level 1:colcon.colcon_core.package_identification:_identify(src/ethercat_driver_ros2/ethercat_plugins) by extension 'cmake'
[0.180s] Level 1:colcon.colcon_core.package_identification:_identify(src/ethercat_driver_ros2/ethercat_plugins) by extension 'python'
[0.180s] Level 1:colcon.colcon_core.package_identification:_identify(src/ethercat_driver_ros2/ethercat_plugins) by extensions ['python_setup_py']
[0.180s] Level 1:colcon.colcon_core.package_identification:_identify(src/ethercat_driver_ros2/ethercat_plugins) by extension 'python_setup_py'
[0.180s] Level 1:colcon.colcon_core.package_identification:_identify(src/ethercat_driver_ros2/ethercat_plugins/ethercat_advantech_modules) by extensions ['ignore', 'ignore_ament_install']
[0.180s] Level 1:colcon.colcon_core.package_identification:_identify(src/ethercat_driver_ros2/ethercat_plugins/ethercat_advantech_modules) by extension 'ignore'
[0.180s] Level 1:colcon.colcon_core.package_identification:_identify(src/ethercat_driver_ros2/ethercat_plugins/ethercat_advantech_modules) by extension 'ignore_ament_install'
[0.180s] Level 1:colcon.colcon_core.package_identification:_identify(src/ethercat_driver_ros2/ethercat_plugins/ethercat_advantech_modules) by extensions ['colcon_pkg']
[0.180s] Level 1:colcon.colcon_core.package_identification:_identify(src/ethercat_driver_ros2/ethercat_plugins/ethercat_advantech_modules) by extension 'colcon_pkg'
[0.180s] Level 1:colcon.colcon_core.package_identification:_identify(src/ethercat_driver_ros2/ethercat_plugins/ethercat_advantech_modules) by extensions ['colcon_meta']
[0.180s] Level 1:colcon.colcon_core.package_identification:_identify(src/ethercat_driver_ros2/ethercat_plugins/ethercat_advantech_modules) by extension 'colcon_meta'
[0.180s] Level 1:colcon.colcon_core.package_identification:_identify(src/ethercat_driver_ros2/ethercat_plugins/ethercat_advantech_modules) by extensions ['ros']
[0.180s] Level 1:colcon.colcon_core.package_identification:_identify(src/ethercat_driver_ros2/ethercat_plugins/ethercat_advantech_modules) by extension 'ros'
[0.180s] DEBUG:colcon.colcon_core.package_identification:Package 'src/ethercat_driver_ros2/ethercat_plugins/ethercat_advantech_modules' with type 'ros.ament_cmake' and name 'ethercat_advantech_modules'
[0.180s] Level 1:colcon.colcon_core.package_identification:_identify(src/ethercat_driver_ros2/ethercat_plugins/ethercat_ati_modules) by extensions ['ignore', 'ignore_ament_install']
[0.180s] Level 1:colcon.colcon_core.package_identification:_identify(src/ethercat_driver_ros2/ethercat_plugins/ethercat_ati_modules) by extension 'ignore'
[0.180s] Level 1:colcon.colcon_core.package_identification:_identify(src/ethercat_driver_ros2/ethercat_plugins/ethercat_ati_modules) by extension 'ignore_ament_install'
[0.180s] Level 1:colcon.colcon_core.package_identification:_identify(src/ethercat_driver_ros2/ethercat_plugins/ethercat_ati_modules) by extensions ['colcon_pkg']
[0.180s] Level 1:colcon.colcon_core.package_identification:_identify(src/ethercat_driver_ros2/ethercat_plugins/ethercat_ati_modules) by extension 'colcon_pkg'
[0.180s] Level 1:colcon.colcon_core.package_identification:_identify(src/ethercat_driver_ros2/ethercat_plugins/ethercat_ati_modules) by extensions ['colcon_meta']
[0.180s] Level 1:colcon.colcon_core.package_identification:_identify(src/ethercat_driver_ros2/ethercat_plugins/ethercat_ati_modules) by extension 'colcon_meta'
[0.180s] Level 1:colcon.colcon_core.package_identification:_identify(src/ethercat_driver_ros2/ethercat_plugins/ethercat_ati_modules) by extensions ['ros']
[0.180s] Level 1:colcon.colcon_core.package_identification:_identify(src/ethercat_driver_ros2/ethercat_plugins/ethercat_ati_modules) by extension 'ros'
[0.181s] DEBUG:colcon.colcon_core.package_identification:Package 'src/ethercat_driver_ros2/ethercat_plugins/ethercat_ati_modules' with type 'ros.ament_cmake' and name 'ethercat_ati_modules'
[0.181s] Level 1:colcon.colcon_core.package_identification:_identify(src/ethercat_driver_ros2/ethercat_plugins/ethercat_beckhoff_modules) by extensions ['ignore', 'ignore_ament_install']
[0.181s] Level 1:colcon.colcon_core.package_identification:_identify(src/ethercat_driver_ros2/ethercat_plugins/ethercat_beckhoff_modules) by extension 'ignore'
[0.181s] Level 1:colcon.colcon_core.package_identification:_identify(src/ethercat_driver_ros2/ethercat_plugins/ethercat_beckhoff_modules) by extension 'ignore_ament_install'
[0.181s] Level 1:colcon.colcon_core.package_identification:_identify(src/ethercat_driver_ros2/ethercat_plugins/ethercat_beckhoff_modules) by extensions ['colcon_pkg']
[0.181s] Level 1:colcon.colcon_core.package_identification:_identify(src/ethercat_driver_ros2/ethercat_plugins/ethercat_beckhoff_modules) by extension 'colcon_pkg'
[0.181s] Level 1:colcon.colcon_core.package_identification:_identify(src/ethercat_driver_ros2/ethercat_plugins/ethercat_beckhoff_modules) by extensions ['colcon_meta']
[0.181s] Level 1:colcon.colcon_core.package_identification:_identify(src/ethercat_driver_ros2/ethercat_plugins/ethercat_beckhoff_modules) by extension 'colcon_meta'
[0.181s] Level 1:colcon.colcon_core.package_identification:_identify(src/ethercat_driver_ros2/ethercat_plugins/ethercat_beckhoff_modules) by extensions ['ros']
[0.181s] Level 1:colcon.colcon_core.package_identification:_identify(src/ethercat_driver_ros2/ethercat_plugins/ethercat_beckhoff_modules) by extension 'ros'
[0.181s] DEBUG:colcon.colcon_core.package_identification:Package 'src/ethercat_driver_ros2/ethercat_plugins/ethercat_beckhoff_modules' with type 'ros.ament_cmake' and name 'ethercat_beckhoff_modules'
[0.181s] Level 1:colcon.colcon_core.package_identification:_identify(src/ethercat_driver_ros2/ethercat_plugins/ethercat_maxon_drives) by extensions ['ignore', 'ignore_ament_install']
[0.181s] Level 1:colcon.colcon_core.package_identification:_identify(src/ethercat_driver_ros2/ethercat_plugins/ethercat_maxon_drives) by extension 'ignore'
[0.181s] Level 1:colcon.colcon_core.package_identification:_identify(src/ethercat_driver_ros2/ethercat_plugins/ethercat_maxon_drives) by extension 'ignore_ament_install'
[0.181s] Level 1:colcon.colcon_core.package_identification:_identify(src/ethercat_driver_ros2/ethercat_plugins/ethercat_maxon_drives) by extensions ['colcon_pkg']
[0.181s] Level 1:colcon.colcon_core.package_identification:_identify(src/ethercat_driver_ros2/ethercat_plugins/ethercat_maxon_drives) by extension 'colcon_pkg'
[0.181s] Level 1:colcon.colcon_core.package_identification:_identify(src/ethercat_driver_ros2/ethercat_plugins/ethercat_maxon_drives) by extensions ['colcon_meta']
[0.181s] Level 1:colcon.colcon_core.package_identification:_identify(src/ethercat_driver_ros2/ethercat_plugins/ethercat_maxon_drives) by extension 'colcon_meta'
[0.181s] Level 1:colcon.colcon_core.package_identification:_identify(src/ethercat_driver_ros2/ethercat_plugins/ethercat_maxon_drives) by extensions ['ros']
[0.181s] Level 1:colcon.colcon_core.package_identification:_identify(src/ethercat_driver_ros2/ethercat_plugins/ethercat_maxon_drives) by extension 'ros'
[0.182s] DEBUG:colcon.colcon_core.package_identification:Package 'src/ethercat_driver_ros2/ethercat_plugins/ethercat_maxon_drives' with type 'ros.ament_cmake' and name 'ethercat_maxon_drives'
[0.182s] Level 1:colcon.colcon_core.package_identification:_identify(src/ethercat_driver_ros2/ethercat_plugins/ethercat_omron_modules) by extensions ['ignore', 'ignore_ament_install']
[0.182s] Level 1:colcon.colcon_core.package_identification:_identify(src/ethercat_driver_ros2/ethercat_plugins/ethercat_omron_modules) by extension 'ignore'
[0.182s] Level 1:colcon.colcon_core.package_identification:_identify(src/ethercat_driver_ros2/ethercat_plugins/ethercat_omron_modules) by extension 'ignore_ament_install'
[0.182s] Level 1:colcon.colcon_core.package_identification:_identify(src/ethercat_driver_ros2/ethercat_plugins/ethercat_omron_modules) by extensions ['colcon_pkg']
[0.182s] Level 1:colcon.colcon_core.package_identification:_identify(src/ethercat_driver_ros2/ethercat_plugins/ethercat_omron_modules) by extension 'colcon_pkg'
[0.182s] Level 1:colcon.colcon_core.package_identification:_identify(src/ethercat_driver_ros2/ethercat_plugins/ethercat_omron_modules) by extensions ['colcon_meta']
[0.182s] Level 1:colcon.colcon_core.package_identification:_identify(src/ethercat_driver_ros2/ethercat_plugins/ethercat_omron_modules) by extension 'colcon_meta'
[0.182s] Level 1:colcon.colcon_core.package_identification:_identify(src/ethercat_driver_ros2/ethercat_plugins/ethercat_omron_modules) by extensions ['ros']
[0.182s] Level 1:colcon.colcon_core.package_identification:_identify(src/ethercat_driver_ros2/ethercat_plugins/ethercat_omron_modules) by extension 'ros'
[0.182s] DEBUG:colcon.colcon_core.package_identification:Package 'src/ethercat_driver_ros2/ethercat_plugins/ethercat_omron_modules' with type 'ros.ament_cmake' and name 'ethercat_omron_modules'
[0.182s] Level 1:colcon.colcon_core.package_identification:_identify(src/ethercat_driver_ros2/ethercat_plugins/ethercat_schneider_drives) by extensions ['ignore', 'ignore_ament_install']
[0.182s] Level 1:colcon.colcon_core.package_identification:_identify(src/ethercat_driver_ros2/ethercat_plugins/ethercat_schneider_drives) by extension 'ignore'
[0.182s] Level 1:colcon.colcon_core.package_identification:_identify(src/ethercat_driver_ros2/ethercat_plugins/ethercat_schneider_drives) by extension 'ignore_ament_install'
[0.182s] Level 1:colcon.colcon_core.package_identification:_identify(src/ethercat_driver_ros2/ethercat_plugins/ethercat_schneider_drives) by extensions ['colcon_pkg']
[0.182s] Level 1:colcon.colcon_core.package_identification:_identify(src/ethercat_driver_ros2/ethercat_plugins/ethercat_schneider_drives) by extension 'colcon_pkg'
[0.183s] Level 1:colcon.colcon_core.package_identification:_identify(src/ethercat_driver_ros2/ethercat_plugins/ethercat_schneider_drives) by extensions ['colcon_meta']
[0.183s] Level 1:colcon.colcon_core.package_identification:_identify(src/ethercat_driver_ros2/ethercat_plugins/ethercat_schneider_drives) by extension 'colcon_meta'
[0.183s] Level 1:colcon.colcon_core.package_identification:_identify(src/ethercat_driver_ros2/ethercat_plugins/ethercat_schneider_drives) by extensions ['ros']
[0.183s] Level 1:colcon.colcon_core.package_identification:_identify(src/ethercat_driver_ros2/ethercat_plugins/ethercat_schneider_drives) by extension 'ros'
[0.183s] DEBUG:colcon.colcon_core.package_identification:Package 'src/ethercat_driver_ros2/ethercat_plugins/ethercat_schneider_drives' with type 'ros.ament_cmake' and name 'ethercat_schneider_drives'
[0.183s] Level 1:colcon.colcon_core.package_identification:_identify(src/pant_bringup) by extensions ['ignore', 'ignore_ament_install']
[0.183s] Level 1:colcon.colcon_core.package_identification:_identify(src/pant_bringup) by extension 'ignore'
[0.183s] Level 1:colcon.colcon_core.package_identification:_identify(src/pant_bringup) by extension 'ignore_ament_install'
[0.183s] Level 1:colcon.colcon_core.package_identification:_identify(src/pant_bringup) by extensions ['colcon_pkg']
[0.183s] Level 1:colcon.colcon_core.package_identification:_identify(src/pant_bringup) by extension 'colcon_pkg'
[0.183s] Level 1:colcon.colcon_core.package_identification:_identify(src/pant_bringup) by extensions ['colcon_meta']
[0.183s] Level 1:colcon.colcon_core.package_identification:_identify(src/pant_bringup) by extension 'colcon_meta'
[0.183s] Level 1:colcon.colcon_core.package_identification:_identify(src/pant_bringup) by extensions ['ros']
[0.183s] Level 1:colcon.colcon_core.package_identification:_identify(src/pant_bringup) by extension 'ros'
[0.183s] DEBUG:colcon.colcon_core.package_identification:Package 'src/pant_bringup' with type 'ros.ament_cmake' and name 'pant_bringup'
[0.183s] Level 1:colcon.colcon_core.package_identification:_identify(src/pant_controllers) by extensions ['ignore', 'ignore_ament_install']
[0.183s] Level 1:colcon.colcon_core.package_identification:_identify(src/pant_controllers) by extension 'ignore'
[0.183s] Level 1:colcon.colcon_core.package_identification:_identify(src/pant_controllers) by extension 'ignore_ament_install'
[0.184s] Level 1:colcon.colcon_core.package_identification:_identify(src/pant_controllers) by extensions ['colcon_pkg']
[0.184s] Level 1:colcon.colcon_core.package_identification:_identify(src/pant_controllers) by extension 'colcon_pkg'
[0.184s] Level 1:colcon.colcon_core.package_identification:_identify(src/pant_controllers) by extensions ['colcon_meta']
[0.184s] Level 1:colcon.colcon_core.package_identification:_identify(src/pant_controllers) by extension 'colcon_meta'
[0.184s] Level 1:colcon.colcon_core.package_identification:_identify(src/pant_controllers) by extensions ['ros']
[0.184s] Level 1:colcon.colcon_core.package_identification:_identify(src/pant_controllers) by extension 'ros'
[0.184s] Level 1:colcon.colcon_core.package_identification:_identify(src/pant_controllers) by extensions ['cmake', 'python']
[0.184s] Level 1:colcon.colcon_core.package_identification:_identify(src/pant_controllers) by extension 'cmake'
[0.184s] Level 1:colcon.colcon_core.package_identification:_identify(src/pant_controllers) by extension 'python'
[0.184s] Level 1:colcon.colcon_core.package_identification:_identify(src/pant_controllers) by extensions ['python_setup_py']
[0.184s] Level 1:colcon.colcon_core.package_identification:_identify(src/pant_controllers) by extension 'python_setup_py'
[0.184s] Level 1:colcon.colcon_core.package_identification:_identify(src/pant_controllers/pant_position_controller) by extensions ['ignore', 'ignore_ament_install']
[0.184s] Level 1:colcon.colcon_core.package_identification:_identify(src/pant_controllers/pant_position_controller) by extension 'ignore'
[0.184s] Level 1:colcon.colcon_core.package_identification:_identify(src/pant_controllers/pant_position_controller) by extension 'ignore_ament_install'
[0.184s] Level 1:colcon.colcon_core.package_identification:_identify(src/pant_controllers/pant_position_controller) by extensions ['colcon_pkg']
[0.184s] Level 1:colcon.colcon_core.package_identification:_identify(src/pant_controllers/pant_position_controller) by extension 'colcon_pkg'
[0.184s] Level 1:colcon.colcon_core.package_identification:_identify(src/pant_controllers/pant_position_controller) by extensions ['colcon_meta']
[0.184s] Level 1:colcon.colcon_core.package_identification:_identify(src/pant_controllers/pant_position_controller) by extension 'colcon_meta'
[0.184s] Level 1:colcon.colcon_core.package_identification:_identify(src/pant_controllers/pant_position_controller) by extensions ['ros']
[0.184s] Level 1:colcon.colcon_core.package_identification:_identify(src/pant_controllers/pant_position_controller) by extension 'ros'
[0.184s] DEBUG:colcon.colcon_core.package_identification:Package 'src/pant_controllers/pant_position_controller' with type 'ros.ament_cmake' and name 'pant_position_controller'
[0.184s] Level 1:colcon.colcon_core.package_identification:_identify(src/pant_description) by extensions ['ignore', 'ignore_ament_install']
[0.184s] Level 1:colcon.colcon_core.package_identification:_identify(src/pant_description) by extension 'ignore'
[0.184s] Level 1:colcon.colcon_core.package_identification:_identify(src/pant_description) by extension 'ignore_ament_install'
[0.184s] Level 1:colcon.colcon_core.package_identification:_identify(src/pant_description) by extensions ['colcon_pkg']
[0.184s] Level 1:colcon.colcon_core.package_identification:_identify(src/pant_description) by extension 'colcon_pkg'
[0.184s] Level 1:colcon.colcon_core.package_identification:_identify(src/pant_description) by extensions ['colcon_meta']
[0.184s] Level 1:colcon.colcon_core.package_identification:_identify(src/pant_description) by extension 'colcon_meta'
[0.184s] Level 1:colcon.colcon_core.package_identification:_identify(src/pant_description) by extensions ['ros']
[0.184s] Level 1:colcon.colcon_core.package_identification:_identify(src/pant_description) by extension 'ros'
[0.185s] DEBUG:colcon.colcon_core.package_identification:Package 'src/pant_description' with type 'ros.ament_cmake' and name 'pant_description'
[0.185s] Level 1:colcon.colcon_core.package_identification:_identify(src/pant_nodes) by extensions ['ignore', 'ignore_ament_install']
[0.185s] Level 1:colcon.colcon_core.package_identification:_identify(src/pant_nodes) by extension 'ignore'
[0.185s] Level 1:colcon.colcon_core.package_identification:_identify(src/pant_nodes) by extension 'ignore_ament_install'
[0.185s] Level 1:colcon.colcon_core.package_identification:_identify(src/pant_nodes) by extensions ['colcon_pkg']
[0.185s] Level 1:colcon.colcon_core.package_identification:_identify(src/pant_nodes) by extension 'colcon_pkg'
[0.185s] Level 1:colcon.colcon_core.package_identification:_identify(src/pant_nodes) by extensions ['colcon_meta']
[0.185s] Level 1:colcon.colcon_core.package_identification:_identify(src/pant_nodes) by extension 'colcon_meta'
[0.185s] Level 1:colcon.colcon_core.package_identification:_identify(src/pant_nodes) by extensions ['ros']
[0.185s] Level 1:colcon.colcon_core.package_identification:_identify(src/pant_nodes) by extension 'ros'
[0.185s] DEBUG:colcon.colcon_core.package_identification:Package 'src/pant_nodes' with type 'ros.ament_cmake' and name 'pant_nodes'
[0.185s] Level 1:colcon.colcon_core.package_discovery:discover_packages(recursive) using defaults
[0.185s] Level 1:colcon.colcon_core.package_discovery:discover_packages(ignore) discover
[0.185s] Level 1:colcon.colcon_core.package_discovery:discover_packages(ignore) using defaults
[0.185s] Level 1:colcon.colcon_core.package_discovery:discover_packages(path) discover
[0.185s] Level 1:colcon.colcon_core.package_discovery:discover_packages(path) using defaults
[0.197s] INFO:colcon.colcon_core.package_selection:Skipping not selected package 'ethercat_interface' in 'src/ethercat_driver_ros2/ethercat_interface'
[0.197s] INFO:colcon.colcon_core.package_selection:Skipping not selected package 'ethercat_msgs' in 'src/ethercat_driver_ros2/ethercat_msgs'
[0.197s] INFO:colcon.colcon_core.package_selection:Skipping not selected package 'pant_bringup' in 'src/pant_bringup'
[0.197s] INFO:colcon.colcon_core.package_selection:Skipping not selected package 'pant_description' in 'src/pant_description'
[0.197s] INFO:colcon.colcon_core.package_selection:Skipping not selected package 'pant_position_controller' in 'src/pant_controllers/pant_position_controller'
[0.197s] INFO:colcon.colcon_core.package_selection:Skipping not selected package 'ethercat_advantech_modules' in 'src/ethercat_driver_ros2/ethercat_plugins/ethercat_advantech_modules'
[0.197s] INFO:colcon.colcon_core.package_selection:Skipping not selected package 'ethercat_ati_modules' in 'src/ethercat_driver_ros2/ethercat_plugins/ethercat_ati_modules'
[0.197s] INFO:colcon.colcon_core.package_selection:Skipping not selected package 'ethercat_beckhoff_modules' in 'src/ethercat_driver_ros2/ethercat_plugins/ethercat_beckhoff_modules'
[0.197s] INFO:colcon.colcon_core.package_selection:Skipping not selected package 'ethercat_driver' in 'src/ethercat_driver_ros2/ethercat_driver'
[0.197s] INFO:colcon.colcon_core.package_selection:Skipping not selected package 'ethercat_generic_slave' in 'src/ethercat_driver_ros2/ethercat_generic_plugins/ethercat_generic_slave'
[0.197s] INFO:colcon.colcon_core.package_selection:Skipping not selected package 'ethercat_manager' in 'src/ethercat_driver_ros2/ethercat_manager'
[0.197s] INFO:colcon.colcon_core.package_selection:Skipping not selected package 'ethercat_maxon_drives' in 'src/ethercat_driver_ros2/ethercat_plugins/ethercat_maxon_drives'
[0.197s] INFO:colcon.colcon_core.package_selection:Skipping not selected package 'ethercat_omron_modules' in 'src/ethercat_driver_ros2/ethercat_plugins/ethercat_omron_modules'
[0.198s] INFO:colcon.colcon_core.package_selection:Skipping not selected package 'ethercat_schneider_drives' in 'src/ethercat_driver_ros2/ethercat_plugins/ethercat_schneider_drives'
[0.198s] INFO:colcon.colcon_core.package_selection:Skipping not selected package 'ethercat_driver_ros2' in 'src/ethercat_driver_ros2/ethercat_driver_ros2'
[0.198s] INFO:colcon.colcon_core.package_selection:Skipping not selected package 'ethercat_generic_cia402_drive' in 'src/ethercat_driver_ros2/ethercat_generic_plugins/ethercat_generic_cia402_drive'
[0.198s] Level 1:colcon.colcon_core.package_discovery:discover_packages(prefix_path) check parameters
[0.198s] Level 1:colcon.colcon_core.package_discovery:discover_packages(prefix_path) discover
[0.200s] DEBUG:colcon.colcon_installed_package_information.package_discovery:Found 17 installed packages in /home/telecom/ros2_pant_ec_ws/install
[0.200s] DEBUG:colcon.colcon_installed_package_information.package_discovery:Found 4 installed packages in /home/telecom/ros2_ws/install
[0.201s] DEBUG:colcon.colcon_installed_package_information.package_discovery:Found 310 installed packages in /opt/ros/humble
[0.202s] Level 1:colcon.colcon_core.package_discovery:discover_packages(prefix_path) using defaults
[0.231s] Level 5:colcon.colcon_core.verb:set package 'pant_nodes' build argument 'cmake_args' from command line to 'None'
[0.231s] Level 5:colcon.colcon_core.verb:set package 'pant_nodes' build argument 'cmake_target' from command line to 'None'
[0.231s] Level 5:colcon.colcon_core.verb:set package 'pant_nodes' build argument 'cmake_target_skip_unavailable' from command line to 'False'
[0.231s] Level 5:colcon.colcon_core.verb:set package 'pant_nodes' build argument 'cmake_clean_cache' from command line to 'False'
[0.231s] Level 5:colcon.colcon_core.verb:set package 'pant_nodes' build argument 'cmake_clean_first' from command line to 'False'
[0.231s] Level 5:colcon.colcon_core.verb:set package 'pant_nodes' build argument 'cmake_force_configure' from command line to 'False'
[0.231s] Level 5:colcon.colcon_core.verb:set package 'pant_nodes' build argument 'ament_cmake_args' from command line to 'None'
[0.231s] Level 5:colcon.colcon_core.verb:set package 'pant_nodes' build argument 'catkin_cmake_args' from command line to 'None'
[0.231s] Level 5:colcon.colcon_core.verb:set package 'pant_nodes' build argument 'catkin_skip_building_tests' from command line to 'False'
[0.231s] DEBUG:colcon.colcon_core.verb:Building package 'pant_nodes' with the following arguments: {'ament_cmake_args': None, 'build_base': '/home/telecom/ros2_pant_ec_ws/build/pant_nodes', 'catkin_cmake_args': None, 'catkin_skip_building_tests': False, 'cmake_args': None, 'cmake_clean_cache': False, 'cmake_clean_first': False, 'cmake_force_configure': False, 'cmake_target': None, 'cmake_target_skip_unavailable': False, 'install_base': '/home/telecom/ros2_pant_ec_ws/install/pant_nodes', 'merge_install': False, 'path': '/home/telecom/ros2_pant_ec_ws/src/pant_nodes', 'symlink_install': False, 'test_result_base': None}
[0.232s] INFO:colcon.colcon_core.executor:Executing jobs using 'parallel' executor
[0.233s] DEBUG:colcon.colcon_parallel_executor.executor.parallel:run_until_complete
[0.234s] INFO:colcon.colcon_ros.task.ament_cmake.build:Building ROS package in '/home/telecom/ros2_pant_ec_ws/src/pant_nodes' with build type 'ament_cmake'
[0.234s] INFO:colcon.colcon_cmake.task.cmake.build:Building CMake package in '/home/telecom/ros2_pant_ec_ws/src/pant_nodes'
[0.236s] INFO:colcon.colcon_core.plugin_system:Skipping extension 'colcon_core.shell.bat': Not used on non-Windows systems
[0.236s] INFO:colcon.colcon_core.shell:Skip shell extension 'powershell' for command environment: Not usable outside of PowerShell
[0.236s] DEBUG:colcon.colcon_core.shell:Skip shell extension 'dsv' for command environment
[0.244s] DEBUG:colcon.colcon_core.event_handler.log_command:Invoking command in '/home/telecom/ros2_pant_ec_ws/build/pant_nodes': CMAKE_PREFIX_PATH=${CMAKE_PREFIX_PATH}:/opt/ros/humble /usr/bin/cmake --build /home/telecom/ros2_pant_ec_ws/build/pant_nodes -- -j20 -l20
[0.281s] DEBUG:colcon.colcon_core.event_handler.log_command:Invoked command in '/home/telecom/ros2_pant_ec_ws/build/pant_nodes' returned '0': CMAKE_PREFIX_PATH=${CMAKE_PREFIX_PATH}:/opt/ros/humble /usr/bin/cmake --build /home/telecom/ros2_pant_ec_ws/build/pant_nodes -- -j20 -l20
[0.302s] DEBUG:colcon.colcon_core.event_handler.log_command:Invoking command in '/home/telecom/ros2_pant_ec_ws/build/pant_nodes': CMAKE_PREFIX_PATH=${CMAKE_PREFIX_PATH}:/opt/ros/humble /usr/bin/cmake --install /home/telecom/ros2_pant_ec_ws/build/pant_nodes
[0.307s] Level 1:colcon.colcon_core.environment:create_environment_scripts_only(pant_nodes)
[0.307s] DEBUG:colcon.colcon_core.event_handler.log_command:Invoked command in '/home/telecom/ros2_pant_ec_ws/build/pant_nodes' returned '0': CMAKE_PREFIX_PATH=${CMAKE_PREFIX_PATH}:/opt/ros/humble /usr/bin/cmake --install /home/telecom/ros2_pant_ec_ws/build/pant_nodes
[0.311s] Level 1:colcon.colcon_core.environment:checking '/home/telecom/ros2_pant_ec_ws/install/pant_nodes' for CMake module files
[0.311s] Level 1:colcon.colcon_core.environment:checking '/home/telecom/ros2_pant_ec_ws/install/pant_nodes' for CMake config files
[0.311s] Level 1:colcon.colcon_core.shell:create_environment_hook('pant_nodes', 'cmake_prefix_path')
[0.312s] INFO:colcon.colcon_core.shell:Creating environment hook '/home/telecom/ros2_pant_ec_ws/install/pant_nodes/share/pant_nodes/hook/cmake_prefix_path.ps1'
[0.312s] INFO:colcon.colcon_core.shell:Creating environment descriptor '/home/telecom/ros2_pant_ec_ws/install/pant_nodes/share/pant_nodes/hook/cmake_prefix_path.dsv'
[0.312s] INFO:colcon.colcon_core.shell:Creating environment hook '/home/telecom/ros2_pant_ec_ws/install/pant_nodes/share/pant_nodes/hook/cmake_prefix_path.sh'
[0.313s] Level 1:colcon.colcon_core.environment:checking '/home/telecom/ros2_pant_ec_ws/install/pant_nodes/lib'
[0.313s] Level 1:colcon.colcon_core.environment:checking '/home/telecom/ros2_pant_ec_ws/install/pant_nodes/bin'
[0.313s] Level 1:colcon.colcon_core.environment:checking '/home/telecom/ros2_pant_ec_ws/install/pant_nodes/lib/pkgconfig/pant_nodes.pc'
[0.313s] Level 1:colcon.colcon_core.environment:checking '/home/telecom/ros2_pant_ec_ws/install/pant_nodes/lib/python3.10/site-packages'
[0.313s] Level 1:colcon.colcon_core.environment:checking '/home/telecom/ros2_pant_ec_ws/install/pant_nodes/bin'
[0.314s] INFO:colcon.colcon_core.shell:Creating package script '/home/telecom/ros2_pant_ec_ws/install/pant_nodes/share/pant_nodes/package.ps1'
[0.314s] INFO:colcon.colcon_core.shell:Creating package descriptor '/home/telecom/ros2_pant_ec_ws/install/pant_nodes/share/pant_nodes/package.dsv'
[0.314s] INFO:colcon.colcon_core.shell:Creating package script '/home/telecom/ros2_pant_ec_ws/install/pant_nodes/share/pant_nodes/package.sh'
[0.315s] INFO:colcon.colcon_core.shell:Creating package script '/home/telecom/ros2_pant_ec_ws/install/pant_nodes/share/pant_nodes/package.bash'
[0.315s] INFO:colcon.colcon_core.shell:Creating package script '/home/telecom/ros2_pant_ec_ws/install/pant_nodes/share/pant_nodes/package.zsh'
[0.315s] Level 1:colcon.colcon_core.environment:create_file_with_runtime_dependencies(/home/telecom/ros2_pant_ec_ws/install/pant_nodes/share/colcon-core/packages/pant_nodes)
[0.334s] Level 1:colcon.colcon_core.environment:create_environment_scripts_only(pant_nodes)
[0.335s] Level 1:colcon.colcon_core.environment:checking '/home/telecom/ros2_pant_ec_ws/install/pant_nodes' for CMake module files
[0.336s] Level 1:colcon.colcon_core.environment:checking '/home/telecom/ros2_pant_ec_ws/install/pant_nodes' for CMake config files
[0.336s] Level 1:colcon.colcon_core.shell:create_environment_hook('pant_nodes', 'cmake_prefix_path')
[0.336s] INFO:colcon.colcon_core.shell:Creating environment hook '/home/telecom/ros2_pant_ec_ws/install/pant_nodes/share/pant_nodes/hook/cmake_prefix_path.ps1'
[0.337s] INFO:colcon.colcon_core.shell:Creating environment descriptor '/home/telecom/ros2_pant_ec_ws/install/pant_nodes/share/pant_nodes/hook/cmake_prefix_path.dsv'
[0.337s] INFO:colcon.colcon_core.shell:Creating environment hook '/home/telecom/ros2_pant_ec_ws/install/pant_nodes/share/pant_nodes/hook/cmake_prefix_path.sh'
[0.337s] Level 1:colcon.colcon_core.environment:checking '/home/telecom/ros2_pant_ec_ws/install/pant_nodes/lib'
[0.337s] Level 1:colcon.colcon_core.environment:checking '/home/telecom/ros2_pant_ec_ws/install/pant_nodes/bin'
[0.337s] Level 1:colcon.colcon_core.environment:checking '/home/telecom/ros2_pant_ec_ws/install/pant_nodes/lib/pkgconfig/pant_nodes.pc'
[0.337s] Level 1:colcon.colcon_core.environment:checking '/home/telecom/ros2_pant_ec_ws/install/pant_nodes/lib/python3.10/site-packages'
[0.337s] Level 1:colcon.colcon_core.environment:checking '/home/telecom/ros2_pant_ec_ws/install/pant_nodes/bin'
[0.338s] INFO:colcon.colcon_core.shell:Creating package script '/home/telecom/ros2_pant_ec_ws/install/pant_nodes/share/pant_nodes/package.ps1'
[0.338s] INFO:colcon.colcon_core.shell:Creating package descriptor '/home/telecom/ros2_pant_ec_ws/install/pant_nodes/share/pant_nodes/package.dsv'
[0.339s] INFO:colcon.colcon_core.shell:Creating package script '/home/telecom/ros2_pant_ec_ws/install/pant_nodes/share/pant_nodes/package.sh'
[0.339s] INFO:colcon.colcon_core.shell:Creating package script '/home/telecom/ros2_pant_ec_ws/install/pant_nodes/share/pant_nodes/package.bash'
[0.339s] INFO:colcon.colcon_core.shell:Creating package script '/home/telecom/ros2_pant_ec_ws/install/pant_nodes/share/pant_nodes/package.zsh'
[0.339s] Level 1:colcon.colcon_core.environment:create_file_with_runtime_dependencies(/home/telecom/ros2_pant_ec_ws/install/pant_nodes/share/colcon-core/packages/pant_nodes)
[0.339s] DEBUG:colcon.colcon_parallel_executor.executor.parallel:closing loop
[0.339s] DEBUG:colcon.colcon_parallel_executor.executor.parallel:loop closed
[0.339s] DEBUG:colcon.colcon_parallel_executor.executor.parallel:run_until_complete finished with '0'
[0.339s] DEBUG:colcon.colcon_core.event_reactor:joining thread
[0.342s] INFO:colcon.colcon_core.plugin_system:Skipping extension 'colcon_notification.desktop_notification.terminal_notifier': Not used on non-Darwin systems
[0.343s] INFO:colcon.colcon_core.plugin_system:Skipping extension 'colcon_notification.desktop_notification.win32': Not used on non-Windows systems
[0.343s] INFO:colcon.colcon_notification.desktop_notification:Sending desktop notification using 'notify2'
[0.350s] DEBUG:colcon.colcon_core.event_reactor:joined thread
[0.351s] INFO:colcon.colcon_core.shell:Creating prefix script '/home/telecom/ros2_pant_ec_ws/install/local_setup.ps1'
[0.352s] INFO:colcon.colcon_core.shell:Creating prefix util module '/home/telecom/ros2_pant_ec_ws/install/_local_setup_util_ps1.py'
[0.352s] INFO:colcon.colcon_core.shell:Creating prefix chain script '/home/telecom/ros2_pant_ec_ws/install/setup.ps1'
[0.353s] INFO:colcon.colcon_core.shell:Creating prefix script '/home/telecom/ros2_pant_ec_ws/install/local_setup.sh'
[0.353s] INFO:colcon.colcon_core.shell:Creating prefix util module '/home/telecom/ros2_pant_ec_ws/install/_local_setup_util_sh.py'
[0.354s] INFO:colcon.colcon_core.shell:Creating prefix chain script '/home/telecom/ros2_pant_ec_ws/install/setup.sh'
[0.355s] INFO:colcon.colcon_core.shell:Creating prefix script '/home/telecom/ros2_pant_ec_ws/install/local_setup.bash'
[0.355s] INFO:colcon.colcon_core.shell:Creating prefix chain script '/home/telecom/ros2_pant_ec_ws/install/setup.bash'
[0.356s] INFO:colcon.colcon_core.shell:Creating prefix script '/home/telecom/ros2_pant_ec_ws/install/local_setup.zsh'
[0.356s] INFO:colcon.colcon_core.shell:Creating prefix chain script '/home/telecom/ros2_pant_ec_ws/install/setup.zsh'
