[0.023s] Invoking command in '/home/telecom/ros2_pant_ec_ws/build/ethercat_beckhoff_modules': AMENT_PREFIX_PATH=/home/telecom/ros2_pant_ec_ws/install/ethercat_interface:${AMENT_PREFIX_PATH} CMAKE_PREFIX_PATH=/home/telecom/ros2_pant_ec_ws/install/ethercat_interface:/home/telecom/ros2_ws/install/squares:/home/telecom/ros2_ws/install/my_package:/home/telecom/ros2_ws/install/my_img:/home/telecom/ros2_ws/install/my_chatter:/opt/ros/humble LD_LIBRARY_PATH=/home/telecom/ros2_pant_ec_ws/install/ethercat_interface/lib:${LD_LIBRARY_PATH} /usr/bin/cmake --build /home/telecom/ros2_pant_ec_ws/build/ethercat_beckhoff_modules -- -j20 -l20
[0.065s] [ 13%] Built target gmock_main
[0.067s] [ 66%] Built target ethercat_beckhoff_modules
[0.068s] [ 86%] Built target gmock
[0.082s] [100%] Built target test_load_beckhoff_plugins
[0.105s] Invoked command in '/home/telecom/ros2_pant_ec_ws/build/ethercat_beckhoff_modules' returned '0': AMENT_PREFIX_PATH=/home/telecom/ros2_pant_ec_ws/install/ethercat_interface:${AMENT_PREFIX_PATH} CMAKE_PREFIX_PATH=/home/telecom/ros2_pant_ec_ws/install/ethercat_interface:/home/telecom/ros2_ws/install/squares:/home/telecom/ros2_ws/install/my_package:/home/telecom/ros2_ws/install/my_img:/home/telecom/ros2_ws/install/my_chatter:/opt/ros/humble LD_LIBRARY_PATH=/home/telecom/ros2_pant_ec_ws/install/ethercat_interface/lib:${LD_LIBRARY_PATH} /usr/bin/cmake --build /home/telecom/ros2_pant_ec_ws/build/ethercat_beckhoff_modules -- -j20 -l20
[0.168s] Invoking command in '/home/telecom/ros2_pant_ec_ws/build/ethercat_beckhoff_modules': AMENT_PREFIX_PATH=/home/telecom/ros2_pant_ec_ws/install/ethercat_interface:${AMENT_PREFIX_PATH} CMAKE_PREFIX_PATH=/home/telecom/ros2_pant_ec_ws/install/ethercat_interface:/home/telecom/ros2_ws/install/squares:/home/telecom/ros2_ws/install/my_package:/home/telecom/ros2_ws/install/my_img:/home/telecom/ros2_ws/install/my_chatter:/opt/ros/humble LD_LIBRARY_PATH=/home/telecom/ros2_pant_ec_ws/install/ethercat_interface/lib:${LD_LIBRARY_PATH} /usr/bin/cmake --install /home/telecom/ros2_pant_ec_ws/build/ethercat_beckhoff_modules
[0.184s] -- Install configuration: ""
[0.184s] -- Up-to-date: /home/telecom/ros2_pant_ec_ws/install/ethercat_beckhoff_modules/share/ethercat_beckhoff_modules/ethercat_plugins.xml
[0.184s] -- Up-to-date: /home/telecom/ros2_pant_ec_ws/install/ethercat_beckhoff_modules/lib/libethercat_beckhoff_modules.so
[0.184s] -- Up-to-date: /home/telecom/ros2_pant_ec_ws/install/ethercat_beckhoff_modules/share/ethercat_beckhoff_modules/environment/library_path.sh
[0.184s] -- Up-to-date: /home/telecom/ros2_pant_ec_ws/install/ethercat_beckhoff_modules/share/ethercat_beckhoff_modules/environment/library_path.dsv
[0.184s] -- Up-to-date: /home/telecom/ros2_pant_ec_ws/install/ethercat_beckhoff_modules/share/ament_index/resource_index/package_run_dependencies/ethercat_beckhoff_modules
[0.184s] -- Up-to-date: /home/telecom/ros2_pant_ec_ws/install/ethercat_beckhoff_modules/share/ament_index/resource_index/parent_prefix_path/ethercat_beckhoff_modules
[0.184s] -- Up-to-date: /home/telecom/ros2_pant_ec_ws/install/ethercat_beckhoff_modules/share/ethercat_beckhoff_modules/environment/ament_prefix_path.sh
[0.185s] -- Up-to-date: /home/telecom/ros2_pant_ec_ws/install/ethercat_beckhoff_modules/share/ethercat_beckhoff_modules/environment/ament_prefix_path.dsv
[0.185s] -- Up-to-date: /home/telecom/ros2_pant_ec_ws/install/ethercat_beckhoff_modules/share/ethercat_beckhoff_modules/environment/path.sh
[0.185s] -- Up-to-date: /home/telecom/ros2_pant_ec_ws/install/ethercat_beckhoff_modules/share/ethercat_beckhoff_modules/environment/path.dsv
[0.185s] -- Up-to-date: /home/telecom/ros2_pant_ec_ws/install/ethercat_beckhoff_modules/share/ethercat_beckhoff_modules/local_setup.bash
[0.185s] -- Up-to-date: /home/telecom/ros2_pant_ec_ws/install/ethercat_beckhoff_modules/share/ethercat_beckhoff_modules/local_setup.sh
[0.185s] -- Up-to-date: /home/telecom/ros2_pant_ec_ws/install/ethercat_beckhoff_modules/share/ethercat_beckhoff_modules/local_setup.zsh
[0.185s] -- Up-to-date: /home/telecom/ros2_pant_ec_ws/install/ethercat_beckhoff_modules/share/ethercat_beckhoff_modules/local_setup.dsv
[0.185s] -- Installing: /home/telecom/ros2_pant_ec_ws/install/ethercat_beckhoff_modules/share/ethercat_beckhoff_modules/package.dsv
[0.185s] -- Up-to-date: /home/telecom/ros2_pant_ec_ws/install/ethercat_beckhoff_modules/share/ament_index/resource_index/packages/ethercat_beckhoff_modules
[0.185s] -- Up-to-date: /home/telecom/ros2_pant_ec_ws/install/ethercat_beckhoff_modules/share/ament_index/resource_index/ethercat_interface__pluginlib__plugin/ethercat_beckhoff_modules
[0.185s] -- Up-to-date: /home/telecom/ros2_pant_ec_ws/install/ethercat_beckhoff_modules/share/ethercat_beckhoff_modules/cmake/export_ethercat_beckhoff_modulesExport.cmake
[0.185s] -- Up-to-date: /home/telecom/ros2_pant_ec_ws/install/ethercat_beckhoff_modules/share/ethercat_beckhoff_modules/cmake/export_ethercat_beckhoff_modulesExport-noconfig.cmake
[0.185s] -- Up-to-date: /home/telecom/ros2_pant_ec_ws/install/ethercat_beckhoff_modules/share/ethercat_beckhoff_modules/cmake/ament_cmake_export_include_directories-extras.cmake
[0.185s] -- Up-to-date: /home/telecom/ros2_pant_ec_ws/install/ethercat_beckhoff_modules/share/ethercat_beckhoff_modules/cmake/ament_cmake_export_libraries-extras.cmake
[0.185s] -- Up-to-date: /home/telecom/ros2_pant_ec_ws/install/ethercat_beckhoff_modules/share/ethercat_beckhoff_modules/cmake/ament_cmake_export_targets-extras.cmake
[0.185s] -- Up-to-date: /home/telecom/ros2_pant_ec_ws/install/ethercat_beckhoff_modules/share/ethercat_beckhoff_modules/cmake/ethercat_beckhoff_modulesConfig.cmake
[0.185s] -- Up-to-date: /home/telecom/ros2_pant_ec_ws/install/ethercat_beckhoff_modules/share/ethercat_beckhoff_modules/cmake/ethercat_beckhoff_modulesConfig-version.cmake
[0.185s] -- Up-to-date: /home/telecom/ros2_pant_ec_ws/install/ethercat_beckhoff_modules/share/ethercat_beckhoff_modules/package.xml
[0.216s] Invoked command in '/home/telecom/ros2_pant_ec_ws/build/ethercat_beckhoff_modules' returned '0': AMENT_PREFIX_PATH=/home/telecom/ros2_pant_ec_ws/install/ethercat_interface:${AMENT_PREFIX_PATH} CMAKE_PREFIX_PATH=/home/telecom/ros2_pant_ec_ws/install/ethercat_interface:/home/telecom/ros2_ws/install/squares:/home/telecom/ros2_ws/install/my_package:/home/telecom/ros2_ws/install/my_img:/home/telecom/ros2_ws/install/my_chatter:/opt/ros/humble LD_LIBRARY_PATH=/home/telecom/ros2_pant_ec_ws/install/ethercat_interface/lib:${LD_LIBRARY_PATH} /usr/bin/cmake --install /home/telecom/ros2_pant_ec_ws/build/ethercat_beckhoff_modules
