[0.019s] Invoking command in '/home/telecom/ros2_pant_ec_ws/build/pant_description': CMAKE_PREFIX_PATH=${CMAKE_PREFIX_PATH}:/opt/ros/humble /usr/bin/cmake --build /home/telecom/ros2_pant_ec_ws/build/pant_description -- -j20 -l20
[0.038s] Invoked command in '/home/telecom/ros2_pant_ec_ws/build/pant_description' returned '0': CMAKE_PREFIX_PATH=${CMAKE_PREFIX_PATH}:/opt/ros/humble /usr/bin/cmake --build /home/telecom/ros2_pant_ec_ws/build/pant_description -- -j20 -l20
[0.063s] Invoking command in '/home/telecom/ros2_pant_ec_ws/build/pant_description': CMAKE_PREFIX_PATH=${CMAKE_PREFIX_PATH}:/opt/ros/humble /usr/bin/cmake --install /home/telecom/ros2_pant_ec_ws/build/pant_description
[0.068s] -- Install configuration: ""
[0.068s] -- Up-to-date: /home/telecom/ros2_pant_ec_ws/install/pant_description/share/pant_description/urdf
[0.068s] -- Up-to-date: /home/telecom/ros2_pant_ec_ws/install/pant_description/share/pant_description/urdf/pant.urdf
[0.068s] -- Up-to-date: /home/telecom/ros2_pant_ec_ws/install/pant_description/share/pant_description/ros2_control
[0.068s] -- Up-to-date: /home/telecom/ros2_pant_ec_ws/install/pant_description/share/pant_description/ros2_control/pant.ros2_control.urdf
[0.068s] -- Up-to-date: /home/telecom/ros2_pant_ec_ws/install/pant_description/share/pant_description/config
[0.068s] -- Up-to-date: /home/telecom/ros2_pant_ec_ws/install/pant_description/share/pant_description/config/bhf_el4134.yaml
[0.068s] -- Up-to-date: /home/telecom/ros2_pant_ec_ws/install/pant_description/share/pant_description/config/scara.config.xacro
[0.068s] -- Up-to-date: /home/telecom/ros2_pant_ec_ws/install/pant_description/share/pant_description/config/bhf_el5101.yaml
[0.068s] -- Up-to-date: /home/telecom/ros2_pant_ec_ws/install/pant_description/share/pant_description/config/materials.urdf
[0.069s] -- Up-to-date: /home/telecom/ros2_pant_ec_ws/install/pant_description/share/pant_description/config/scara_controllers.yaml
[0.069s] -- Up-to-date: /home/telecom/ros2_pant_ec_ws/install/pant_description/share/pant_description/rviz
[0.069s] -- Up-to-date: /home/telecom/ros2_pant_ec_ws/install/pant_description/share/pant_description/rviz/scara.rviz
[0.069s] -- Up-to-date: /home/telecom/ros2_pant_ec_ws/install/pant_description/share/pant_description/gazebo
[0.069s] -- Up-to-date: /home/telecom/ros2_pant_ec_ws/install/pant_description/share/pant_description/gazebo/scara.gazebo.xacro
[0.069s] -- Up-to-date: /home/telecom/ros2_pant_ec_ws/install/pant_description/share/ament_index/resource_index/package_run_dependencies/pant_description
[0.070s] -- Up-to-date: /home/telecom/ros2_pant_ec_ws/install/pant_description/share/ament_index/resource_index/parent_prefix_path/pant_description
[0.070s] -- Up-to-date: /home/telecom/ros2_pant_ec_ws/install/pant_description/share/pant_description/environment/ament_prefix_path.sh
[0.070s] -- Up-to-date: /home/telecom/ros2_pant_ec_ws/install/pant_description/share/pant_description/environment/ament_prefix_path.dsv
[0.070s] -- Up-to-date: /home/telecom/ros2_pant_ec_ws/install/pant_description/share/pant_description/environment/path.sh
[0.070s] -- Up-to-date: /home/telecom/ros2_pant_ec_ws/install/pant_description/share/pant_description/environment/path.dsv
[0.071s] -- Up-to-date: /home/telecom/ros2_pant_ec_ws/install/pant_description/share/pant_description/local_setup.bash
[0.071s] -- Up-to-date: /home/telecom/ros2_pant_ec_ws/install/pant_description/share/pant_description/local_setup.sh
[0.071s] -- Up-to-date: /home/telecom/ros2_pant_ec_ws/install/pant_description/share/pant_description/local_setup.zsh
[0.071s] -- Up-to-date: /home/telecom/ros2_pant_ec_ws/install/pant_description/share/pant_description/local_setup.dsv
[0.071s] -- Installing: /home/telecom/ros2_pant_ec_ws/install/pant_description/share/pant_description/package.dsv
[0.071s] -- Up-to-date: /home/telecom/ros2_pant_ec_ws/install/pant_description/share/ament_index/resource_index/packages/pant_description
[0.071s] -- Up-to-date: /home/telecom/ros2_pant_ec_ws/install/pant_description/share/pant_description/cmake/pant_descriptionConfig.cmake
[0.071s] -- Up-to-date: /home/telecom/ros2_pant_ec_ws/install/pant_description/share/pant_description/cmake/pant_descriptionConfig-version.cmake
[0.071s] -- Up-to-date: /home/telecom/ros2_pant_ec_ws/install/pant_description/share/pant_description/package.xml
[0.073s] Invoked command in '/home/telecom/ros2_pant_ec_ws/build/pant_description' returned '0': CMAKE_PREFIX_PATH=${CMAKE_PREFIX_PATH}:/opt/ros/humble /usr/bin/cmake --install /home/telecom/ros2_pant_ec_ws/build/pant_description
