[0.026s] Invoking command in '/home/telecom/ros2_pant_ec_ws/build/ethercat_schneider_drives': AMENT_PREFIX_PATH=/home/telecom/ros2_pant_ec_ws/install/ethercat_interface:${AMENT_PREFIX_PATH} CMAKE_PREFIX_PATH=/home/telecom/ros2_pant_ec_ws/install/ethercat_interface:/home/telecom/ros2_ws/install/squares:/home/telecom/ros2_ws/install/my_package:/home/telecom/ros2_ws/install/my_img:/home/telecom/ros2_ws/install/my_chatter:/opt/ros/humble LD_LIBRARY_PATH=/home/telecom/ros2_pant_ec_ws/install/ethercat_interface/lib:${LD_LIBRARY_PATH} /usr/bin/cmake --build /home/telecom/ros2_pant_ec_ws/build/ethercat_schneider_drives -- -j20 -l20
[0.066s] [ 22%] Built target ethercat_schneider_drives
[0.066s] [ 44%] Built target gmock_main
[0.069s] [ 77%] Built target gmock
[0.084s] [100%] Built target test_load_schneider_plugins
[0.097s] Invoked command in '/home/telecom/ros2_pant_ec_ws/build/ethercat_schneider_drives' returned '0': AMENT_PREFIX_PATH=/home/telecom/ros2_pant_ec_ws/install/ethercat_interface:${AMENT_PREFIX_PATH} CMAKE_PREFIX_PATH=/home/telecom/ros2_pant_ec_ws/install/ethercat_interface:/home/telecom/ros2_ws/install/squares:/home/telecom/ros2_ws/install/my_package:/home/telecom/ros2_ws/install/my_img:/home/telecom/ros2_ws/install/my_chatter:/opt/ros/humble LD_LIBRARY_PATH=/home/telecom/ros2_pant_ec_ws/install/ethercat_interface/lib:${LD_LIBRARY_PATH} /usr/bin/cmake --build /home/telecom/ros2_pant_ec_ws/build/ethercat_schneider_drives -- -j20 -l20
[0.157s] Invoking command in '/home/telecom/ros2_pant_ec_ws/build/ethercat_schneider_drives': AMENT_PREFIX_PATH=/home/telecom/ros2_pant_ec_ws/install/ethercat_interface:${AMENT_PREFIX_PATH} CMAKE_PREFIX_PATH=/home/telecom/ros2_pant_ec_ws/install/ethercat_interface:/home/telecom/ros2_ws/install/squares:/home/telecom/ros2_ws/install/my_package:/home/telecom/ros2_ws/install/my_img:/home/telecom/ros2_ws/install/my_chatter:/opt/ros/humble LD_LIBRARY_PATH=/home/telecom/ros2_pant_ec_ws/install/ethercat_interface/lib:${LD_LIBRARY_PATH} /usr/bin/cmake --install /home/telecom/ros2_pant_ec_ws/build/ethercat_schneider_drives
[0.175s] -- Install configuration: ""
[0.175s] -- Up-to-date: /home/telecom/ros2_pant_ec_ws/install/ethercat_schneider_drives/share/ethercat_schneider_drives/ethercat_plugins.xml
[0.175s] -- Up-to-date: /home/telecom/ros2_pant_ec_ws/install/ethercat_schneider_drives/include
[0.175s] -- Up-to-date: /home/telecom/ros2_pant_ec_ws/install/ethercat_schneider_drives/include/ethercat_schneider_drives
[0.175s] -- Up-to-date: /home/telecom/ros2_pant_ec_ws/install/ethercat_schneider_drives/include/ethercat_schneider_drives/schneider_defs.hpp
[0.175s] -- Up-to-date: /home/telecom/ros2_pant_ec_ws/install/ethercat_schneider_drives/lib/libethercat_schneider_drives.so
[0.175s] -- Up-to-date: /home/telecom/ros2_pant_ec_ws/install/ethercat_schneider_drives/share/ethercat_schneider_drives/environment/library_path.sh
[0.175s] -- Up-to-date: /home/telecom/ros2_pant_ec_ws/install/ethercat_schneider_drives/share/ethercat_schneider_drives/environment/library_path.dsv
[0.175s] -- Up-to-date: /home/telecom/ros2_pant_ec_ws/install/ethercat_schneider_drives/share/ament_index/resource_index/package_run_dependencies/ethercat_schneider_drives
[0.175s] -- Up-to-date: /home/telecom/ros2_pant_ec_ws/install/ethercat_schneider_drives/share/ament_index/resource_index/parent_prefix_path/ethercat_schneider_drives
[0.175s] -- Up-to-date: /home/telecom/ros2_pant_ec_ws/install/ethercat_schneider_drives/share/ethercat_schneider_drives/environment/ament_prefix_path.sh
[0.175s] -- Up-to-date: /home/telecom/ros2_pant_ec_ws/install/ethercat_schneider_drives/share/ethercat_schneider_drives/environment/ament_prefix_path.dsv
[0.175s] -- Up-to-date: /home/telecom/ros2_pant_ec_ws/install/ethercat_schneider_drives/share/ethercat_schneider_drives/environment/path.sh
[0.175s] -- Up-to-date: /home/telecom/ros2_pant_ec_ws/install/ethercat_schneider_drives/share/ethercat_schneider_drives/environment/path.dsv
[0.175s] -- Up-to-date: /home/telecom/ros2_pant_ec_ws/install/ethercat_schneider_drives/share/ethercat_schneider_drives/local_setup.bash
[0.175s] -- Up-to-date: /home/telecom/ros2_pant_ec_ws/install/ethercat_schneider_drives/share/ethercat_schneider_drives/local_setup.sh
[0.175s] -- Up-to-date: /home/telecom/ros2_pant_ec_ws/install/ethercat_schneider_drives/share/ethercat_schneider_drives/local_setup.zsh
[0.175s] -- Up-to-date: /home/telecom/ros2_pant_ec_ws/install/ethercat_schneider_drives/share/ethercat_schneider_drives/local_setup.dsv
[0.176s] -- Installing: /home/telecom/ros2_pant_ec_ws/install/ethercat_schneider_drives/share/ethercat_schneider_drives/package.dsv
[0.176s] -- Up-to-date: /home/telecom/ros2_pant_ec_ws/install/ethercat_schneider_drives/share/ament_index/resource_index/packages/ethercat_schneider_drives
[0.176s] -- Up-to-date: /home/telecom/ros2_pant_ec_ws/install/ethercat_schneider_drives/share/ament_index/resource_index/ethercat_interface__pluginlib__plugin/ethercat_schneider_drives
[0.176s] -- Up-to-date: /home/telecom/ros2_pant_ec_ws/install/ethercat_schneider_drives/share/ethercat_schneider_drives/cmake/export_ethercat_schneider_drivesExport.cmake
[0.176s] -- Up-to-date: /home/telecom/ros2_pant_ec_ws/install/ethercat_schneider_drives/share/ethercat_schneider_drives/cmake/export_ethercat_schneider_drivesExport-noconfig.cmake
[0.176s] -- Up-to-date: /home/telecom/ros2_pant_ec_ws/install/ethercat_schneider_drives/share/ethercat_schneider_drives/cmake/ament_cmake_export_include_directories-extras.cmake
[0.176s] -- Up-to-date: /home/telecom/ros2_pant_ec_ws/install/ethercat_schneider_drives/share/ethercat_schneider_drives/cmake/ament_cmake_export_libraries-extras.cmake
[0.176s] -- Up-to-date: /home/telecom/ros2_pant_ec_ws/install/ethercat_schneider_drives/share/ethercat_schneider_drives/cmake/ament_cmake_export_targets-extras.cmake
[0.176s] -- Up-to-date: /home/telecom/ros2_pant_ec_ws/install/ethercat_schneider_drives/share/ethercat_schneider_drives/cmake/ethercat_schneider_drivesConfig.cmake
[0.176s] -- Up-to-date: /home/telecom/ros2_pant_ec_ws/install/ethercat_schneider_drives/share/ethercat_schneider_drives/cmake/ethercat_schneider_drivesConfig-version.cmake
[0.176s] -- Up-to-date: /home/telecom/ros2_pant_ec_ws/install/ethercat_schneider_drives/share/ethercat_schneider_drives/package.xml
[0.201s] Invoked command in '/home/telecom/ros2_pant_ec_ws/build/ethercat_schneider_drives' returned '0': AMENT_PREFIX_PATH=/home/telecom/ros2_pant_ec_ws/install/ethercat_interface:${AMENT_PREFIX_PATH} CMAKE_PREFIX_PATH=/home/telecom/ros2_pant_ec_ws/install/ethercat_interface:/home/telecom/ros2_ws/install/squares:/home/telecom/ros2_ws/install/my_package:/home/telecom/ros2_ws/install/my_img:/home/telecom/ros2_ws/install/my_chatter:/opt/ros/humble LD_LIBRARY_PATH=/home/telecom/ros2_pant_ec_ws/install/ethercat_interface/lib:${LD_LIBRARY_PATH} /usr/bin/cmake --install /home/telecom/ros2_pant_ec_ws/build/ethercat_schneider_drives
