-- The C compiler identification is GNU 11.3.0
-- The CXX compiler identification is GNU 11.3.0
-- Detecting C compiler ABI info
-- Detecting C compiler ABI info - done
-- Check for working C compiler: /usr/bin/cc - skipped
-- Detecting C compile features
-- Detecting C compile features - done
-- Detecting CXX compiler ABI info
-- Detecting CXX compiler ABI info - done
-- Check for working CXX compiler: /usr/bin/c++ - skipped
-- Detecting CXX compile features
-- Detecting CXX compile features - done
-- Found ament_cmake: 1.3.5 (/opt/ros/humble/share/ament_cmake/cmake)
-- Found Python3: /usr/bin/python3.10 (found version "3.10.6") found components: Interpreter 
-- Found rclcpp: 16.0.4 (/opt/ros/humble/share/rclcpp/cmake)
-- Found rosidl_generator_c: 3.1.4 (/opt/ros/humble/share/rosidl_generator_c/cmake)
-- Found rosidl_adapter: 3.1.4 (/opt/ros/humble/share/rosidl_adapter/cmake)
-- Found rosidl_generator_cpp: 3.1.4 (/opt/ros/humble/share/rosidl_generator_cpp/cmake)
-- Using all available rosidl_typesupport_c: rosidl_typesupport_fastrtps_c;rosidl_typesupport_introspection_c
-- Using all available rosidl_typesupport_cpp: rosidl_typesupport_fastrtps_cpp;rosidl_typesupport_introspection_cpp
-- Found rmw_implementation_cmake: 6.1.1 (/opt/ros/humble/share/rmw_implementation_cmake/cmake)
-- Found rmw_fastrtps_cpp: 6.2.2 (/opt/ros/humble/share/rmw_fastrtps_cpp/cmake)
-- Found OpenSSL: /usr/lib/x86_64-linux-gnu/libcrypto.so (found version "3.0.2")  
-- Found FastRTPS: /opt/ros/humble/include  
-- Using RMW implementation 'rmw_fastrtps_cpp' as default
-- Looking for pthread.h
-- Looking for pthread.h - found
-- Performing Test CMAKE_HAVE_LIBC_PTHREAD
-- Performing Test CMAKE_HAVE_LIBC_PTHREAD - Success
-- Found Threads: TRUE  
-- Found rclpy: 3.3.8 (/opt/ros/humble/share/rclpy/cmake)
-- Found OpenCV: /usr (found version "4.5.4") 
-- Found sensor_msgs: 4.2.3 (/opt/ros/humble/share/sensor_msgs/cmake)
-- Found ament_lint_auto: 0.12.6 (/opt/ros/humble/share/ament_lint_auto/cmake)
-- Added test 'cppcheck' to perform static code analysis on C / C++ code
-- Configured cppcheck include dirs: $<BUILD_INTERFACE:/home/telecom/ros2_pant_ec_ws/src/pant_nodes/include>
-- Configured cppcheck exclude dirs and/or files: 
-- Added test 'flake8' to check Python code syntax and style conventions
-- Added test 'lint_cmake' to check CMake code style
-- Added test 'pep257' to check Python code against some of the docstring style conventions in PEP 257
-- Added test 'uncrustify' to check C / C++ code style
-- Configured uncrustify additional arguments: 
-- Added test 'xmllint' to check XML markup files
-- Configuring done
-- Generating done
-- Build files have been written to: /home/telecom/ros2_pant_ec_ws/build/pant_nodes
[ 25%] [32mBuilding CXX object CMakeFiles/image_sub.dir/src/image_sub.cpp.o[0m
[ 50%] [32mBuilding CXX object CMakeFiles/image_pub.dir/src/image_pub.cpp.o[0m
[ 75%] [32m[1mLinking CXX executable image_pub[0m
[ 75%] Built target image_pub
[100%] [32m[1mLinking CXX executable image_sub[0m
[100%] Built target image_sub
-- Install configuration: ""
-- Installing: /home/telecom/ros2_pant_ec_ws/install/pant_nodes/lib/pant_nodes/image_pub
-- Set runtime path of "/home/telecom/ros2_pant_ec_ws/install/pant_nodes/lib/pant_nodes/image_pub" to ""
-- Installing: /home/telecom/ros2_pant_ec_ws/install/pant_nodes/lib/pant_nodes/image_sub
-- Set runtime path of "/home/telecom/ros2_pant_ec_ws/install/pant_nodes/lib/pant_nodes/image_sub" to ""
-- Installing: /home/telecom/ros2_pant_ec_ws/install/pant_nodes/lib/pant_nodes/gui.py
-- Installing: /home/telecom/ros2_pant_ec_ws/install/pant_nodes/lib/pant_nodes/needleTracking.py
-- Installing: /home/telecom/ros2_pant_ec_ws/install/pant_nodes/share/ament_index/resource_index/package_run_dependencies/pant_nodes
-- Installing: /home/telecom/ros2_pant_ec_ws/install/pant_nodes/share/ament_index/resource_index/parent_prefix_path/pant_nodes
-- Installing: /home/telecom/ros2_pant_ec_ws/install/pant_nodes/share/pant_nodes/environment/ament_prefix_path.sh
-- Installing: /home/telecom/ros2_pant_ec_ws/install/pant_nodes/share/pant_nodes/environment/ament_prefix_path.dsv
-- Installing: /home/telecom/ros2_pant_ec_ws/install/pant_nodes/share/pant_nodes/environment/path.sh
-- Installing: /home/telecom/ros2_pant_ec_ws/install/pant_nodes/share/pant_nodes/environment/path.dsv
-- Installing: /home/telecom/ros2_pant_ec_ws/install/pant_nodes/share/pant_nodes/local_setup.bash
-- Installing: /home/telecom/ros2_pant_ec_ws/install/pant_nodes/share/pant_nodes/local_setup.sh
-- Installing: /home/telecom/ros2_pant_ec_ws/install/pant_nodes/share/pant_nodes/local_setup.zsh
-- Installing: /home/telecom/ros2_pant_ec_ws/install/pant_nodes/share/pant_nodes/local_setup.dsv
-- Installing: /home/telecom/ros2_pant_ec_ws/install/pant_nodes/share/pant_nodes/package.dsv
-- Installing: /home/telecom/ros2_pant_ec_ws/install/pant_nodes/share/ament_index/resource_index/packages/pant_nodes
-- Installing: /home/telecom/ros2_pant_ec_ws/install/pant_nodes/share/pant_nodes/cmake/pant_nodesConfig.cmake
-- Installing: /home/telecom/ros2_pant_ec_ws/install/pant_nodes/share/pant_nodes/cmake/pant_nodesConfig-version.cmake
-- Installing: /home/telecom/ros2_pant_ec_ws/install/pant_nodes/share/pant_nodes/package.xml
