[0.014s] Invoking command in '/home/telecom/ros2_pant_ec_ws/build/pant_nodes': CMAKE_PREFIX_PATH=${CMAKE_PREFIX_PATH}:/opt/ros/humble /usr/bin/cmake /home/telecom/ros2_pant_ec_ws/src/pant_nodes -DCMAKE_INSTALL_PREFIX=/home/telecom/ros2_pant_ec_ws/install/pant_nodes
[0.053s] -- The C compiler identification is GNU 11.3.0
[0.086s] -- The CXX compiler identification is GNU 11.3.0
[0.091s] -- Detecting C compiler ABI info
[0.128s] -- Detecting C compiler ABI info - done
[0.133s] -- Check for working C compiler: /usr/bin/cc - skipped
[0.133s] -- Detecting C compile features
[0.133s] -- Detecting C compile features - done
[0.135s] -- Detecting CXX compiler ABI info
[0.179s] -- Detecting CXX compiler ABI info - done
[0.186s] -- Check for working CXX compiler: /usr/bin/c++ - skipped
[0.186s] -- Detecting CXX compile features
[0.186s] -- Detecting CXX compile features - done
[0.187s] -- Found ament_cmake: 1.3.5 (/opt/ros/humble/share/ament_cmake/cmake)
[0.294s] -- Found Python3: /usr/bin/python3.10 (found version "3.10.6") found components: Interpreter 
[0.346s] -- Found rclcpp: 16.0.4 (/opt/ros/humble/share/rclcpp/cmake)
[0.371s] -- Found rosidl_generator_c: 3.1.4 (/opt/ros/humble/share/rosidl_generator_c/cmake)
[0.376s] -- Found rosidl_adapter: 3.1.4 (/opt/ros/humble/share/rosidl_adapter/cmake)
[0.381s] -- Found rosidl_generator_cpp: 3.1.4 (/opt/ros/humble/share/rosidl_generator_cpp/cmake)
[0.389s] -- Using all available rosidl_typesupport_c: rosidl_typesupport_fastrtps_c;rosidl_typesupport_introspection_c
[0.401s] -- Using all available rosidl_typesupport_cpp: rosidl_typesupport_fastrtps_cpp;rosidl_typesupport_introspection_cpp
[0.449s] -- Found rmw_implementation_cmake: 6.1.1 (/opt/ros/humble/share/rmw_implementation_cmake/cmake)
[0.451s] -- Found rmw_fastrtps_cpp: 6.2.2 (/opt/ros/humble/share/rmw_fastrtps_cpp/cmake)
[0.507s] -- Found OpenSSL: /usr/lib/x86_64-linux-gnu/libcrypto.so (found version "3.0.2")  
[0.523s] -- Found FastRTPS: /opt/ros/humble/include  
[0.551s] -- Using RMW implementation 'rmw_fastrtps_cpp' as default
[0.557s] -- Looking for pthread.h
[0.596s] -- Looking for pthread.h - found
[0.597s] -- Performing Test CMAKE_HAVE_LIBC_PTHREAD
[0.635s] -- Performing Test CMAKE_HAVE_LIBC_PTHREAD - Success
[0.636s] -- Found Threads: TRUE  
[0.733s] -- Found rclpy: 3.3.8 (/opt/ros/humble/share/rclpy/cmake)
[0.738s] -- Found OpenCV: /usr (found version "4.5.4") 
[0.739s] -- Found sensor_msgs: 4.2.3 (/opt/ros/humble/share/sensor_msgs/cmake)
[0.822s] -- Found ament_lint_auto: 0.12.6 (/opt/ros/humble/share/ament_lint_auto/cmake)
[0.877s] -- Added test 'cppcheck' to perform static code analysis on C / C++ code
[0.877s] -- Configured cppcheck include dirs: $<BUILD_INTERFACE:/home/telecom/ros2_pant_ec_ws/src/pant_nodes/include>
[0.877s] -- Configured cppcheck exclude dirs and/or files: 
[0.878s] -- Added test 'flake8' to check Python code syntax and style conventions
[0.879s] -- Added test 'lint_cmake' to check CMake code style
[0.879s] -- Added test 'pep257' to check Python code against some of the docstring style conventions in PEP 257
[0.881s] -- Added test 'uncrustify' to check C / C++ code style
[0.881s] -- Configured uncrustify additional arguments: 
[0.881s] -- Added test 'xmllint' to check XML markup files
[0.882s] -- Configuring done
[0.892s] -- Generating done
[0.893s] -- Build files have been written to: /home/telecom/ros2_pant_ec_ws/build/pant_nodes
[0.902s] Invoked command in '/home/telecom/ros2_pant_ec_ws/build/pant_nodes' returned '0': CMAKE_PREFIX_PATH=${CMAKE_PREFIX_PATH}:/opt/ros/humble /usr/bin/cmake /home/telecom/ros2_pant_ec_ws/src/pant_nodes -DCMAKE_INSTALL_PREFIX=/home/telecom/ros2_pant_ec_ws/install/pant_nodes
[0.904s] Invoking command in '/home/telecom/ros2_pant_ec_ws/build/pant_nodes': CMAKE_PREFIX_PATH=${CMAKE_PREFIX_PATH}:/opt/ros/humble /usr/bin/cmake --build /home/telecom/ros2_pant_ec_ws/build/pant_nodes -- -j20 -l20
[0.935s] [ 25%] [32mBuilding CXX object CMakeFiles/image_sub.dir/src/image_sub.cpp.o[0m
[0.939s] [ 50%] [32mBuilding CXX object CMakeFiles/image_pub.dir/src/image_pub.cpp.o[0m
[4.147s] [ 75%] [32m[1mLinking CXX executable image_pub[0m
[4.535s] [ 75%] Built target image_pub
[10.233s] [100%] [32m[1mLinking CXX executable image_sub[0m
[10.803s] [100%] Built target image_sub
[10.814s] Invoked command in '/home/telecom/ros2_pant_ec_ws/build/pant_nodes' returned '0': CMAKE_PREFIX_PATH=${CMAKE_PREFIX_PATH}:/opt/ros/humble /usr/bin/cmake --build /home/telecom/ros2_pant_ec_ws/build/pant_nodes -- -j20 -l20
[10.836s] Invoking command in '/home/telecom/ros2_pant_ec_ws/build/pant_nodes': CMAKE_PREFIX_PATH=${CMAKE_PREFIX_PATH}:/opt/ros/humble /usr/bin/cmake --install /home/telecom/ros2_pant_ec_ws/build/pant_nodes
[10.842s] -- Install configuration: ""
[10.842s] -- Installing: /home/telecom/ros2_pant_ec_ws/install/pant_nodes/lib/pant_nodes/image_pub
[10.843s] -- Set runtime path of "/home/telecom/ros2_pant_ec_ws/install/pant_nodes/lib/pant_nodes/image_pub" to ""
[10.843s] -- Installing: /home/telecom/ros2_pant_ec_ws/install/pant_nodes/lib/pant_nodes/image_sub
[10.845s] -- Set runtime path of "/home/telecom/ros2_pant_ec_ws/install/pant_nodes/lib/pant_nodes/image_sub" to ""
[10.845s] -- Installing: /home/telecom/ros2_pant_ec_ws/install/pant_nodes/lib/pant_nodes/gui.py
[10.845s] -- Installing: /home/telecom/ros2_pant_ec_ws/install/pant_nodes/lib/pant_nodes/needleTracking.py
[10.845s] -- Installing: /home/telecom/ros2_pant_ec_ws/install/pant_nodes/share/ament_index/resource_index/package_run_dependencies/pant_nodes
[10.845s] -- Installing: /home/telecom/ros2_pant_ec_ws/install/pant_nodes/share/ament_index/resource_index/parent_prefix_path/pant_nodes
[10.845s] -- Installing: /home/telecom/ros2_pant_ec_ws/install/pant_nodes/share/pant_nodes/environment/ament_prefix_path.sh
[10.845s] -- Installing: /home/telecom/ros2_pant_ec_ws/install/pant_nodes/share/pant_nodes/environment/ament_prefix_path.dsv
[10.845s] -- Installing: /home/telecom/ros2_pant_ec_ws/install/pant_nodes/share/pant_nodes/environment/path.sh
[10.845s] -- Installing: /home/telecom/ros2_pant_ec_ws/install/pant_nodes/share/pant_nodes/environment/path.dsv
[10.846s] -- Installing: /home/telecom/ros2_pant_ec_ws/install/pant_nodes/share/pant_nodes/local_setup.bash
[10.846s] -- Installing: /home/telecom/ros2_pant_ec_ws/install/pant_nodes/share/pant_nodes/local_setup.sh
[10.846s] -- Installing: /home/telecom/ros2_pant_ec_ws/install/pant_nodes/share/pant_nodes/local_setup.zsh
[10.846s] -- Installing: /home/telecom/ros2_pant_ec_ws/install/pant_nodes/share/pant_nodes/local_setup.dsv
[10.846s] -- Installing: /home/telecom/ros2_pant_ec_ws/install/pant_nodes/share/pant_nodes/package.dsv
[10.846s] -- Installing: /home/telecom/ros2_pant_ec_ws/install/pant_nodes/share/ament_index/resource_index/packages/pant_nodes
[10.846s] -- Installing: /home/telecom/ros2_pant_ec_ws/install/pant_nodes/share/pant_nodes/cmake/pant_nodesConfig.cmake
[10.846s] -- Installing: /home/telecom/ros2_pant_ec_ws/install/pant_nodes/share/pant_nodes/cmake/pant_nodesConfig-version.cmake
[10.846s] -- Installing: /home/telecom/ros2_pant_ec_ws/install/pant_nodes/share/pant_nodes/package.xml
[10.850s] Invoked command in '/home/telecom/ros2_pant_ec_ws/build/pant_nodes' returned '0': CMAKE_PREFIX_PATH=${CMAKE_PREFIX_PATH}:/opt/ros/humble /usr/bin/cmake --install /home/telecom/ros2_pant_ec_ws/build/pant_nodes
