[0.026s] Invoking command in '/home/telecom/ros2_pant_ec_ws/build/pant_bringup': CMAKE_PREFIX_PATH=${CMAKE_PREFIX_PATH}:/opt/ros/humble /usr/bin/cmake --build /home/telecom/ros2_pant_ec_ws/build/pant_bringup -- -j20 -l20
[0.058s] Invoked command in '/home/telecom/ros2_pant_ec_ws/build/pant_bringup' returned '0': CMAKE_PREFIX_PATH=${CMAKE_PREFIX_PATH}:/opt/ros/humble /usr/bin/cmake --build /home/telecom/ros2_pant_ec_ws/build/pant_bringup -- -j20 -l20
[0.082s] Invoking command in '/home/telecom/ros2_pant_ec_ws/build/pant_bringup': CMAKE_PREFIX_PATH=${CMAKE_PREFIX_PATH}:/opt/ros/humble /usr/bin/cmake --install /home/telecom/ros2_pant_ec_ws/build/pant_bringup
[0.087s] -- Install configuration: ""
[0.088s] -- Up-to-date: /home/telecom/ros2_pant_ec_ws/install/pant_bringup/share/pant_bringup/launch
[0.089s] -- Up-to-date: /home/telecom/ros2_pant_ec_ws/install/pant_bringup/share/pant_bringup/launch/pant.launch.py
[0.089s] -- Up-to-date: /home/telecom/ros2_pant_ec_ws/install/pant_bringup/share/pant_bringup/launch/__pycache__
[0.089s] -- Up-to-date: /home/telecom/ros2_pant_ec_ws/install/pant_bringup/share/pant_bringup/launch/__pycache__/scara_gazebo.launch.cpython-310.pyc
[0.090s] -- Up-to-date: /home/telecom/ros2_pant_ec_ws/install/pant_bringup/share/pant_bringup/launch/__pycache__/scara.launch.cpython-310.pyc
[0.091s] -- Up-to-date: /home/telecom/ros2_pant_ec_ws/install/pant_bringup/share/pant_bringup/config
[0.091s] -- Up-to-date: /home/telecom/ros2_pant_ec_ws/install/pant_bringup/share/ament_index/resource_index/package_run_dependencies/pant_bringup
[0.091s] -- Up-to-date: /home/telecom/ros2_pant_ec_ws/install/pant_bringup/share/ament_index/resource_index/parent_prefix_path/pant_bringup
[0.091s] -- Up-to-date: /home/telecom/ros2_pant_ec_ws/install/pant_bringup/share/pant_bringup/environment/ament_prefix_path.sh
[0.093s] -- Up-to-date: /home/telecom/ros2_pant_ec_ws/install/pant_bringup/share/pant_bringup/environment/ament_prefix_path.dsv
[0.093s] -- Up-to-date: /home/telecom/ros2_pant_ec_ws/install/pant_bringup/share/pant_bringup/environment/path.sh
[0.093s] -- Up-to-date: /home/telecom/ros2_pant_ec_ws/install/pant_bringup/share/pant_bringup/environment/path.dsv
[0.093s] -- Up-to-date: /home/telecom/ros2_pant_ec_ws/install/pant_bringup/share/pant_bringup/local_setup.bash
[0.093s] -- Up-to-date: /home/telecom/ros2_pant_ec_ws/install/pant_bringup/share/pant_bringup/local_setup.sh
[0.093s] -- Up-to-date: /home/telecom/ros2_pant_ec_ws/install/pant_bringup/share/pant_bringup/local_setup.zsh
[0.094s] -- Up-to-date: /home/telecom/ros2_pant_ec_ws/install/pant_bringup/share/pant_bringup/local_setup.dsv
[0.094s] -- Installing: /home/telecom/ros2_pant_ec_ws/install/pant_bringup/share/pant_bringup/package.dsv
[0.095s] -- Up-to-date: /home/telecom/ros2_pant_ec_ws/install/pant_bringup/share/ament_index/resource_index/packages/pant_bringup
[0.095s] -- Up-to-date: /home/telecom/ros2_pant_ec_ws/install/pant_bringup/share/pant_bringup/cmake/pant_bringupConfig.cmake
[0.095s] -- Up-to-date: /home/telecom/ros2_pant_ec_ws/install/pant_bringup/share/pant_bringup/cmake/pant_bringupConfig-version.cmake
[0.095s] -- Up-to-date: /home/telecom/ros2_pant_ec_ws/install/pant_bringup/share/pant_bringup/package.xml
[0.100s] Invoked command in '/home/telecom/ros2_pant_ec_ws/build/pant_bringup' returned '0': CMAKE_PREFIX_PATH=${CMAKE_PREFIX_PATH}:/opt/ros/humble /usr/bin/cmake --install /home/telecom/ros2_pant_ec_ws/build/pant_bringup
