[0.017s] Invoking command in '/home/telecom/ros2_pant_ec_ws/build/pant_bringup': CMAKE_PREFIX_PATH=${CMAKE_PREFIX_PATH}:/opt/ros/humble /usr/bin/cmake /home/telecom/ros2_pant_ec_ws/src/pant_bringup -DCMAKE_INSTALL_PREFIX=/home/telecom/ros2_pant_ec_ws/install/pant_bringup
[0.050s] -- The C compiler identification is GNU 11.3.0
[0.082s] -- The CXX compiler identification is GNU 11.3.0
[0.087s] -- Detecting C compiler ABI info
[0.124s] -- Detecting C compiler ABI info - done
[0.128s] -- Check for working C compiler: /usr/bin/cc - skipped
[0.128s] -- Detecting C compile features
[0.129s] -- Detecting C compile features - done
[0.131s] -- Detecting CXX compiler ABI info
[0.180s] -- Detecting CXX compiler ABI info - done
[0.187s] -- Check for working CXX compiler: /usr/bin/c++ - skipped
[0.187s] -- Detecting CXX compile features
[0.188s] -- Detecting CXX compile features - done
[0.190s] -- Found ament_cmake: 1.3.5 (/opt/ros/humble/share/ament_cmake/cmake)
[0.295s] -- Found Python3: /usr/bin/python3.10 (found version "3.10.6") found components: Interpreter 
[0.348s] -- Found rclcpp: 16.0.4 (/opt/ros/humble/share/rclcpp/cmake)
[0.373s] -- Found rosidl_generator_c: 3.1.4 (/opt/ros/humble/share/rosidl_generator_c/cmake)
[0.376s] -- Found rosidl_adapter: 3.1.4 (/opt/ros/humble/share/rosidl_adapter/cmake)
[0.381s] -- Found rosidl_generator_cpp: 3.1.4 (/opt/ros/humble/share/rosidl_generator_cpp/cmake)
[0.389s] -- Using all available rosidl_typesupport_c: rosidl_typesupport_fastrtps_c;rosidl_typesupport_introspection_c
[0.401s] -- Using all available rosidl_typesupport_cpp: rosidl_typesupport_fastrtps_cpp;rosidl_typesupport_introspection_cpp
[0.444s] -- Found rmw_implementation_cmake: 6.1.1 (/opt/ros/humble/share/rmw_implementation_cmake/cmake)
[0.446s] -- Found rmw_fastrtps_cpp: 6.2.2 (/opt/ros/humble/share/rmw_fastrtps_cpp/cmake)
[0.505s] -- Found OpenSSL: /usr/lib/x86_64-linux-gnu/libcrypto.so (found version "3.0.2")  
[0.526s] -- Found FastRTPS: /opt/ros/humble/include  
[0.555s] -- Using RMW implementation 'rmw_fastrtps_cpp' as default
[0.561s] -- Looking for pthread.h
[0.601s] -- Looking for pthread.h - found
[0.601s] -- Performing Test CMAKE_HAVE_LIBC_PTHREAD
[0.642s] -- Performing Test CMAKE_HAVE_LIBC_PTHREAD - Success
[0.642s] -- Found Threads: TRUE  
[0.740s] -- Found rclpy: 3.3.8 (/opt/ros/humble/share/rclpy/cmake)
[0.740s] -- Found ament_lint_auto: 0.12.6 (/opt/ros/humble/share/ament_lint_auto/cmake)
[0.788s] -- Added test 'copyright' to check source files copyright and LICENSE
[0.789s] -- Added test 'flake8' to check Python code syntax and style conventions
[0.790s] -- Added test 'lint_cmake' to check CMake code style
[0.790s] -- Added test 'pep257' to check Python code against some of the docstring style conventions in PEP 257
[0.791s] -- Added test 'xmllint' to check XML markup files
[0.792s] -- Configuring done
[0.794s] -- Generating done
[0.795s] -- Build files have been written to: /home/telecom/ros2_pant_ec_ws/build/pant_bringup
[0.800s] Invoked command in '/home/telecom/ros2_pant_ec_ws/build/pant_bringup' returned '0': CMAKE_PREFIX_PATH=${CMAKE_PREFIX_PATH}:/opt/ros/humble /usr/bin/cmake /home/telecom/ros2_pant_ec_ws/src/pant_bringup -DCMAKE_INSTALL_PREFIX=/home/telecom/ros2_pant_ec_ws/install/pant_bringup
[0.802s] Invoking command in '/home/telecom/ros2_pant_ec_ws/build/pant_bringup': CMAKE_PREFIX_PATH=${CMAKE_PREFIX_PATH}:/opt/ros/humble /usr/bin/cmake --build /home/telecom/ros2_pant_ec_ws/build/pant_bringup -- -j20 -l20
[0.823s] Invoked command in '/home/telecom/ros2_pant_ec_ws/build/pant_bringup' returned '0': CMAKE_PREFIX_PATH=${CMAKE_PREFIX_PATH}:/opt/ros/humble /usr/bin/cmake --build /home/telecom/ros2_pant_ec_ws/build/pant_bringup -- -j20 -l20
[0.836s] Invoking command in '/home/telecom/ros2_pant_ec_ws/build/pant_bringup': CMAKE_PREFIX_PATH=${CMAKE_PREFIX_PATH}:/opt/ros/humble /usr/bin/cmake --install /home/telecom/ros2_pant_ec_ws/build/pant_bringup
[0.841s] -- Install configuration: ""
[0.841s] -- Installing: /home/telecom/ros2_pant_ec_ws/install/pant_bringup/share/pant_bringup/launch
[0.841s] -- Installing: /home/telecom/ros2_pant_ec_ws/install/pant_bringup/share/pant_bringup/launch/pant.launch.py
[0.841s] -- Installing: /home/telecom/ros2_pant_ec_ws/install/pant_bringup/share/pant_bringup/launch/__pycache__
[0.841s] -- Installing: /home/telecom/ros2_pant_ec_ws/install/pant_bringup/share/pant_bringup/launch/__pycache__/scara_gazebo.launch.cpython-310.pyc
[0.841s] -- Installing: /home/telecom/ros2_pant_ec_ws/install/pant_bringup/share/pant_bringup/launch/__pycache__/scara.launch.cpython-310.pyc
[0.842s] -- Installing: /home/telecom/ros2_pant_ec_ws/install/pant_bringup/share/pant_bringup/config
[0.842s] -- Installing: /home/telecom/ros2_pant_ec_ws/install/pant_bringup/share/ament_index/resource_index/package_run_dependencies/pant_bringup
[0.842s] -- Installing: /home/telecom/ros2_pant_ec_ws/install/pant_bringup/share/ament_index/resource_index/parent_prefix_path/pant_bringup
[0.842s] -- Installing: /home/telecom/ros2_pant_ec_ws/install/pant_bringup/share/pant_bringup/environment/ament_prefix_path.sh
[0.842s] -- Installing: /home/telecom/ros2_pant_ec_ws/install/pant_bringup/share/pant_bringup/environment/ament_prefix_path.dsv
[0.842s] -- Installing: /home/telecom/ros2_pant_ec_ws/install/pant_bringup/share/pant_bringup/environment/path.sh
[0.842s] -- Installing: /home/telecom/ros2_pant_ec_ws/install/pant_bringup/share/pant_bringup/environment/path.dsv
[0.842s] -- Installing: /home/telecom/ros2_pant_ec_ws/install/pant_bringup/share/pant_bringup/local_setup.bash
[0.842s] -- Installing: /home/telecom/ros2_pant_ec_ws/install/pant_bringup/share/pant_bringup/local_setup.sh
[0.842s] -- Installing: /home/telecom/ros2_pant_ec_ws/install/pant_bringup/share/pant_bringup/local_setup.zsh
[0.842s] -- Installing: /home/telecom/ros2_pant_ec_ws/install/pant_bringup/share/pant_bringup/local_setup.dsv
[0.842s] -- Installing: /home/telecom/ros2_pant_ec_ws/install/pant_bringup/share/pant_bringup/package.dsv
[0.843s] -- Installing: /home/telecom/ros2_pant_ec_ws/install/pant_bringup/share/ament_index/resource_index/packages/pant_bringup
[0.843s] -- Installing: /home/telecom/ros2_pant_ec_ws/install/pant_bringup/share/pant_bringup/cmake/pant_bringupConfig.cmake
[0.843s] -- Installing: /home/telecom/ros2_pant_ec_ws/install/pant_bringup/share/pant_bringup/cmake/pant_bringupConfig-version.cmake
[0.843s] -- Installing: /home/telecom/ros2_pant_ec_ws/install/pant_bringup/share/pant_bringup/package.xml
[0.848s] Invoked command in '/home/telecom/ros2_pant_ec_ws/build/pant_bringup' returned '0': CMAKE_PREFIX_PATH=${CMAKE_PREFIX_PATH}:/opt/ros/humble /usr/bin/cmake --install /home/telecom/ros2_pant_ec_ws/build/pant_bringup
