[0.021s] Invoking command in '/home/telecom/ros2_pant_ec_ws/build/ethercat_msgs': CMAKE_PREFIX_PATH=${CMAKE_PREFIX_PATH}:/opt/ros/humble /usr/bin/cmake --build /home/telecom/ros2_pant_ec_ws/build/ethercat_msgs -- -j20 -l20
[0.049s] [  2%] Built target ethercat_msgs__cpp
[0.052s] [ 12%] Built target ethercat_msgs__rosidl_generator_c
[0.057s] [ 12%] Built target ament_cmake_python_copy_ethercat_msgs
[0.064s] [ 28%] Built target ethercat_msgs__rosidl_typesupport_c
[0.064s] [ 33%] Built target ethercat_msgs__rosidl_typesupport_cpp
[0.067s] [ 43%] Built target ethercat_msgs__rosidl_typesupport_introspection_cpp
[0.069s] [ 53%] Built target ethercat_msgs__rosidl_typesupport_fastrtps_cpp
[0.069s] [ 64%] Built target ethercat_msgs__rosidl_typesupport_fastrtps_c
[0.069s] [ 74%] Built target ethercat_msgs__rosidl_typesupport_introspection_c
[0.080s] [ 74%] Built target ethercat_msgs
[0.091s] [ 76%] Built target ethercat_msgs__py
[0.108s] [ 84%] Built target ethercat_msgs__rosidl_generator_py
[0.118s] [ 94%] Built target ethercat_msgs__rosidl_typesupport_introspection_c__pyext
[0.118s] [ 94%] Built target ethercat_msgs__rosidl_typesupport_fastrtps_c__pyext
[0.118s] [100%] Built target ethercat_msgs__rosidl_typesupport_c__pyext
[0.190s] running egg_info
[0.190s] writing ethercat_msgs.egg-info/PKG-INFO
[0.190s] writing dependency_links to ethercat_msgs.egg-info/dependency_links.txt
[0.190s] writing top-level names to ethercat_msgs.egg-info/top_level.txt
[0.192s] reading manifest file 'ethercat_msgs.egg-info/SOURCES.txt'
[0.192s] writing manifest file 'ethercat_msgs.egg-info/SOURCES.txt'
[0.208s] [100%] Built target ament_cmake_python_build_ethercat_msgs_egg
[0.224s] Invoked command in '/home/telecom/ros2_pant_ec_ws/build/ethercat_msgs' returned '0': CMAKE_PREFIX_PATH=${CMAKE_PREFIX_PATH}:/opt/ros/humble /usr/bin/cmake --build /home/telecom/ros2_pant_ec_ws/build/ethercat_msgs -- -j20 -l20
[0.299s] Invoking command in '/home/telecom/ros2_pant_ec_ws/build/ethercat_msgs': CMAKE_PREFIX_PATH=${CMAKE_PREFIX_PATH}:/opt/ros/humble /usr/bin/cmake --install /home/telecom/ros2_pant_ec_ws/build/ethercat_msgs
[0.305s] -- Install configuration: ""
[0.307s] -- Up-to-date: /home/telecom/ros2_pant_ec_ws/install/ethercat_msgs/share/ament_index/resource_index/rosidl_interfaces/ethercat_msgs
[0.307s] -- Up-to-date: /home/telecom/ros2_pant_ec_ws/install/ethercat_msgs/include/ethercat_msgs/ethercat_msgs
[0.308s] -- Up-to-date: /home/telecom/ros2_pant_ec_ws/install/ethercat_msgs/include/ethercat_msgs/ethercat_msgs/srv
[0.310s] -- Up-to-date: /home/telecom/ros2_pant_ec_ws/install/ethercat_msgs/include/ethercat_msgs/ethercat_msgs/srv/detail
[0.310s] -- Up-to-date: /home/telecom/ros2_pant_ec_ws/install/ethercat_msgs/include/ethercat_msgs/ethercat_msgs/srv/detail/get_sdo__functions.c
[0.310s] -- Up-to-date: /home/telecom/ros2_pant_ec_ws/install/ethercat_msgs/include/ethercat_msgs/ethercat_msgs/srv/detail/get_sdo__struct.h
[0.310s] -- Up-to-date: /home/telecom/ros2_pant_ec_ws/install/ethercat_msgs/include/ethercat_msgs/ethercat_msgs/srv/detail/set_sdo__type_support.h
[0.310s] -- Up-to-date: /home/telecom/ros2_pant_ec_ws/install/ethercat_msgs/include/ethercat_msgs/ethercat_msgs/srv/detail/set_sdo__struct.h
[0.310s] -- Up-to-date: /home/telecom/ros2_pant_ec_ws/install/ethercat_msgs/include/ethercat_msgs/ethercat_msgs/srv/detail/set_sdo__functions.h
[0.311s] -- Up-to-date: /home/telecom/ros2_pant_ec_ws/install/ethercat_msgs/include/ethercat_msgs/ethercat_msgs/srv/detail/get_sdo__functions.h
[0.311s] -- Up-to-date: /home/telecom/ros2_pant_ec_ws/install/ethercat_msgs/include/ethercat_msgs/ethercat_msgs/srv/detail/get_sdo__type_support.h
[0.311s] -- Up-to-date: /home/telecom/ros2_pant_ec_ws/install/ethercat_msgs/include/ethercat_msgs/ethercat_msgs/srv/detail/set_sdo__functions.c
[0.312s] -- Up-to-date: /home/telecom/ros2_pant_ec_ws/install/ethercat_msgs/include/ethercat_msgs/ethercat_msgs/srv/get_sdo.h
[0.312s] -- Up-to-date: /home/telecom/ros2_pant_ec_ws/install/ethercat_msgs/include/ethercat_msgs/ethercat_msgs/srv/set_sdo.h
[0.312s] -- Up-to-date: /home/telecom/ros2_pant_ec_ws/install/ethercat_msgs/include/ethercat_msgs/ethercat_msgs/msg
[0.312s] -- Up-to-date: /home/telecom/ros2_pant_ec_ws/install/ethercat_msgs/include/ethercat_msgs/ethercat_msgs/msg/rosidl_generator_c__visibility_control.h
[0.312s] -- Up-to-date: /home/telecom/ros2_pant_ec_ws/install/ethercat_msgs/share/ethercat_msgs/environment/library_path.sh
[0.314s] -- Up-to-date: /home/telecom/ros2_pant_ec_ws/install/ethercat_msgs/share/ethercat_msgs/environment/library_path.dsv
[0.314s] -- Up-to-date: /home/telecom/ros2_pant_ec_ws/install/ethercat_msgs/lib/libethercat_msgs__rosidl_generator_c.so
[0.318s] -- Up-to-date: /home/telecom/ros2_pant_ec_ws/install/ethercat_msgs/include/ethercat_msgs/ethercat_msgs
[0.318s] -- Up-to-date: /home/telecom/ros2_pant_ec_ws/install/ethercat_msgs/include/ethercat_msgs/ethercat_msgs/srv
[0.318s] -- Up-to-date: /home/telecom/ros2_pant_ec_ws/install/ethercat_msgs/include/ethercat_msgs/ethercat_msgs/srv/detail
[0.318s] -- Up-to-date: /home/telecom/ros2_pant_ec_ws/install/ethercat_msgs/include/ethercat_msgs/ethercat_msgs/srv/detail/set_sdo__rosidl_typesupport_fastrtps_c.h
[0.318s] -- Up-to-date: /home/telecom/ros2_pant_ec_ws/install/ethercat_msgs/include/ethercat_msgs/ethercat_msgs/srv/detail/get_sdo__rosidl_typesupport_fastrtps_c.h
[0.319s] -- Up-to-date: /home/telecom/ros2_pant_ec_ws/install/ethercat_msgs/include/ethercat_msgs/ethercat_msgs/msg
[0.319s] -- Up-to-date: /home/telecom/ros2_pant_ec_ws/install/ethercat_msgs/include/ethercat_msgs/ethercat_msgs/msg/rosidl_typesupport_fastrtps_c__visibility_control.h
[0.322s] -- Up-to-date: /home/telecom/ros2_pant_ec_ws/install/ethercat_msgs/lib/libethercat_msgs__rosidl_typesupport_fastrtps_c.so
[0.322s] -- Up-to-date: /home/telecom/ros2_pant_ec_ws/install/ethercat_msgs/include/ethercat_msgs/ethercat_msgs
[0.322s] -- Up-to-date: /home/telecom/ros2_pant_ec_ws/install/ethercat_msgs/include/ethercat_msgs/ethercat_msgs/srv
[0.323s] -- Up-to-date: /home/telecom/ros2_pant_ec_ws/install/ethercat_msgs/include/ethercat_msgs/ethercat_msgs/srv/detail
[0.323s] -- Up-to-date: /home/telecom/ros2_pant_ec_ws/install/ethercat_msgs/include/ethercat_msgs/ethercat_msgs/srv/detail/set_sdo__rosidl_typesupport_introspection_c.h
[0.323s] -- Up-to-date: /home/telecom/ros2_pant_ec_ws/install/ethercat_msgs/include/ethercat_msgs/ethercat_msgs/srv/detail/set_sdo__type_support.c
[0.323s] -- Up-to-date: /home/telecom/ros2_pant_ec_ws/install/ethercat_msgs/include/ethercat_msgs/ethercat_msgs/srv/detail/get_sdo__rosidl_typesupport_introspection_c.h
[0.323s] -- Up-to-date: /home/telecom/ros2_pant_ec_ws/install/ethercat_msgs/include/ethercat_msgs/ethercat_msgs/srv/detail/get_sdo__type_support.c
[0.323s] -- Up-to-date: /home/telecom/ros2_pant_ec_ws/install/ethercat_msgs/include/ethercat_msgs/ethercat_msgs/msg
[0.323s] -- Up-to-date: /home/telecom/ros2_pant_ec_ws/install/ethercat_msgs/include/ethercat_msgs/ethercat_msgs/msg/rosidl_typesupport_introspection_c__visibility_control.h
[0.323s] -- Up-to-date: /home/telecom/ros2_pant_ec_ws/install/ethercat_msgs/lib/libethercat_msgs__rosidl_typesupport_introspection_c.so
[0.323s] -- Up-to-date: /home/telecom/ros2_pant_ec_ws/install/ethercat_msgs/lib/libethercat_msgs__rosidl_typesupport_c.so
[0.324s] -- Up-to-date: /home/telecom/ros2_pant_ec_ws/install/ethercat_msgs/include/ethercat_msgs/ethercat_msgs
[0.324s] -- Up-to-date: /home/telecom/ros2_pant_ec_ws/install/ethercat_msgs/include/ethercat_msgs/ethercat_msgs/srv
[0.324s] -- Up-to-date: /home/telecom/ros2_pant_ec_ws/install/ethercat_msgs/include/ethercat_msgs/ethercat_msgs/srv/detail
[0.324s] -- Up-to-date: /home/telecom/ros2_pant_ec_ws/install/ethercat_msgs/include/ethercat_msgs/ethercat_msgs/srv/detail/set_sdo__traits.hpp
[0.324s] -- Up-to-date: /home/telecom/ros2_pant_ec_ws/install/ethercat_msgs/include/ethercat_msgs/ethercat_msgs/srv/detail/set_sdo__builder.hpp
[0.324s] -- Up-to-date: /home/telecom/ros2_pant_ec_ws/install/ethercat_msgs/include/ethercat_msgs/ethercat_msgs/srv/detail/set_sdo__struct.hpp
[0.324s] -- Up-to-date: /home/telecom/ros2_pant_ec_ws/install/ethercat_msgs/include/ethercat_msgs/ethercat_msgs/srv/detail/get_sdo__struct.hpp
[0.324s] -- Up-to-date: /home/telecom/ros2_pant_ec_ws/install/ethercat_msgs/include/ethercat_msgs/ethercat_msgs/srv/detail/get_sdo__traits.hpp
[0.324s] -- Up-to-date: /home/telecom/ros2_pant_ec_ws/install/ethercat_msgs/include/ethercat_msgs/ethercat_msgs/srv/detail/get_sdo__builder.hpp
[0.324s] -- Up-to-date: /home/telecom/ros2_pant_ec_ws/install/ethercat_msgs/include/ethercat_msgs/ethercat_msgs/srv/set_sdo.hpp
[0.325s] -- Up-to-date: /home/telecom/ros2_pant_ec_ws/install/ethercat_msgs/include/ethercat_msgs/ethercat_msgs/srv/get_sdo.hpp
[0.325s] -- Up-to-date: /home/telecom/ros2_pant_ec_ws/install/ethercat_msgs/include/ethercat_msgs/ethercat_msgs
[0.325s] -- Up-to-date: /home/telecom/ros2_pant_ec_ws/install/ethercat_msgs/include/ethercat_msgs/ethercat_msgs/srv
[0.325s] -- Up-to-date: /home/telecom/ros2_pant_ec_ws/install/ethercat_msgs/include/ethercat_msgs/ethercat_msgs/srv/detail
[0.325s] -- Up-to-date: /home/telecom/ros2_pant_ec_ws/install/ethercat_msgs/include/ethercat_msgs/ethercat_msgs/srv/detail/get_sdo__rosidl_typesupport_fastrtps_cpp.hpp
[0.325s] -- Up-to-date: /home/telecom/ros2_pant_ec_ws/install/ethercat_msgs/include/ethercat_msgs/ethercat_msgs/srv/detail/dds_fastrtps
[0.325s] -- Up-to-date: /home/telecom/ros2_pant_ec_ws/install/ethercat_msgs/include/ethercat_msgs/ethercat_msgs/srv/detail/set_sdo__rosidl_typesupport_fastrtps_cpp.hpp
[0.325s] -- Up-to-date: /home/telecom/ros2_pant_ec_ws/install/ethercat_msgs/include/ethercat_msgs/ethercat_msgs/msg
[0.325s] -- Up-to-date: /home/telecom/ros2_pant_ec_ws/install/ethercat_msgs/include/ethercat_msgs/ethercat_msgs/msg/rosidl_typesupport_fastrtps_cpp__visibility_control.h
[0.326s] -- Up-to-date: /home/telecom/ros2_pant_ec_ws/install/ethercat_msgs/lib/libethercat_msgs__rosidl_typesupport_fastrtps_cpp.so
[0.326s] -- Up-to-date: /home/telecom/ros2_pant_ec_ws/install/ethercat_msgs/include/ethercat_msgs/ethercat_msgs
[0.326s] -- Up-to-date: /home/telecom/ros2_pant_ec_ws/install/ethercat_msgs/include/ethercat_msgs/ethercat_msgs/srv
[0.326s] -- Up-to-date: /home/telecom/ros2_pant_ec_ws/install/ethercat_msgs/include/ethercat_msgs/ethercat_msgs/srv/detail
[0.326s] -- Up-to-date: /home/telecom/ros2_pant_ec_ws/install/ethercat_msgs/include/ethercat_msgs/ethercat_msgs/srv/detail/set_sdo__type_support.cpp
[0.326s] -- Up-to-date: /home/telecom/ros2_pant_ec_ws/install/ethercat_msgs/include/ethercat_msgs/ethercat_msgs/srv/detail/set_sdo__rosidl_typesupport_introspection_cpp.hpp
[0.326s] -- Up-to-date: /home/telecom/ros2_pant_ec_ws/install/ethercat_msgs/include/ethercat_msgs/ethercat_msgs/srv/detail/get_sdo__rosidl_typesupport_introspection_cpp.hpp
[0.326s] -- Up-to-date: /home/telecom/ros2_pant_ec_ws/install/ethercat_msgs/include/ethercat_msgs/ethercat_msgs/srv/detail/get_sdo__type_support.cpp
[0.326s] -- Up-to-date: /home/telecom/ros2_pant_ec_ws/install/ethercat_msgs/lib/libethercat_msgs__rosidl_typesupport_introspection_cpp.so
[0.327s] -- Up-to-date: /home/telecom/ros2_pant_ec_ws/install/ethercat_msgs/lib/libethercat_msgs__rosidl_typesupport_cpp.so
[0.330s] -- Up-to-date: /home/telecom/ros2_pant_ec_ws/install/ethercat_msgs/share/ethercat_msgs/environment/pythonpath.sh
[0.331s] -- Up-to-date: /home/telecom/ros2_pant_ec_ws/install/ethercat_msgs/share/ethercat_msgs/environment/pythonpath.dsv
[0.331s] -- Up-to-date: /home/telecom/ros2_pant_ec_ws/install/ethercat_msgs/local/lib/python3.10/dist-packages/ethercat_msgs-1.2.0-py3.10.egg-info
[0.331s] -- Installing: /home/telecom/ros2_pant_ec_ws/install/ethercat_msgs/local/lib/python3.10/dist-packages/ethercat_msgs-1.2.0-py3.10.egg-info/PKG-INFO
[0.331s] -- Installing: /home/telecom/ros2_pant_ec_ws/install/ethercat_msgs/local/lib/python3.10/dist-packages/ethercat_msgs-1.2.0-py3.10.egg-info/dependency_links.txt
[0.332s] -- Installing: /home/telecom/ros2_pant_ec_ws/install/ethercat_msgs/local/lib/python3.10/dist-packages/ethercat_msgs-1.2.0-py3.10.egg-info/SOURCES.txt
[0.332s] -- Installing: /home/telecom/ros2_pant_ec_ws/install/ethercat_msgs/local/lib/python3.10/dist-packages/ethercat_msgs-1.2.0-py3.10.egg-info/top_level.txt
[0.332s] -- Up-to-date: /home/telecom/ros2_pant_ec_ws/install/ethercat_msgs/local/lib/python3.10/dist-packages/ethercat_msgs
[0.332s] -- Up-to-date: /home/telecom/ros2_pant_ec_ws/install/ethercat_msgs/local/lib/python3.10/dist-packages/ethercat_msgs/_ethercat_msgs_s.ep.rosidl_typesupport_introspection_c.c
[0.332s] -- Up-to-date: /home/telecom/ros2_pant_ec_ws/install/ethercat_msgs/local/lib/python3.10/dist-packages/ethercat_msgs/ethercat_msgs_s__rosidl_typesupport_c.cpython-310-x86_64-linux-gnu.so
[0.333s] -- Up-to-date: /home/telecom/ros2_pant_ec_ws/install/ethercat_msgs/local/lib/python3.10/dist-packages/ethercat_msgs/_ethercat_msgs_s.ep.rosidl_typesupport_c.c
[0.337s] -- Up-to-date: /home/telecom/ros2_pant_ec_ws/install/ethercat_msgs/local/lib/python3.10/dist-packages/ethercat_msgs/__init__.py
[0.337s] -- Up-to-date: /home/telecom/ros2_pant_ec_ws/install/ethercat_msgs/local/lib/python3.10/dist-packages/ethercat_msgs/_ethercat_msgs_s.ep.rosidl_typesupport_fastrtps_c.c
[0.337s] -- Up-to-date: /home/telecom/ros2_pant_ec_ws/install/ethercat_msgs/local/lib/python3.10/dist-packages/ethercat_msgs/ethercat_msgs_s__rosidl_typesupport_fastrtps_c.cpython-310-x86_64-linux-gnu.so
[0.337s] -- Up-to-date: /home/telecom/ros2_pant_ec_ws/install/ethercat_msgs/local/lib/python3.10/dist-packages/ethercat_msgs/ethercat_msgs_s__rosidl_typesupport_introspection_c.cpython-310-x86_64-linux-gnu.so
[0.337s] -- Up-to-date: /home/telecom/ros2_pant_ec_ws/install/ethercat_msgs/local/lib/python3.10/dist-packages/ethercat_msgs/srv
[0.337s] -- Up-to-date: /home/telecom/ros2_pant_ec_ws/install/ethercat_msgs/local/lib/python3.10/dist-packages/ethercat_msgs/srv/_set_sdo_s.c
[0.337s] -- Up-to-date: /home/telecom/ros2_pant_ec_ws/install/ethercat_msgs/local/lib/python3.10/dist-packages/ethercat_msgs/srv/__init__.py
[0.337s] -- Up-to-date: /home/telecom/ros2_pant_ec_ws/install/ethercat_msgs/local/lib/python3.10/dist-packages/ethercat_msgs/srv/_get_sdo.py
[0.337s] -- Up-to-date: /home/telecom/ros2_pant_ec_ws/install/ethercat_msgs/local/lib/python3.10/dist-packages/ethercat_msgs/srv/_get_sdo_s.c
[0.337s] -- Up-to-date: /home/telecom/ros2_pant_ec_ws/install/ethercat_msgs/local/lib/python3.10/dist-packages/ethercat_msgs/srv/_set_sdo.py
[0.337s] -- Up-to-date: /home/telecom/ros2_pant_ec_ws/install/ethercat_msgs/local/lib/python3.10/dist-packages/ethercat_msgs/libethercat_msgs__rosidl_generator_py.so
[0.339s] Listing '/home/telecom/ros2_pant_ec_ws/install/ethercat_msgs/local/lib/python3.10/dist-packages/ethercat_msgs'...
[0.339s] Listing '/home/telecom/ros2_pant_ec_ws/install/ethercat_msgs/local/lib/python3.10/dist-packages/ethercat_msgs/srv'...
[0.339s] -- Up-to-date: /home/telecom/ros2_pant_ec_ws/install/ethercat_msgs/local/lib/python3.10/dist-packages/ethercat_msgs/ethercat_msgs_s__rosidl_typesupport_fastrtps_c.cpython-310-x86_64-linux-gnu.so
[0.339s] -- Up-to-date: /home/telecom/ros2_pant_ec_ws/install/ethercat_msgs/local/lib/python3.10/dist-packages/ethercat_msgs/ethercat_msgs_s__rosidl_typesupport_introspection_c.cpython-310-x86_64-linux-gnu.so
[0.339s] -- Up-to-date: /home/telecom/ros2_pant_ec_ws/install/ethercat_msgs/local/lib/python3.10/dist-packages/ethercat_msgs/ethercat_msgs_s__rosidl_typesupport_c.cpython-310-x86_64-linux-gnu.so
[0.339s] -- Up-to-date: /home/telecom/ros2_pant_ec_ws/install/ethercat_msgs/lib/libethercat_msgs__rosidl_generator_py.so
[0.339s] -- Up-to-date: /home/telecom/ros2_pant_ec_ws/install/ethercat_msgs/share/ethercat_msgs/srv/SetSdo.idl
[0.339s] -- Up-to-date: /home/telecom/ros2_pant_ec_ws/install/ethercat_msgs/share/ethercat_msgs/srv/GetSdo.idl
[0.339s] -- Up-to-date: /home/telecom/ros2_pant_ec_ws/install/ethercat_msgs/share/ethercat_msgs/srv/SetSdo.srv
[0.339s] -- Up-to-date: /home/telecom/ros2_pant_ec_ws/install/ethercat_msgs/share/ethercat_msgs/srv/SetSdo_Request.msg
[0.339s] -- Up-to-date: /home/telecom/ros2_pant_ec_ws/install/ethercat_msgs/share/ethercat_msgs/srv/SetSdo_Response.msg
[0.339s] -- Up-to-date: /home/telecom/ros2_pant_ec_ws/install/ethercat_msgs/share/ethercat_msgs/srv/GetSdo.srv
[0.339s] -- Up-to-date: /home/telecom/ros2_pant_ec_ws/install/ethercat_msgs/share/ethercat_msgs/srv/GetSdo_Request.msg
[0.339s] -- Up-to-date: /home/telecom/ros2_pant_ec_ws/install/ethercat_msgs/share/ethercat_msgs/srv/GetSdo_Response.msg
[0.339s] -- Up-to-date: /home/telecom/ros2_pant_ec_ws/install/ethercat_msgs/share/ament_index/resource_index/package_run_dependencies/ethercat_msgs
[0.340s] -- Up-to-date: /home/telecom/ros2_pant_ec_ws/install/ethercat_msgs/share/ament_index/resource_index/parent_prefix_path/ethercat_msgs
[0.340s] -- Up-to-date: /home/telecom/ros2_pant_ec_ws/install/ethercat_msgs/share/ethercat_msgs/environment/ament_prefix_path.sh
[0.340s] -- Up-to-date: /home/telecom/ros2_pant_ec_ws/install/ethercat_msgs/share/ethercat_msgs/environment/ament_prefix_path.dsv
[0.340s] -- Up-to-date: /home/telecom/ros2_pant_ec_ws/install/ethercat_msgs/share/ethercat_msgs/environment/path.sh
[0.340s] -- Up-to-date: /home/telecom/ros2_pant_ec_ws/install/ethercat_msgs/share/ethercat_msgs/environment/path.dsv
[0.340s] -- Up-to-date: /home/telecom/ros2_pant_ec_ws/install/ethercat_msgs/share/ethercat_msgs/local_setup.bash
[0.340s] -- Up-to-date: /home/telecom/ros2_pant_ec_ws/install/ethercat_msgs/share/ethercat_msgs/local_setup.sh
[0.340s] -- Up-to-date: /home/telecom/ros2_pant_ec_ws/install/ethercat_msgs/share/ethercat_msgs/local_setup.zsh
[0.340s] -- Up-to-date: /home/telecom/ros2_pant_ec_ws/install/ethercat_msgs/share/ethercat_msgs/local_setup.dsv
[0.340s] -- Installing: /home/telecom/ros2_pant_ec_ws/install/ethercat_msgs/share/ethercat_msgs/package.dsv
[0.340s] -- Up-to-date: /home/telecom/ros2_pant_ec_ws/install/ethercat_msgs/share/ament_index/resource_index/packages/ethercat_msgs
[0.340s] -- Up-to-date: /home/telecom/ros2_pant_ec_ws/install/ethercat_msgs/share/ethercat_msgs/cmake/export_ethercat_msgs__rosidl_generator_cExport.cmake
[0.340s] -- Up-to-date: /home/telecom/ros2_pant_ec_ws/install/ethercat_msgs/share/ethercat_msgs/cmake/export_ethercat_msgs__rosidl_generator_cExport-noconfig.cmake
[0.340s] -- Up-to-date: /home/telecom/ros2_pant_ec_ws/install/ethercat_msgs/share/ethercat_msgs/cmake/export_ethercat_msgs__rosidl_typesupport_fastrtps_cExport.cmake
[0.340s] -- Up-to-date: /home/telecom/ros2_pant_ec_ws/install/ethercat_msgs/share/ethercat_msgs/cmake/export_ethercat_msgs__rosidl_typesupport_fastrtps_cExport-noconfig.cmake
[0.340s] -- Up-to-date: /home/telecom/ros2_pant_ec_ws/install/ethercat_msgs/share/ethercat_msgs/cmake/ethercat_msgs__rosidl_typesupport_introspection_cExport.cmake
[0.340s] -- Up-to-date: /home/telecom/ros2_pant_ec_ws/install/ethercat_msgs/share/ethercat_msgs/cmake/ethercat_msgs__rosidl_typesupport_introspection_cExport-noconfig.cmake
[0.340s] -- Up-to-date: /home/telecom/ros2_pant_ec_ws/install/ethercat_msgs/share/ethercat_msgs/cmake/ethercat_msgs__rosidl_typesupport_cExport.cmake
[0.340s] -- Up-to-date: /home/telecom/ros2_pant_ec_ws/install/ethercat_msgs/share/ethercat_msgs/cmake/ethercat_msgs__rosidl_typesupport_cExport-noconfig.cmake
[0.340s] -- Up-to-date: /home/telecom/ros2_pant_ec_ws/install/ethercat_msgs/share/ethercat_msgs/cmake/export_ethercat_msgs__rosidl_generator_cppExport.cmake
[0.340s] -- Up-to-date: /home/telecom/ros2_pant_ec_ws/install/ethercat_msgs/share/ethercat_msgs/cmake/export_ethercat_msgs__rosidl_typesupport_fastrtps_cppExport.cmake
[0.340s] -- Up-to-date: /home/telecom/ros2_pant_ec_ws/install/ethercat_msgs/share/ethercat_msgs/cmake/export_ethercat_msgs__rosidl_typesupport_fastrtps_cppExport-noconfig.cmake
[0.340s] -- Up-to-date: /home/telecom/ros2_pant_ec_ws/install/ethercat_msgs/share/ethercat_msgs/cmake/ethercat_msgs__rosidl_typesupport_introspection_cppExport.cmake
[0.340s] -- Up-to-date: /home/telecom/ros2_pant_ec_ws/install/ethercat_msgs/share/ethercat_msgs/cmake/ethercat_msgs__rosidl_typesupport_introspection_cppExport-noconfig.cmake
[0.342s] -- Up-to-date: /home/telecom/ros2_pant_ec_ws/install/ethercat_msgs/share/ethercat_msgs/cmake/ethercat_msgs__rosidl_typesupport_cppExport.cmake
[0.342s] -- Up-to-date: /home/telecom/ros2_pant_ec_ws/install/ethercat_msgs/share/ethercat_msgs/cmake/ethercat_msgs__rosidl_typesupport_cppExport-noconfig.cmake
[0.343s] -- Up-to-date: /home/telecom/ros2_pant_ec_ws/install/ethercat_msgs/share/ethercat_msgs/cmake/export_ethercat_msgs__rosidl_generator_pyExport.cmake
[0.344s] -- Up-to-date: /home/telecom/ros2_pant_ec_ws/install/ethercat_msgs/share/ethercat_msgs/cmake/export_ethercat_msgs__rosidl_generator_pyExport-noconfig.cmake
[0.344s] -- Up-to-date: /home/telecom/ros2_pant_ec_ws/install/ethercat_msgs/share/ethercat_msgs/cmake/rosidl_cmake-extras.cmake
[0.345s] -- Up-to-date: /home/telecom/ros2_pant_ec_ws/install/ethercat_msgs/share/ethercat_msgs/cmake/ament_cmake_export_include_directories-extras.cmake
[0.345s] -- Up-to-date: /home/telecom/ros2_pant_ec_ws/install/ethercat_msgs/share/ethercat_msgs/cmake/ament_cmake_export_libraries-extras.cmake
[0.345s] -- Up-to-date: /home/telecom/ros2_pant_ec_ws/install/ethercat_msgs/share/ethercat_msgs/cmake/ament_cmake_export_targets-extras.cmake
[0.345s] -- Up-to-date: /home/telecom/ros2_pant_ec_ws/install/ethercat_msgs/share/ethercat_msgs/cmake/rosidl_cmake_export_typesupport_targets-extras.cmake
[0.346s] -- Up-to-date: /home/telecom/ros2_pant_ec_ws/install/ethercat_msgs/share/ethercat_msgs/cmake/ament_cmake_export_dependencies-extras.cmake
[0.346s] -- Up-to-date: /home/telecom/ros2_pant_ec_ws/install/ethercat_msgs/share/ethercat_msgs/cmake/rosidl_cmake_export_typesupport_libraries-extras.cmake
[0.346s] -- Up-to-date: /home/telecom/ros2_pant_ec_ws/install/ethercat_msgs/share/ethercat_msgs/cmake/ethercat_msgsConfig.cmake
[0.346s] -- Up-to-date: /home/telecom/ros2_pant_ec_ws/install/ethercat_msgs/share/ethercat_msgs/cmake/ethercat_msgsConfig-version.cmake
[0.346s] -- Up-to-date: /home/telecom/ros2_pant_ec_ws/install/ethercat_msgs/share/ethercat_msgs/package.xml
[0.357s] Invoked command in '/home/telecom/ros2_pant_ec_ws/build/ethercat_msgs' returned '0': CMAKE_PREFIX_PATH=${CMAKE_PREFIX_PATH}:/opt/ros/humble /usr/bin/cmake --install /home/telecom/ros2_pant_ec_ws/build/ethercat_msgs
