[ 33%] Built target gmock_main
[ 33%] Built target gmock
[ 86%] Built target ethercat_beckhoff_modules
[100%] Built target test_load_beckhoff_plugins
-- Install configuration: ""
-- Up-to-date: /home/telecom/ros2_pant_ec_ws/install/ethercat_beckhoff_modules/share/ethercat_beckhoff_modules/ethercat_plugins.xml
-- Up-to-date: /home/telecom/ros2_pant_ec_ws/install/ethercat_beckhoff_modules/lib/libethercat_beckhoff_modules.so
-- Up-to-date: /home/telecom/ros2_pant_ec_ws/install/ethercat_beckhoff_modules/share/ethercat_beckhoff_modules/environment/library_path.sh
-- Up-to-date: /home/telecom/ros2_pant_ec_ws/install/ethercat_beckhoff_modules/share/ethercat_beckhoff_modules/environment/library_path.dsv
-- Up-to-date: /home/telecom/ros2_pant_ec_ws/install/ethercat_beckhoff_modules/share/ament_index/resource_index/package_run_dependencies/ethercat_beckhoff_modules
-- Up-to-date: /home/telecom/ros2_pant_ec_ws/install/ethercat_beckhoff_modules/share/ament_index/resource_index/parent_prefix_path/ethercat_beckhoff_modules
-- Up-to-date: /home/telecom/ros2_pant_ec_ws/install/ethercat_beckhoff_modules/share/ethercat_beckhoff_modules/environment/ament_prefix_path.sh
-- Up-to-date: /home/telecom/ros2_pant_ec_ws/install/ethercat_beckhoff_modules/share/ethercat_beckhoff_modules/environment/ament_prefix_path.dsv
-- Up-to-date: /home/telecom/ros2_pant_ec_ws/install/ethercat_beckhoff_modules/share/ethercat_beckhoff_modules/environment/path.sh
-- Up-to-date: /home/telecom/ros2_pant_ec_ws/install/ethercat_beckhoff_modules/share/ethercat_beckhoff_modules/environment/path.dsv
-- Up-to-date: /home/telecom/ros2_pant_ec_ws/install/ethercat_beckhoff_modules/share/ethercat_beckhoff_modules/local_setup.bash
-- Up-to-date: /home/telecom/ros2_pant_ec_ws/install/ethercat_beckhoff_modules/share/ethercat_beckhoff_modules/local_setup.sh
-- Up-to-date: /home/telecom/ros2_pant_ec_ws/install/ethercat_beckhoff_modules/share/ethercat_beckhoff_modules/local_setup.zsh
-- Up-to-date: /home/telecom/ros2_pant_ec_ws/install/ethercat_beckhoff_modules/share/ethercat_beckhoff_modules/local_setup.dsv
-- Installing: /home/telecom/ros2_pant_ec_ws/install/ethercat_beckhoff_modules/share/ethercat_beckhoff_modules/package.dsv
-- Up-to-date: /home/telecom/ros2_pant_ec_ws/install/ethercat_beckhoff_modules/share/ament_index/resource_index/packages/ethercat_beckhoff_modules
-- Up-to-date: /home/telecom/ros2_pant_ec_ws/install/ethercat_beckhoff_modules/share/ament_index/resource_index/ethercat_interface__pluginlib__plugin/ethercat_beckhoff_modules
-- Up-to-date: /home/telecom/ros2_pant_ec_ws/install/ethercat_beckhoff_modules/share/ethercat_beckhoff_modules/cmake/export_ethercat_beckhoff_modulesExport.cmake
-- Up-to-date: /home/telecom/ros2_pant_ec_ws/install/ethercat_beckhoff_modules/share/ethercat_beckhoff_modules/cmake/export_ethercat_beckhoff_modulesExport-noconfig.cmake
-- Up-to-date: /home/telecom/ros2_pant_ec_ws/install/ethercat_beckhoff_modules/share/ethercat_beckhoff_modules/cmake/ament_cmake_export_include_directories-extras.cmake
-- Up-to-date: /home/telecom/ros2_pant_ec_ws/install/ethercat_beckhoff_modules/share/ethercat_beckhoff_modules/cmake/ament_cmake_export_libraries-extras.cmake
-- Up-to-date: /home/telecom/ros2_pant_ec_ws/install/ethercat_beckhoff_modules/share/ethercat_beckhoff_modules/cmake/ament_cmake_export_targets-extras.cmake
-- Up-to-date: /home/telecom/ros2_pant_ec_ws/install/ethercat_beckhoff_modules/share/ethercat_beckhoff_modules/cmake/ethercat_beckhoff_modulesConfig.cmake
-- Up-to-date: /home/telecom/ros2_pant_ec_ws/install/ethercat_beckhoff_modules/share/ethercat_beckhoff_modules/cmake/ethercat_beckhoff_modulesConfig-version.cmake
-- Up-to-date: /home/telecom/ros2_pant_ec_ws/install/ethercat_beckhoff_modules/share/ethercat_beckhoff_modules/package.xml
