[0.023s] Invoking command in '/home/telecom/ros2_pant_ec_ws/build/ethercat_maxon_drives': AMENT_PREFIX_PATH=/home/telecom/ros2_pant_ec_ws/install/ethercat_interface:${AMENT_PREFIX_PATH} CMAKE_PREFIX_PATH=/home/telecom/ros2_pant_ec_ws/install/ethercat_interface:/home/telecom/ros2_ws/install/squares:/home/telecom/ros2_ws/install/my_package:/home/telecom/ros2_ws/install/my_img:/home/telecom/ros2_ws/install/my_chatter:/opt/ros/humble LD_LIBRARY_PATH=/home/telecom/ros2_pant_ec_ws/install/ethercat_interface/lib:${LD_LIBRARY_PATH} /usr/bin/cmake --build /home/telecom/ros2_pant_ec_ws/build/ethercat_maxon_drives -- -j20 -l20
[0.066s] [ 44%] Built target gmock_main
[0.067s] [ 44%] Built target ethercat_maxon_drives
[0.068s] [ 77%] Built target gmock
[0.090s] [100%] Built target test_load_maxon_plugins
[0.103s] Invoked command in '/home/telecom/ros2_pant_ec_ws/build/ethercat_maxon_drives' returned '0': AMENT_PREFIX_PATH=/home/telecom/ros2_pant_ec_ws/install/ethercat_interface:${AMENT_PREFIX_PATH} CMAKE_PREFIX_PATH=/home/telecom/ros2_pant_ec_ws/install/ethercat_interface:/home/telecom/ros2_ws/install/squares:/home/telecom/ros2_ws/install/my_package:/home/telecom/ros2_ws/install/my_img:/home/telecom/ros2_ws/install/my_chatter:/opt/ros/humble LD_LIBRARY_PATH=/home/telecom/ros2_pant_ec_ws/install/ethercat_interface/lib:${LD_LIBRARY_PATH} /usr/bin/cmake --build /home/telecom/ros2_pant_ec_ws/build/ethercat_maxon_drives -- -j20 -l20
[0.156s] Invoking command in '/home/telecom/ros2_pant_ec_ws/build/ethercat_maxon_drives': AMENT_PREFIX_PATH=/home/telecom/ros2_pant_ec_ws/install/ethercat_interface:${AMENT_PREFIX_PATH} CMAKE_PREFIX_PATH=/home/telecom/ros2_pant_ec_ws/install/ethercat_interface:/home/telecom/ros2_ws/install/squares:/home/telecom/ros2_ws/install/my_package:/home/telecom/ros2_ws/install/my_img:/home/telecom/ros2_ws/install/my_chatter:/opt/ros/humble LD_LIBRARY_PATH=/home/telecom/ros2_pant_ec_ws/install/ethercat_interface/lib:${LD_LIBRARY_PATH} /usr/bin/cmake --install /home/telecom/ros2_pant_ec_ws/build/ethercat_maxon_drives
[0.179s] -- Install configuration: ""
[0.180s] -- Up-to-date: /home/telecom/ros2_pant_ec_ws/install/ethercat_maxon_drives/share/ethercat_maxon_drives/ethercat_plugins.xml
[0.180s] -- Up-to-date: /home/telecom/ros2_pant_ec_ws/install/ethercat_maxon_drives/include
[0.180s] -- Up-to-date: /home/telecom/ros2_pant_ec_ws/install/ethercat_maxon_drives/include/ethercat_maxon_drives
[0.180s] -- Up-to-date: /home/telecom/ros2_pant_ec_ws/install/ethercat_maxon_drives/include/ethercat_maxon_drives/maxon_defs.hpp
[0.180s] -- Up-to-date: /home/telecom/ros2_pant_ec_ws/install/ethercat_maxon_drives/lib/libethercat_maxon_drives.so
[0.180s] -- Up-to-date: /home/telecom/ros2_pant_ec_ws/install/ethercat_maxon_drives/share/ethercat_maxon_drives/environment/library_path.sh
[0.181s] -- Up-to-date: /home/telecom/ros2_pant_ec_ws/install/ethercat_maxon_drives/share/ethercat_maxon_drives/environment/library_path.dsv
[0.181s] -- Up-to-date: /home/telecom/ros2_pant_ec_ws/install/ethercat_maxon_drives/share/ament_index/resource_index/package_run_dependencies/ethercat_maxon_drives
[0.181s] -- Up-to-date: /home/telecom/ros2_pant_ec_ws/install/ethercat_maxon_drives/share/ament_index/resource_index/parent_prefix_path/ethercat_maxon_drives
[0.181s] -- Up-to-date: /home/telecom/ros2_pant_ec_ws/install/ethercat_maxon_drives/share/ethercat_maxon_drives/environment/ament_prefix_path.sh
[0.181s] -- Up-to-date: /home/telecom/ros2_pant_ec_ws/install/ethercat_maxon_drives/share/ethercat_maxon_drives/environment/ament_prefix_path.dsv
[0.181s] -- Up-to-date: /home/telecom/ros2_pant_ec_ws/install/ethercat_maxon_drives/share/ethercat_maxon_drives/environment/path.sh
[0.181s] -- Up-to-date: /home/telecom/ros2_pant_ec_ws/install/ethercat_maxon_drives/share/ethercat_maxon_drives/environment/path.dsv
[0.181s] -- Up-to-date: /home/telecom/ros2_pant_ec_ws/install/ethercat_maxon_drives/share/ethercat_maxon_drives/local_setup.bash
[0.183s] -- Up-to-date: /home/telecom/ros2_pant_ec_ws/install/ethercat_maxon_drives/share/ethercat_maxon_drives/local_setup.sh
[0.183s] -- Up-to-date: /home/telecom/ros2_pant_ec_ws/install/ethercat_maxon_drives/share/ethercat_maxon_drives/local_setup.zsh
[0.183s] -- Up-to-date: /home/telecom/ros2_pant_ec_ws/install/ethercat_maxon_drives/share/ethercat_maxon_drives/local_setup.dsv
[0.183s] -- Installing: /home/telecom/ros2_pant_ec_ws/install/ethercat_maxon_drives/share/ethercat_maxon_drives/package.dsv
[0.183s] -- Up-to-date: /home/telecom/ros2_pant_ec_ws/install/ethercat_maxon_drives/share/ament_index/resource_index/packages/ethercat_maxon_drives
[0.183s] -- Up-to-date: /home/telecom/ros2_pant_ec_ws/install/ethercat_maxon_drives/share/ament_index/resource_index/ethercat_interface__pluginlib__plugin/ethercat_maxon_drives
[0.184s] -- Up-to-date: /home/telecom/ros2_pant_ec_ws/install/ethercat_maxon_drives/share/ethercat_maxon_drives/cmake/export_ethercat_maxon_drivesExport.cmake
[0.184s] -- Up-to-date: /home/telecom/ros2_pant_ec_ws/install/ethercat_maxon_drives/share/ethercat_maxon_drives/cmake/export_ethercat_maxon_drivesExport-noconfig.cmake
[0.185s] -- Up-to-date: /home/telecom/ros2_pant_ec_ws/install/ethercat_maxon_drives/share/ethercat_maxon_drives/cmake/ament_cmake_export_include_directories-extras.cmake
[0.185s] -- Up-to-date: /home/telecom/ros2_pant_ec_ws/install/ethercat_maxon_drives/share/ethercat_maxon_drives/cmake/ament_cmake_export_libraries-extras.cmake
[0.185s] -- Up-to-date: /home/telecom/ros2_pant_ec_ws/install/ethercat_maxon_drives/share/ethercat_maxon_drives/cmake/ament_cmake_export_targets-extras.cmake
[0.185s] -- Up-to-date: /home/telecom/ros2_pant_ec_ws/install/ethercat_maxon_drives/share/ethercat_maxon_drives/cmake/ethercat_maxon_drivesConfig.cmake
[0.185s] -- Up-to-date: /home/telecom/ros2_pant_ec_ws/install/ethercat_maxon_drives/share/ethercat_maxon_drives/cmake/ethercat_maxon_drivesConfig-version.cmake
[0.186s] -- Up-to-date: /home/telecom/ros2_pant_ec_ws/install/ethercat_maxon_drives/share/ethercat_maxon_drives/package.xml
[0.201s] Invoked command in '/home/telecom/ros2_pant_ec_ws/build/ethercat_maxon_drives' returned '0': AMENT_PREFIX_PATH=/home/telecom/ros2_pant_ec_ws/install/ethercat_interface:${AMENT_PREFIX_PATH} CMAKE_PREFIX_PATH=/home/telecom/ros2_pant_ec_ws/install/ethercat_interface:/home/telecom/ros2_ws/install/squares:/home/telecom/ros2_ws/install/my_package:/home/telecom/ros2_ws/install/my_img:/home/telecom/ros2_ws/install/my_chatter:/opt/ros/humble LD_LIBRARY_PATH=/home/telecom/ros2_pant_ec_ws/install/ethercat_interface/lib:${LD_LIBRARY_PATH} /usr/bin/cmake --install /home/telecom/ros2_pant_ec_ws/build/ethercat_maxon_drives
