[0.053s] Invoking command in '/home/telecom/ros2_pant_ec_ws/build/ethercat_generic_cia402_drive': AMENT_PREFIX_PATH=/home/telecom/ros2_pant_ec_ws/install/ethercat_generic_slave:/home/telecom/ros2_pant_ec_ws/install/ethercat_interface:${AMENT_PREFIX_PATH} CMAKE_PREFIX_PATH=/home/telecom/ros2_pant_ec_ws/install/ethercat_generic_slave:/home/telecom/ros2_pant_ec_ws/install/ethercat_interface:/home/telecom/ros2_ws/install/squares:/home/telecom/ros2_ws/install/my_package:/home/telecom/ros2_ws/install/my_img:/home/telecom/ros2_ws/install/my_chatter:/opt/ros/humble LD_LIBRARY_PATH=/home/telecom/ros2_pant_ec_ws/install/ethercat_generic_slave/lib:/home/telecom/ros2_pant_ec_ws/install/ethercat_interface/lib:${LD_LIBRARY_PATH} /usr/bin/cmake --build /home/telecom/ros2_pant_ec_ws/build/ethercat_generic_cia402_drive -- -j20 -l20
[0.085s] [ 18%] Built target ethercat_generic_cia402_drive
[0.087s] [ 63%] Built target gmock_main
[0.087s] [ 63%] Built target gmock
[0.102s] [100%] Built target test_generic_ec_cia402_drive
[0.102s] [100%] Built target test_load_generic_plugins
[0.108s] Invoked command in '/home/telecom/ros2_pant_ec_ws/build/ethercat_generic_cia402_drive' returned '0': AMENT_PREFIX_PATH=/home/telecom/ros2_pant_ec_ws/install/ethercat_generic_slave:/home/telecom/ros2_pant_ec_ws/install/ethercat_interface:${AMENT_PREFIX_PATH} CMAKE_PREFIX_PATH=/home/telecom/ros2_pant_ec_ws/install/ethercat_generic_slave:/home/telecom/ros2_pant_ec_ws/install/ethercat_interface:/home/telecom/ros2_ws/install/squares:/home/telecom/ros2_ws/install/my_package:/home/telecom/ros2_ws/install/my_img:/home/telecom/ros2_ws/install/my_chatter:/opt/ros/humble LD_LIBRARY_PATH=/home/telecom/ros2_pant_ec_ws/install/ethercat_generic_slave/lib:/home/telecom/ros2_pant_ec_ws/install/ethercat_interface/lib:${LD_LIBRARY_PATH} /usr/bin/cmake --build /home/telecom/ros2_pant_ec_ws/build/ethercat_generic_cia402_drive -- -j20 -l20
[0.127s] Invoking command in '/home/telecom/ros2_pant_ec_ws/build/ethercat_generic_cia402_drive': AMENT_PREFIX_PATH=/home/telecom/ros2_pant_ec_ws/install/ethercat_generic_slave:/home/telecom/ros2_pant_ec_ws/install/ethercat_interface:${AMENT_PREFIX_PATH} CMAKE_PREFIX_PATH=/home/telecom/ros2_pant_ec_ws/install/ethercat_generic_slave:/home/telecom/ros2_pant_ec_ws/install/ethercat_interface:/home/telecom/ros2_ws/install/squares:/home/telecom/ros2_ws/install/my_package:/home/telecom/ros2_ws/install/my_img:/home/telecom/ros2_ws/install/my_chatter:/opt/ros/humble LD_LIBRARY_PATH=/home/telecom/ros2_pant_ec_ws/install/ethercat_generic_slave/lib:/home/telecom/ros2_pant_ec_ws/install/ethercat_interface/lib:${LD_LIBRARY_PATH} /usr/bin/cmake --install /home/telecom/ros2_pant_ec_ws/build/ethercat_generic_cia402_drive
[0.131s] -- Install configuration: ""
[0.131s] -- Up-to-date: /home/telecom/ros2_pant_ec_ws/install/ethercat_generic_cia402_drive/share/ethercat_generic_cia402_drive/ethercat_plugins.xml
[0.131s] -- Up-to-date: /home/telecom/ros2_pant_ec_ws/install/ethercat_generic_cia402_drive/include
[0.131s] -- Up-to-date: /home/telecom/ros2_pant_ec_ws/install/ethercat_generic_cia402_drive/include/ethercat_generic_plugins
[0.131s] -- Up-to-date: /home/telecom/ros2_pant_ec_ws/install/ethercat_generic_cia402_drive/include/ethercat_generic_plugins/cia402_common_defs.hpp
[0.131s] -- Up-to-date: /home/telecom/ros2_pant_ec_ws/install/ethercat_generic_cia402_drive/include/ethercat_generic_plugins/generic_ec_cia402_drive.hpp
[0.131s] -- Up-to-date: /home/telecom/ros2_pant_ec_ws/install/ethercat_generic_cia402_drive/lib/libethercat_generic_cia402_drive.so
[0.132s] -- Up-to-date: /home/telecom/ros2_pant_ec_ws/install/ethercat_generic_cia402_drive/share/ethercat_generic_cia402_drive/environment/library_path.sh
[0.132s] -- Up-to-date: /home/telecom/ros2_pant_ec_ws/install/ethercat_generic_cia402_drive/share/ethercat_generic_cia402_drive/environment/library_path.dsv
[0.132s] -- Up-to-date: /home/telecom/ros2_pant_ec_ws/install/ethercat_generic_cia402_drive/share/ament_index/resource_index/package_run_dependencies/ethercat_generic_cia402_drive
[0.132s] -- Up-to-date: /home/telecom/ros2_pant_ec_ws/install/ethercat_generic_cia402_drive/share/ament_index/resource_index/parent_prefix_path/ethercat_generic_cia402_drive
[0.132s] -- Up-to-date: /home/telecom/ros2_pant_ec_ws/install/ethercat_generic_cia402_drive/share/ethercat_generic_cia402_drive/environment/ament_prefix_path.sh
[0.132s] -- Up-to-date: /home/telecom/ros2_pant_ec_ws/install/ethercat_generic_cia402_drive/share/ethercat_generic_cia402_drive/environment/ament_prefix_path.dsv
[0.132s] -- Up-to-date: /home/telecom/ros2_pant_ec_ws/install/ethercat_generic_cia402_drive/share/ethercat_generic_cia402_drive/environment/path.sh
[0.132s] -- Up-to-date: /home/telecom/ros2_pant_ec_ws/install/ethercat_generic_cia402_drive/share/ethercat_generic_cia402_drive/environment/path.dsv
[0.132s] -- Up-to-date: /home/telecom/ros2_pant_ec_ws/install/ethercat_generic_cia402_drive/share/ethercat_generic_cia402_drive/local_setup.bash
[0.133s] -- Up-to-date: /home/telecom/ros2_pant_ec_ws/install/ethercat_generic_cia402_drive/share/ethercat_generic_cia402_drive/local_setup.sh
[0.135s] -- Up-to-date: /home/telecom/ros2_pant_ec_ws/install/ethercat_generic_cia402_drive/share/ethercat_generic_cia402_drive/local_setup.zsh
[0.135s] -- Up-to-date: /home/telecom/ros2_pant_ec_ws/install/ethercat_generic_cia402_drive/share/ethercat_generic_cia402_drive/local_setup.dsv
[0.136s] -- Installing: /home/telecom/ros2_pant_ec_ws/install/ethercat_generic_cia402_drive/share/ethercat_generic_cia402_drive/package.dsv
[0.136s] -- Up-to-date: /home/telecom/ros2_pant_ec_ws/install/ethercat_generic_cia402_drive/share/ament_index/resource_index/packages/ethercat_generic_cia402_drive
[0.136s] -- Up-to-date: /home/telecom/ros2_pant_ec_ws/install/ethercat_generic_cia402_drive/share/ament_index/resource_index/ethercat_interface__pluginlib__plugin/ethercat_generic_cia402_drive
[0.136s] -- Up-to-date: /home/telecom/ros2_pant_ec_ws/install/ethercat_generic_cia402_drive/share/ethercat_generic_cia402_drive/cmake/export_ethercat_generic_cia402_driveExport.cmake
[0.136s] -- Up-to-date: /home/telecom/ros2_pant_ec_ws/install/ethercat_generic_cia402_drive/share/ethercat_generic_cia402_drive/cmake/export_ethercat_generic_cia402_driveExport-noconfig.cmake
[0.136s] -- Up-to-date: /home/telecom/ros2_pant_ec_ws/install/ethercat_generic_cia402_drive/share/ethercat_generic_cia402_drive/cmake/ament_cmake_export_include_directories-extras.cmake
[0.136s] -- Up-to-date: /home/telecom/ros2_pant_ec_ws/install/ethercat_generic_cia402_drive/share/ethercat_generic_cia402_drive/cmake/ament_cmake_export_libraries-extras.cmake
[0.136s] -- Up-to-date: /home/telecom/ros2_pant_ec_ws/install/ethercat_generic_cia402_drive/share/ethercat_generic_cia402_drive/cmake/ament_cmake_export_targets-extras.cmake
[0.136s] -- Up-to-date: /home/telecom/ros2_pant_ec_ws/install/ethercat_generic_cia402_drive/share/ethercat_generic_cia402_drive/cmake/ethercat_generic_cia402_driveConfig.cmake
[0.137s] -- Up-to-date: /home/telecom/ros2_pant_ec_ws/install/ethercat_generic_cia402_drive/share/ethercat_generic_cia402_drive/cmake/ethercat_generic_cia402_driveConfig-version.cmake
[0.137s] -- Up-to-date: /home/telecom/ros2_pant_ec_ws/install/ethercat_generic_cia402_drive/share/ethercat_generic_cia402_drive/package.xml
[0.137s] Invoked command in '/home/telecom/ros2_pant_ec_ws/build/ethercat_generic_cia402_drive' returned '0': AMENT_PREFIX_PATH=/home/telecom/ros2_pant_ec_ws/install/ethercat_generic_slave:/home/telecom/ros2_pant_ec_ws/install/ethercat_interface:${AMENT_PREFIX_PATH} CMAKE_PREFIX_PATH=/home/telecom/ros2_pant_ec_ws/install/ethercat_generic_slave:/home/telecom/ros2_pant_ec_ws/install/ethercat_interface:/home/telecom/ros2_ws/install/squares:/home/telecom/ros2_ws/install/my_package:/home/telecom/ros2_ws/install/my_img:/home/telecom/ros2_ws/install/my_chatter:/opt/ros/humble LD_LIBRARY_PATH=/home/telecom/ros2_pant_ec_ws/install/ethercat_generic_slave/lib:/home/telecom/ros2_pant_ec_ws/install/ethercat_interface/lib:${LD_LIBRARY_PATH} /usr/bin/cmake --install /home/telecom/ros2_pant_ec_ws/build/ethercat_generic_cia402_drive
