[ 33%] Built target gmock
[ 66%] Built target ethercat_schneider_drives
[ 77%] Built target gmock_main
[100%] Built target test_load_schneider_plugins
-- Install configuration: ""
-- Up-to-date: /home/telecom/ros2_pant_ec_ws/install/ethercat_schneider_drives/share/ethercat_schneider_drives/ethercat_plugins.xml
-- Up-to-date: /home/telecom/ros2_pant_ec_ws/install/ethercat_schneider_drives/include
-- Up-to-date: /home/telecom/ros2_pant_ec_ws/install/ethercat_schneider_drives/include/ethercat_schneider_drives
-- Up-to-date: /home/telecom/ros2_pant_ec_ws/install/ethercat_schneider_drives/include/ethercat_schneider_drives/schneider_defs.hpp
-- Up-to-date: /home/telecom/ros2_pant_ec_ws/install/ethercat_schneider_drives/lib/libethercat_schneider_drives.so
-- Up-to-date: /home/telecom/ros2_pant_ec_ws/install/ethercat_schneider_drives/share/ethercat_schneider_drives/environment/library_path.sh
-- Up-to-date: /home/telecom/ros2_pant_ec_ws/install/ethercat_schneider_drives/share/ethercat_schneider_drives/environment/library_path.dsv
-- Up-to-date: /home/telecom/ros2_pant_ec_ws/install/ethercat_schneider_drives/share/ament_index/resource_index/package_run_dependencies/ethercat_schneider_drives
-- Up-to-date: /home/telecom/ros2_pant_ec_ws/install/ethercat_schneider_drives/share/ament_index/resource_index/parent_prefix_path/ethercat_schneider_drives
-- Up-to-date: /home/telecom/ros2_pant_ec_ws/install/ethercat_schneider_drives/share/ethercat_schneider_drives/environment/ament_prefix_path.sh
-- Up-to-date: /home/telecom/ros2_pant_ec_ws/install/ethercat_schneider_drives/share/ethercat_schneider_drives/environment/ament_prefix_path.dsv
-- Up-to-date: /home/telecom/ros2_pant_ec_ws/install/ethercat_schneider_drives/share/ethercat_schneider_drives/environment/path.sh
-- Up-to-date: /home/telecom/ros2_pant_ec_ws/install/ethercat_schneider_drives/share/ethercat_schneider_drives/environment/path.dsv
-- Up-to-date: /home/telecom/ros2_pant_ec_ws/install/ethercat_schneider_drives/share/ethercat_schneider_drives/local_setup.bash
-- Up-to-date: /home/telecom/ros2_pant_ec_ws/install/ethercat_schneider_drives/share/ethercat_schneider_drives/local_setup.sh
-- Up-to-date: /home/telecom/ros2_pant_ec_ws/install/ethercat_schneider_drives/share/ethercat_schneider_drives/local_setup.zsh
-- Up-to-date: /home/telecom/ros2_pant_ec_ws/install/ethercat_schneider_drives/share/ethercat_schneider_drives/local_setup.dsv
-- Installing: /home/telecom/ros2_pant_ec_ws/install/ethercat_schneider_drives/share/ethercat_schneider_drives/package.dsv
-- Up-to-date: /home/telecom/ros2_pant_ec_ws/install/ethercat_schneider_drives/share/ament_index/resource_index/packages/ethercat_schneider_drives
-- Up-to-date: /home/telecom/ros2_pant_ec_ws/install/ethercat_schneider_drives/share/ament_index/resource_index/ethercat_interface__pluginlib__plugin/ethercat_schneider_drives
-- Up-to-date: /home/telecom/ros2_pant_ec_ws/install/ethercat_schneider_drives/share/ethercat_schneider_drives/cmake/export_ethercat_schneider_drivesExport.cmake
-- Up-to-date: /home/telecom/ros2_pant_ec_ws/install/ethercat_schneider_drives/share/ethercat_schneider_drives/cmake/export_ethercat_schneider_drivesExport-noconfig.cmake
-- Up-to-date: /home/telecom/ros2_pant_ec_ws/install/ethercat_schneider_drives/share/ethercat_schneider_drives/cmake/ament_cmake_export_include_directories-extras.cmake
-- Up-to-date: /home/telecom/ros2_pant_ec_ws/install/ethercat_schneider_drives/share/ethercat_schneider_drives/cmake/ament_cmake_export_libraries-extras.cmake
-- Up-to-date: /home/telecom/ros2_pant_ec_ws/install/ethercat_schneider_drives/share/ethercat_schneider_drives/cmake/ament_cmake_export_targets-extras.cmake
-- Up-to-date: /home/telecom/ros2_pant_ec_ws/install/ethercat_schneider_drives/share/ethercat_schneider_drives/cmake/ethercat_schneider_drivesConfig.cmake
-- Up-to-date: /home/telecom/ros2_pant_ec_ws/install/ethercat_schneider_drives/share/ethercat_schneider_drives/cmake/ethercat_schneider_drivesConfig-version.cmake
-- Up-to-date: /home/telecom/ros2_pant_ec_ws/install/ethercat_schneider_drives/share/ethercat_schneider_drives/package.xml
