[0.026s] Invoking command in '/home/telecom/ros2_pant_ec_ws/build/ethercat_advantech_modules': AMENT_PREFIX_PATH=/home/telecom/ros2_pant_ec_ws/install/ethercat_interface:${AMENT_PREFIX_PATH} CMAKE_PREFIX_PATH=/home/telecom/ros2_pant_ec_ws/install/ethercat_interface:/home/telecom/ros2_ws/install/squares:/home/telecom/ros2_ws/install/my_package:/home/telecom/ros2_ws/install/my_img:/home/telecom/ros2_ws/install/my_chatter:/opt/ros/humble LD_LIBRARY_PATH=/home/telecom/ros2_pant_ec_ws/install/ethercat_interface/lib:${LD_LIBRARY_PATH} /usr/bin/cmake --build /home/telecom/ros2_pant_ec_ws/build/ethercat_advantech_modules -- -j20 -l20
[0.055s] [ 30%] Built target ethercat_advantech_modules
[0.056s] [ 50%] Built target gmock_main
[0.059s] [ 80%] Built target gmock
[0.078s] [100%] Built target test_load_advantech_plugins
[0.088s] Invoked command in '/home/telecom/ros2_pant_ec_ws/build/ethercat_advantech_modules' returned '0': AMENT_PREFIX_PATH=/home/telecom/ros2_pant_ec_ws/install/ethercat_interface:${AMENT_PREFIX_PATH} CMAKE_PREFIX_PATH=/home/telecom/ros2_pant_ec_ws/install/ethercat_interface:/home/telecom/ros2_ws/install/squares:/home/telecom/ros2_ws/install/my_package:/home/telecom/ros2_ws/install/my_img:/home/telecom/ros2_ws/install/my_chatter:/opt/ros/humble LD_LIBRARY_PATH=/home/telecom/ros2_pant_ec_ws/install/ethercat_interface/lib:${LD_LIBRARY_PATH} /usr/bin/cmake --build /home/telecom/ros2_pant_ec_ws/build/ethercat_advantech_modules -- -j20 -l20
[0.110s] Invoking command in '/home/telecom/ros2_pant_ec_ws/build/ethercat_advantech_modules': AMENT_PREFIX_PATH=/home/telecom/ros2_pant_ec_ws/install/ethercat_interface:${AMENT_PREFIX_PATH} CMAKE_PREFIX_PATH=/home/telecom/ros2_pant_ec_ws/install/ethercat_interface:/home/telecom/ros2_ws/install/squares:/home/telecom/ros2_ws/install/my_package:/home/telecom/ros2_ws/install/my_img:/home/telecom/ros2_ws/install/my_chatter:/opt/ros/humble LD_LIBRARY_PATH=/home/telecom/ros2_pant_ec_ws/install/ethercat_interface/lib:${LD_LIBRARY_PATH} /usr/bin/cmake --install /home/telecom/ros2_pant_ec_ws/build/ethercat_advantech_modules
[0.114s] -- Install configuration: ""
[0.114s] -- Up-to-date: /home/telecom/ros2_pant_ec_ws/install/ethercat_advantech_modules/share/ethercat_advantech_modules/ethercat_plugins.xml
[0.116s] -- Up-to-date: /home/telecom/ros2_pant_ec_ws/install/ethercat_advantech_modules/lib/libethercat_advantech_modules.so
[0.116s] -- Up-to-date: /home/telecom/ros2_pant_ec_ws/install/ethercat_advantech_modules/share/ethercat_advantech_modules/environment/library_path.sh
[0.117s] -- Up-to-date: /home/telecom/ros2_pant_ec_ws/install/ethercat_advantech_modules/share/ethercat_advantech_modules/environment/library_path.dsv
[0.117s] -- Up-to-date: /home/telecom/ros2_pant_ec_ws/install/ethercat_advantech_modules/share/ament_index/resource_index/package_run_dependencies/ethercat_advantech_modules
[0.117s] -- Up-to-date: /home/telecom/ros2_pant_ec_ws/install/ethercat_advantech_modules/share/ament_index/resource_index/parent_prefix_path/ethercat_advantech_modules
[0.118s] -- Up-to-date: /home/telecom/ros2_pant_ec_ws/install/ethercat_advantech_modules/share/ethercat_advantech_modules/environment/ament_prefix_path.sh
[0.119s] -- Up-to-date: /home/telecom/ros2_pant_ec_ws/install/ethercat_advantech_modules/share/ethercat_advantech_modules/environment/ament_prefix_path.dsv
[0.121s] -- Up-to-date: /home/telecom/ros2_pant_ec_ws/install/ethercat_advantech_modules/share/ethercat_advantech_modules/environment/path.sh
[0.121s] -- Up-to-date: /home/telecom/ros2_pant_ec_ws/install/ethercat_advantech_modules/share/ethercat_advantech_modules/environment/path.dsv
[0.121s] -- Up-to-date: /home/telecom/ros2_pant_ec_ws/install/ethercat_advantech_modules/share/ethercat_advantech_modules/local_setup.bash
[0.121s] -- Up-to-date: /home/telecom/ros2_pant_ec_ws/install/ethercat_advantech_modules/share/ethercat_advantech_modules/local_setup.sh
[0.121s] -- Up-to-date: /home/telecom/ros2_pant_ec_ws/install/ethercat_advantech_modules/share/ethercat_advantech_modules/local_setup.zsh
[0.121s] -- Up-to-date: /home/telecom/ros2_pant_ec_ws/install/ethercat_advantech_modules/share/ethercat_advantech_modules/local_setup.dsv
[0.123s] -- Installing: /home/telecom/ros2_pant_ec_ws/install/ethercat_advantech_modules/share/ethercat_advantech_modules/package.dsv
[0.124s] -- Up-to-date: /home/telecom/ros2_pant_ec_ws/install/ethercat_advantech_modules/share/ament_index/resource_index/packages/ethercat_advantech_modules
[0.124s] -- Up-to-date: /home/telecom/ros2_pant_ec_ws/install/ethercat_advantech_modules/share/ament_index/resource_index/ethercat_interface__pluginlib__plugin/ethercat_advantech_modules
[0.124s] -- Up-to-date: /home/telecom/ros2_pant_ec_ws/install/ethercat_advantech_modules/share/ethercat_advantech_modules/cmake/export_ethercat_advantech_modulesExport.cmake
[0.124s] -- Up-to-date: /home/telecom/ros2_pant_ec_ws/install/ethercat_advantech_modules/share/ethercat_advantech_modules/cmake/export_ethercat_advantech_modulesExport-noconfig.cmake
[0.124s] -- Up-to-date: /home/telecom/ros2_pant_ec_ws/install/ethercat_advantech_modules/share/ethercat_advantech_modules/cmake/ament_cmake_export_include_directories-extras.cmake
[0.124s] -- Up-to-date: /home/telecom/ros2_pant_ec_ws/install/ethercat_advantech_modules/share/ethercat_advantech_modules/cmake/ament_cmake_export_libraries-extras.cmake
[0.124s] -- Up-to-date: /home/telecom/ros2_pant_ec_ws/install/ethercat_advantech_modules/share/ethercat_advantech_modules/cmake/ament_cmake_export_targets-extras.cmake
[0.124s] -- Up-to-date: /home/telecom/ros2_pant_ec_ws/install/ethercat_advantech_modules/share/ethercat_advantech_modules/cmake/ethercat_advantech_modulesConfig.cmake
[0.124s] -- Up-to-date: /home/telecom/ros2_pant_ec_ws/install/ethercat_advantech_modules/share/ethercat_advantech_modules/cmake/ethercat_advantech_modulesConfig-version.cmake
[0.124s] -- Up-to-date: /home/telecom/ros2_pant_ec_ws/install/ethercat_advantech_modules/share/ethercat_advantech_modules/package.xml
[0.142s] Invoked command in '/home/telecom/ros2_pant_ec_ws/build/ethercat_advantech_modules' returned '0': AMENT_PREFIX_PATH=/home/telecom/ros2_pant_ec_ws/install/ethercat_interface:${AMENT_PREFIX_PATH} CMAKE_PREFIX_PATH=/home/telecom/ros2_pant_ec_ws/install/ethercat_interface:/home/telecom/ros2_ws/install/squares:/home/telecom/ros2_ws/install/my_package:/home/telecom/ros2_ws/install/my_img:/home/telecom/ros2_ws/install/my_chatter:/opt/ros/humble LD_LIBRARY_PATH=/home/telecom/ros2_pant_ec_ws/install/ethercat_interface/lib:${LD_LIBRARY_PATH} /usr/bin/cmake --install /home/telecom/ros2_pant_ec_ws/build/ethercat_advantech_modules
