-- The C compiler identification is GNU 11.3.0
-- The CXX compiler identification is GNU 11.3.0
-- Detecting C compiler ABI info
-- Detecting C compiler ABI info - done
-- Check for working C compiler: /usr/bin/cc - skipped
-- Detecting C compile features
-- Detecting C compile features - done
-- Detecting CXX compiler ABI info
-- Detecting CXX compiler ABI info - done
-- Check for working CXX compiler: /usr/bin/c++ - skipped
-- Detecting CXX compile features
-- Detecting CXX compile features - done
-- Found ament_cmake: 1.3.5 (/opt/ros/humble/share/ament_cmake/cmake)
-- Found Python3: /usr/bin/python3.10 (found version "3.10.6") found components: Interpreter 
-- Found controller_interface: 2.28.0 (/opt/ros/humble/share/controller_interface/cmake)
-- Found rosidl_generator_c: 3.1.4 (/opt/ros/humble/share/rosidl_generator_c/cmake)
-- Found rosidl_adapter: 3.1.4 (/opt/ros/humble/share/rosidl_adapter/cmake)
-- Found rosidl_generator_cpp: 3.1.4 (/opt/ros/humble/share/rosidl_generator_cpp/cmake)
-- Using all available rosidl_typesupport_c: rosidl_typesupport_fastrtps_c;rosidl_typesupport_introspection_c
-- Using all available rosidl_typesupport_cpp: rosidl_typesupport_fastrtps_cpp;rosidl_typesupport_introspection_cpp
-- Found rmw_implementation_cmake: 6.1.1 (/opt/ros/humble/share/rmw_implementation_cmake/cmake)
-- Found rmw_fastrtps_cpp: 6.2.2 (/opt/ros/humble/share/rmw_fastrtps_cpp/cmake)
-- Found OpenSSL: /usr/lib/x86_64-linux-gnu/libcrypto.so (found version "3.0.2")  
-- Found FastRTPS: /opt/ros/humble/include  
-- Using RMW implementation 'rmw_fastrtps_cpp' as default
-- Looking for pthread.h
-- Looking for pthread.h - found
-- Performing Test CMAKE_HAVE_LIBC_PTHREAD
-- Performing Test CMAKE_HAVE_LIBC_PTHREAD - Success
-- Found Threads: TRUE  
-- Found realtime_tools: 2.5.0 (/opt/ros/humble/share/realtime_tools/cmake)
-- Found ament_cmake_gtest: 1.3.5 (/opt/ros/humble/share/ament_cmake_gtest/cmake)
-- Found ament_lint_auto: 0.12.6 (/opt/ros/humble/share/ament_lint_auto/cmake)
-- Configuring done
-- Generating done
-- Build files have been written to: /home/telecom/ros2_pant_ec_ws/build/pant_position_controller
[ 50%] [32mBuilding CXX object CMakeFiles/pant_position_controller.dir/src/pant_position_controller.cpp.o[0m
In file included from [01m[K/opt/ros/humble/include/rclcpp/rclcpp/logging.hpp:24[m[K,
                 from [01m[K/opt/ros/humble/include/rclcpp/rclcpp/client.hpp:40[m[K,
                 from [01m[K/opt/ros/humble/include/rclcpp/rclcpp/callback_group.hpp:24[m[K,
                 from [01m[K/opt/ros/humble/include/rclcpp/rclcpp/any_executable.hpp:20[m[K,
                 from [01m[K/opt/ros/humble/include/rclcpp/rclcpp/memory_strategy.hpp:25[m[K,
                 from [01m[K/opt/ros/humble/include/rclcpp/rclcpp/memory_strategies.hpp:18[m[K,
                 from [01m[K/opt/ros/humble/include/rclcpp/rclcpp/executor_options.hpp:20[m[K,
                 from [01m[K/opt/ros/humble/include/rclcpp/rclcpp/executor.hpp:37[m[K,
                 from [01m[K/opt/ros/humble/include/rclcpp/rclcpp/executors/multi_threaded_executor.hpp:25[m[K,
                 from [01m[K/opt/ros/humble/include/rclcpp/rclcpp/executors.hpp:21[m[K,
                 from [01m[K/opt/ros/humble/include/rclcpp/rclcpp/rclcpp.hpp:155[m[K,
                 from [01m[K/opt/ros/humble/include/controller_interface/controller_interface_base.hpp:28[m[K,
                 from [01m[K/opt/ros/humble/include/controller_interface/controller_interface.hpp:22[m[K,
                 from [01m[K/home/telecom/ros2_pant_ec_ws/src/pant_controllers/pant_position_controller/include/pant_position_controller/pant_position_controller.hpp:25[m[K,
                 from [01m[K/home/telecom/ros2_pant_ec_ws/src/pant_controllers/pant_position_controller/src/pant_position_controller.cpp:15[m[K:
[01m[K/home/telecom/ros2_pant_ec_ws/src/pant_controllers/pant_position_controller/src/pant_position_controller.cpp:[m[K In member function ‘[01m[Kvirtual pant_position_controller::CallbackReturn pant_position_controller::PantPositionController::on_activate(const rclcpp_lifecycle::State&)[m[K’:
[01m[K/home/telecom/ros2_pant_ec_ws/src/pant_controllers/pant_position_controller/src/pant_position_controller.cpp:165:33:[m[K [01;35m[Kwarning: [m[Kformat ‘[01m[K%p[m[K’ expects argument of type ‘[01m[Kvoid*[m[K’, but argument 5 has type ‘[01m[Kconst string[m[K’ {aka ‘[01m[Kconst std::__cxx11::basic_string<char>[m[K’} [[01;35m[K]8;;https://gcc.gnu.org/onlinedocs/gcc/Warning-Options.html#index-Wformat=-Wformat=]8;;[m[K]
  165 |       get_node()->get_logger(), [01;35m[K"Interface: %p"[m[K, [32m[Kcommand_interfaces_[i].get_name()[m[K);
      |                                 [01;35m[K^~~~~~~~~~~~~~~[m[K  [32m[K~~~~~~~~~~~~~~~~~~~~~~~~~~~~~~~~~[m[K
      |                                                                                 [32m[K|[m[K
      |                                                                                 [32m[Kconst string {aka const std::__cxx11::basic_string<char>}[m[K
[01m[K/home/telecom/ros2_pant_ec_ws/src/pant_controllers/pant_position_controller/src/pant_position_controller.cpp:165:46:[m[K [01;36m[Knote: [m[Kformat string is defined here
  165 |       get_node()->get_logger(), "Interface: [01;36m[K%p[m[K", command_interfaces_[i].get_name());
      |                                             [01;36m[K~^[m[K
      |                                              [01;36m[K|[m[K
      |                                              [01;36m[Kvoid*[m[K
[100%] [32m[1mLinking CXX shared library libpant_position_controller.so[0m
[100%] Built target pant_position_controller
-- Install configuration: ""
-- Installing: /home/telecom/ros2_pant_ec_ws/install/pant_position_controller/share/pant_position_controller/controller_plugin.xml
-- Installing: /home/telecom/ros2_pant_ec_ws/install/pant_position_controller/include
-- Installing: /home/telecom/ros2_pant_ec_ws/install/pant_position_controller/include/pant_position_controller
-- Installing: /home/telecom/ros2_pant_ec_ws/install/pant_position_controller/include/pant_position_controller/pant_position_controller.hpp
-- Installing: /home/telecom/ros2_pant_ec_ws/install/pant_position_controller/include/pant_position_controller/visibility_control.h
-- Installing: /home/telecom/ros2_pant_ec_ws/install/pant_position_controller/lib/libpant_position_controller.so
-- Set runtime path of "/home/telecom/ros2_pant_ec_ws/install/pant_position_controller/lib/libpant_position_controller.so" to ""
-- Installing: /home/telecom/ros2_pant_ec_ws/install/pant_position_controller/share/pant_position_controller/environment/library_path.sh
-- Installing: /home/telecom/ros2_pant_ec_ws/install/pant_position_controller/share/pant_position_controller/environment/library_path.dsv
-- Installing: /home/telecom/ros2_pant_ec_ws/install/pant_position_controller/share/ament_index/resource_index/package_run_dependencies/pant_position_controller
-- Installing: /home/telecom/ros2_pant_ec_ws/install/pant_position_controller/share/ament_index/resource_index/parent_prefix_path/pant_position_controller
-- Installing: /home/telecom/ros2_pant_ec_ws/install/pant_position_controller/share/pant_position_controller/environment/ament_prefix_path.sh
-- Installing: /home/telecom/ros2_pant_ec_ws/install/pant_position_controller/share/pant_position_controller/environment/ament_prefix_path.dsv
-- Installing: /home/telecom/ros2_pant_ec_ws/install/pant_position_controller/share/pant_position_controller/environment/path.sh
-- Installing: /home/telecom/ros2_pant_ec_ws/install/pant_position_controller/share/pant_position_controller/environment/path.dsv
-- Installing: /home/telecom/ros2_pant_ec_ws/install/pant_position_controller/share/pant_position_controller/local_setup.bash
-- Installing: /home/telecom/ros2_pant_ec_ws/install/pant_position_controller/share/pant_position_controller/local_setup.sh
-- Installing: /home/telecom/ros2_pant_ec_ws/install/pant_position_controller/share/pant_position_controller/local_setup.zsh
-- Installing: /home/telecom/ros2_pant_ec_ws/install/pant_position_controller/share/pant_position_controller/local_setup.dsv
-- Installing: /home/telecom/ros2_pant_ec_ws/install/pant_position_controller/share/pant_position_controller/package.dsv
-- Installing: /home/telecom/ros2_pant_ec_ws/install/pant_position_controller/share/ament_index/resource_index/packages/pant_position_controller
-- Installing: /home/telecom/ros2_pant_ec_ws/install/pant_position_controller/share/ament_index/resource_index/controller_interface__pluginlib__plugin/pant_position_controller
-- Installing: /home/telecom/ros2_pant_ec_ws/install/pant_position_controller/share/pant_position_controller/cmake/ament_cmake_export_dependencies-extras.cmake
-- Installing: /home/telecom/ros2_pant_ec_ws/install/pant_position_controller/share/pant_position_controller/cmake/ament_cmake_export_include_directories-extras.cmake
-- Installing: /home/telecom/ros2_pant_ec_ws/install/pant_position_controller/share/pant_position_controller/cmake/ament_cmake_export_libraries-extras.cmake
-- Installing: /home/telecom/ros2_pant_ec_ws/install/pant_position_controller/share/pant_position_controller/cmake/pant_position_controllerConfig.cmake
-- Installing: /home/telecom/ros2_pant_ec_ws/install/pant_position_controller/share/pant_position_controller/cmake/pant_position_controllerConfig-version.cmake
-- Installing: /home/telecom/ros2_pant_ec_ws/install/pant_position_controller/share/pant_position_controller/package.xml
