[0.048s] Invoking command in '/home/telecom/ros2_pant_ec_ws/build/ethercat_driver_ros2': AMENT_PREFIX_PATH=/home/telecom/ros2_pant_ec_ws/install/ethercat_driver:/home/telecom/ros2_pant_ec_ws/install/ethercat_interface:${AMENT_PREFIX_PATH} CMAKE_PREFIX_PATH=/home/telecom/ros2_pant_ec_ws/install/ethercat_driver:/home/telecom/ros2_pant_ec_ws/install/ethercat_interface:/home/telecom/ros2_ws/install/squares:/home/telecom/ros2_ws/install/my_package:/home/telecom/ros2_ws/install/my_img:/home/telecom/ros2_ws/install/my_chatter:/opt/ros/humble LD_LIBRARY_PATH=/home/telecom/ros2_pant_ec_ws/install/ethercat_driver/lib:/home/telecom/ros2_pant_ec_ws/install/ethercat_interface/lib:${LD_LIBRARY_PATH} /usr/bin/cmake --build /home/telecom/ros2_pant_ec_ws/build/ethercat_driver_ros2 -- -j20 -l20
[0.097s] Invoked command in '/home/telecom/ros2_pant_ec_ws/build/ethercat_driver_ros2' returned '0': AMENT_PREFIX_PATH=/home/telecom/ros2_pant_ec_ws/install/ethercat_driver:/home/telecom/ros2_pant_ec_ws/install/ethercat_interface:${AMENT_PREFIX_PATH} CMAKE_PREFIX_PATH=/home/telecom/ros2_pant_ec_ws/install/ethercat_driver:/home/telecom/ros2_pant_ec_ws/install/ethercat_interface:/home/telecom/ros2_ws/install/squares:/home/telecom/ros2_ws/install/my_package:/home/telecom/ros2_ws/install/my_img:/home/telecom/ros2_ws/install/my_chatter:/opt/ros/humble LD_LIBRARY_PATH=/home/telecom/ros2_pant_ec_ws/install/ethercat_driver/lib:/home/telecom/ros2_pant_ec_ws/install/ethercat_interface/lib:${LD_LIBRARY_PATH} /usr/bin/cmake --build /home/telecom/ros2_pant_ec_ws/build/ethercat_driver_ros2 -- -j20 -l20
[0.145s] Invoking command in '/home/telecom/ros2_pant_ec_ws/build/ethercat_driver_ros2': AMENT_PREFIX_PATH=/home/telecom/ros2_pant_ec_ws/install/ethercat_driver:/home/telecom/ros2_pant_ec_ws/install/ethercat_interface:${AMENT_PREFIX_PATH} CMAKE_PREFIX_PATH=/home/telecom/ros2_pant_ec_ws/install/ethercat_driver:/home/telecom/ros2_pant_ec_ws/install/ethercat_interface:/home/telecom/ros2_ws/install/squares:/home/telecom/ros2_ws/install/my_package:/home/telecom/ros2_ws/install/my_img:/home/telecom/ros2_ws/install/my_chatter:/opt/ros/humble LD_LIBRARY_PATH=/home/telecom/ros2_pant_ec_ws/install/ethercat_driver/lib:/home/telecom/ros2_pant_ec_ws/install/ethercat_interface/lib:${LD_LIBRARY_PATH} /usr/bin/cmake --install /home/telecom/ros2_pant_ec_ws/build/ethercat_driver_ros2
[0.148s] -- Install configuration: ""
[0.148s] -- Up-to-date: /home/telecom/ros2_pant_ec_ws/install/ethercat_driver_ros2/share/ament_index/resource_index/package_run_dependencies/ethercat_driver_ros2
[0.148s] -- Up-to-date: /home/telecom/ros2_pant_ec_ws/install/ethercat_driver_ros2/share/ament_index/resource_index/parent_prefix_path/ethercat_driver_ros2
[0.148s] -- Up-to-date: /home/telecom/ros2_pant_ec_ws/install/ethercat_driver_ros2/share/ethercat_driver_ros2/environment/ament_prefix_path.sh
[0.148s] -- Up-to-date: /home/telecom/ros2_pant_ec_ws/install/ethercat_driver_ros2/share/ethercat_driver_ros2/environment/ament_prefix_path.dsv
[0.148s] -- Up-to-date: /home/telecom/ros2_pant_ec_ws/install/ethercat_driver_ros2/share/ethercat_driver_ros2/environment/path.sh
[0.148s] -- Up-to-date: /home/telecom/ros2_pant_ec_ws/install/ethercat_driver_ros2/share/ethercat_driver_ros2/environment/path.dsv
[0.148s] -- Up-to-date: /home/telecom/ros2_pant_ec_ws/install/ethercat_driver_ros2/share/ethercat_driver_ros2/local_setup.bash
[0.148s] -- Up-to-date: /home/telecom/ros2_pant_ec_ws/install/ethercat_driver_ros2/share/ethercat_driver_ros2/local_setup.sh
[0.148s] -- Up-to-date: /home/telecom/ros2_pant_ec_ws/install/ethercat_driver_ros2/share/ethercat_driver_ros2/local_setup.zsh
[0.148s] -- Up-to-date: /home/telecom/ros2_pant_ec_ws/install/ethercat_driver_ros2/share/ethercat_driver_ros2/local_setup.dsv
[0.148s] -- Installing: /home/telecom/ros2_pant_ec_ws/install/ethercat_driver_ros2/share/ethercat_driver_ros2/package.dsv
[0.148s] -- Up-to-date: /home/telecom/ros2_pant_ec_ws/install/ethercat_driver_ros2/share/ament_index/resource_index/packages/ethercat_driver_ros2
[0.148s] -- Up-to-date: /home/telecom/ros2_pant_ec_ws/install/ethercat_driver_ros2/share/ethercat_driver_ros2/cmake/ethercat_driver_ros2Config.cmake
[0.148s] -- Up-to-date: /home/telecom/ros2_pant_ec_ws/install/ethercat_driver_ros2/share/ethercat_driver_ros2/cmake/ethercat_driver_ros2Config-version.cmake
[0.148s] -- Up-to-date: /home/telecom/ros2_pant_ec_ws/install/ethercat_driver_ros2/share/ethercat_driver_ros2/package.xml
[0.149s] Invoked command in '/home/telecom/ros2_pant_ec_ws/build/ethercat_driver_ros2' returned '0': AMENT_PREFIX_PATH=/home/telecom/ros2_pant_ec_ws/install/ethercat_driver:/home/telecom/ros2_pant_ec_ws/install/ethercat_interface:${AMENT_PREFIX_PATH} CMAKE_PREFIX_PATH=/home/telecom/ros2_pant_ec_ws/install/ethercat_driver:/home/telecom/ros2_pant_ec_ws/install/ethercat_interface:/home/telecom/ros2_ws/install/squares:/home/telecom/ros2_ws/install/my_package:/home/telecom/ros2_ws/install/my_img:/home/telecom/ros2_ws/install/my_chatter:/opt/ros/humble LD_LIBRARY_PATH=/home/telecom/ros2_pant_ec_ws/install/ethercat_driver/lib:/home/telecom/ros2_pant_ec_ws/install/ethercat_interface/lib:${LD_LIBRARY_PATH} /usr/bin/cmake --install /home/telecom/ros2_pant_ec_ws/build/ethercat_driver_ros2
