[0.034s] Invoking command in '/home/telecom/ros2_pant_ec_ws/build/ethercat_driver': CMAKE_PREFIX_PATH=/home/telecom/ros2_pant_ec_ws/install/ethercat_interface:/home/telecom/ros2_pant_ec_ws/install/pant_position_controller:/home/telecom/ros2_pant_ec_ws/install/pant_nodes:/home/telecom/ros2_pant_ec_ws/install/pant_description:/home/telecom/ros2_pant_ec_ws/install/pant_bringup:/home/telecom/ros2_pant_ec_ws/install/ethercat_schneider_drives:/home/telecom/ros2_pant_ec_ws/install/ethercat_omron_modules:/home/telecom/ros2_pant_ec_ws/install/ethercat_manager:/home/telecom/ros2_pant_ec_ws/install/ethercat_msgs:/home/telecom/ros2_pant_ec_ws/install/ethercat_maxon_drives:/home/telecom/ros2_pant_ec_ws/install/ethercat_generic_cia402_drive:/home/telecom/ros2_pant_ec_ws/install/ethercat_generic_slave:/home/telecom/ros2_pant_ec_ws/install/ethercat_driver_ros2:/home/telecom/ros2_pant_ec_ws/install/ethercat_driver:/home/telecom/ros2_pant_ec_ws/install/ethercat_beckhoff_modules:/home/telecom/ros2_pant_ec_ws/install/ethercat_ati_modules:/home/telecom/ros2_pant_ec_ws/install/ethercat_advantech_modules:/home/telecom/ros2_ws/install/squares:/home/telecom/ros2_ws/install/my_package:/home/telecom/ros2_ws/install/my_img:/home/telecom/ros2_ws/install/my_chatter:/opt/ros/humble LD_LIBRARY_PATH=/home/telecom/ros2_pant_ec_ws/install/ethercat_interface/lib:/home/telecom/ros2_pant_ec_ws/install/pant_position_controller/lib:/home/telecom/ros2_pant_ec_ws/install/ethercat_schneider_drives/lib:/home/telecom/ros2_pant_ec_ws/install/ethercat_omron_modules/lib:/home/telecom/ros2_pant_ec_ws/install/ethercat_manager/lib:/home/telecom/ros2_pant_ec_ws/install/ethercat_msgs/lib:/home/telecom/ros2_pant_ec_ws/install/ethercat_maxon_drives/lib:/home/telecom/ros2_pant_ec_ws/install/ethercat_generic_cia402_drive/lib:/home/telecom/ros2_pant_ec_ws/install/ethercat_generic_slave/lib:/home/telecom/ros2_pant_ec_ws/install/ethercat_driver/lib:/home/telecom/ros2_pant_ec_ws/install/ethercat_beckhoff_modules/lib:/home/telecom/ros2_pant_ec_ws/install/ethercat_ati_modules/lib:/home/telecom/ros2_pant_ec_ws/install/ethercat_advantech_modules/lib:/opt/ros/humble/opt/rviz_ogre_vendor/lib:/opt/ros/humble/lib/x86_64-linux-gnu:/opt/ros/humble/lib /usr/bin/cmake /home/telecom/ros2_pant_ec_ws/src/ethercat_driver_ros2/ethercat_driver -DCMAKE_INSTALL_PREFIX=/home/telecom/ros2_pant_ec_ws/install/ethercat_driver
[0.072s] -- The C compiler identification is GNU 11.3.0
[0.126s] -- The CXX compiler identification is GNU 11.3.0
[0.134s] -- Detecting C compiler ABI info
[0.191s] -- Detecting C compiler ABI info - done
[0.200s] -- Check for working C compiler: /usr/bin/cc - skipped
[0.200s] -- Detecting C compile features
[0.200s] -- Detecting C compile features - done
[0.203s] -- Detecting CXX compiler ABI info
[0.272s] -- Detecting CXX compiler ABI info - done
[0.279s] -- Check for working CXX compiler: /usr/bin/c++ - skipped
[0.279s] -- Detecting CXX compile features
[0.279s] -- Detecting CXX compile features - done
[0.281s] -- Found ament_cmake: 1.3.5 (/opt/ros/humble/share/ament_cmake/cmake)
[0.435s] -- Found Python3: /usr/bin/python3.10 (found version "3.10.6") found components: Interpreter 
[0.533s] -- Found hardware_interface: 2.28.0 (/opt/ros/humble/share/hardware_interface/cmake)
[0.561s] -- Found rosidl_generator_c: 3.1.4 (/opt/ros/humble/share/rosidl_generator_c/cmake)
[0.565s] -- Found rosidl_adapter: 3.1.4 (/opt/ros/humble/share/rosidl_adapter/cmake)
[0.571s] -- Found rosidl_generator_cpp: 3.1.4 (/opt/ros/humble/share/rosidl_generator_cpp/cmake)
[0.581s] -- Using all available rosidl_typesupport_c: rosidl_typesupport_fastrtps_c;rosidl_typesupport_introspection_c
[0.595s] -- Using all available rosidl_typesupport_cpp: rosidl_typesupport_fastrtps_cpp;rosidl_typesupport_introspection_cpp
[1.085s] -- Found rmw_implementation_cmake: 6.1.1 (/opt/ros/humble/share/rmw_implementation_cmake/cmake)
[1.088s] -- Found rmw_fastrtps_cpp: 6.2.2 (/opt/ros/humble/share/rmw_fastrtps_cpp/cmake)
[1.159s] -- Found OpenSSL: /usr/lib/x86_64-linux-gnu/libcrypto.so (found version "3.0.2")  
[1.183s] -- Found FastRTPS: /opt/ros/humble/include  
[1.226s] -- Using RMW implementation 'rmw_fastrtps_cpp' as default
[1.238s] -- Looking for pthread.h
[1.490s] -- Looking for pthread.h - found
[1.490s] -- Performing Test CMAKE_HAVE_LIBC_PTHREAD
[1.721s] -- Performing Test CMAKE_HAVE_LIBC_PTHREAD - Success
[1.723s] -- Found Threads: TRUE  
[2.081s] -- Found ethercat_interface: 1.2.0 (/home/telecom/ros2_pant_ec_ws/install/ethercat_interface/share/ethercat_interface/cmake)
[2.200s] -- Found ament_cmake_gtest: 1.3.5 (/opt/ros/humble/share/ament_cmake_gtest/cmake)
[2.412s] -- Configuring done
[2.463s] -- Generating done
[2.474s] -- Build files have been written to: /home/telecom/ros2_pant_ec_ws/build/ethercat_driver
[2.499s] Invoked command in '/home/telecom/ros2_pant_ec_ws/build/ethercat_driver' returned '0': CMAKE_PREFIX_PATH=/home/telecom/ros2_pant_ec_ws/install/ethercat_interface:/home/telecom/ros2_pant_ec_ws/install/pant_position_controller:/home/telecom/ros2_pant_ec_ws/install/pant_nodes:/home/telecom/ros2_pant_ec_ws/install/pant_description:/home/telecom/ros2_pant_ec_ws/install/pant_bringup:/home/telecom/ros2_pant_ec_ws/install/ethercat_schneider_drives:/home/telecom/ros2_pant_ec_ws/install/ethercat_omron_modules:/home/telecom/ros2_pant_ec_ws/install/ethercat_manager:/home/telecom/ros2_pant_ec_ws/install/ethercat_msgs:/home/telecom/ros2_pant_ec_ws/install/ethercat_maxon_drives:/home/telecom/ros2_pant_ec_ws/install/ethercat_generic_cia402_drive:/home/telecom/ros2_pant_ec_ws/install/ethercat_generic_slave:/home/telecom/ros2_pant_ec_ws/install/ethercat_driver_ros2:/home/telecom/ros2_pant_ec_ws/install/ethercat_driver:/home/telecom/ros2_pant_ec_ws/install/ethercat_beckhoff_modules:/home/telecom/ros2_pant_ec_ws/install/ethercat_ati_modules:/home/telecom/ros2_pant_ec_ws/install/ethercat_advantech_modules:/home/telecom/ros2_ws/install/squares:/home/telecom/ros2_ws/install/my_package:/home/telecom/ros2_ws/install/my_img:/home/telecom/ros2_ws/install/my_chatter:/opt/ros/humble LD_LIBRARY_PATH=/home/telecom/ros2_pant_ec_ws/install/ethercat_interface/lib:/home/telecom/ros2_pant_ec_ws/install/pant_position_controller/lib:/home/telecom/ros2_pant_ec_ws/install/ethercat_schneider_drives/lib:/home/telecom/ros2_pant_ec_ws/install/ethercat_omron_modules/lib:/home/telecom/ros2_pant_ec_ws/install/ethercat_manager/lib:/home/telecom/ros2_pant_ec_ws/install/ethercat_msgs/lib:/home/telecom/ros2_pant_ec_ws/install/ethercat_maxon_drives/lib:/home/telecom/ros2_pant_ec_ws/install/ethercat_generic_cia402_drive/lib:/home/telecom/ros2_pant_ec_ws/install/ethercat_generic_slave/lib:/home/telecom/ros2_pant_ec_ws/install/ethercat_driver/lib:/home/telecom/ros2_pant_ec_ws/install/ethercat_beckhoff_modules/lib:/home/telecom/ros2_pant_ec_ws/install/ethercat_ati_modules/lib:/home/telecom/ros2_pant_ec_ws/install/ethercat_advantech_modules/lib:/opt/ros/humble/opt/rviz_ogre_vendor/lib:/opt/ros/humble/lib/x86_64-linux-gnu:/opt/ros/humble/lib /usr/bin/cmake /home/telecom/ros2_pant_ec_ws/src/ethercat_driver_ros2/ethercat_driver -DCMAKE_INSTALL_PREFIX=/home/telecom/ros2_pant_ec_ws/install/ethercat_driver
[2.500s] Invoking command in '/home/telecom/ros2_pant_ec_ws/build/ethercat_driver': CMAKE_PREFIX_PATH=/home/telecom/ros2_pant_ec_ws/install/ethercat_interface:/home/telecom/ros2_pant_ec_ws/install/pant_position_controller:/home/telecom/ros2_pant_ec_ws/install/pant_nodes:/home/telecom/ros2_pant_ec_ws/install/pant_description:/home/telecom/ros2_pant_ec_ws/install/pant_bringup:/home/telecom/ros2_pant_ec_ws/install/ethercat_schneider_drives:/home/telecom/ros2_pant_ec_ws/install/ethercat_omron_modules:/home/telecom/ros2_pant_ec_ws/install/ethercat_manager:/home/telecom/ros2_pant_ec_ws/install/ethercat_msgs:/home/telecom/ros2_pant_ec_ws/install/ethercat_maxon_drives:/home/telecom/ros2_pant_ec_ws/install/ethercat_generic_cia402_drive:/home/telecom/ros2_pant_ec_ws/install/ethercat_generic_slave:/home/telecom/ros2_pant_ec_ws/install/ethercat_driver_ros2:/home/telecom/ros2_pant_ec_ws/install/ethercat_driver:/home/telecom/ros2_pant_ec_ws/install/ethercat_beckhoff_modules:/home/telecom/ros2_pant_ec_ws/install/ethercat_ati_modules:/home/telecom/ros2_pant_ec_ws/install/ethercat_advantech_modules:/home/telecom/ros2_ws/install/squares:/home/telecom/ros2_ws/install/my_package:/home/telecom/ros2_ws/install/my_img:/home/telecom/ros2_ws/install/my_chatter:/opt/ros/humble LD_LIBRARY_PATH=/home/telecom/ros2_pant_ec_ws/install/ethercat_interface/lib:/home/telecom/ros2_pant_ec_ws/install/pant_position_controller/lib:/home/telecom/ros2_pant_ec_ws/install/ethercat_schneider_drives/lib:/home/telecom/ros2_pant_ec_ws/install/ethercat_omron_modules/lib:/home/telecom/ros2_pant_ec_ws/install/ethercat_manager/lib:/home/telecom/ros2_pant_ec_ws/install/ethercat_msgs/lib:/home/telecom/ros2_pant_ec_ws/install/ethercat_maxon_drives/lib:/home/telecom/ros2_pant_ec_ws/install/ethercat_generic_cia402_drive/lib:/home/telecom/ros2_pant_ec_ws/install/ethercat_generic_slave/lib:/home/telecom/ros2_pant_ec_ws/install/ethercat_driver/lib:/home/telecom/ros2_pant_ec_ws/install/ethercat_beckhoff_modules/lib:/home/telecom/ros2_pant_ec_ws/install/ethercat_ati_modules/lib:/home/telecom/ros2_pant_ec_ws/install/ethercat_advantech_modules/lib:/opt/ros/humble/opt/rviz_ogre_vendor/lib:/opt/ros/humble/lib/x86_64-linux-gnu:/opt/ros/humble/lib /usr/bin/cmake --build /home/telecom/ros2_pant_ec_ws/build/ethercat_driver -- -j20 -l20
[2.745s] [ 50%] [32mBuilding CXX object CMakeFiles/ethercat_driver.dir/src/ethercat_driver.cpp.o[0m
[4.550s] In file included from [01m[K/home/telecom/ros2_pant_ec_ws/src/ethercat_driver_ros2/ethercat_driver/include/ethercat_driver/ethercat_driver.hpp:32[m[K,
[4.550s]                  from [01m[K/home/telecom/ros2_pant_ec_ws/src/ethercat_driver_ros2/ethercat_driver/src/ethercat_driver.cpp:15[m[K:
[4.550s] [01m[K/home/telecom/ros2_pant_ec_ws/install/ethercat_interface/include/ethercat_interface/ec_master.hpp:160:46:[m[K [01;35m[Kwarning: [m[Kmissing initializer for member ‘[01m[Kec_slave_config_state_t::operational[m[K’ [[01;35m[K]8;;https://gcc.gnu.org/onlinedocs/gcc/Warning-Options.html#index-Wmissing-field-initializers-Wmissing-field-initializers]8;;[m[K]
[4.550s]   160 |     ec_slave_config_state_t config_state = {0[01;35m[K}[m[K;
[4.550s]       |                                              [01;35m[K^[m[K
[4.550s] [01m[K/home/telecom/ros2_pant_ec_ws/install/ethercat_interface/include/ethercat_interface/ec_master.hpp:160:46:[m[K [01;35m[Kwarning: [m[Kmissing initializer for member ‘[01m[Kec_slave_config_state_t::al_state[m[K’ [[01;35m[K]8;;https://gcc.gnu.org/onlinedocs/gcc/Warning-Options.html#index-Wmissing-field-initializers-Wmissing-field-initializers]8;;[m[K]
[8.839s] [100%] [32m[1mLinking CXX shared library libethercat_driver.so[0m
[9.034s] [100%] Built target ethercat_driver
[9.042s] Invoked command in '/home/telecom/ros2_pant_ec_ws/build/ethercat_driver' returned '0': CMAKE_PREFIX_PATH=/home/telecom/ros2_pant_ec_ws/install/ethercat_interface:/home/telecom/ros2_pant_ec_ws/install/pant_position_controller:/home/telecom/ros2_pant_ec_ws/install/pant_nodes:/home/telecom/ros2_pant_ec_ws/install/pant_description:/home/telecom/ros2_pant_ec_ws/install/pant_bringup:/home/telecom/ros2_pant_ec_ws/install/ethercat_schneider_drives:/home/telecom/ros2_pant_ec_ws/install/ethercat_omron_modules:/home/telecom/ros2_pant_ec_ws/install/ethercat_manager:/home/telecom/ros2_pant_ec_ws/install/ethercat_msgs:/home/telecom/ros2_pant_ec_ws/install/ethercat_maxon_drives:/home/telecom/ros2_pant_ec_ws/install/ethercat_generic_cia402_drive:/home/telecom/ros2_pant_ec_ws/install/ethercat_generic_slave:/home/telecom/ros2_pant_ec_ws/install/ethercat_driver_ros2:/home/telecom/ros2_pant_ec_ws/install/ethercat_driver:/home/telecom/ros2_pant_ec_ws/install/ethercat_beckhoff_modules:/home/telecom/ros2_pant_ec_ws/install/ethercat_ati_modules:/home/telecom/ros2_pant_ec_ws/install/ethercat_advantech_modules:/home/telecom/ros2_ws/install/squares:/home/telecom/ros2_ws/install/my_package:/home/telecom/ros2_ws/install/my_img:/home/telecom/ros2_ws/install/my_chatter:/opt/ros/humble LD_LIBRARY_PATH=/home/telecom/ros2_pant_ec_ws/install/ethercat_interface/lib:/home/telecom/ros2_pant_ec_ws/install/pant_position_controller/lib:/home/telecom/ros2_pant_ec_ws/install/ethercat_schneider_drives/lib:/home/telecom/ros2_pant_ec_ws/install/ethercat_omron_modules/lib:/home/telecom/ros2_pant_ec_ws/install/ethercat_manager/lib:/home/telecom/ros2_pant_ec_ws/install/ethercat_msgs/lib:/home/telecom/ros2_pant_ec_ws/install/ethercat_maxon_drives/lib:/home/telecom/ros2_pant_ec_ws/install/ethercat_generic_cia402_drive/lib:/home/telecom/ros2_pant_ec_ws/install/ethercat_generic_slave/lib:/home/telecom/ros2_pant_ec_ws/install/ethercat_driver/lib:/home/telecom/ros2_pant_ec_ws/install/ethercat_beckhoff_modules/lib:/home/telecom/ros2_pant_ec_ws/install/ethercat_ati_modules/lib:/home/telecom/ros2_pant_ec_ws/install/ethercat_advantech_modules/lib:/opt/ros/humble/opt/rviz_ogre_vendor/lib:/opt/ros/humble/lib/x86_64-linux-gnu:/opt/ros/humble/lib /usr/bin/cmake --build /home/telecom/ros2_pant_ec_ws/build/ethercat_driver -- -j20 -l20
[9.057s] Invoking command in '/home/telecom/ros2_pant_ec_ws/build/ethercat_driver': CMAKE_PREFIX_PATH=/home/telecom/ros2_pant_ec_ws/install/ethercat_interface:/home/telecom/ros2_pant_ec_ws/install/pant_position_controller:/home/telecom/ros2_pant_ec_ws/install/pant_nodes:/home/telecom/ros2_pant_ec_ws/install/pant_description:/home/telecom/ros2_pant_ec_ws/install/pant_bringup:/home/telecom/ros2_pant_ec_ws/install/ethercat_schneider_drives:/home/telecom/ros2_pant_ec_ws/install/ethercat_omron_modules:/home/telecom/ros2_pant_ec_ws/install/ethercat_manager:/home/telecom/ros2_pant_ec_ws/install/ethercat_msgs:/home/telecom/ros2_pant_ec_ws/install/ethercat_maxon_drives:/home/telecom/ros2_pant_ec_ws/install/ethercat_generic_cia402_drive:/home/telecom/ros2_pant_ec_ws/install/ethercat_generic_slave:/home/telecom/ros2_pant_ec_ws/install/ethercat_driver_ros2:/home/telecom/ros2_pant_ec_ws/install/ethercat_driver:/home/telecom/ros2_pant_ec_ws/install/ethercat_beckhoff_modules:/home/telecom/ros2_pant_ec_ws/install/ethercat_ati_modules:/home/telecom/ros2_pant_ec_ws/install/ethercat_advantech_modules:/home/telecom/ros2_ws/install/squares:/home/telecom/ros2_ws/install/my_package:/home/telecom/ros2_ws/install/my_img:/home/telecom/ros2_ws/install/my_chatter:/opt/ros/humble LD_LIBRARY_PATH=/home/telecom/ros2_pant_ec_ws/install/ethercat_interface/lib:/home/telecom/ros2_pant_ec_ws/install/pant_position_controller/lib:/home/telecom/ros2_pant_ec_ws/install/ethercat_schneider_drives/lib:/home/telecom/ros2_pant_ec_ws/install/ethercat_omron_modules/lib:/home/telecom/ros2_pant_ec_ws/install/ethercat_manager/lib:/home/telecom/ros2_pant_ec_ws/install/ethercat_msgs/lib:/home/telecom/ros2_pant_ec_ws/install/ethercat_maxon_drives/lib:/home/telecom/ros2_pant_ec_ws/install/ethercat_generic_cia402_drive/lib:/home/telecom/ros2_pant_ec_ws/install/ethercat_generic_slave/lib:/home/telecom/ros2_pant_ec_ws/install/ethercat_driver/lib:/home/telecom/ros2_pant_ec_ws/install/ethercat_beckhoff_modules/lib:/home/telecom/ros2_pant_ec_ws/install/ethercat_ati_modules/lib:/home/telecom/ros2_pant_ec_ws/install/ethercat_advantech_modules/lib:/opt/ros/humble/opt/rviz_ogre_vendor/lib:/opt/ros/humble/lib/x86_64-linux-gnu:/opt/ros/humble/lib /usr/bin/cmake --install /home/telecom/ros2_pant_ec_ws/build/ethercat_driver
[9.062s] -- Install configuration: ""
[9.062s] -- Installing: /home/telecom/ros2_pant_ec_ws/install/ethercat_driver/share/ethercat_driver/ethercat_driver_plugin.xml
[9.062s] -- Installing: /home/telecom/ros2_pant_ec_ws/install/ethercat_driver/lib/libethercat_driver.so
[9.064s] -- Set runtime path of "/home/telecom/ros2_pant_ec_ws/install/ethercat_driver/lib/libethercat_driver.so" to ""
[9.064s] -- Installing: /home/telecom/ros2_pant_ec_ws/install/ethercat_driver/include
[9.065s] -- Installing: /home/telecom/ros2_pant_ec_ws/install/ethercat_driver/include/ethercat_driver
[9.065s] -- Installing: /home/telecom/ros2_pant_ec_ws/install/ethercat_driver/include/ethercat_driver/ethercat_driver.hpp
[9.065s] -- Installing: /home/telecom/ros2_pant_ec_ws/install/ethercat_driver/include/ethercat_driver/visibility_control.h
[9.065s] -- Installing: /home/telecom/ros2_pant_ec_ws/install/ethercat_driver/share/ethercat_driver/environment/library_path.sh
[9.065s] -- Installing: /home/telecom/ros2_pant_ec_ws/install/ethercat_driver/share/ethercat_driver/environment/library_path.dsv
[9.065s] -- Installing: /home/telecom/ros2_pant_ec_ws/install/ethercat_driver/share/ament_index/resource_index/package_run_dependencies/ethercat_driver
[9.065s] -- Installing: /home/telecom/ros2_pant_ec_ws/install/ethercat_driver/share/ament_index/resource_index/parent_prefix_path/ethercat_driver
[9.065s] -- Installing: /home/telecom/ros2_pant_ec_ws/install/ethercat_driver/share/ethercat_driver/environment/ament_prefix_path.sh
[9.065s] -- Installing: /home/telecom/ros2_pant_ec_ws/install/ethercat_driver/share/ethercat_driver/environment/ament_prefix_path.dsv
[9.065s] -- Installing: /home/telecom/ros2_pant_ec_ws/install/ethercat_driver/share/ethercat_driver/environment/path.sh
[9.065s] -- Installing: /home/telecom/ros2_pant_ec_ws/install/ethercat_driver/share/ethercat_driver/environment/path.dsv
[9.065s] -- Installing: /home/telecom/ros2_pant_ec_ws/install/ethercat_driver/share/ethercat_driver/local_setup.bash
[9.065s] -- Installing: /home/telecom/ros2_pant_ec_ws/install/ethercat_driver/share/ethercat_driver/local_setup.sh
[9.066s] -- Installing: /home/telecom/ros2_pant_ec_ws/install/ethercat_driver/share/ethercat_driver/local_setup.zsh
[9.066s] -- Installing: /home/telecom/ros2_pant_ec_ws/install/ethercat_driver/share/ethercat_driver/local_setup.dsv
[9.066s] -- Installing: /home/telecom/ros2_pant_ec_ws/install/ethercat_driver/share/ethercat_driver/package.dsv
[9.066s] -- Installing: /home/telecom/ros2_pant_ec_ws/install/ethercat_driver/share/ament_index/resource_index/packages/ethercat_driver
[9.066s] -- Installing: /home/telecom/ros2_pant_ec_ws/install/ethercat_driver/share/ament_index/resource_index/hardware_interface__pluginlib__plugin/ethercat_driver
[9.066s] -- Installing: /home/telecom/ros2_pant_ec_ws/install/ethercat_driver/share/ethercat_driver/cmake/ament_cmake_export_include_directories-extras.cmake
[9.066s] -- Installing: /home/telecom/ros2_pant_ec_ws/install/ethercat_driver/share/ethercat_driver/cmake/ament_cmake_export_libraries-extras.cmake
[9.066s] -- Installing: /home/telecom/ros2_pant_ec_ws/install/ethercat_driver/share/ethercat_driver/cmake/ament_cmake_export_dependencies-extras.cmake
[9.066s] -- Installing: /home/telecom/ros2_pant_ec_ws/install/ethercat_driver/share/ethercat_driver/cmake/ethercat_driverConfig.cmake
[9.066s] -- Installing: /home/telecom/ros2_pant_ec_ws/install/ethercat_driver/share/ethercat_driver/cmake/ethercat_driverConfig-version.cmake
[9.066s] -- Installing: /home/telecom/ros2_pant_ec_ws/install/ethercat_driver/share/ethercat_driver/package.xml
[9.069s] Invoked command in '/home/telecom/ros2_pant_ec_ws/build/ethercat_driver' returned '0': CMAKE_PREFIX_PATH=/home/telecom/ros2_pant_ec_ws/install/ethercat_interface:/home/telecom/ros2_pant_ec_ws/install/pant_position_controller:/home/telecom/ros2_pant_ec_ws/install/pant_nodes:/home/telecom/ros2_pant_ec_ws/install/pant_description:/home/telecom/ros2_pant_ec_ws/install/pant_bringup:/home/telecom/ros2_pant_ec_ws/install/ethercat_schneider_drives:/home/telecom/ros2_pant_ec_ws/install/ethercat_omron_modules:/home/telecom/ros2_pant_ec_ws/install/ethercat_manager:/home/telecom/ros2_pant_ec_ws/install/ethercat_msgs:/home/telecom/ros2_pant_ec_ws/install/ethercat_maxon_drives:/home/telecom/ros2_pant_ec_ws/install/ethercat_generic_cia402_drive:/home/telecom/ros2_pant_ec_ws/install/ethercat_generic_slave:/home/telecom/ros2_pant_ec_ws/install/ethercat_driver_ros2:/home/telecom/ros2_pant_ec_ws/install/ethercat_driver:/home/telecom/ros2_pant_ec_ws/install/ethercat_beckhoff_modules:/home/telecom/ros2_pant_ec_ws/install/ethercat_ati_modules:/home/telecom/ros2_pant_ec_ws/install/ethercat_advantech_modules:/home/telecom/ros2_ws/install/squares:/home/telecom/ros2_ws/install/my_package:/home/telecom/ros2_ws/install/my_img:/home/telecom/ros2_ws/install/my_chatter:/opt/ros/humble LD_LIBRARY_PATH=/home/telecom/ros2_pant_ec_ws/install/ethercat_interface/lib:/home/telecom/ros2_pant_ec_ws/install/pant_position_controller/lib:/home/telecom/ros2_pant_ec_ws/install/ethercat_schneider_drives/lib:/home/telecom/ros2_pant_ec_ws/install/ethercat_omron_modules/lib:/home/telecom/ros2_pant_ec_ws/install/ethercat_manager/lib:/home/telecom/ros2_pant_ec_ws/install/ethercat_msgs/lib:/home/telecom/ros2_pant_ec_ws/install/ethercat_maxon_drives/lib:/home/telecom/ros2_pant_ec_ws/install/ethercat_generic_cia402_drive/lib:/home/telecom/ros2_pant_ec_ws/install/ethercat_generic_slave/lib:/home/telecom/ros2_pant_ec_ws/install/ethercat_driver/lib:/home/telecom/ros2_pant_ec_ws/install/ethercat_beckhoff_modules/lib:/home/telecom/ros2_pant_ec_ws/install/ethercat_ati_modules/lib:/home/telecom/ros2_pant_ec_ws/install/ethercat_advantech_modules/lib:/opt/ros/humble/opt/rviz_ogre_vendor/lib:/opt/ros/humble/lib/x86_64-linux-gnu:/opt/ros/humble/lib /usr/bin/cmake --install /home/telecom/ros2_pant_ec_ws/build/ethercat_driver
