-- The C compiler identification is GNU 11.3.0
-- The CXX compiler identification is GNU 11.3.0
-- Detecting C compiler ABI info
-- Detecting C compiler ABI info - done
-- Check for working C compiler: /usr/bin/cc - skipped
-- Detecting C compile features
-- Detecting C compile features - done
-- Detecting CXX compiler ABI info
-- Detecting CXX compiler ABI info - done
-- Check for working CXX compiler: /usr/bin/c++ - skipped
-- Detecting CXX compile features
-- Detecting CXX compile features - done
-- Found ament_cmake: 1.3.5 (/opt/ros/humble/share/ament_cmake/cmake)
-- Found Python3: /usr/bin/python3.10 (found version "3.10.6") found components: Interpreter 
-- Found ament_cmake_ros: 0.10.0 (/opt/ros/humble/share/ament_cmake_ros/cmake)
-- Found ethercat_interface: 1.2.0 (/home/telecom/ros2_pant_ec_ws/install/ethercat_interface/share/ethercat_interface/cmake)
-- Found rosidl_generator_c: 3.1.4 (/opt/ros/humble/share/rosidl_generator_c/cmake)
-- Found rosidl_adapter: 3.1.4 (/opt/ros/humble/share/rosidl_adapter/cmake)
-- Found rosidl_generator_cpp: 3.1.4 (/opt/ros/humble/share/rosidl_generator_cpp/cmake)
-- Using all available rosidl_typesupport_c: rosidl_typesupport_fastrtps_c;rosidl_typesupport_introspection_c
-- Using all available rosidl_typesupport_cpp: rosidl_typesupport_fastrtps_cpp;rosidl_typesupport_introspection_cpp
-- Found rmw_implementation_cmake: 6.1.1 (/opt/ros/humble/share/rmw_implementation_cmake/cmake)
-- Found rmw_fastrtps_cpp: 6.2.2 (/opt/ros/humble/share/rmw_fastrtps_cpp/cmake)
-- Found OpenSSL: /usr/lib/x86_64-linux-gnu/libcrypto.so (found version "3.0.2")  
-- Found FastRTPS: /opt/ros/humble/include  
-- Using RMW implementation 'rmw_fastrtps_cpp' as default
-- Looking for pthread.h
-- Looking for pthread.h - found
-- Performing Test CMAKE_HAVE_LIBC_PTHREAD
-- Performing Test CMAKE_HAVE_LIBC_PTHREAD - Success
-- Found Threads: TRUE  
-- Found pluginlib: 5.1.0 (/opt/ros/humble/share/pluginlib/cmake)
-- Found ament_lint_auto: 0.12.6 (/opt/ros/humble/share/ament_lint_auto/cmake)
-- Found gmock sources under '/opt/ros/humble/src/gmock_vendor': C++ tests using 'Google Mock' will be built
-- Found gtest sources under '/opt/ros/humble/src/gtest_vendor': C++ tests using 'Google Test' will be built
-- Added test 'copyright' to check source files copyright and LICENSE
-- Added test 'cppcheck' to perform static code analysis on C / C++ code
-- Configured cppcheck include dirs: $<BUILD_INTERFACE:/home/telecom/ros2_pant_ec_ws/src/ethercat_driver_ros2/ethercat_plugins/ethercat_beckhoff_modules/include>;/home/telecom/ros2_pant_ec_ws/src/ethercat_driver_ros2/ethercat_plugins/ethercat_beckhoff_modules/include
-- Configured cppcheck exclude dirs and/or files: 
-- Added test 'cpplint' to check C / C++ code against the Google style
-- Configured cpplint exclude dirs and/or files: 
-- Added test 'lint_cmake' to check CMake code style
-- Added test 'uncrustify' to check C / C++ code style
-- Configured uncrustify additional arguments: 
-- Added test 'xmllint' to check XML markup files
-- Configuring done
-- Generating done
-- Build files have been written to: /home/telecom/ros2_pant_ec_ws/build/ethercat_beckhoff_modules
[ 13%] [32mBuilding CXX object CMakeFiles/ethercat_beckhoff_modules.dir/src/beckhoff_el31xx.cpp.o[0m
[ 26%] [32mBuilding CXX object CMakeFiles/ethercat_beckhoff_modules.dir/src/beckhoff_el20xx.cpp.o[0m
[ 26%] [32mBuilding CXX object CMakeFiles/ethercat_beckhoff_modules.dir/src/beckhoff_el10xx.cpp.o[0m
[ 33%] [32mBuilding CXX object CMakeFiles/ethercat_beckhoff_modules.dir/src/beckhoff_el41xx.cpp.o[0m
[ 40%] [32mBuilding CXX object CMakeFiles/ethercat_beckhoff_modules.dir/src/beckhoff_el5101.cpp.o[0m
[ 40%] [32mBuilding CXX object CMakeFiles/ethercat_beckhoff_modules.dir/src/beckhoff_ek1100.cpp.o[0m
[ 46%] [32mBuilding CXX object gmock/CMakeFiles/gmock_main.dir/src/gmock_main.cc.o[0m
[ 53%] [32mBuilding CXX object gmock/CMakeFiles/gmock.dir/opt/ros/humble/src/gtest_vendor/src/gtest-all.cc.o[0m
[ 60%] [32mBuilding CXX object CMakeFiles/ethercat_beckhoff_modules.dir/src/beckhoff_el21xx.cpp.o[0m
[ 66%] [32mBuilding CXX object gmock/CMakeFiles/gmock.dir/src/gmock-all.cc.o[0m
[ 73%] [32m[1mLinking CXX shared library libethercat_beckhoff_modules.so[0m
[ 80%] [32m[1mLinking CXX static library libgmock_main.a[0m
[ 80%] Built target gmock_main
[ 80%] Built target ethercat_beckhoff_modules
[ 86%] [32m[1mLinking CXX static library libgmock.a[0m
[ 86%] Built target gmock
[ 93%] [32mBuilding CXX object CMakeFiles/test_load_beckhoff_plugins.dir/test/test_load_ec_modules.cpp.o[0m
[100%] [32m[1mLinking CXX executable test_load_beckhoff_plugins[0m
[100%] Built target test_load_beckhoff_plugins
-- Install configuration: ""
-- Installing: /home/telecom/ros2_pant_ec_ws/install/ethercat_beckhoff_modules/share/ethercat_beckhoff_modules/ethercat_plugins.xml
-- Installing: /home/telecom/ros2_pant_ec_ws/install/ethercat_beckhoff_modules/lib/libethercat_beckhoff_modules.so
-- Set runtime path of "/home/telecom/ros2_pant_ec_ws/install/ethercat_beckhoff_modules/lib/libethercat_beckhoff_modules.so" to ""
-- Installing: /home/telecom/ros2_pant_ec_ws/install/ethercat_beckhoff_modules/share/ethercat_beckhoff_modules/environment/library_path.sh
-- Installing: /home/telecom/ros2_pant_ec_ws/install/ethercat_beckhoff_modules/share/ethercat_beckhoff_modules/environment/library_path.dsv
-- Installing: /home/telecom/ros2_pant_ec_ws/install/ethercat_beckhoff_modules/share/ament_index/resource_index/package_run_dependencies/ethercat_beckhoff_modules
-- Installing: /home/telecom/ros2_pant_ec_ws/install/ethercat_beckhoff_modules/share/ament_index/resource_index/parent_prefix_path/ethercat_beckhoff_modules
-- Installing: /home/telecom/ros2_pant_ec_ws/install/ethercat_beckhoff_modules/share/ethercat_beckhoff_modules/environment/ament_prefix_path.sh
-- Installing: /home/telecom/ros2_pant_ec_ws/install/ethercat_beckhoff_modules/share/ethercat_beckhoff_modules/environment/ament_prefix_path.dsv
-- Installing: /home/telecom/ros2_pant_ec_ws/install/ethercat_beckhoff_modules/share/ethercat_beckhoff_modules/environment/path.sh
-- Installing: /home/telecom/ros2_pant_ec_ws/install/ethercat_beckhoff_modules/share/ethercat_beckhoff_modules/environment/path.dsv
-- Installing: /home/telecom/ros2_pant_ec_ws/install/ethercat_beckhoff_modules/share/ethercat_beckhoff_modules/local_setup.bash
-- Installing: /home/telecom/ros2_pant_ec_ws/install/ethercat_beckhoff_modules/share/ethercat_beckhoff_modules/local_setup.sh
-- Installing: /home/telecom/ros2_pant_ec_ws/install/ethercat_beckhoff_modules/share/ethercat_beckhoff_modules/local_setup.zsh
-- Installing: /home/telecom/ros2_pant_ec_ws/install/ethercat_beckhoff_modules/share/ethercat_beckhoff_modules/local_setup.dsv
-- Installing: /home/telecom/ros2_pant_ec_ws/install/ethercat_beckhoff_modules/share/ethercat_beckhoff_modules/package.dsv
-- Installing: /home/telecom/ros2_pant_ec_ws/install/ethercat_beckhoff_modules/share/ament_index/resource_index/packages/ethercat_beckhoff_modules
-- Installing: /home/telecom/ros2_pant_ec_ws/install/ethercat_beckhoff_modules/share/ament_index/resource_index/ethercat_interface__pluginlib__plugin/ethercat_beckhoff_modules
-- Installing: /home/telecom/ros2_pant_ec_ws/install/ethercat_beckhoff_modules/share/ethercat_beckhoff_modules/cmake/export_ethercat_beckhoff_modulesExport.cmake
-- Installing: /home/telecom/ros2_pant_ec_ws/install/ethercat_beckhoff_modules/share/ethercat_beckhoff_modules/cmake/export_ethercat_beckhoff_modulesExport-noconfig.cmake
-- Installing: /home/telecom/ros2_pant_ec_ws/install/ethercat_beckhoff_modules/share/ethercat_beckhoff_modules/cmake/ament_cmake_export_include_directories-extras.cmake
-- Installing: /home/telecom/ros2_pant_ec_ws/install/ethercat_beckhoff_modules/share/ethercat_beckhoff_modules/cmake/ament_cmake_export_libraries-extras.cmake
-- Installing: /home/telecom/ros2_pant_ec_ws/install/ethercat_beckhoff_modules/share/ethercat_beckhoff_modules/cmake/ament_cmake_export_targets-extras.cmake
-- Installing: /home/telecom/ros2_pant_ec_ws/install/ethercat_beckhoff_modules/share/ethercat_beckhoff_modules/cmake/ethercat_beckhoff_modulesConfig.cmake
-- Installing: /home/telecom/ros2_pant_ec_ws/install/ethercat_beckhoff_modules/share/ethercat_beckhoff_modules/cmake/ethercat_beckhoff_modulesConfig-version.cmake
-- Installing: /home/telecom/ros2_pant_ec_ws/install/ethercat_beckhoff_modules/share/ethercat_beckhoff_modules/package.xml
