-- Install configuration: ""
-- Up-to-date: /home/telecom/ros2_pant_ec_ws/install/pant_description/share/pant_description/urdf
-- Up-to-date: /home/telecom/ros2_pant_ec_ws/install/pant_description/share/pant_description/urdf/pant.urdf
-- Up-to-date: /home/telecom/ros2_pant_ec_ws/install/pant_description/share/pant_description/ros2_control
-- Up-to-date: /home/telecom/ros2_pant_ec_ws/install/pant_description/share/pant_description/ros2_control/pant.ros2_control.urdf
-- Up-to-date: /home/telecom/ros2_pant_ec_ws/install/pant_description/share/pant_description/config
-- Up-to-date: /home/telecom/ros2_pant_ec_ws/install/pant_description/share/pant_description/config/bhf_el4134.yaml
-- Up-to-date: /home/telecom/ros2_pant_ec_ws/install/pant_description/share/pant_description/config/scara.config.xacro
-- Up-to-date: /home/telecom/ros2_pant_ec_ws/install/pant_description/share/pant_description/config/bhf_el5101.yaml
-- Up-to-date: /home/telecom/ros2_pant_ec_ws/install/pant_description/share/pant_description/config/materials.urdf
-- Up-to-date: /home/telecom/ros2_pant_ec_ws/install/pant_description/share/pant_description/config/scara_controllers.yaml
-- Up-to-date: /home/telecom/ros2_pant_ec_ws/install/pant_description/share/pant_description/rviz
-- Up-to-date: /home/telecom/ros2_pant_ec_ws/install/pant_description/share/pant_description/rviz/scara.rviz
-- Up-to-date: /home/telecom/ros2_pant_ec_ws/install/pant_description/share/pant_description/gazebo
-- Up-to-date: /home/telecom/ros2_pant_ec_ws/install/pant_description/share/pant_description/gazebo/scara.gazebo.xacro
-- Up-to-date: /home/telecom/ros2_pant_ec_ws/install/pant_description/share/ament_index/resource_index/package_run_dependencies/pant_description
-- Up-to-date: /home/telecom/ros2_pant_ec_ws/install/pant_description/share/ament_index/resource_index/parent_prefix_path/pant_description
-- Up-to-date: /home/telecom/ros2_pant_ec_ws/install/pant_description/share/pant_description/environment/ament_prefix_path.sh
-- Up-to-date: /home/telecom/ros2_pant_ec_ws/install/pant_description/share/pant_description/environment/ament_prefix_path.dsv
-- Up-to-date: /home/telecom/ros2_pant_ec_ws/install/pant_description/share/pant_description/environment/path.sh
-- Up-to-date: /home/telecom/ros2_pant_ec_ws/install/pant_description/share/pant_description/environment/path.dsv
-- Up-to-date: /home/telecom/ros2_pant_ec_ws/install/pant_description/share/pant_description/local_setup.bash
-- Up-to-date: /home/telecom/ros2_pant_ec_ws/install/pant_description/share/pant_description/local_setup.sh
-- Up-to-date: /home/telecom/ros2_pant_ec_ws/install/pant_description/share/pant_description/local_setup.zsh
-- Up-to-date: /home/telecom/ros2_pant_ec_ws/install/pant_description/share/pant_description/local_setup.dsv
-- Up-to-date: /home/telecom/ros2_pant_ec_ws/install/pant_description/share/pant_description/package.dsv
-- Up-to-date: /home/telecom/ros2_pant_ec_ws/install/pant_description/share/ament_index/resource_index/packages/pant_description
-- Up-to-date: /home/telecom/ros2_pant_ec_ws/install/pant_description/share/pant_description/cmake/pant_descriptionConfig.cmake
-- Up-to-date: /home/telecom/ros2_pant_ec_ws/install/pant_description/share/pant_description/cmake/pant_descriptionConfig-version.cmake
-- Up-to-date: /home/telecom/ros2_pant_ec_ws/install/pant_description/share/pant_description/package.xml
