[ 22%] Built target ethercat_interface
[ 55%] Built target gmock_main
[ 77%] Built target gmock
[100%] Built target test_ec_pdo_channel_manager
-- Install configuration: ""
-- Up-to-date: /home/telecom/ros2_pant_ec_ws/install/ethercat_interface/lib/libethercat_interface.so
-- Up-to-date: /home/telecom/ros2_pant_ec_ws/install/ethercat_interface/include
-- Up-to-date: /home/telecom/ros2_pant_ec_ws/install/ethercat_interface/include/ethercat_interface
-- Up-to-date: /home/telecom/ros2_pant_ec_ws/install/ethercat_interface/include/ethercat_interface/ec_master.hpp
-- Up-to-date: /home/telecom/ros2_pant_ec_ws/install/ethercat_interface/include/ethercat_interface/ec_sdo_manager.hpp
-- Up-to-date: /home/telecom/ros2_pant_ec_ws/install/ethercat_interface/include/ethercat_interface/ec_pdo_channel_manager.hpp
-- Up-to-date: /home/telecom/ros2_pant_ec_ws/install/ethercat_interface/include/ethercat_interface/ec_slave.hpp
-- Up-to-date: /home/telecom/ros2_pant_ec_ws/install/ethercat_interface/include/ethercat_interface/ec_sync_manager.hpp
-- Up-to-date: /home/telecom/ros2_pant_ec_ws/install/ethercat_interface/share/ethercat_interface/environment/library_path.sh
-- Up-to-date: /home/telecom/ros2_pant_ec_ws/install/ethercat_interface/share/ethercat_interface/environment/library_path.dsv
-- Up-to-date: /home/telecom/ros2_pant_ec_ws/install/ethercat_interface/share/ament_index/resource_index/package_run_dependencies/ethercat_interface
-- Up-to-date: /home/telecom/ros2_pant_ec_ws/install/ethercat_interface/share/ament_index/resource_index/parent_prefix_path/ethercat_interface
-- Up-to-date: /home/telecom/ros2_pant_ec_ws/install/ethercat_interface/share/ethercat_interface/environment/ament_prefix_path.sh
-- Up-to-date: /home/telecom/ros2_pant_ec_ws/install/ethercat_interface/share/ethercat_interface/environment/ament_prefix_path.dsv
-- Up-to-date: /home/telecom/ros2_pant_ec_ws/install/ethercat_interface/share/ethercat_interface/environment/path.sh
-- Up-to-date: /home/telecom/ros2_pant_ec_ws/install/ethercat_interface/share/ethercat_interface/environment/path.dsv
-- Up-to-date: /home/telecom/ros2_pant_ec_ws/install/ethercat_interface/share/ethercat_interface/local_setup.bash
-- Up-to-date: /home/telecom/ros2_pant_ec_ws/install/ethercat_interface/share/ethercat_interface/local_setup.sh
-- Up-to-date: /home/telecom/ros2_pant_ec_ws/install/ethercat_interface/share/ethercat_interface/local_setup.zsh
-- Up-to-date: /home/telecom/ros2_pant_ec_ws/install/ethercat_interface/share/ethercat_interface/local_setup.dsv
-- Installing: /home/telecom/ros2_pant_ec_ws/install/ethercat_interface/share/ethercat_interface/package.dsv
-- Up-to-date: /home/telecom/ros2_pant_ec_ws/install/ethercat_interface/share/ament_index/resource_index/packages/ethercat_interface
-- Up-to-date: /home/telecom/ros2_pant_ec_ws/install/ethercat_interface/share/ethercat_interface/cmake/ament_cmake_export_include_directories-extras.cmake
-- Up-to-date: /home/telecom/ros2_pant_ec_ws/install/ethercat_interface/share/ethercat_interface/cmake/ament_cmake_export_libraries-extras.cmake
-- Up-to-date: /home/telecom/ros2_pant_ec_ws/install/ethercat_interface/share/ethercat_interface/cmake/ament_cmake_export_dependencies-extras.cmake
-- Up-to-date: /home/telecom/ros2_pant_ec_ws/install/ethercat_interface/share/ethercat_interface/cmake/ethercat_interfaceConfig.cmake
-- Up-to-date: /home/telecom/ros2_pant_ec_ws/install/ethercat_interface/share/ethercat_interface/cmake/ethercat_interfaceConfig-version.cmake
-- Up-to-date: /home/telecom/ros2_pant_ec_ws/install/ethercat_interface/share/ethercat_interface/package.xml
