[0.015s] Invoking command in '/home/telecom/ros2_pant_ec_ws/build/pant_nodes': CMAKE_PREFIX_PATH=${CMAKE_PREFIX_PATH}:/opt/ros/humble /usr/bin/cmake --build /home/telecom/ros2_pant_ec_ws/build/pant_nodes -- -j20 -l20
[0.049s] [ 50%] Built target image_pub
[0.052s] [100%] Built target image_sub
[0.064s] Invoked command in '/home/telecom/ros2_pant_ec_ws/build/pant_nodes' returned '0': CMAKE_PREFIX_PATH=${CMAKE_PREFIX_PATH}:/opt/ros/humble /usr/bin/cmake --build /home/telecom/ros2_pant_ec_ws/build/pant_nodes -- -j20 -l20
[0.093s] Invoking command in '/home/telecom/ros2_pant_ec_ws/build/pant_nodes': CMAKE_PREFIX_PATH=${CMAKE_PREFIX_PATH}:/opt/ros/humble /usr/bin/cmake --install /home/telecom/ros2_pant_ec_ws/build/pant_nodes
[0.100s] -- Install configuration: ""
[0.100s] -- Up-to-date: /home/telecom/ros2_pant_ec_ws/install/pant_nodes/lib/pant_nodes/image_pub
[0.100s] -- Up-to-date: /home/telecom/ros2_pant_ec_ws/install/pant_nodes/lib/pant_nodes/image_sub
[0.101s] -- Installing: /home/telecom/ros2_pant_ec_ws/install/pant_nodes/lib/pant_nodes/gui.py
[0.101s] -- Up-to-date: /home/telecom/ros2_pant_ec_ws/install/pant_nodes/lib/pant_nodes/needleTracking.py
[0.101s] -- Up-to-date: /home/telecom/ros2_pant_ec_ws/install/pant_nodes/share/ament_index/resource_index/package_run_dependencies/pant_nodes
[0.101s] -- Up-to-date: /home/telecom/ros2_pant_ec_ws/install/pant_nodes/share/ament_index/resource_index/parent_prefix_path/pant_nodes
[0.101s] -- Up-to-date: /home/telecom/ros2_pant_ec_ws/install/pant_nodes/share/pant_nodes/environment/ament_prefix_path.sh
[0.101s] -- Up-to-date: /home/telecom/ros2_pant_ec_ws/install/pant_nodes/share/pant_nodes/environment/ament_prefix_path.dsv
[0.101s] -- Up-to-date: /home/telecom/ros2_pant_ec_ws/install/pant_nodes/share/pant_nodes/environment/path.sh
[0.102s] -- Up-to-date: /home/telecom/ros2_pant_ec_ws/install/pant_nodes/share/pant_nodes/environment/path.dsv
[0.102s] -- Up-to-date: /home/telecom/ros2_pant_ec_ws/install/pant_nodes/share/pant_nodes/local_setup.bash
[0.103s] -- Up-to-date: /home/telecom/ros2_pant_ec_ws/install/pant_nodes/share/pant_nodes/local_setup.sh
[0.103s] -- Up-to-date: /home/telecom/ros2_pant_ec_ws/install/pant_nodes/share/pant_nodes/local_setup.zsh
[0.103s] -- Up-to-date: /home/telecom/ros2_pant_ec_ws/install/pant_nodes/share/pant_nodes/local_setup.dsv
[0.103s] -- Installing: /home/telecom/ros2_pant_ec_ws/install/pant_nodes/share/pant_nodes/package.dsv
[0.103s] -- Up-to-date: /home/telecom/ros2_pant_ec_ws/install/pant_nodes/share/ament_index/resource_index/packages/pant_nodes
[0.105s] -- Up-to-date: /home/telecom/ros2_pant_ec_ws/install/pant_nodes/share/pant_nodes/cmake/pant_nodesConfig.cmake
[0.105s] -- Up-to-date: /home/telecom/ros2_pant_ec_ws/install/pant_nodes/share/pant_nodes/cmake/pant_nodesConfig-version.cmake
[0.105s] -- Up-to-date: /home/telecom/ros2_pant_ec_ws/install/pant_nodes/share/pant_nodes/package.xml
[0.113s] Invoked command in '/home/telecom/ros2_pant_ec_ws/build/pant_nodes' returned '0': CMAKE_PREFIX_PATH=${CMAKE_PREFIX_PATH}:/opt/ros/humble /usr/bin/cmake --install /home/telecom/ros2_pant_ec_ws/build/pant_nodes
