[0.015s] Invoking command in '/home/telecom/ros2_pant_ec_ws/build/pant_description': CMAKE_PREFIX_PATH=${CMAKE_PREFIX_PATH}:/opt/ros/humble /usr/bin/cmake /home/telecom/ros2_pant_ec_ws/src/pant_description -DCMAKE_INSTALL_PREFIX=/home/telecom/ros2_pant_ec_ws/install/pant_description
[0.058s] -- The C compiler identification is GNU 11.3.0
[0.094s] -- The CXX compiler identification is GNU 11.3.0
[0.098s] -- Detecting C compiler ABI info
[0.134s] -- Detecting C compiler ABI info - done
[0.139s] -- Check for working C compiler: /usr/bin/cc - skipped
[0.139s] -- Detecting C compile features
[0.139s] -- Detecting C compile features - done
[0.141s] -- Detecting CXX compiler ABI info
[0.186s] -- Detecting CXX compiler ABI info - done
[0.191s] -- Check for working CXX compiler: /usr/bin/c++ - skipped
[0.192s] -- Detecting CXX compile features
[0.192s] -- Detecting CXX compile features - done
[0.193s] -- Found ament_cmake: 1.3.5 (/opt/ros/humble/share/ament_cmake/cmake)
[0.297s] -- Found Python3: /usr/bin/python3.10 (found version "3.10.6") found components: Interpreter 
[0.357s] -- Found ament_lint_auto: 0.12.6 (/opt/ros/humble/share/ament_lint_auto/cmake)
[0.405s] -- Added test 'copyright' to check source files copyright and LICENSE
[0.406s] -- Added test 'lint_cmake' to check CMake code style
[0.407s] -- Added test 'xmllint' to check XML markup files
[0.408s] -- Configuring done
[0.409s] -- Generating done
[0.410s] -- Build files have been written to: /home/telecom/ros2_pant_ec_ws/build/pant_description
[0.412s] Invoked command in '/home/telecom/ros2_pant_ec_ws/build/pant_description' returned '0': CMAKE_PREFIX_PATH=${CMAKE_PREFIX_PATH}:/opt/ros/humble /usr/bin/cmake /home/telecom/ros2_pant_ec_ws/src/pant_description -DCMAKE_INSTALL_PREFIX=/home/telecom/ros2_pant_ec_ws/install/pant_description
[0.414s] Invoking command in '/home/telecom/ros2_pant_ec_ws/build/pant_description': CMAKE_PREFIX_PATH=${CMAKE_PREFIX_PATH}:/opt/ros/humble /usr/bin/cmake --build /home/telecom/ros2_pant_ec_ws/build/pant_description -- -j20 -l20
[0.434s] Invoked command in '/home/telecom/ros2_pant_ec_ws/build/pant_description' returned '0': CMAKE_PREFIX_PATH=${CMAKE_PREFIX_PATH}:/opt/ros/humble /usr/bin/cmake --build /home/telecom/ros2_pant_ec_ws/build/pant_description -- -j20 -l20
[0.449s] Invoking command in '/home/telecom/ros2_pant_ec_ws/build/pant_description': CMAKE_PREFIX_PATH=${CMAKE_PREFIX_PATH}:/opt/ros/humble /usr/bin/cmake --install /home/telecom/ros2_pant_ec_ws/build/pant_description
[0.452s] -- Install configuration: ""
[0.452s] -- Installing: /home/telecom/ros2_pant_ec_ws/install/pant_description/share/pant_description/urdf
[0.452s] -- Installing: /home/telecom/ros2_pant_ec_ws/install/pant_description/share/pant_description/urdf/pant.urdf
[0.453s] -- Installing: /home/telecom/ros2_pant_ec_ws/install/pant_description/share/pant_description/ros2_control
[0.453s] -- Installing: /home/telecom/ros2_pant_ec_ws/install/pant_description/share/pant_description/ros2_control/pant.ros2_control.urdf
[0.453s] -- Installing: /home/telecom/ros2_pant_ec_ws/install/pant_description/share/pant_description/config
[0.453s] -- Installing: /home/telecom/ros2_pant_ec_ws/install/pant_description/share/pant_description/config/bhf_el4134.yaml
[0.453s] -- Installing: /home/telecom/ros2_pant_ec_ws/install/pant_description/share/pant_description/config/scara.config.xacro
[0.453s] -- Installing: /home/telecom/ros2_pant_ec_ws/install/pant_description/share/pant_description/config/bhf_el5101.yaml
[0.453s] -- Installing: /home/telecom/ros2_pant_ec_ws/install/pant_description/share/pant_description/config/materials.urdf
[0.453s] -- Installing: /home/telecom/ros2_pant_ec_ws/install/pant_description/share/pant_description/config/scara_controllers.yaml
[0.453s] -- Installing: /home/telecom/ros2_pant_ec_ws/install/pant_description/share/pant_description/rviz
[0.453s] -- Installing: /home/telecom/ros2_pant_ec_ws/install/pant_description/share/pant_description/rviz/scara.rviz
[0.453s] -- Installing: /home/telecom/ros2_pant_ec_ws/install/pant_description/share/pant_description/gazebo
[0.453s] -- Installing: /home/telecom/ros2_pant_ec_ws/install/pant_description/share/pant_description/gazebo/scara.gazebo.xacro
[0.453s] -- Installing: /home/telecom/ros2_pant_ec_ws/install/pant_description/share/ament_index/resource_index/package_run_dependencies/pant_description
[0.454s] -- Installing: /home/telecom/ros2_pant_ec_ws/install/pant_description/share/ament_index/resource_index/parent_prefix_path/pant_description
[0.454s] -- Installing: /home/telecom/ros2_pant_ec_ws/install/pant_description/share/pant_description/environment/ament_prefix_path.sh
[0.454s] -- Installing: /home/telecom/ros2_pant_ec_ws/install/pant_description/share/pant_description/environment/ament_prefix_path.dsv
[0.454s] -- Installing: /home/telecom/ros2_pant_ec_ws/install/pant_description/share/pant_description/environment/path.sh
[0.454s] -- Installing: /home/telecom/ros2_pant_ec_ws/install/pant_description/share/pant_description/environment/path.dsv
[0.454s] -- Installing: /home/telecom/ros2_pant_ec_ws/install/pant_description/share/pant_description/local_setup.bash
[0.454s] -- Installing: /home/telecom/ros2_pant_ec_ws/install/pant_description/share/pant_description/local_setup.sh
[0.454s] -- Installing: /home/telecom/ros2_pant_ec_ws/install/pant_description/share/pant_description/local_setup.zsh
[0.454s] -- Installing: /home/telecom/ros2_pant_ec_ws/install/pant_description/share/pant_description/local_setup.dsv
[0.454s] -- Installing: /home/telecom/ros2_pant_ec_ws/install/pant_description/share/pant_description/package.dsv
[0.454s] -- Installing: /home/telecom/ros2_pant_ec_ws/install/pant_description/share/ament_index/resource_index/packages/pant_description
[0.454s] -- Installing: /home/telecom/ros2_pant_ec_ws/install/pant_description/share/pant_description/cmake/pant_descriptionConfig.cmake
[0.454s] -- Installing: /home/telecom/ros2_pant_ec_ws/install/pant_description/share/pant_description/cmake/pant_descriptionConfig-version.cmake
[0.454s] -- Installing: /home/telecom/ros2_pant_ec_ws/install/pant_description/share/pant_description/package.xml
[0.455s] Invoked command in '/home/telecom/ros2_pant_ec_ws/build/pant_description' returned '0': CMAKE_PREFIX_PATH=${CMAKE_PREFIX_PATH}:/opt/ros/humble /usr/bin/cmake --install /home/telecom/ros2_pant_ec_ws/build/pant_description
