[0.018s] Invoking command in '/home/telecom/ros2_pant_ec_ws/build/pant_position_controller': CMAKE_PREFIX_PATH=${CMAKE_PREFIX_PATH}:/opt/ros/humble /usr/bin/cmake --build /home/telecom/ros2_pant_ec_ws/build/pant_position_controller -- -j20 -l20
[0.054s] [100%] Built target pant_position_controller
[0.067s] Invoked command in '/home/telecom/ros2_pant_ec_ws/build/pant_position_controller' returned '0': CMAKE_PREFIX_PATH=${CMAKE_PREFIX_PATH}:/opt/ros/humble /usr/bin/cmake --build /home/telecom/ros2_pant_ec_ws/build/pant_position_controller -- -j20 -l20
[0.078s] Invoking command in '/home/telecom/ros2_pant_ec_ws/build/pant_position_controller': CMAKE_PREFIX_PATH=${CMAKE_PREFIX_PATH}:/opt/ros/humble /usr/bin/cmake --install /home/telecom/ros2_pant_ec_ws/build/pant_position_controller
[0.083s] -- Install configuration: ""
[0.083s] -- Up-to-date: /home/telecom/ros2_pant_ec_ws/install/pant_position_controller/share/pant_position_controller/controller_plugin.xml
[0.083s] -- Up-to-date: /home/telecom/ros2_pant_ec_ws/install/pant_position_controller/include
[0.083s] -- Up-to-date: /home/telecom/ros2_pant_ec_ws/install/pant_position_controller/include/pant_position_controller
[0.083s] -- Up-to-date: /home/telecom/ros2_pant_ec_ws/install/pant_position_controller/include/pant_position_controller/pant_position_controller.hpp
[0.083s] -- Up-to-date: /home/telecom/ros2_pant_ec_ws/install/pant_position_controller/include/pant_position_controller/visibility_control.h
[0.084s] -- Up-to-date: /home/telecom/ros2_pant_ec_ws/install/pant_position_controller/lib/libpant_position_controller.so
[0.084s] -- Up-to-date: /home/telecom/ros2_pant_ec_ws/install/pant_position_controller/share/pant_position_controller/environment/library_path.sh
[0.084s] -- Up-to-date: /home/telecom/ros2_pant_ec_ws/install/pant_position_controller/share/pant_position_controller/environment/library_path.dsv
[0.084s] -- Up-to-date: /home/telecom/ros2_pant_ec_ws/install/pant_position_controller/share/ament_index/resource_index/package_run_dependencies/pant_position_controller
[0.084s] -- Up-to-date: /home/telecom/ros2_pant_ec_ws/install/pant_position_controller/share/ament_index/resource_index/parent_prefix_path/pant_position_controller
[0.084s] -- Up-to-date: /home/telecom/ros2_pant_ec_ws/install/pant_position_controller/share/pant_position_controller/environment/ament_prefix_path.sh
[0.084s] -- Up-to-date: /home/telecom/ros2_pant_ec_ws/install/pant_position_controller/share/pant_position_controller/environment/ament_prefix_path.dsv
[0.086s] -- Up-to-date: /home/telecom/ros2_pant_ec_ws/install/pant_position_controller/share/pant_position_controller/environment/path.sh
[0.086s] -- Up-to-date: /home/telecom/ros2_pant_ec_ws/install/pant_position_controller/share/pant_position_controller/environment/path.dsv
[0.086s] -- Up-to-date: /home/telecom/ros2_pant_ec_ws/install/pant_position_controller/share/pant_position_controller/local_setup.bash
[0.086s] -- Up-to-date: /home/telecom/ros2_pant_ec_ws/install/pant_position_controller/share/pant_position_controller/local_setup.sh
[0.086s] -- Up-to-date: /home/telecom/ros2_pant_ec_ws/install/pant_position_controller/share/pant_position_controller/local_setup.zsh
[0.087s] -- Up-to-date: /home/telecom/ros2_pant_ec_ws/install/pant_position_controller/share/pant_position_controller/local_setup.dsv
[0.087s] -- Installing: /home/telecom/ros2_pant_ec_ws/install/pant_position_controller/share/pant_position_controller/package.dsv
[0.087s] -- Up-to-date: /home/telecom/ros2_pant_ec_ws/install/pant_position_controller/share/ament_index/resource_index/packages/pant_position_controller
[0.087s] -- Up-to-date: /home/telecom/ros2_pant_ec_ws/install/pant_position_controller/share/ament_index/resource_index/controller_interface__pluginlib__plugin/pant_position_controller
[0.087s] -- Up-to-date: /home/telecom/ros2_pant_ec_ws/install/pant_position_controller/share/pant_position_controller/cmake/ament_cmake_export_dependencies-extras.cmake
[0.087s] -- Up-to-date: /home/telecom/ros2_pant_ec_ws/install/pant_position_controller/share/pant_position_controller/cmake/ament_cmake_export_include_directories-extras.cmake
[0.087s] -- Up-to-date: /home/telecom/ros2_pant_ec_ws/install/pant_position_controller/share/pant_position_controller/cmake/ament_cmake_export_libraries-extras.cmake
[0.088s] -- Up-to-date: /home/telecom/ros2_pant_ec_ws/install/pant_position_controller/share/pant_position_controller/cmake/pant_position_controllerConfig.cmake
[0.088s] -- Up-to-date: /home/telecom/ros2_pant_ec_ws/install/pant_position_controller/share/pant_position_controller/cmake/pant_position_controllerConfig-version.cmake
[0.090s] -- Up-to-date: /home/telecom/ros2_pant_ec_ws/install/pant_position_controller/share/pant_position_controller/package.xml
[0.110s] Invoked command in '/home/telecom/ros2_pant_ec_ws/build/pant_position_controller' returned '0': CMAKE_PREFIX_PATH=${CMAKE_PREFIX_PATH}:/opt/ros/humble /usr/bin/cmake --install /home/telecom/ros2_pant_ec_ws/build/pant_position_controller
