[0.026s] Invoking command in '/home/telecom/ros2_pant_ec_ws/build/ethercat_generic_slave': AMENT_PREFIX_PATH=/home/telecom/ros2_pant_ec_ws/install/ethercat_interface:${AMENT_PREFIX_PATH} CMAKE_PREFIX_PATH=/home/telecom/ros2_pant_ec_ws/install/ethercat_interface:/home/telecom/ros2_ws/install/squares:/home/telecom/ros2_ws/install/my_package:/home/telecom/ros2_ws/install/my_img:/home/telecom/ros2_ws/install/my_chatter:/opt/ros/humble LD_LIBRARY_PATH=/home/telecom/ros2_pant_ec_ws/install/ethercat_interface/lib:${LD_LIBRARY_PATH} /usr/bin/cmake --build /home/telecom/ros2_pant_ec_ws/build/ethercat_generic_slave -- -j20 -l20
[0.054s] [ 18%] Built target ethercat_generic_slave
[0.058s] [ 36%] Built target gmock_main
[0.059s] [ 63%] Built target gmock
[0.083s] [ 81%] Built target test_generic_ec_slave
[0.090s] [100%] Built target test_load_generic_plugins
[0.104s] Invoked command in '/home/telecom/ros2_pant_ec_ws/build/ethercat_generic_slave' returned '0': AMENT_PREFIX_PATH=/home/telecom/ros2_pant_ec_ws/install/ethercat_interface:${AMENT_PREFIX_PATH} CMAKE_PREFIX_PATH=/home/telecom/ros2_pant_ec_ws/install/ethercat_interface:/home/telecom/ros2_ws/install/squares:/home/telecom/ros2_ws/install/my_package:/home/telecom/ros2_ws/install/my_img:/home/telecom/ros2_ws/install/my_chatter:/opt/ros/humble LD_LIBRARY_PATH=/home/telecom/ros2_pant_ec_ws/install/ethercat_interface/lib:${LD_LIBRARY_PATH} /usr/bin/cmake --build /home/telecom/ros2_pant_ec_ws/build/ethercat_generic_slave -- -j20 -l20
[0.144s] Invoking command in '/home/telecom/ros2_pant_ec_ws/build/ethercat_generic_slave': AMENT_PREFIX_PATH=/home/telecom/ros2_pant_ec_ws/install/ethercat_interface:${AMENT_PREFIX_PATH} CMAKE_PREFIX_PATH=/home/telecom/ros2_pant_ec_ws/install/ethercat_interface:/home/telecom/ros2_ws/install/squares:/home/telecom/ros2_ws/install/my_package:/home/telecom/ros2_ws/install/my_img:/home/telecom/ros2_ws/install/my_chatter:/opt/ros/humble LD_LIBRARY_PATH=/home/telecom/ros2_pant_ec_ws/install/ethercat_interface/lib:${LD_LIBRARY_PATH} /usr/bin/cmake --install /home/telecom/ros2_pant_ec_ws/build/ethercat_generic_slave
[0.144s] -- Install configuration: ""
[0.144s] -- Up-to-date: /home/telecom/ros2_pant_ec_ws/install/ethercat_generic_slave/share/ethercat_generic_slave/ethercat_plugins.xml
[0.144s] -- Up-to-date: /home/telecom/ros2_pant_ec_ws/install/ethercat_generic_slave/include
[0.144s] -- Up-to-date: /home/telecom/ros2_pant_ec_ws/install/ethercat_generic_slave/include/ethercat_generic_plugins
[0.144s] -- Up-to-date: /home/telecom/ros2_pant_ec_ws/install/ethercat_generic_slave/include/ethercat_generic_plugins/generic_ec_slave.hpp
[0.144s] -- Up-to-date: /home/telecom/ros2_pant_ec_ws/install/ethercat_generic_slave/lib/libethercat_generic_slave.so
[0.144s] -- Up-to-date: /home/telecom/ros2_pant_ec_ws/install/ethercat_generic_slave/share/ethercat_generic_slave/environment/library_path.sh
[0.144s] -- Up-to-date: /home/telecom/ros2_pant_ec_ws/install/ethercat_generic_slave/share/ethercat_generic_slave/environment/library_path.dsv
[0.144s] -- Up-to-date: /home/telecom/ros2_pant_ec_ws/install/ethercat_generic_slave/share/ament_index/resource_index/package_run_dependencies/ethercat_generic_slave
[0.144s] -- Up-to-date: /home/telecom/ros2_pant_ec_ws/install/ethercat_generic_slave/share/ament_index/resource_index/parent_prefix_path/ethercat_generic_slave
[0.144s] -- Up-to-date: /home/telecom/ros2_pant_ec_ws/install/ethercat_generic_slave/share/ethercat_generic_slave/environment/ament_prefix_path.sh
[0.144s] -- Up-to-date: /home/telecom/ros2_pant_ec_ws/install/ethercat_generic_slave/share/ethercat_generic_slave/environment/ament_prefix_path.dsv
[0.144s] -- Up-to-date: /home/telecom/ros2_pant_ec_ws/install/ethercat_generic_slave/share/ethercat_generic_slave/environment/path.sh
[0.144s] -- Up-to-date: /home/telecom/ros2_pant_ec_ws/install/ethercat_generic_slave/share/ethercat_generic_slave/environment/path.dsv
[0.144s] -- Up-to-date: /home/telecom/ros2_pant_ec_ws/install/ethercat_generic_slave/share/ethercat_generic_slave/local_setup.bash
[0.145s] -- Up-to-date: /home/telecom/ros2_pant_ec_ws/install/ethercat_generic_slave/share/ethercat_generic_slave/local_setup.sh
[0.145s] -- Up-to-date: /home/telecom/ros2_pant_ec_ws/install/ethercat_generic_slave/share/ethercat_generic_slave/local_setup.zsh
[0.145s] -- Up-to-date: /home/telecom/ros2_pant_ec_ws/install/ethercat_generic_slave/share/ethercat_generic_slave/local_setup.dsv
[0.145s] -- Installing: /home/telecom/ros2_pant_ec_ws/install/ethercat_generic_slave/share/ethercat_generic_slave/package.dsv
[0.145s] -- Up-to-date: /home/telecom/ros2_pant_ec_ws/install/ethercat_generic_slave/share/ament_index/resource_index/packages/ethercat_generic_slave
[0.145s] -- Up-to-date: /home/telecom/ros2_pant_ec_ws/install/ethercat_generic_slave/share/ament_index/resource_index/ethercat_interface__pluginlib__plugin/ethercat_generic_slave
[0.145s] -- Up-to-date: /home/telecom/ros2_pant_ec_ws/install/ethercat_generic_slave/share/ethercat_generic_slave/cmake/export_ethercat_generic_slaveExport.cmake
[0.145s] -- Up-to-date: /home/telecom/ros2_pant_ec_ws/install/ethercat_generic_slave/share/ethercat_generic_slave/cmake/export_ethercat_generic_slaveExport-noconfig.cmake
[0.145s] -- Up-to-date: /home/telecom/ros2_pant_ec_ws/install/ethercat_generic_slave/share/ethercat_generic_slave/cmake/ament_cmake_export_include_directories-extras.cmake
[0.145s] -- Up-to-date: /home/telecom/ros2_pant_ec_ws/install/ethercat_generic_slave/share/ethercat_generic_slave/cmake/ament_cmake_export_libraries-extras.cmake
[0.145s] -- Up-to-date: /home/telecom/ros2_pant_ec_ws/install/ethercat_generic_slave/share/ethercat_generic_slave/cmake/ament_cmake_export_targets-extras.cmake
[0.145s] -- Up-to-date: /home/telecom/ros2_pant_ec_ws/install/ethercat_generic_slave/share/ethercat_generic_slave/cmake/ethercat_generic_slaveConfig.cmake
[0.145s] -- Up-to-date: /home/telecom/ros2_pant_ec_ws/install/ethercat_generic_slave/share/ethercat_generic_slave/cmake/ethercat_generic_slaveConfig-version.cmake
[0.145s] -- Up-to-date: /home/telecom/ros2_pant_ec_ws/install/ethercat_generic_slave/share/ethercat_generic_slave/package.xml
[0.168s] Invoked command in '/home/telecom/ros2_pant_ec_ws/build/ethercat_generic_slave' returned '0': AMENT_PREFIX_PATH=/home/telecom/ros2_pant_ec_ws/install/ethercat_interface:${AMENT_PREFIX_PATH} CMAKE_PREFIX_PATH=/home/telecom/ros2_pant_ec_ws/install/ethercat_interface:/home/telecom/ros2_ws/install/squares:/home/telecom/ros2_ws/install/my_package:/home/telecom/ros2_ws/install/my_img:/home/telecom/ros2_ws/install/my_chatter:/opt/ros/humble LD_LIBRARY_PATH=/home/telecom/ros2_pant_ec_ws/install/ethercat_interface/lib:${LD_LIBRARY_PATH} /usr/bin/cmake --install /home/telecom/ros2_pant_ec_ws/build/ethercat_generic_slave
