[ 33%] Built target gmock
[ 55%] Built target gmock_main
[ 77%] Built target ethercat_maxon_drives
[100%] Built target test_load_maxon_plugins
-- Install configuration: ""
-- Up-to-date: /home/telecom/ros2_pant_ec_ws/install/ethercat_maxon_drives/share/ethercat_maxon_drives/ethercat_plugins.xml
-- Up-to-date: /home/telecom/ros2_pant_ec_ws/install/ethercat_maxon_drives/include
-- Up-to-date: /home/telecom/ros2_pant_ec_ws/install/ethercat_maxon_drives/include/ethercat_maxon_drives
-- Up-to-date: /home/telecom/ros2_pant_ec_ws/install/ethercat_maxon_drives/include/ethercat_maxon_drives/maxon_defs.hpp
-- Up-to-date: /home/telecom/ros2_pant_ec_ws/install/ethercat_maxon_drives/lib/libethercat_maxon_drives.so
-- Up-to-date: /home/telecom/ros2_pant_ec_ws/install/ethercat_maxon_drives/share/ethercat_maxon_drives/environment/library_path.sh
-- Up-to-date: /home/telecom/ros2_pant_ec_ws/install/ethercat_maxon_drives/share/ethercat_maxon_drives/environment/library_path.dsv
-- Up-to-date: /home/telecom/ros2_pant_ec_ws/install/ethercat_maxon_drives/share/ament_index/resource_index/package_run_dependencies/ethercat_maxon_drives
-- Up-to-date: /home/telecom/ros2_pant_ec_ws/install/ethercat_maxon_drives/share/ament_index/resource_index/parent_prefix_path/ethercat_maxon_drives
-- Up-to-date: /home/telecom/ros2_pant_ec_ws/install/ethercat_maxon_drives/share/ethercat_maxon_drives/environment/ament_prefix_path.sh
-- Up-to-date: /home/telecom/ros2_pant_ec_ws/install/ethercat_maxon_drives/share/ethercat_maxon_drives/environment/ament_prefix_path.dsv
-- Up-to-date: /home/telecom/ros2_pant_ec_ws/install/ethercat_maxon_drives/share/ethercat_maxon_drives/environment/path.sh
-- Up-to-date: /home/telecom/ros2_pant_ec_ws/install/ethercat_maxon_drives/share/ethercat_maxon_drives/environment/path.dsv
-- Up-to-date: /home/telecom/ros2_pant_ec_ws/install/ethercat_maxon_drives/share/ethercat_maxon_drives/local_setup.bash
-- Up-to-date: /home/telecom/ros2_pant_ec_ws/install/ethercat_maxon_drives/share/ethercat_maxon_drives/local_setup.sh
-- Up-to-date: /home/telecom/ros2_pant_ec_ws/install/ethercat_maxon_drives/share/ethercat_maxon_drives/local_setup.zsh
-- Up-to-date: /home/telecom/ros2_pant_ec_ws/install/ethercat_maxon_drives/share/ethercat_maxon_drives/local_setup.dsv
-- Installing: /home/telecom/ros2_pant_ec_ws/install/ethercat_maxon_drives/share/ethercat_maxon_drives/package.dsv
-- Up-to-date: /home/telecom/ros2_pant_ec_ws/install/ethercat_maxon_drives/share/ament_index/resource_index/packages/ethercat_maxon_drives
-- Up-to-date: /home/telecom/ros2_pant_ec_ws/install/ethercat_maxon_drives/share/ament_index/resource_index/ethercat_interface__pluginlib__plugin/ethercat_maxon_drives
-- Up-to-date: /home/telecom/ros2_pant_ec_ws/install/ethercat_maxon_drives/share/ethercat_maxon_drives/cmake/export_ethercat_maxon_drivesExport.cmake
-- Up-to-date: /home/telecom/ros2_pant_ec_ws/install/ethercat_maxon_drives/share/ethercat_maxon_drives/cmake/export_ethercat_maxon_drivesExport-noconfig.cmake
-- Up-to-date: /home/telecom/ros2_pant_ec_ws/install/ethercat_maxon_drives/share/ethercat_maxon_drives/cmake/ament_cmake_export_include_directories-extras.cmake
-- Up-to-date: /home/telecom/ros2_pant_ec_ws/install/ethercat_maxon_drives/share/ethercat_maxon_drives/cmake/ament_cmake_export_libraries-extras.cmake
-- Up-to-date: /home/telecom/ros2_pant_ec_ws/install/ethercat_maxon_drives/share/ethercat_maxon_drives/cmake/ament_cmake_export_targets-extras.cmake
-- Up-to-date: /home/telecom/ros2_pant_ec_ws/install/ethercat_maxon_drives/share/ethercat_maxon_drives/cmake/ethercat_maxon_drivesConfig.cmake
-- Up-to-date: /home/telecom/ros2_pant_ec_ws/install/ethercat_maxon_drives/share/ethercat_maxon_drives/cmake/ethercat_maxon_drivesConfig-version.cmake
-- Up-to-date: /home/telecom/ros2_pant_ec_ws/install/ethercat_maxon_drives/share/ethercat_maxon_drives/package.xml
