[0.028s] Invoking command in '/home/telecom/ros2_pant_ec_ws/build/ethercat_interface': CMAKE_PREFIX_PATH=${CMAKE_PREFIX_PATH}:/opt/ros/humble /usr/bin/cmake --build /home/telecom/ros2_pant_ec_ws/build/ethercat_interface -- -j20 -l20
[0.058s] [ 33%] Built target ethercat_interface
[0.058s] [ 44%] Built target gmock_main
[0.066s] [ 77%] Built target gmock
[0.081s] [100%] Built target test_ec_pdo_channel_manager
[0.102s] Invoked command in '/home/telecom/ros2_pant_ec_ws/build/ethercat_interface' returned '0': CMAKE_PREFIX_PATH=${CMAKE_PREFIX_PATH}:/opt/ros/humble /usr/bin/cmake --build /home/telecom/ros2_pant_ec_ws/build/ethercat_interface -- -j20 -l20
[0.146s] Invoking command in '/home/telecom/ros2_pant_ec_ws/build/ethercat_interface': CMAKE_PREFIX_PATH=${CMAKE_PREFIX_PATH}:/opt/ros/humble /usr/bin/cmake --install /home/telecom/ros2_pant_ec_ws/build/ethercat_interface
[0.150s] -- Install configuration: ""
[0.150s] -- Up-to-date: /home/telecom/ros2_pant_ec_ws/install/ethercat_interface/lib/libethercat_interface.so
[0.150s] -- Up-to-date: /home/telecom/ros2_pant_ec_ws/install/ethercat_interface/include
[0.151s] -- Up-to-date: /home/telecom/ros2_pant_ec_ws/install/ethercat_interface/include/ethercat_interface
[0.151s] -- Up-to-date: /home/telecom/ros2_pant_ec_ws/install/ethercat_interface/include/ethercat_interface/ec_master.hpp
[0.151s] -- Up-to-date: /home/telecom/ros2_pant_ec_ws/install/ethercat_interface/include/ethercat_interface/ec_sdo_manager.hpp
[0.151s] -- Up-to-date: /home/telecom/ros2_pant_ec_ws/install/ethercat_interface/include/ethercat_interface/ec_pdo_channel_manager.hpp
[0.151s] -- Up-to-date: /home/telecom/ros2_pant_ec_ws/install/ethercat_interface/include/ethercat_interface/ec_slave.hpp
[0.151s] -- Up-to-date: /home/telecom/ros2_pant_ec_ws/install/ethercat_interface/include/ethercat_interface/ec_sync_manager.hpp
[0.151s] -- Up-to-date: /home/telecom/ros2_pant_ec_ws/install/ethercat_interface/share/ethercat_interface/environment/library_path.sh
[0.151s] -- Up-to-date: /home/telecom/ros2_pant_ec_ws/install/ethercat_interface/share/ethercat_interface/environment/library_path.dsv
[0.151s] -- Up-to-date: /home/telecom/ros2_pant_ec_ws/install/ethercat_interface/share/ament_index/resource_index/package_run_dependencies/ethercat_interface
[0.151s] -- Up-to-date: /home/telecom/ros2_pant_ec_ws/install/ethercat_interface/share/ament_index/resource_index/parent_prefix_path/ethercat_interface
[0.151s] -- Up-to-date: /home/telecom/ros2_pant_ec_ws/install/ethercat_interface/share/ethercat_interface/environment/ament_prefix_path.sh
[0.151s] -- Up-to-date: /home/telecom/ros2_pant_ec_ws/install/ethercat_interface/share/ethercat_interface/environment/ament_prefix_path.dsv
[0.151s] -- Up-to-date: /home/telecom/ros2_pant_ec_ws/install/ethercat_interface/share/ethercat_interface/environment/path.sh
[0.152s] -- Up-to-date: /home/telecom/ros2_pant_ec_ws/install/ethercat_interface/share/ethercat_interface/environment/path.dsv
[0.153s] -- Up-to-date: /home/telecom/ros2_pant_ec_ws/install/ethercat_interface/share/ethercat_interface/local_setup.bash
[0.153s] -- Up-to-date: /home/telecom/ros2_pant_ec_ws/install/ethercat_interface/share/ethercat_interface/local_setup.sh
[0.154s] -- Up-to-date: /home/telecom/ros2_pant_ec_ws/install/ethercat_interface/share/ethercat_interface/local_setup.zsh
[0.154s] -- Up-to-date: /home/telecom/ros2_pant_ec_ws/install/ethercat_interface/share/ethercat_interface/local_setup.dsv
[0.154s] -- Installing: /home/telecom/ros2_pant_ec_ws/install/ethercat_interface/share/ethercat_interface/package.dsv
[0.154s] -- Up-to-date: /home/telecom/ros2_pant_ec_ws/install/ethercat_interface/share/ament_index/resource_index/packages/ethercat_interface
[0.154s] -- Up-to-date: /home/telecom/ros2_pant_ec_ws/install/ethercat_interface/share/ethercat_interface/cmake/ament_cmake_export_include_directories-extras.cmake
[0.154s] -- Up-to-date: /home/telecom/ros2_pant_ec_ws/install/ethercat_interface/share/ethercat_interface/cmake/ament_cmake_export_libraries-extras.cmake
[0.154s] -- Up-to-date: /home/telecom/ros2_pant_ec_ws/install/ethercat_interface/share/ethercat_interface/cmake/ament_cmake_export_dependencies-extras.cmake
[0.154s] -- Up-to-date: /home/telecom/ros2_pant_ec_ws/install/ethercat_interface/share/ethercat_interface/cmake/ethercat_interfaceConfig.cmake
[0.154s] -- Up-to-date: /home/telecom/ros2_pant_ec_ws/install/ethercat_interface/share/ethercat_interface/cmake/ethercat_interfaceConfig-version.cmake
[0.154s] -- Up-to-date: /home/telecom/ros2_pant_ec_ws/install/ethercat_interface/share/ethercat_interface/package.xml
[0.155s] Invoked command in '/home/telecom/ros2_pant_ec_ws/build/ethercat_interface' returned '0': CMAKE_PREFIX_PATH=${CMAKE_PREFIX_PATH}:/opt/ros/humble /usr/bin/cmake --install /home/telecom/ros2_pant_ec_ws/build/ethercat_interface
